{"D:\\pt-phincon\\final-project\\Gelora-Rasa\\server\\index.js": {"path":"D:\\pt-phincon\\final-project\\Gelora-Rasa\\server\\index.js","statementMap":{"0":{"start":{"line":1,"column":0},"end":{"line":1,"column":27}},"1":{"start":{"line":2,"column":16},"end":{"line":2,"column":34}},"2":{"start":{"line":3,"column":13},"end":{"line":3,"column":28}},"3":{"start":{"line":4,"column":12},"end":{"line":4,"column":21}},"4":{"start":{"line":5,"column":15},"end":{"line":5,"column":40}},"5":{"start":{"line":6,"column":27},"end":{"line":6,"column":67}},"6":{"start":{"line":8,"column":0},"end":{"line":8,"column":16}},"7":{"start":{"line":9,"column":0},"end":{"line":9,"column":24}},"8":{"start":{"line":10,"column":0},"end":{"line":10,"column":48}},"9":{"start":{"line":11,"column":0},"end":{"line":11,"column":47}},"10":{"start":{"line":13,"column":0},"end":{"line":13,"column":24}},"11":{"start":{"line":15,"column":0},"end":{"line":17,"column":3}},"12":{"start":{"line":16,"column":2},"end":{"line":16,"column":64}},"13":{"start":{"line":19,"column":0},"end":{"line":23,"column":1}},"14":{"start":{"line":20,"column":2},"end":{"line":22,"column":5}},"15":{"start":{"line":21,"column":4},"end":{"line":21,"column":65}},"16":{"start":{"line":25,"column":0},"end":{"line":25,"column":21}}},"fnMap":{"0":{"name":"(anonymous_0)","decl":{"start":{"line":15,"column":13},"end":{"line":15,"column":14}},"loc":{"start":{"line":15,"column":27},"end":{"line":17,"column":1}},"line":15},"1":{"name":"(anonymous_1)","decl":{"start":{"line":20,"column":31},"end":{"line":20,"column":32}},"loc":{"start":{"line":20,"column":37},"end":{"line":22,"column":3}},"line":20}},"branchMap":{"0":{"loc":{"start":{"line":19,"column":0},"end":{"line":23,"column":1}},"type":"if","locations":[{"start":{"line":19,"column":0},"end":{"line":23,"column":1}},{"start":{},"end":{}}],"line":19}},"s":{"0":7,"1":7,"2":7,"3":7,"4":7,"5":7,"6":7,"7":7,"8":7,"9":7,"10":7,"11":7,"12":1,"13":7,"14":0,"15":0,"16":7},"f":{"0":1,"1":0},"b":{"0":[0,7]},"_coverageSchema":"1a1c01bbd47fc00a2c39e90264f33305004495a9","hash":"10eb1fee231d72a8771f26aabe75477d4578fabb"}
,"D:\\pt-phincon\\final-project\\Gelora-Rasa\\server\\controllers\\authController.js": {"path":"D:\\pt-phincon\\final-project\\Gelora-Rasa\\server\\controllers\\authController.js","statementMap":{"0":{"start":{"line":1,"column":17},"end":{"line":1,"column":37}},"1":{"start":{"line":2,"column":39},"end":{"line":2,"column":59}},"2":{"start":{"line":3,"column":64},"end":{"line":3,"column":94}},"3":{"start":{"line":4,"column":96},"end":{"line":4,"column":137}},"4":{"start":{"line":5,"column":42},"end":{"line":5,"column":68}},"5":{"start":{"line":6,"column":62},"end":{"line":6,"column":97}},"6":{"start":{"line":8,"column":78},"end":{"line":8,"column":101}},"7":{"start":{"line":10,"column":0},"end":{"line":60,"column":1}},"8":{"start":{"line":11,"column":4},"end":{"line":59,"column":5}},"9":{"start":{"line":12,"column":24},"end":{"line":12,"column":32}},"10":{"start":{"line":15,"column":34},"end":{"line":18,"column":39}},"11":{"start":{"line":20,"column":40},"end":{"line":23,"column":39}},"12":{"start":{"line":25,"column":8},"end":{"line":29,"column":9}},"13":{"start":{"line":26,"column":12},"end":{"line":28,"column":11}},"14":{"start":{"line":33,"column":8},"end":{"line":33,"column":64}},"15":{"start":{"line":34,"column":8},"end":{"line":34,"column":38}},"16":{"start":{"line":36,"column":8},"end":{"line":36,"column":42}},"17":{"start":{"line":38,"column":37},"end":{"line":38,"column":74}},"18":{"start":{"line":39,"column":8},"end":{"line":41,"column":9}},"19":{"start":{"line":40,"column":12},"end":{"line":40,"column":28}},"20":{"start":{"line":43,"column":29},"end":{"line":43,"column":82}},"21":{"start":{"line":44,"column":8},"end":{"line":48,"column":9}},"22":{"start":{"line":45,"column":12},"end":{"line":47,"column":15}},"23":{"start":{"line":50,"column":28},"end":{"line":50,"column":54}},"24":{"start":{"line":52,"column":8},"end":{"line":55,"column":10}},"25":{"start":{"line":57,"column":8},"end":{"line":57,"column":26}},"26":{"start":{"line":58,"column":8},"end":{"line":58,"column":44}},"27":{"start":{"line":62,"column":0},"end":{"line":88,"column":1}},"28":{"start":{"line":63,"column":4},"end":{"line":87,"column":5}},"29":{"start":{"line":64,"column":26},"end":{"line":64,"column":34}},"30":{"start":{"line":65,"column":25},"end":{"line":65,"column":71}},"31":{"start":{"line":67,"column":8},"end":{"line":71,"column":9}},"32":{"start":{"line":68,"column":12},"end":{"line":70,"column":14}},"33":{"start":{"line":73,"column":20},"end":{"line":73,"column":59}},"34":{"start":{"line":74,"column":23},"end":{"line":74,"column":58}},"35":{"start":{"line":75,"column":8},"end":{"line":83,"column":9}},"36":{"start":{"line":76,"column":12},"end":{"line":82,"column":14}},"37":{"start":{"line":85,"column":8},"end":{"line":85,"column":26}},"38":{"start":{"line":86,"column":8},"end":{"line":86,"column":44}},"39":{"start":{"line":90,"column":0},"end":{"line":108,"column":2}},"40":{"start":{"line":91,"column":4},"end":{"line":107,"column":5}},"41":{"start":{"line":92,"column":22},"end":{"line":92,"column":30}},"42":{"start":{"line":93,"column":32},"end":{"line":93,"column":35}},"43":{"start":{"line":94,"column":23},"end":{"line":94,"column":70}},"44":{"start":{"line":95,"column":6},"end":{"line":99,"column":7}},"45":{"start":{"line":96,"column":8},"end":{"line":98,"column":11}},"46":{"start":{"line":100,"column":6},"end":{"line":102,"column":7}},"47":{"start":{"line":101,"column":8},"end":{"line":101,"column":68}},"48":{"start":{"line":103,"column":6},"end":{"line":103,"column":63}},"49":{"start":{"line":105,"column":8},"end":{"line":105,"column":26}},"50":{"start":{"line":106,"column":6},"end":{"line":106,"column":36}},"51":{"start":{"line":110,"column":0},"end":{"line":144,"column":1}},"52":{"start":{"line":111,"column":4},"end":{"line":143,"column":5}},"53":{"start":{"line":112,"column":36},"end":{"line":112,"column":44}},"54":{"start":{"line":114,"column":30},"end":{"line":117,"column":39}},"55":{"start":{"line":119,"column":39},"end":{"line":119,"column":104}},"56":{"start":{"line":120,"column":10},"end":{"line":122,"column":11}},"57":{"start":{"line":121,"column":14},"end":{"line":121,"column":31}},"58":{"start":{"line":124,"column":25},"end":{"line":126,"column":10}},"59":{"start":{"line":129,"column":8},"end":{"line":131,"column":9}},"60":{"start":{"line":130,"column":10},"end":{"line":130,"column":84}},"61":{"start":{"line":132,"column":22},"end":{"line":132,"column":43}},"62":{"start":{"line":133,"column":8},"end":{"line":135,"column":9}},"63":{"start":{"line":134,"column":12},"end":{"line":134,"column":52}},"64":{"start":{"line":136,"column":8},"end":{"line":139,"column":11}},"65":{"start":{"line":141,"column":8},"end":{"line":141,"column":26}},"66":{"start":{"line":142,"column":8},"end":{"line":142,"column":38}},"67":{"start":{"line":146,"column":0},"end":{"line":167,"column":2}},"68":{"start":{"line":147,"column":4},"end":{"line":166,"column":5}},"69":{"start":{"line":148,"column":24},"end":{"line":148,"column":32}},"70":{"start":{"line":149,"column":26},"end":{"line":149,"column":73}},"71":{"start":{"line":150,"column":6},"end":{"line":152,"column":7}},"72":{"start":{"line":151,"column":8},"end":{"line":151,"column":35}},"73":{"start":{"line":153,"column":20},"end":{"line":153,"column":55}},"74":{"start":{"line":154,"column":19},"end":{"line":154,"column":63}},"75":{"start":{"line":155,"column":6},"end":{"line":163,"column":7}},"76":{"start":{"line":156,"column":8},"end":{"line":158,"column":11}},"77":{"start":{"line":160,"column":8},"end":{"line":162,"column":11}},"78":{"start":{"line":165,"column":6},"end":{"line":165,"column":36}},"79":{"start":{"line":169,"column":0},"end":{"line":196,"column":2}},"80":{"start":{"line":170,"column":4},"end":{"line":195,"column":5}},"81":{"start":{"line":171,"column":24},"end":{"line":171,"column":27}},"82":{"start":{"line":172,"column":31},"end":{"line":172,"column":39}},"83":{"start":{"line":174,"column":28},"end":{"line":177,"column":35}},"84":{"start":{"line":179,"column":26},"end":{"line":179,"column":73}},"85":{"start":{"line":180,"column":6},"end":{"line":182,"column":7}},"86":{"start":{"line":181,"column":8},"end":{"line":181,"column":35}},"87":{"start":{"line":183,"column":29},"end":{"line":183,"column":62}},"88":{"start":{"line":185,"column":6},"end":{"line":188,"column":8}},"89":{"start":{"line":189,"column":6},"end":{"line":191,"column":9}},"90":{"start":{"line":193,"column":6},"end":{"line":193,"column":24}},"91":{"start":{"line":194,"column":6},"end":{"line":194,"column":36}},"92":{"start":{"line":198,"column":0},"end":{"line":235,"column":1}},"93":{"start":{"line":199,"column":2},"end":{"line":234,"column":3}},"94":{"start":{"line":200,"column":21},"end":{"line":200,"column":24}},"95":{"start":{"line":201,"column":26},"end":{"line":201,"column":34}},"96":{"start":{"line":202,"column":6},"end":{"line":209,"column":7}},"97":{"start":{"line":203,"column":30},"end":{"line":206,"column":37}},"98":{"start":{"line":207,"column":8},"end":{"line":207,"column":65}},"99":{"start":{"line":208,"column":8},"end":{"line":208,"column":40}},"100":{"start":{"line":211,"column":26},"end":{"line":211,"column":50}},"101":{"start":{"line":212,"column":35},"end":{"line":217,"column":7}},"102":{"start":{"line":218,"column":22},"end":{"line":218,"column":63}},"103":{"start":{"line":219,"column":6},"end":{"line":221,"column":7}},"104":{"start":{"line":220,"column":8},"end":{"line":220,"column":35}},"105":{"start":{"line":222,"column":6},"end":{"line":224,"column":7}},"106":{"start":{"line":223,"column":8},"end":{"line":223,"column":25}},"107":{"start":{"line":225,"column":23},"end":{"line":225,"column":56}},"108":{"start":{"line":227,"column":6},"end":{"line":230,"column":9}},"109":{"start":{"line":232,"column":4},"end":{"line":232,"column":22}},"110":{"start":{"line":233,"column":4},"end":{"line":233,"column":34}},"111":{"start":{"line":237,"column":0},"end":{"line":263,"column":1}},"112":{"start":{"line":238,"column":2},"end":{"line":262,"column":3}},"113":{"start":{"line":239,"column":19},"end":{"line":239,"column":22}},"114":{"start":{"line":240,"column":18},"end":{"line":240,"column":33}},"115":{"start":{"line":241,"column":4},"end":{"line":241,"column":19}},"116":{"start":{"line":242,"column":4},"end":{"line":242,"column":22}},"117":{"start":{"line":243,"column":4},"end":{"line":245,"column":5}},"118":{"start":{"line":244,"column":6},"end":{"line":244,"column":59}},"119":{"start":{"line":246,"column":20},"end":{"line":246,"column":59}},"120":{"start":{"line":247,"column":4},"end":{"line":249,"column":5}},"121":{"start":{"line":248,"column":6},"end":{"line":248,"column":32}},"122":{"start":{"line":250,"column":4},"end":{"line":252,"column":5}},"123":{"start":{"line":251,"column":6},"end":{"line":251,"column":45}},"124":{"start":{"line":253,"column":21},"end":{"line":253,"column":63}},"125":{"start":{"line":255,"column":4},"end":{"line":258,"column":7}},"126":{"start":{"line":260,"column":4},"end":{"line":260,"column":22}},"127":{"start":{"line":261,"column":4},"end":{"line":261,"column":34}},"128":{"start":{"line":265,"column":0},"end":{"line":277,"column":1}},"129":{"start":{"line":266,"column":2},"end":{"line":276,"column":3}},"130":{"start":{"line":267,"column":21},"end":{"line":267,"column":24}},"131":{"start":{"line":268,"column":23},"end":{"line":268,"column":46}},"132":{"start":{"line":269,"column":6},"end":{"line":271,"column":7}},"133":{"start":{"line":270,"column":8},"end":{"line":270,"column":34}},"134":{"start":{"line":272,"column":6},"end":{"line":272,"column":30}},"135":{"start":{"line":273,"column":6},"end":{"line":273,"column":72}},"136":{"start":{"line":275,"column":4},"end":{"line":275,"column":40}},"137":{"start":{"line":279,"column":0},"end":{"line":306,"column":1}},"138":{"start":{"line":280,"column":2},"end":{"line":305,"column":3}},"139":{"start":{"line":281,"column":17},"end":{"line":281,"column":50}},"140":{"start":{"line":282,"column":21},"end":{"line":282,"column":59}},"141":{"start":{"line":283,"column":19},"end":{"line":283,"column":40}},"142":{"start":{"line":285,"column":18},"end":{"line":295,"column":6}},"143":{"start":{"line":296,"column":4},"end":{"line":301,"column":5}},"144":{"start":{"line":303,"column":4},"end":{"line":303,"column":22}},"145":{"start":{"line":304,"column":4},"end":{"line":304,"column":40}},"146":{"start":{"line":308,"column":0},"end":{"line":322,"column":1}},"147":{"start":{"line":309,"column":2},"end":{"line":321,"column":3}},"148":{"start":{"line":310,"column":25},"end":{"line":310,"column":35}},"149":{"start":{"line":311,"column":27},"end":{"line":311,"column":71}},"150":{"start":{"line":312,"column":6},"end":{"line":314,"column":7}},"151":{"start":{"line":313,"column":10},"end":{"line":313,"column":115}},"152":{"start":{"line":316,"column":6},"end":{"line":316,"column":34}},"153":{"start":{"line":317,"column":6},"end":{"line":317,"column":75}},"154":{"start":{"line":319,"column":4},"end":{"line":319,"column":22}},"155":{"start":{"line":320,"column":4},"end":{"line":320,"column":33}},"156":{"start":{"line":324,"column":0},"end":{"line":338,"column":1}},"157":{"start":{"line":325,"column":2},"end":{"line":337,"column":3}},"158":{"start":{"line":326,"column":19},"end":{"line":326,"column":25}},"159":{"start":{"line":328,"column":25},"end":{"line":328,"column":68}},"160":{"start":{"line":329,"column":4},"end":{"line":331,"column":5}},"161":{"start":{"line":330,"column":6},"end":{"line":330,"column":80}},"162":{"start":{"line":332,"column":4},"end":{"line":332,"column":32}},"163":{"start":{"line":333,"column":4},"end":{"line":333,"column":73}},"164":{"start":{"line":335,"column":4},"end":{"line":335,"column":22}},"165":{"start":{"line":336,"column":4},"end":{"line":336,"column":40}}},"fnMap":{"0":{"name":"(anonymous_0)","decl":{"start":{"line":10,"column":19},"end":{"line":10,"column":20}},"loc":{"start":{"line":10,"column":38},"end":{"line":60,"column":1}},"line":10},"1":{"name":"(anonymous_1)","decl":{"start":{"line":62,"column":22},"end":{"line":62,"column":23}},"loc":{"start":{"line":62,"column":42},"end":{"line":88,"column":1}},"line":62},"2":{"name":"(anonymous_2)","decl":{"start":{"line":90,"column":30},"end":{"line":90,"column":31}},"loc":{"start":{"line":90,"column":50},"end":{"line":108,"column":1}},"line":90},"3":{"name":"(anonymous_3)","decl":{"start":{"line":110,"column":16},"end":{"line":110,"column":17}},"loc":{"start":{"line":110,"column":36},"end":{"line":144,"column":1}},"line":110},"4":{"name":"(anonymous_4)","decl":{"start":{"line":146,"column":25},"end":{"line":146,"column":26}},"loc":{"start":{"line":146,"column":45},"end":{"line":167,"column":1}},"line":146},"5":{"name":"(anonymous_5)","decl":{"start":{"line":169,"column":27},"end":{"line":169,"column":28}},"loc":{"start":{"line":169,"column":47},"end":{"line":196,"column":1}},"line":169},"6":{"name":"(anonymous_6)","decl":{"start":{"line":198,"column":22},"end":{"line":198,"column":23}},"loc":{"start":{"line":198,"column":42},"end":{"line":235,"column":1}},"line":198},"7":{"name":"(anonymous_7)","decl":{"start":{"line":237,"column":27},"end":{"line":237,"column":28}},"loc":{"start":{"line":237,"column":47},"end":{"line":263,"column":1}},"line":237},"8":{"name":"(anonymous_8)","decl":{"start":{"line":251,"column":32},"end":{"line":251,"column":33}},"loc":{"start":{"line":251,"column":41},"end":{"line":251,"column":43}},"line":251},"9":{"name":"(anonymous_9)","decl":{"start":{"line":265,"column":21},"end":{"line":265,"column":22}},"loc":{"start":{"line":265,"column":41},"end":{"line":277,"column":1}},"line":265},"10":{"name":"(anonymous_10)","decl":{"start":{"line":279,"column":22},"end":{"line":279,"column":23}},"loc":{"start":{"line":279,"column":41},"end":{"line":306,"column":1}},"line":279},"11":{"name":"(anonymous_11)","decl":{"start":{"line":308,"column":28},"end":{"line":308,"column":29}},"loc":{"start":{"line":308,"column":47},"end":{"line":322,"column":1}},"line":308},"12":{"name":"(anonymous_12)","decl":{"start":{"line":324,"column":21},"end":{"line":324,"column":22}},"loc":{"start":{"line":324,"column":40},"end":{"line":338,"column":1}},"line":324}},"branchMap":{"0":{"loc":{"start":{"line":25,"column":8},"end":{"line":29,"column":9}},"type":"if","locations":[{"start":{"line":25,"column":8},"end":{"line":29,"column":9}},{"start":{},"end":{}}],"line":25},"1":{"loc":{"start":{"line":36,"column":23},"end":{"line":36,"column":41}},"type":"binary-expr","locations":[{"start":{"line":36,"column":23},"end":{"line":36,"column":36}},{"start":{"line":36,"column":40},"end":{"line":36,"column":41}}],"line":36},"2":{"loc":{"start":{"line":39,"column":8},"end":{"line":41,"column":9}},"type":"if","locations":[{"start":{"line":39,"column":8},"end":{"line":41,"column":9}},{"start":{},"end":{}}],"line":39},"3":{"loc":{"start":{"line":44,"column":8},"end":{"line":48,"column":9}},"type":"if","locations":[{"start":{"line":44,"column":8},"end":{"line":48,"column":9}},{"start":{},"end":{}}],"line":44},"4":{"loc":{"start":{"line":67,"column":8},"end":{"line":71,"column":9}},"type":"if","locations":[{"start":{"line":67,"column":8},"end":{"line":71,"column":9}},{"start":{},"end":{}}],"line":67},"5":{"loc":{"start":{"line":75,"column":8},"end":{"line":83,"column":9}},"type":"if","locations":[{"start":{"line":75,"column":8},"end":{"line":83,"column":9}},{"start":{},"end":{}}],"line":75},"6":{"loc":{"start":{"line":95,"column":6},"end":{"line":99,"column":7}},"type":"if","locations":[{"start":{"line":95,"column":6},"end":{"line":99,"column":7}},{"start":{},"end":{}}],"line":95},"7":{"loc":{"start":{"line":100,"column":6},"end":{"line":102,"column":7}},"type":"if","locations":[{"start":{"line":100,"column":6},"end":{"line":102,"column":7}},{"start":{},"end":{}}],"line":100},"8":{"loc":{"start":{"line":120,"column":10},"end":{"line":122,"column":11}},"type":"if","locations":[{"start":{"line":120,"column":10},"end":{"line":122,"column":11}},{"start":{},"end":{}}],"line":120},"9":{"loc":{"start":{"line":129,"column":8},"end":{"line":131,"column":9}},"type":"if","locations":[{"start":{"line":129,"column":8},"end":{"line":131,"column":9}},{"start":{},"end":{}}],"line":129},"10":{"loc":{"start":{"line":129,"column":12},"end":{"line":129,"column":83}},"type":"binary-expr","locations":[{"start":{"line":129,"column":12},"end":{"line":129,"column":21}},{"start":{"line":129,"column":25},"end":{"line":129,"column":83}}],"line":129},"11":{"loc":{"start":{"line":133,"column":8},"end":{"line":135,"column":9}},"type":"if","locations":[{"start":{"line":133,"column":8},"end":{"line":135,"column":9}},{"start":{},"end":{}}],"line":133},"12":{"loc":{"start":{"line":150,"column":6},"end":{"line":152,"column":7}},"type":"if","locations":[{"start":{"line":150,"column":6},"end":{"line":152,"column":7}},{"start":{},"end":{}}],"line":150},"13":{"loc":{"start":{"line":155,"column":6},"end":{"line":163,"column":7}},"type":"if","locations":[{"start":{"line":155,"column":6},"end":{"line":163,"column":7}},{"start":{"line":159,"column":13},"end":{"line":163,"column":7}}],"line":155},"14":{"loc":{"start":{"line":180,"column":6},"end":{"line":182,"column":7}},"type":"if","locations":[{"start":{"line":180,"column":6},"end":{"line":182,"column":7}},{"start":{},"end":{}}],"line":180},"15":{"loc":{"start":{"line":202,"column":6},"end":{"line":209,"column":7}},"type":"if","locations":[{"start":{"line":202,"column":6},"end":{"line":209,"column":7}},{"start":{},"end":{}}],"line":202},"16":{"loc":{"start":{"line":219,"column":6},"end":{"line":221,"column":7}},"type":"if","locations":[{"start":{"line":219,"column":6},"end":{"line":221,"column":7}},{"start":{},"end":{}}],"line":219},"17":{"loc":{"start":{"line":222,"column":6},"end":{"line":224,"column":7}},"type":"if","locations":[{"start":{"line":222,"column":6},"end":{"line":224,"column":7}},{"start":{},"end":{}}],"line":222},"18":{"loc":{"start":{"line":243,"column":4},"end":{"line":245,"column":5}},"type":"if","locations":[{"start":{"line":243,"column":4},"end":{"line":245,"column":5}},{"start":{},"end":{}}],"line":243},"19":{"loc":{"start":{"line":247,"column":4},"end":{"line":249,"column":5}},"type":"if","locations":[{"start":{"line":247,"column":4},"end":{"line":249,"column":5}},{"start":{},"end":{}}],"line":247},"20":{"loc":{"start":{"line":250,"column":4},"end":{"line":252,"column":5}},"type":"if","locations":[{"start":{"line":250,"column":4},"end":{"line":252,"column":5}},{"start":{},"end":{}}],"line":250},"21":{"loc":{"start":{"line":250,"column":8},"end":{"line":250,"column":72}},"type":"binary-expr","locations":[{"start":{"line":250,"column":8},"end":{"line":250,"column":25}},{"start":{"line":250,"column":29},"end":{"line":250,"column":72}}],"line":250},"22":{"loc":{"start":{"line":269,"column":6},"end":{"line":271,"column":7}},"type":"if","locations":[{"start":{"line":269,"column":6},"end":{"line":271,"column":7}},{"start":{},"end":{}}],"line":269},"23":{"loc":{"start":{"line":281,"column":17},"end":{"line":281,"column":50}},"type":"binary-expr","locations":[{"start":{"line":281,"column":17},"end":{"line":281,"column":45}},{"start":{"line":281,"column":49},"end":{"line":281,"column":50}}],"line":281},"24":{"loc":{"start":{"line":282,"column":21},"end":{"line":282,"column":59}},"type":"binary-expr","locations":[{"start":{"line":282,"column":21},"end":{"line":282,"column":53}},{"start":{"line":282,"column":57},"end":{"line":282,"column":59}}],"line":282},"25":{"loc":{"start":{"line":312,"column":6},"end":{"line":314,"column":7}},"type":"if","locations":[{"start":{"line":312,"column":6},"end":{"line":314,"column":7}},{"start":{},"end":{}}],"line":312},"26":{"loc":{"start":{"line":329,"column":4},"end":{"line":331,"column":5}},"type":"if","locations":[{"start":{"line":329,"column":4},"end":{"line":331,"column":5}},{"start":{},"end":{}}],"line":329}},"s":{"0":7,"1":7,"2":7,"3":7,"4":7,"5":7,"6":7,"7":7,"8":9,"9":9,"10":9,"11":9,"12":9,"13":1,"14":8,"15":8,"16":8,"17":8,"18":8,"19":0,"20":8,"21":8,"22":0,"23":8,"24":8,"25":0,"26":0,"27":7,"28":4,"29":4,"30":4,"31":4,"32":1,"33":3,"34":3,"35":3,"36":3,"37":0,"38":0,"39":7,"40":2,"41":2,"42":2,"43":2,"44":2,"45":0,"46":2,"47":1,"48":1,"49":0,"50":0,"51":7,"52":4,"53":4,"54":4,"55":4,"56":4,"57":0,"58":4,"59":4,"60":1,"61":3,"62":3,"63":0,"64":3,"65":0,"66":0,"67":7,"68":3,"69":3,"70":3,"71":3,"72":1,"73":2,"74":2,"75":2,"76":1,"77":1,"78":0,"79":7,"80":1,"81":1,"82":1,"83":1,"84":1,"85":1,"86":0,"87":1,"88":1,"89":1,"90":0,"91":0,"92":7,"93":2,"94":2,"95":2,"96":2,"97":0,"98":0,"99":0,"100":2,"101":2,"102":2,"103":2,"104":0,"105":2,"106":1,"107":1,"108":1,"109":0,"110":0,"111":7,"112":2,"113":2,"114":2,"115":2,"116":2,"117":2,"118":1,"119":1,"120":1,"121":0,"122":1,"123":0,"124":1,"125":1,"126":0,"127":0,"128":7,"129":1,"130":1,"131":1,"132":1,"133":0,"134":1,"135":1,"136":0,"137":7,"138":1,"139":1,"140":1,"141":1,"142":1,"143":1,"144":0,"145":0,"146":7,"147":2,"148":2,"149":2,"150":2,"151":1,"152":1,"153":1,"154":0,"155":0,"156":7,"157":1,"158":1,"159":1,"160":1,"161":0,"162":1,"163":1,"164":0,"165":0},"f":{"0":9,"1":4,"2":2,"3":4,"4":3,"5":1,"6":2,"7":2,"8":0,"9":1,"10":1,"11":2,"12":1},"b":{"0":[1,8],"1":[8,2],"2":[0,8],"3":[0,8],"4":[1,3],"5":[3,0],"6":[0,2],"7":[1,1],"8":[0,4],"9":[1,3],"10":[4,4],"11":[0,3],"12":[1,2],"13":[1,1],"14":[0,1],"15":[0,2],"16":[0,2],"17":[1,1],"18":[1,1],"19":[0,1],"20":[0,1],"21":[1,0],"22":[0,1],"23":[1,1],"24":[1,1],"25":[1,1],"26":[0,1]},"_coverageSchema":"1a1c01bbd47fc00a2c39e90264f33305004495a9","hash":"60bcc2f4dc1bc4810e8a0d3f135b04578ec58240"}
,"D:\\pt-phincon\\final-project\\Gelora-Rasa\\server\\controllers\\categoriesController.js": {"path":"D:\\pt-phincon\\final-project\\Gelora-Rasa\\server\\controllers\\categoriesController.js","statementMap":{"0":{"start":{"line":1,"column":21},"end":{"line":1,"column":41}},"1":{"start":{"line":2,"column":42},"end":{"line":2,"column":72}},"2":{"start":{"line":3,"column":92},"end":{"line":3,"column":133}},"3":{"start":{"line":4,"column":20},"end":{"line":4,"column":52}},"4":{"start":{"line":6,"column":0},"end":{"line":43,"column":2}},"5":{"start":{"line":7,"column":4},"end":{"line":42,"column":5}},"6":{"start":{"line":8,"column":28},"end":{"line":8,"column":36}},"7":{"start":{"line":10,"column":37},"end":{"line":10,"column":84}},"8":{"start":{"line":11,"column":8},"end":{"line":13,"column":9}},"9":{"start":{"line":12,"column":10},"end":{"line":12,"column":27}},"10":{"start":{"line":15,"column":24},"end":{"line":15,"column":100}},"11":{"start":{"line":17,"column":8},"end":{"line":21,"column":9}},"12":{"start":{"line":18,"column":12},"end":{"line":20,"column":15}},"13":{"start":{"line":23,"column":25},"end":{"line":23,"column":59}},"14":{"start":{"line":25,"column":8},"end":{"line":33,"column":9}},"15":{"start":{"line":26,"column":32},"end":{"line":26,"column":90}},"16":{"start":{"line":27,"column":12},"end":{"line":30,"column":13}},"17":{"start":{"line":28,"column":16},"end":{"line":28,"column":72}},"18":{"start":{"line":29,"column":16},"end":{"line":29,"column":58}},"19":{"start":{"line":32,"column":12},"end":{"line":32,"column":69}},"20":{"start":{"line":35,"column":8},"end":{"line":38,"column":11}},"21":{"start":{"line":40,"column":8},"end":{"line":40,"column":26}},"22":{"start":{"line":41,"column":8},"end":{"line":41,"column":44}},"23":{"start":{"line":45,"column":0},"end":{"line":69,"column":1}},"24":{"start":{"line":46,"column":4},"end":{"line":68,"column":5}},"25":{"start":{"line":47,"column":33},"end":{"line":47,"column":88}},"26":{"start":{"line":49,"column":8},"end":{"line":64,"column":9}},"27":{"start":{"line":50,"column":12},"end":{"line":53,"column":15}},"28":{"start":{"line":55,"column":31},"end":{"line":57,"column":14}},"29":{"start":{"line":59,"column":12},"end":{"line":61,"column":13}},"30":{"start":{"line":60,"column":16},"end":{"line":60,"column":42}},"31":{"start":{"line":62,"column":12},"end":{"line":62,"column":108}},"32":{"start":{"line":63,"column":12},"end":{"line":63,"column":116}},"33":{"start":{"line":66,"column":8},"end":{"line":66,"column":26}},"34":{"start":{"line":67,"column":8},"end":{"line":67,"column":44}},"35":{"start":{"line":71,"column":0},"end":{"line":102,"column":1}},"36":{"start":{"line":72,"column":4},"end":{"line":101,"column":5}},"37":{"start":{"line":73,"column":31},"end":{"line":73,"column":41}},"38":{"start":{"line":74,"column":35},"end":{"line":74,"column":43}},"39":{"start":{"line":76,"column":37},"end":{"line":76,"column":91}},"40":{"start":{"line":77,"column":8},"end":{"line":79,"column":9}},"41":{"start":{"line":78,"column":12},"end":{"line":78,"column":29}},"42":{"start":{"line":81,"column":32},"end":{"line":81,"column":84}},"43":{"start":{"line":82,"column":8},"end":{"line":84,"column":9}},"44":{"start":{"line":83,"column":12},"end":{"line":83,"column":78}},"45":{"start":{"line":86,"column":8},"end":{"line":86,"column":78}},"46":{"start":{"line":88,"column":8},"end":{"line":96,"column":9}},"47":{"start":{"line":89,"column":32},"end":{"line":89,"column":90}},"48":{"start":{"line":90,"column":12},"end":{"line":93,"column":13}},"49":{"start":{"line":91,"column":16},"end":{"line":91,"column":72}},"50":{"start":{"line":92,"column":16},"end":{"line":92,"column":58}},"51":{"start":{"line":95,"column":12},"end":{"line":95,"column":69}},"52":{"start":{"line":97,"column":8},"end":{"line":97,"column":79}},"53":{"start":{"line":99,"column":8},"end":{"line":99,"column":26}},"54":{"start":{"line":100,"column":8},"end":{"line":100,"column":44}},"55":{"start":{"line":104,"column":0},"end":{"line":129,"column":1}},"56":{"start":{"line":105,"column":4},"end":{"line":128,"column":5}},"57":{"start":{"line":106,"column":31},"end":{"line":106,"column":41}},"58":{"start":{"line":108,"column":32},"end":{"line":108,"column":85}},"59":{"start":{"line":109,"column":8},"end":{"line":111,"column":9}},"60":{"start":{"line":110,"column":12},"end":{"line":110,"column":75}},"61":{"start":{"line":113,"column":8},"end":{"line":113,"column":39}},"62":{"start":{"line":115,"column":8},"end":{"line":123,"column":9}},"63":{"start":{"line":116,"column":32},"end":{"line":116,"column":90}},"64":{"start":{"line":117,"column":12},"end":{"line":120,"column":13}},"65":{"start":{"line":118,"column":16},"end":{"line":118,"column":72}},"66":{"start":{"line":119,"column":16},"end":{"line":119,"column":58}},"67":{"start":{"line":122,"column":12},"end":{"line":122,"column":69}},"68":{"start":{"line":124,"column":8},"end":{"line":124,"column":83}},"69":{"start":{"line":126,"column":8},"end":{"line":126,"column":26}},"70":{"start":{"line":127,"column":8},"end":{"line":127,"column":44}}},"fnMap":{"0":{"name":"(anonymous_0)","decl":{"start":{"line":6,"column":25},"end":{"line":6,"column":26}},"loc":{"start":{"line":6,"column":45},"end":{"line":43,"column":1}},"line":6},"1":{"name":"(anonymous_1)","decl":{"start":{"line":45,"column":27},"end":{"line":45,"column":28}},"loc":{"start":{"line":45,"column":47},"end":{"line":69,"column":1}},"line":45},"2":{"name":"(anonymous_2)","decl":{"start":{"line":71,"column":25},"end":{"line":71,"column":26}},"loc":{"start":{"line":71,"column":45},"end":{"line":102,"column":1}},"line":71},"3":{"name":"(anonymous_3)","decl":{"start":{"line":104,"column":25},"end":{"line":104,"column":26}},"loc":{"start":{"line":104,"column":44},"end":{"line":129,"column":1}},"line":104}},"branchMap":{"0":{"loc":{"start":{"line":11,"column":8},"end":{"line":13,"column":9}},"type":"if","locations":[{"start":{"line":11,"column":8},"end":{"line":13,"column":9}},{"start":{},"end":{}}],"line":11},"1":{"loc":{"start":{"line":17,"column":8},"end":{"line":21,"column":9}},"type":"if","locations":[{"start":{"line":17,"column":8},"end":{"line":21,"column":9}},{"start":{},"end":{}}],"line":17},"2":{"loc":{"start":{"line":27,"column":12},"end":{"line":30,"column":13}},"type":"if","locations":[{"start":{"line":27,"column":12},"end":{"line":30,"column":13}},{"start":{},"end":{}}],"line":27},"3":{"loc":{"start":{"line":49,"column":8},"end":{"line":64,"column":9}},"type":"if","locations":[{"start":{"line":49,"column":8},"end":{"line":64,"column":9}},{"start":{"line":54,"column":13},"end":{"line":64,"column":9}}],"line":49},"4":{"loc":{"start":{"line":59,"column":12},"end":{"line":61,"column":13}},"type":"if","locations":[{"start":{"line":59,"column":12},"end":{"line":61,"column":13}},{"start":{},"end":{}}],"line":59},"5":{"loc":{"start":{"line":77,"column":8},"end":{"line":79,"column":9}},"type":"if","locations":[{"start":{"line":77,"column":8},"end":{"line":79,"column":9}},{"start":{},"end":{}}],"line":77},"6":{"loc":{"start":{"line":82,"column":8},"end":{"line":84,"column":9}},"type":"if","locations":[{"start":{"line":82,"column":8},"end":{"line":84,"column":9}},{"start":{},"end":{}}],"line":82},"7":{"loc":{"start":{"line":90,"column":12},"end":{"line":93,"column":13}},"type":"if","locations":[{"start":{"line":90,"column":12},"end":{"line":93,"column":13}},{"start":{},"end":{}}],"line":90},"8":{"loc":{"start":{"line":109,"column":8},"end":{"line":111,"column":9}},"type":"if","locations":[{"start":{"line":109,"column":8},"end":{"line":111,"column":9}},{"start":{},"end":{}}],"line":109},"9":{"loc":{"start":{"line":117,"column":12},"end":{"line":120,"column":13}},"type":"if","locations":[{"start":{"line":117,"column":12},"end":{"line":120,"column":13}},{"start":{},"end":{}}],"line":117}},"s":{"0":7,"1":7,"2":7,"3":7,"4":7,"5":4,"6":4,"7":4,"8":4,"9":1,"10":3,"11":3,"12":1,"13":2,"14":2,"15":2,"16":2,"17":1,"18":1,"19":0,"20":2,"21":0,"22":0,"23":7,"24":3,"25":3,"26":3,"27":1,"28":2,"29":2,"30":0,"31":2,"32":2,"33":0,"34":0,"35":7,"36":3,"37":3,"38":3,"39":3,"40":3,"41":1,"42":2,"43":2,"44":1,"45":1,"46":1,"47":1,"48":1,"49":1,"50":1,"51":0,"52":1,"53":0,"54":0,"55":7,"56":2,"57":2,"58":2,"59":2,"60":1,"61":1,"62":1,"63":1,"64":1,"65":0,"66":0,"67":0,"68":1,"69":0,"70":0},"f":{"0":4,"1":3,"2":3,"3":2},"b":{"0":[1,3],"1":[1,2],"2":[1,1],"3":[1,2],"4":[0,2],"5":[1,2],"6":[1,1],"7":[1,0],"8":[1,1],"9":[0,1]},"_coverageSchema":"1a1c01bbd47fc00a2c39e90264f33305004495a9","hash":"6ebf6f4e1c77544947facf955fab8eda9350586e"}
,"D:\\pt-phincon\\final-project\\Gelora-Rasa\\server\\controllers\\eventController.js": {"path":"D:\\pt-phincon\\final-project\\Gelora-Rasa\\server\\controllers\\eventController.js","statementMap":{"0":{"start":{"line":1,"column":11},"end":{"line":1,"column":24}},"1":{"start":{"line":2,"column":13},"end":{"line":2,"column":28}},"2":{"start":{"line":3,"column":51},"end":{"line":3,"column":71}},"3":{"start":{"line":4,"column":76},"end":{"line":4,"column":117}},"4":{"start":{"line":5,"column":37},"end":{"line":5,"column":67}},"5":{"start":{"line":8,"column":0},"end":{"line":48,"column":1}},"6":{"start":{"line":9,"column":4},"end":{"line":47,"column":5}},"7":{"start":{"line":10,"column":21},"end":{"line":10,"column":54}},"8":{"start":{"line":11,"column":25},"end":{"line":11,"column":63}},"9":{"start":{"line":13,"column":23},"end":{"line":13,"column":44}},"10":{"start":{"line":15,"column":23},"end":{"line":36,"column":10}},"11":{"start":{"line":38,"column":8},"end":{"line":43,"column":11}},"12":{"start":{"line":45,"column":8},"end":{"line":45,"column":26}},"13":{"start":{"line":46,"column":8},"end":{"line":46,"column":44}},"14":{"start":{"line":50,"column":0},"end":{"line":72,"column":1}},"15":{"start":{"line":51,"column":4},"end":{"line":71,"column":5}},"16":{"start":{"line":52,"column":27},"end":{"line":52,"column":37}},"17":{"start":{"line":54,"column":28},"end":{"line":61,"column":10}},"18":{"start":{"line":62,"column":8},"end":{"line":64,"column":9}},"19":{"start":{"line":63,"column":12},"end":{"line":63,"column":88}},"20":{"start":{"line":67,"column":4},"end":{"line":67,"column":98}},"21":{"start":{"line":69,"column":8},"end":{"line":69,"column":26}},"22":{"start":{"line":70,"column":8},"end":{"line":70,"column":44}},"23":{"start":{"line":74,"column":0},"end":{"line":105,"column":1}},"24":{"start":{"line":75,"column":4},"end":{"line":104,"column":5}},"25":{"start":{"line":76,"column":23},"end":{"line":76,"column":29}},"26":{"start":{"line":77,"column":23},"end":{"line":94,"column":10}},"27":{"start":{"line":96,"column":8},"end":{"line":98,"column":9}},"28":{"start":{"line":97,"column":12},"end":{"line":97,"column":80}},"29":{"start":{"line":100,"column":8},"end":{"line":100,"column":97}},"30":{"start":{"line":102,"column":8},"end":{"line":102,"column":26}},"31":{"start":{"line":103,"column":8},"end":{"line":103,"column":44}},"32":{"start":{"line":107,"column":0},"end":{"line":136,"column":1}},"33":{"start":{"line":108,"column":4},"end":{"line":135,"column":5}},"34":{"start":{"line":109,"column":28},"end":{"line":109,"column":38}},"35":{"start":{"line":110,"column":22},"end":{"line":126,"column":10}},"36":{"start":{"line":128,"column":8},"end":{"line":130,"column":9}},"37":{"start":{"line":129,"column":12},"end":{"line":129,"column":75}},"38":{"start":{"line":131,"column":8},"end":{"line":131,"column":46}},"39":{"start":{"line":133,"column":8},"end":{"line":133,"column":26}},"40":{"start":{"line":134,"column":8},"end":{"line":134,"column":44}},"41":{"start":{"line":137,"column":0},"end":{"line":171,"column":1}},"42":{"start":{"line":138,"column":4},"end":{"line":170,"column":5}},"43":{"start":{"line":139,"column":22},"end":{"line":139,"column":53}},"44":{"start":{"line":140,"column":27},"end":{"line":140,"column":67}},"45":{"start":{"line":143,"column":37},"end":{"line":143,"column":76}},"46":{"start":{"line":144,"column":8},"end":{"line":146,"column":9}},"47":{"start":{"line":145,"column":10},"end":{"line":145,"column":27}},"48":{"start":{"line":148,"column":8},"end":{"line":150,"column":9}},"49":{"start":{"line":149,"column":12},"end":{"line":149,"column":80}},"50":{"start":{"line":152,"column":8},"end":{"line":154,"column":9}},"51":{"start":{"line":153,"column":12},"end":{"line":153,"column":80}},"52":{"start":{"line":156,"column":8},"end":{"line":158,"column":9}},"53":{"start":{"line":157,"column":12},"end":{"line":157,"column":76}},"54":{"start":{"line":160,"column":22},"end":{"line":160,"column":50}},"55":{"start":{"line":162,"column":8},"end":{"line":165,"column":11}},"56":{"start":{"line":168,"column":8},"end":{"line":168,"column":26}},"57":{"start":{"line":169,"column":8},"end":{"line":169,"column":44}},"58":{"start":{"line":173,"column":0},"end":{"line":211,"column":1}},"59":{"start":{"line":174,"column":4},"end":{"line":210,"column":5}},"60":{"start":{"line":175,"column":26},"end":{"line":175,"column":41}},"61":{"start":{"line":176,"column":28},"end":{"line":176,"column":38}},"62":{"start":{"line":177,"column":32},"end":{"line":177,"column":40}},"63":{"start":{"line":178,"column":8},"end":{"line":178,"column":54}},"64":{"start":{"line":180,"column":37},"end":{"line":180,"column":83}},"65":{"start":{"line":181,"column":8},"end":{"line":183,"column":9}},"66":{"start":{"line":182,"column":12},"end":{"line":182,"column":29}},"67":{"start":{"line":185,"column":29},"end":{"line":185,"column":75}},"68":{"start":{"line":186,"column":8},"end":{"line":188,"column":9}},"69":{"start":{"line":187,"column":12},"end":{"line":187,"column":75}},"70":{"start":{"line":190,"column":8},"end":{"line":202,"column":9}},"71":{"start":{"line":191,"column":12},"end":{"line":191,"column":67}},"72":{"start":{"line":193,"column":12},"end":{"line":201,"column":13}},"73":{"start":{"line":194,"column":41},"end":{"line":194,"column":87}},"74":{"start":{"line":196,"column":16},"end":{"line":200,"column":19}},"75":{"start":{"line":197,"column":20},"end":{"line":199,"column":21}},"76":{"start":{"line":198,"column":24},"end":{"line":198,"column":74}},"77":{"start":{"line":204,"column":8},"end":{"line":204,"column":69}},"78":{"start":{"line":205,"column":8},"end":{"line":205,"column":76}},"79":{"start":{"line":208,"column":8},"end":{"line":208,"column":26}},"80":{"start":{"line":209,"column":8},"end":{"line":209,"column":44}},"81":{"start":{"line":213,"column":0},"end":{"line":229,"column":1}},"82":{"start":{"line":214,"column":4},"end":{"line":228,"column":5}},"83":{"start":{"line":215,"column":28},"end":{"line":215,"column":38}},"84":{"start":{"line":216,"column":26},"end":{"line":216,"column":50}},"85":{"start":{"line":218,"column":22},"end":{"line":218,"column":51}},"86":{"start":{"line":219,"column":8},"end":{"line":221,"column":9}},"87":{"start":{"line":220,"column":12},"end":{"line":220,"column":76}},"88":{"start":{"line":223,"column":8},"end":{"line":223,"column":66}},"89":{"start":{"line":224,"column":8},"end":{"line":224,"column":90}},"90":{"start":{"line":226,"column":8},"end":{"line":226,"column":27}},"91":{"start":{"line":227,"column":8},"end":{"line":227,"column":45}},"92":{"start":{"line":231,"column":0},"end":{"line":252,"column":1}},"93":{"start":{"line":232,"column":4},"end":{"line":251,"column":5}},"94":{"start":{"line":234,"column":28},"end":{"line":234,"column":38}},"95":{"start":{"line":235,"column":23},"end":{"line":235,"column":29}},"96":{"start":{"line":237,"column":22},"end":{"line":237,"column":70}},"97":{"start":{"line":238,"column":8},"end":{"line":240,"column":9}},"98":{"start":{"line":239,"column":12},"end":{"line":239,"column":81}},"99":{"start":{"line":241,"column":30},"end":{"line":241,"column":93}},"100":{"start":{"line":242,"column":8},"end":{"line":244,"column":9}},"101":{"start":{"line":243,"column":12},"end":{"line":243,"column":118}},"102":{"start":{"line":246,"column":8},"end":{"line":246,"column":37}},"103":{"start":{"line":247,"column":8},"end":{"line":247,"column":80}},"104":{"start":{"line":249,"column":8},"end":{"line":249,"column":26}},"105":{"start":{"line":250,"column":8},"end":{"line":250,"column":44}}},"fnMap":{"0":{"name":"(anonymous_0)","decl":{"start":{"line":8,"column":22},"end":{"line":8,"column":23}},"loc":{"start":{"line":8,"column":41},"end":{"line":48,"column":1}},"line":8},"1":{"name":"(anonymous_1)","decl":{"start":{"line":50,"column":29},"end":{"line":50,"column":30}},"loc":{"start":{"line":50,"column":48},"end":{"line":72,"column":1}},"line":50},"2":{"name":"(anonymous_2)","decl":{"start":{"line":74,"column":21},"end":{"line":74,"column":22}},"loc":{"start":{"line":74,"column":40},"end":{"line":105,"column":1}},"line":74},"3":{"name":"(anonymous_3)","decl":{"start":{"line":107,"column":25},"end":{"line":107,"column":26}},"loc":{"start":{"line":107,"column":44},"end":{"line":136,"column":1}},"line":107},"4":{"name":"(anonymous_4)","decl":{"start":{"line":137,"column":22},"end":{"line":137,"column":23}},"loc":{"start":{"line":137,"column":41},"end":{"line":171,"column":1}},"line":137},"5":{"name":"(anonymous_5)","decl":{"start":{"line":173,"column":22},"end":{"line":173,"column":23}},"loc":{"start":{"line":173,"column":42},"end":{"line":211,"column":1}},"line":173},"6":{"name":"(anonymous_6)","decl":{"start":{"line":196,"column":44},"end":{"line":196,"column":45}},"loc":{"start":{"line":196,"column":53},"end":{"line":200,"column":17}},"line":196},"7":{"name":"(anonymous_7)","decl":{"start":{"line":213,"column":28},"end":{"line":213,"column":29}},"loc":{"start":{"line":213,"column":47},"end":{"line":229,"column":1}},"line":213},"8":{"name":"(anonymous_8)","decl":{"start":{"line":231,"column":24},"end":{"line":231,"column":25}},"loc":{"start":{"line":231,"column":43},"end":{"line":252,"column":1}},"line":231}},"branchMap":{"0":{"loc":{"start":{"line":10,"column":21},"end":{"line":10,"column":54}},"type":"binary-expr","locations":[{"start":{"line":10,"column":21},"end":{"line":10,"column":49}},{"start":{"line":10,"column":53},"end":{"line":10,"column":54}}],"line":10},"1":{"loc":{"start":{"line":11,"column":25},"end":{"line":11,"column":63}},"type":"binary-expr","locations":[{"start":{"line":11,"column":25},"end":{"line":11,"column":57}},{"start":{"line":11,"column":61},"end":{"line":11,"column":63}}],"line":11},"2":{"loc":{"start":{"line":62,"column":8},"end":{"line":64,"column":9}},"type":"if","locations":[{"start":{"line":62,"column":8},"end":{"line":64,"column":9}},{"start":{},"end":{}}],"line":62},"3":{"loc":{"start":{"line":96,"column":8},"end":{"line":98,"column":9}},"type":"if","locations":[{"start":{"line":96,"column":8},"end":{"line":98,"column":9}},{"start":{},"end":{}}],"line":96},"4":{"loc":{"start":{"line":96,"column":11},"end":{"line":96,"column":41}},"type":"binary-expr","locations":[{"start":{"line":96,"column":11},"end":{"line":96,"column":18}},{"start":{"line":96,"column":22},"end":{"line":96,"column":41}}],"line":96},"5":{"loc":{"start":{"line":128,"column":8},"end":{"line":130,"column":9}},"type":"if","locations":[{"start":{"line":128,"column":8},"end":{"line":130,"column":9}},{"start":{},"end":{}}],"line":128},"6":{"loc":{"start":{"line":139,"column":22},"end":{"line":139,"column":53}},"type":"cond-expr","locations":[{"start":{"line":139,"column":33},"end":{"line":139,"column":46}},{"start":{"line":139,"column":49},"end":{"line":139,"column":53}}],"line":139},"7":{"loc":{"start":{"line":140,"column":46},"end":{"line":140,"column":64}},"type":"binary-expr","locations":[{"start":{"line":140,"column":46},"end":{"line":140,"column":51}},{"start":{"line":140,"column":55},"end":{"line":140,"column":64}}],"line":140},"8":{"loc":{"start":{"line":144,"column":8},"end":{"line":146,"column":9}},"type":"if","locations":[{"start":{"line":144,"column":8},"end":{"line":146,"column":9}},{"start":{},"end":{}}],"line":144},"9":{"loc":{"start":{"line":148,"column":8},"end":{"line":150,"column":9}},"type":"if","locations":[{"start":{"line":148,"column":8},"end":{"line":150,"column":9}},{"start":{},"end":{}}],"line":148},"10":{"loc":{"start":{"line":152,"column":8},"end":{"line":154,"column":9}},"type":"if","locations":[{"start":{"line":152,"column":8},"end":{"line":154,"column":9}},{"start":{},"end":{}}],"line":152},"11":{"loc":{"start":{"line":156,"column":8},"end":{"line":158,"column":9}},"type":"if","locations":[{"start":{"line":156,"column":8},"end":{"line":158,"column":9}},{"start":{},"end":{}}],"line":156},"12":{"loc":{"start":{"line":181,"column":8},"end":{"line":183,"column":9}},"type":"if","locations":[{"start":{"line":181,"column":8},"end":{"line":183,"column":9}},{"start":{},"end":{}}],"line":181},"13":{"loc":{"start":{"line":186,"column":8},"end":{"line":188,"column":9}},"type":"if","locations":[{"start":{"line":186,"column":8},"end":{"line":188,"column":9}},{"start":{},"end":{}}],"line":186},"14":{"loc":{"start":{"line":190,"column":8},"end":{"line":202,"column":9}},"type":"if","locations":[{"start":{"line":190,"column":8},"end":{"line":202,"column":9}},{"start":{},"end":{}}],"line":190},"15":{"loc":{"start":{"line":193,"column":12},"end":{"line":201,"column":13}},"type":"if","locations":[{"start":{"line":193,"column":12},"end":{"line":201,"column":13}},{"start":{},"end":{}}],"line":193},"16":{"loc":{"start":{"line":197,"column":20},"end":{"line":199,"column":21}},"type":"if","locations":[{"start":{"line":197,"column":20},"end":{"line":199,"column":21}},{"start":{},"end":{}}],"line":197},"17":{"loc":{"start":{"line":219,"column":8},"end":{"line":221,"column":9}},"type":"if","locations":[{"start":{"line":219,"column":8},"end":{"line":221,"column":9}},{"start":{},"end":{}}],"line":219},"18":{"loc":{"start":{"line":238,"column":8},"end":{"line":240,"column":9}},"type":"if","locations":[{"start":{"line":238,"column":8},"end":{"line":240,"column":9}},{"start":{},"end":{}}],"line":238},"19":{"loc":{"start":{"line":242,"column":8},"end":{"line":244,"column":9}},"type":"if","locations":[{"start":{"line":242,"column":8},"end":{"line":244,"column":9}},{"start":{},"end":{}}],"line":242}},"s":{"0":7,"1":7,"2":7,"3":7,"4":7,"5":7,"6":6,"7":6,"8":6,"9":6,"10":6,"11":6,"12":0,"13":0,"14":7,"15":1,"16":1,"17":1,"18":1,"19":0,"20":1,"21":0,"22":0,"23":7,"24":1,"25":1,"26":1,"27":1,"28":0,"29":1,"30":0,"31":0,"32":7,"33":2,"34":2,"35":2,"36":2,"37":0,"38":2,"39":0,"40":0,"41":7,"42":2,"43":2,"44":2,"45":2,"46":2,"47":0,"48":2,"49":0,"50":2,"51":0,"52":2,"53":0,"54":2,"55":2,"56":0,"57":0,"58":7,"59":1,"60":1,"61":1,"62":1,"63":1,"64":1,"65":1,"66":0,"67":1,"68":1,"69":0,"70":1,"71":1,"72":1,"73":1,"74":1,"75":1,"76":0,"77":1,"78":1,"79":0,"80":0,"81":7,"82":1,"83":1,"84":1,"85":1,"86":1,"87":0,"88":1,"89":1,"90":0,"91":0,"92":7,"93":1,"94":1,"95":1,"96":1,"97":1,"98":0,"99":1,"100":1,"101":0,"102":1,"103":1,"104":0,"105":0},"f":{"0":6,"1":1,"2":1,"3":2,"4":2,"5":1,"6":1,"7":1,"8":1},"b":{"0":[6,5],"1":[6,5],"2":[0,1],"3":[0,1],"4":[1,1],"5":[0,2],"6":[2,0],"7":[2,2],"8":[0,2],"9":[0,2],"10":[0,2],"11":[0,2],"12":[0,1],"13":[0,1],"14":[1,0],"15":[1,0],"16":[0,1],"17":[0,1],"18":[0,1],"19":[0,1]},"_coverageSchema":"1a1c01bbd47fc00a2c39e90264f33305004495a9","hash":"fdaf13b86d4a3c9368f8b6b3726c637e44fcd890"}
,"D:\\pt-phincon\\final-project\\Gelora-Rasa\\server\\controllers\\eventOrganizerController.js": {"path":"D:\\pt-phincon\\final-project\\Gelora-Rasa\\server\\controllers\\eventOrganizerController.js","statementMap":{"0":{"start":{"line":1,"column":39},"end":{"line":1,"column":59}},"1":{"start":{"line":2,"column":76},"end":{"line":2,"column":117}},"2":{"start":{"line":3,"column":59},"end":{"line":3,"column":89}},"3":{"start":{"line":4,"column":24},"end":{"line":4,"column":47}},"4":{"start":{"line":7,"column":0},"end":{"line":49,"column":1}},"5":{"start":{"line":8,"column":4},"end":{"line":48,"column":5}},"6":{"start":{"line":9,"column":34},"end":{"line":9,"column":42}},"7":{"start":{"line":10,"column":23},"end":{"line":10,"column":29}},"8":{"start":{"line":11,"column":37},"end":{"line":11,"column":94}},"9":{"start":{"line":12,"column":8},"end":{"line":14,"column":9}},"10":{"start":{"line":13,"column":10},"end":{"line":13,"column":27}},"11":{"start":{"line":16,"column":24},"end":{"line":16,"column":100}},"12":{"start":{"line":18,"column":8},"end":{"line":22,"column":9}},"13":{"start":{"line":19,"column":12},"end":{"line":21,"column":15}},"14":{"start":{"line":24,"column":35},"end":{"line":27,"column":9}},"15":{"start":{"line":29,"column":31},"end":{"line":29,"column":84}},"16":{"start":{"line":31,"column":8},"end":{"line":33,"column":10}},"17":{"start":{"line":35,"column":31},"end":{"line":35,"column":74}},"18":{"start":{"line":36,"column":22},"end":{"line":36,"column":49}},"19":{"start":{"line":37,"column":8},"end":{"line":39,"column":9}},"20":{"start":{"line":38,"column":12},"end":{"line":38,"column":52}},"21":{"start":{"line":41,"column":8},"end":{"line":44,"column":11}},"22":{"start":{"line":46,"column":8},"end":{"line":46,"column":26}},"23":{"start":{"line":47,"column":8},"end":{"line":47,"column":44}}},"fnMap":{"0":{"name":"(anonymous_0)","decl":{"start":{"line":7,"column":31},"end":{"line":7,"column":32}},"loc":{"start":{"line":7,"column":51},"end":{"line":49,"column":1}},"line":7}},"branchMap":{"0":{"loc":{"start":{"line":12,"column":8},"end":{"line":14,"column":9}},"type":"if","locations":[{"start":{"line":12,"column":8},"end":{"line":14,"column":9}},{"start":{},"end":{}}],"line":12},"1":{"loc":{"start":{"line":18,"column":8},"end":{"line":22,"column":9}},"type":"if","locations":[{"start":{"line":18,"column":8},"end":{"line":22,"column":9}},{"start":{},"end":{}}],"line":18},"2":{"loc":{"start":{"line":37,"column":8},"end":{"line":39,"column":9}},"type":"if","locations":[{"start":{"line":37,"column":8},"end":{"line":39,"column":9}},{"start":{},"end":{}}],"line":37}},"s":{"0":7,"1":7,"2":7,"3":7,"4":7,"5":3,"6":3,"7":3,"8":3,"9":3,"10":1,"11":2,"12":2,"13":1,"14":1,"15":1,"16":1,"17":1,"18":1,"19":1,"20":0,"21":1,"22":0,"23":0},"f":{"0":3},"b":{"0":[1,2],"1":[1,1],"2":[0,1]},"_coverageSchema":"1a1c01bbd47fc00a2c39e90264f33305004495a9","hash":"ee3fabc859ef7e097add8f8001f7f730e2c35239"}
,"D:\\pt-phincon\\final-project\\Gelora-Rasa\\server\\controllers\\liveStreamingController.js": {"path":"D:\\pt-phincon\\final-project\\Gelora-Rasa\\server\\controllers\\liveStreamingController.js","statementMap":{"0":{"start":{"line":1,"column":45},"end":{"line":1,"column":86}},"1":{"start":{"line":2,"column":37},"end":{"line":2,"column":72}},"2":{"start":{"line":3,"column":46},"end":{"line":3,"column":66}},"3":{"start":{"line":5,"column":0},"end":{"line":42,"column":1}},"4":{"start":{"line":6,"column":4},"end":{"line":41,"column":5}},"5":{"start":{"line":7,"column":39},"end":{"line":7,"column":47}},"6":{"start":{"line":9,"column":8},"end":{"line":9,"column":59}},"7":{"start":{"line":11,"column":23},"end":{"line":25,"column":10}},"8":{"start":{"line":27,"column":30},"end":{"line":27,"column":34}},"9":{"start":{"line":28,"column":8},"end":{"line":31,"column":9}},"10":{"start":{"line":29,"column":31},"end":{"line":29,"column":113}},"11":{"start":{"line":30,"column":12},"end":{"line":30,"column":53}},"12":{"start":{"line":30,"column":29},"end":{"line":30,"column":53}},"13":{"start":{"line":33,"column":8},"end":{"line":37,"column":9}},"14":{"start":{"line":34,"column":12},"end":{"line":34,"column":91}},"15":{"start":{"line":36,"column":12},"end":{"line":36,"column":88}},"16":{"start":{"line":39,"column":8},"end":{"line":39,"column":26}},"17":{"start":{"line":40,"column":8},"end":{"line":40,"column":44}},"18":{"start":{"line":44,"column":0},"end":{"line":63,"column":1}},"19":{"start":{"line":45,"column":4},"end":{"line":60,"column":5}},"20":{"start":{"line":46,"column":23},"end":{"line":46,"column":29}},"21":{"start":{"line":47,"column":28},"end":{"line":47,"column":36}},"22":{"start":{"line":49,"column":22},"end":{"line":51,"column":10}},"23":{"start":{"line":52,"column":24},"end":{"line":52,"column":37}},"24":{"start":{"line":53,"column":8},"end":{"line":56,"column":11}},"25":{"start":{"line":58,"column":8},"end":{"line":58,"column":26}},"26":{"start":{"line":59,"column":8},"end":{"line":59,"column":44}}},"fnMap":{"0":{"name":"(anonymous_0)","decl":{"start":{"line":5,"column":29},"end":{"line":5,"column":30}},"loc":{"start":{"line":5,"column":48},"end":{"line":42,"column":1}},"line":5},"1":{"name":"(anonymous_1)","decl":{"start":{"line":44,"column":31},"end":{"line":44,"column":32}},"loc":{"start":{"line":44,"column":50},"end":{"line":63,"column":1}},"line":44}},"branchMap":{"0":{"loc":{"start":{"line":30,"column":12},"end":{"line":30,"column":53}},"type":"if","locations":[{"start":{"line":30,"column":12},"end":{"line":30,"column":53}},{"start":{},"end":{}}],"line":30},"1":{"loc":{"start":{"line":33,"column":8},"end":{"line":37,"column":9}},"type":"if","locations":[{"start":{"line":33,"column":8},"end":{"line":37,"column":9}},{"start":{"line":35,"column":15},"end":{"line":37,"column":9}}],"line":33}},"s":{"0":7,"1":7,"2":7,"3":7,"4":2,"5":2,"6":2,"7":1,"8":1,"9":1,"10":0,"11":0,"12":0,"13":1,"14":1,"15":0,"16":1,"17":1,"18":7,"19":2,"20":2,"21":2,"22":2,"23":2,"24":2,"25":0,"26":0},"f":{"0":2,"1":2},"b":{"0":[0,0],"1":[1,0]},"_coverageSchema":"1a1c01bbd47fc00a2c39e90264f33305004495a9","hash":"96320dd290171feda3781cb4e494fe57163be196"}
,"D:\\pt-phincon\\final-project\\Gelora-Rasa\\server\\controllers\\locationController.js": {"path":"D:\\pt-phincon\\final-project\\Gelora-Rasa\\server\\controllers\\locationController.js","statementMap":{"0":{"start":{"line":1,"column":92},"end":{"line":1,"column":133}},"1":{"start":{"line":2,"column":40},"end":{"line":2,"column":70}},"2":{"start":{"line":3,"column":21},"end":{"line":3,"column":41}},"3":{"start":{"line":4,"column":20},"end":{"line":4,"column":52}},"4":{"start":{"line":6,"column":0},"end":{"line":26,"column":1}},"5":{"start":{"line":7,"column":4},"end":{"line":25,"column":5}},"6":{"start":{"line":8,"column":31},"end":{"line":8,"column":84}},"7":{"start":{"line":10,"column":8},"end":{"line":21,"column":9}},"8":{"start":{"line":11,"column":12},"end":{"line":11,"column":105}},"9":{"start":{"line":13,"column":29},"end":{"line":15,"column":14}},"10":{"start":{"line":16,"column":12},"end":{"line":18,"column":13}},"11":{"start":{"line":17,"column":16},"end":{"line":17,"column":42}},"12":{"start":{"line":19,"column":12},"end":{"line":19,"column":104}},"13":{"start":{"line":20,"column":12},"end":{"line":20,"column":112}},"14":{"start":{"line":23,"column":8},"end":{"line":23,"column":26}},"15":{"start":{"line":24,"column":8},"end":{"line":24,"column":44}},"16":{"start":{"line":28,"column":0},"end":{"line":65,"column":1}},"17":{"start":{"line":29,"column":4},"end":{"line":64,"column":5}},"18":{"start":{"line":30,"column":28},"end":{"line":30,"column":36}},"19":{"start":{"line":32,"column":37},"end":{"line":32,"column":82}},"20":{"start":{"line":33,"column":8},"end":{"line":35,"column":9}},"21":{"start":{"line":34,"column":10},"end":{"line":34,"column":27}},"22":{"start":{"line":37,"column":24},"end":{"line":37,"column":100}},"23":{"start":{"line":39,"column":8},"end":{"line":43,"column":9}},"24":{"start":{"line":40,"column":12},"end":{"line":42,"column":15}},"25":{"start":{"line":45,"column":25},"end":{"line":45,"column":59}},"26":{"start":{"line":47,"column":8},"end":{"line":55,"column":9}},"27":{"start":{"line":48,"column":32},"end":{"line":48,"column":88}},"28":{"start":{"line":49,"column":12},"end":{"line":52,"column":13}},"29":{"start":{"line":50,"column":16},"end":{"line":50,"column":70}},"30":{"start":{"line":51,"column":16},"end":{"line":51,"column":58}},"31":{"start":{"line":54,"column":12},"end":{"line":54,"column":69}},"32":{"start":{"line":57,"column":8},"end":{"line":60,"column":11}},"33":{"start":{"line":62,"column":8},"end":{"line":62,"column":26}},"34":{"start":{"line":63,"column":8},"end":{"line":63,"column":44}},"35":{"start":{"line":67,"column":0},"end":{"line":98,"column":1}},"36":{"start":{"line":68,"column":4},"end":{"line":97,"column":5}},"37":{"start":{"line":69,"column":31},"end":{"line":69,"column":41}},"38":{"start":{"line":70,"column":35},"end":{"line":70,"column":43}},"39":{"start":{"line":72,"column":37},"end":{"line":72,"column":89}},"40":{"start":{"line":73,"column":8},"end":{"line":75,"column":9}},"41":{"start":{"line":74,"column":12},"end":{"line":74,"column":29}},"42":{"start":{"line":77,"column":32},"end":{"line":77,"column":84}},"43":{"start":{"line":78,"column":8},"end":{"line":80,"column":9}},"44":{"start":{"line":79,"column":12},"end":{"line":79,"column":78}},"45":{"start":{"line":82,"column":8},"end":{"line":82,"column":78}},"46":{"start":{"line":84,"column":8},"end":{"line":92,"column":9}},"47":{"start":{"line":85,"column":32},"end":{"line":85,"column":88}},"48":{"start":{"line":86,"column":12},"end":{"line":89,"column":13}},"49":{"start":{"line":87,"column":16},"end":{"line":87,"column":70}},"50":{"start":{"line":88,"column":16},"end":{"line":88,"column":58}},"51":{"start":{"line":91,"column":12},"end":{"line":91,"column":69}},"52":{"start":{"line":93,"column":8},"end":{"line":93,"column":79}},"53":{"start":{"line":95,"column":8},"end":{"line":95,"column":26}},"54":{"start":{"line":96,"column":8},"end":{"line":96,"column":44}},"55":{"start":{"line":100,"column":0},"end":{"line":126,"column":1}},"56":{"start":{"line":101,"column":4},"end":{"line":125,"column":5}},"57":{"start":{"line":102,"column":31},"end":{"line":102,"column":41}},"58":{"start":{"line":103,"column":8},"end":{"line":103,"column":31}},"59":{"start":{"line":105,"column":31},"end":{"line":105,"column":84}},"60":{"start":{"line":106,"column":8},"end":{"line":108,"column":9}},"61":{"start":{"line":107,"column":12},"end":{"line":107,"column":75}},"62":{"start":{"line":110,"column":8},"end":{"line":110,"column":38}},"63":{"start":{"line":112,"column":8},"end":{"line":120,"column":9}},"64":{"start":{"line":113,"column":32},"end":{"line":113,"column":88}},"65":{"start":{"line":114,"column":12},"end":{"line":117,"column":13}},"66":{"start":{"line":115,"column":16},"end":{"line":115,"column":70}},"67":{"start":{"line":116,"column":16},"end":{"line":116,"column":58}},"68":{"start":{"line":119,"column":12},"end":{"line":119,"column":69}},"69":{"start":{"line":121,"column":8},"end":{"line":121,"column":83}},"70":{"start":{"line":123,"column":8},"end":{"line":123,"column":26}},"71":{"start":{"line":124,"column":8},"end":{"line":124,"column":44}}},"fnMap":{"0":{"name":"(anonymous_0)","decl":{"start":{"line":6,"column":25},"end":{"line":6,"column":26}},"loc":{"start":{"line":6,"column":45},"end":{"line":26,"column":1}},"line":6},"1":{"name":"(anonymous_1)","decl":{"start":{"line":28,"column":25},"end":{"line":28,"column":26}},"loc":{"start":{"line":28,"column":45},"end":{"line":65,"column":1}},"line":28},"2":{"name":"(anonymous_2)","decl":{"start":{"line":67,"column":25},"end":{"line":67,"column":26}},"loc":{"start":{"line":67,"column":44},"end":{"line":98,"column":1}},"line":67},"3":{"name":"(anonymous_3)","decl":{"start":{"line":100,"column":25},"end":{"line":100,"column":26}},"loc":{"start":{"line":100,"column":44},"end":{"line":126,"column":1}},"line":100}},"branchMap":{"0":{"loc":{"start":{"line":10,"column":8},"end":{"line":21,"column":9}},"type":"if","locations":[{"start":{"line":10,"column":8},"end":{"line":21,"column":9}},{"start":{"line":12,"column":13},"end":{"line":21,"column":9}}],"line":10},"1":{"loc":{"start":{"line":16,"column":12},"end":{"line":18,"column":13}},"type":"if","locations":[{"start":{"line":16,"column":12},"end":{"line":18,"column":13}},{"start":{},"end":{}}],"line":16},"2":{"loc":{"start":{"line":33,"column":8},"end":{"line":35,"column":9}},"type":"if","locations":[{"start":{"line":33,"column":8},"end":{"line":35,"column":9}},{"start":{},"end":{}}],"line":33},"3":{"loc":{"start":{"line":39,"column":8},"end":{"line":43,"column":9}},"type":"if","locations":[{"start":{"line":39,"column":8},"end":{"line":43,"column":9}},{"start":{},"end":{}}],"line":39},"4":{"loc":{"start":{"line":49,"column":12},"end":{"line":52,"column":13}},"type":"if","locations":[{"start":{"line":49,"column":12},"end":{"line":52,"column":13}},{"start":{},"end":{}}],"line":49},"5":{"loc":{"start":{"line":73,"column":8},"end":{"line":75,"column":9}},"type":"if","locations":[{"start":{"line":73,"column":8},"end":{"line":75,"column":9}},{"start":{},"end":{}}],"line":73},"6":{"loc":{"start":{"line":78,"column":8},"end":{"line":80,"column":9}},"type":"if","locations":[{"start":{"line":78,"column":8},"end":{"line":80,"column":9}},{"start":{},"end":{}}],"line":78},"7":{"loc":{"start":{"line":86,"column":12},"end":{"line":89,"column":13}},"type":"if","locations":[{"start":{"line":86,"column":12},"end":{"line":89,"column":13}},{"start":{},"end":{}}],"line":86},"8":{"loc":{"start":{"line":106,"column":8},"end":{"line":108,"column":9}},"type":"if","locations":[{"start":{"line":106,"column":8},"end":{"line":108,"column":9}},{"start":{},"end":{}}],"line":106},"9":{"loc":{"start":{"line":114,"column":12},"end":{"line":117,"column":13}},"type":"if","locations":[{"start":{"line":114,"column":12},"end":{"line":117,"column":13}},{"start":{},"end":{}}],"line":114}},"s":{"0":7,"1":7,"2":7,"3":7,"4":7,"5":3,"6":3,"7":3,"8":1,"9":2,"10":2,"11":0,"12":2,"13":2,"14":0,"15":0,"16":7,"17":4,"18":4,"19":4,"20":4,"21":1,"22":3,"23":3,"24":1,"25":2,"26":2,"27":2,"28":2,"29":1,"30":1,"31":0,"32":2,"33":0,"34":0,"35":7,"36":3,"37":3,"38":3,"39":3,"40":3,"41":1,"42":2,"43":2,"44":1,"45":1,"46":1,"47":1,"48":1,"49":1,"50":1,"51":0,"52":1,"53":0,"54":0,"55":7,"56":2,"57":2,"58":2,"59":2,"60":2,"61":1,"62":1,"63":1,"64":1,"65":1,"66":0,"67":0,"68":0,"69":1,"70":0,"71":0},"f":{"0":3,"1":4,"2":3,"3":2},"b":{"0":[1,2],"1":[0,2],"2":[1,3],"3":[1,2],"4":[1,1],"5":[1,2],"6":[1,1],"7":[1,0],"8":[1,1],"9":[0,1]},"_coverageSchema":"1a1c01bbd47fc00a2c39e90264f33305004495a9","hash":"65d39a0b6ebf416b85998767bb057fca0d855419"}
,"D:\\pt-phincon\\final-project\\Gelora-Rasa\\server\\controllers\\orderController.js": {"path":"D:\\pt-phincon\\final-project\\Gelora-Rasa\\server\\controllers\\orderController.js","statementMap":{"0":{"start":{"line":1,"column":31},"end":{"line":1,"column":51}},"1":{"start":{"line":2,"column":76},"end":{"line":2,"column":117}},"2":{"start":{"line":3,"column":37},"end":{"line":3,"column":67}},"3":{"start":{"line":4,"column":23},"end":{"line":4,"column":49}},"4":{"start":{"line":5,"column":40},"end":{"line":5,"column":75}},"5":{"start":{"line":7,"column":0},"end":{"line":52,"column":1}},"6":{"start":{"line":8,"column":4},"end":{"line":51,"column":5}},"7":{"start":{"line":9,"column":23},"end":{"line":9,"column":29}},"8":{"start":{"line":10,"column":28},"end":{"line":10,"column":38}},"9":{"start":{"line":11,"column":33},"end":{"line":11,"column":41}},"10":{"start":{"line":13,"column":22},"end":{"line":13,"column":51}},"11":{"start":{"line":14,"column":26},"end":{"line":14,"column":53}},"12":{"start":{"line":16,"column":8},"end":{"line":18,"column":9}},"13":{"start":{"line":17,"column":12},"end":{"line":17,"column":84}},"14":{"start":{"line":20,"column":25},"end":{"line":20,"column":51}},"15":{"start":{"line":22,"column":19},"end":{"line":25,"column":10}},"16":{"start":{"line":27,"column":24},"end":{"line":40,"column":9}},"17":{"start":{"line":42,"column":28},"end":{"line":42,"column":67}},"18":{"start":{"line":43,"column":8},"end":{"line":47,"column":11}},"19":{"start":{"line":49,"column":8},"end":{"line":49,"column":26}},"20":{"start":{"line":50,"column":8},"end":{"line":50,"column":44}},"21":{"start":{"line":54,"column":0},"end":{"line":106,"column":2}},"22":{"start":{"line":55,"column":4},"end":{"line":105,"column":5}},"23":{"start":{"line":56,"column":23},"end":{"line":56,"column":29}},"24":{"start":{"line":58,"column":56},"end":{"line":58,"column":64}},"25":{"start":{"line":60,"column":22},"end":{"line":60,"column":51}},"26":{"start":{"line":61,"column":8},"end":{"line":63,"column":9}},"27":{"start":{"line":62,"column":12},"end":{"line":62,"column":72}},"28":{"start":{"line":65,"column":8},"end":{"line":67,"column":9}},"29":{"start":{"line":66,"column":12},"end":{"line":66,"column":73}},"30":{"start":{"line":69,"column":21},"end":{"line":69,"column":48}},"31":{"start":{"line":70,"column":8},"end":{"line":72,"column":9}},"32":{"start":{"line":71,"column":12},"end":{"line":71,"column":71}},"33":{"start":{"line":74,"column":25},"end":{"line":74,"column":51}},"34":{"start":{"line":75,"column":29},"end":{"line":75,"column":39}},"35":{"start":{"line":76,"column":29},"end":{"line":76,"column":72}},"36":{"start":{"line":80,"column":25},"end":{"line":88,"column":10}},"37":{"start":{"line":90,"column":8},"end":{"line":90,"column":92}},"38":{"start":{"line":92,"column":8},"end":{"line":99,"column":17}},"39":{"start":{"line":101,"column":8},"end":{"line":101,"column":76}},"40":{"start":{"line":103,"column":8},"end":{"line":103,"column":27}},"41":{"start":{"line":104,"column":8},"end":{"line":104,"column":45}},"42":{"start":{"line":108,"column":0},"end":{"line":134,"column":1}},"43":{"start":{"line":109,"column":4},"end":{"line":133,"column":5}},"44":{"start":{"line":110,"column":24},"end":{"line":110,"column":30}},"45":{"start":{"line":111,"column":25},"end":{"line":125,"column":10}},"46":{"start":{"line":126,"column":8},"end":{"line":129,"column":11}},"47":{"start":{"line":131,"column":8},"end":{"line":131,"column":26}},"48":{"start":{"line":132,"column":8},"end":{"line":132,"column":44}},"49":{"start":{"line":136,"column":0},"end":{"line":164,"column":1}},"50":{"start":{"line":137,"column":4},"end":{"line":163,"column":5}},"51":{"start":{"line":138,"column":23},"end":{"line":138,"column":29}},"52":{"start":{"line":139,"column":28},"end":{"line":139,"column":38}},"53":{"start":{"line":141,"column":22},"end":{"line":153,"column":10}},"54":{"start":{"line":155,"column":27},"end":{"line":155,"column":47}},"55":{"start":{"line":156,"column":8},"end":{"line":159,"column":11}},"56":{"start":{"line":161,"column":8},"end":{"line":161,"column":26}},"57":{"start":{"line":162,"column":8},"end":{"line":162,"column":44}},"58":{"start":{"line":166,"column":0},"end":{"line":182,"column":1}},"59":{"start":{"line":167,"column":4},"end":{"line":181,"column":5}},"60":{"start":{"line":168,"column":28},"end":{"line":168,"column":38}},"61":{"start":{"line":169,"column":23},"end":{"line":169,"column":29}},"62":{"start":{"line":171,"column":30},"end":{"line":171,"column":93}},"63":{"start":{"line":172,"column":8},"end":{"line":174,"column":9}},"64":{"start":{"line":173,"column":12},"end":{"line":173,"column":119}},"65":{"start":{"line":176,"column":8},"end":{"line":176,"column":37}},"66":{"start":{"line":177,"column":8},"end":{"line":177,"column":80}},"67":{"start":{"line":179,"column":8},"end":{"line":179,"column":26}},"68":{"start":{"line":180,"column":8},"end":{"line":180,"column":44}},"69":{"start":{"line":184,"column":0},"end":{"line":210,"column":1}},"70":{"start":{"line":185,"column":4},"end":{"line":209,"column":5}},"71":{"start":{"line":186,"column":23},"end":{"line":186,"column":29}},"72":{"start":{"line":187,"column":28},"end":{"line":187,"column":38}},"73":{"start":{"line":189,"column":22},"end":{"line":203,"column":10}},"74":{"start":{"line":205,"column":8},"end":{"line":205,"column":46}},"75":{"start":{"line":207,"column":8},"end":{"line":207,"column":26}},"76":{"start":{"line":208,"column":8},"end":{"line":208,"column":44}}},"fnMap":{"0":{"name":"(anonymous_0)","decl":{"start":{"line":7,"column":25},"end":{"line":7,"column":26}},"loc":{"start":{"line":7,"column":45},"end":{"line":52,"column":1}},"line":7},"1":{"name":"(anonymous_1)","decl":{"start":{"line":54,"column":22},"end":{"line":54,"column":23}},"loc":{"start":{"line":54,"column":42},"end":{"line":106,"column":1}},"line":54},"2":{"name":"(anonymous_2)","decl":{"start":{"line":108,"column":22},"end":{"line":108,"column":23}},"loc":{"start":{"line":108,"column":41},"end":{"line":134,"column":1}},"line":108},"3":{"name":"(anonymous_3)","decl":{"start":{"line":136,"column":30},"end":{"line":136,"column":31}},"loc":{"start":{"line":136,"column":49},"end":{"line":164,"column":1}},"line":136},"4":{"name":"(anonymous_4)","decl":{"start":{"line":166,"column":24},"end":{"line":166,"column":25}},"loc":{"start":{"line":166,"column":43},"end":{"line":182,"column":1}},"line":166},"5":{"name":"(anonymous_5)","decl":{"start":{"line":184,"column":25},"end":{"line":184,"column":26}},"loc":{"start":{"line":184,"column":44},"end":{"line":210,"column":1}},"line":184}},"branchMap":{"0":{"loc":{"start":{"line":16,"column":8},"end":{"line":18,"column":9}},"type":"if","locations":[{"start":{"line":16,"column":8},"end":{"line":18,"column":9}},{"start":{},"end":{}}],"line":16},"1":{"loc":{"start":{"line":16,"column":12},"end":{"line":16,"column":32}},"type":"binary-expr","locations":[{"start":{"line":16,"column":12},"end":{"line":16,"column":18}},{"start":{"line":16,"column":22},"end":{"line":16,"column":32}}],"line":16},"2":{"loc":{"start":{"line":61,"column":8},"end":{"line":63,"column":9}},"type":"if","locations":[{"start":{"line":61,"column":8},"end":{"line":63,"column":9}},{"start":{},"end":{}}],"line":61},"3":{"loc":{"start":{"line":65,"column":8},"end":{"line":67,"column":9}},"type":"if","locations":[{"start":{"line":65,"column":8},"end":{"line":67,"column":9}},{"start":{},"end":{}}],"line":65},"4":{"loc":{"start":{"line":70,"column":8},"end":{"line":72,"column":9}},"type":"if","locations":[{"start":{"line":70,"column":8},"end":{"line":72,"column":9}},{"start":{},"end":{}}],"line":70},"5":{"loc":{"start":{"line":155,"column":27},"end":{"line":155,"column":47}},"type":"cond-expr","locations":[{"start":{"line":155,"column":35},"end":{"line":155,"column":39}},{"start":{"line":155,"column":42},"end":{"line":155,"column":47}}],"line":155},"6":{"loc":{"start":{"line":172,"column":8},"end":{"line":174,"column":9}},"type":"if","locations":[{"start":{"line":172,"column":8},"end":{"line":174,"column":9}},{"start":{},"end":{}}],"line":172}},"s":{"0":7,"1":7,"2":7,"3":7,"4":7,"5":7,"6":1,"7":1,"8":1,"9":1,"10":1,"11":1,"12":1,"13":0,"14":1,"15":1,"16":1,"17":1,"18":1,"19":0,"20":0,"21":7,"22":1,"23":1,"24":1,"25":1,"26":1,"27":0,"28":1,"29":0,"30":1,"31":1,"32":0,"33":1,"34":1,"35":1,"36":1,"37":1,"38":1,"39":1,"40":0,"41":0,"42":7,"43":1,"44":1,"45":1,"46":1,"47":0,"48":0,"49":7,"50":0,"51":0,"52":0,"53":0,"54":0,"55":0,"56":0,"57":0,"58":7,"59":0,"60":0,"61":0,"62":0,"63":0,"64":0,"65":0,"66":0,"67":0,"68":0,"69":7,"70":0,"71":0,"72":0,"73":0,"74":0,"75":0,"76":0},"f":{"0":1,"1":1,"2":1,"3":0,"4":0,"5":0},"b":{"0":[0,1],"1":[1,1],"2":[0,1],"3":[0,1],"4":[0,1],"5":[0,0],"6":[0,0]},"_coverageSchema":"1a1c01bbd47fc00a2c39e90264f33305004495a9","hash":"3a8e039f3181697e111bb01f880063bdeacb92f0"}
,"D:\\pt-phincon\\final-project\\Gelora-Rasa\\server\\helper\\handleResponseHelper.js": {"path":"D:\\pt-phincon\\final-project\\Gelora-Rasa\\server\\helper\\handleResponseHelper.js","statementMap":{"0":{"start":{"line":1,"column":0},"end":{"line":3,"column":2}},"1":{"start":{"line":2,"column":4},"end":{"line":2,"column":71}},"2":{"start":{"line":4,"column":0},"end":{"line":6,"column":2}},"3":{"start":{"line":5,"column":4},"end":{"line":5,"column":48}},"4":{"start":{"line":7,"column":0},"end":{"line":9,"column":2}},"5":{"start":{"line":8,"column":4},"end":{"line":8,"column":63}},"6":{"start":{"line":10,"column":0},"end":{"line":12,"column":2}},"7":{"start":{"line":11,"column":4},"end":{"line":11,"column":38}},"8":{"start":{"line":13,"column":0},"end":{"line":15,"column":2}},"9":{"start":{"line":14,"column":4},"end":{"line":14,"column":38}},"10":{"start":{"line":16,"column":0},"end":{"line":18,"column":2}},"11":{"start":{"line":17,"column":4},"end":{"line":17,"column":41}}},"fnMap":{"0":{"name":"(anonymous_0)","decl":{"start":{"line":1,"column":28},"end":{"line":1,"column":29}},"loc":{"start":{"line":1,"column":37},"end":{"line":3,"column":1}},"line":1},"1":{"name":"(anonymous_1)","decl":{"start":{"line":4,"column":28},"end":{"line":4,"column":29}},"loc":{"start":{"line":4,"column":54},"end":{"line":6,"column":1}},"line":4},"2":{"name":"(anonymous_2)","decl":{"start":{"line":7,"column":25},"end":{"line":7,"column":26}},"loc":{"start":{"line":7,"column":34},"end":{"line":9,"column":1}},"line":7},"3":{"name":"(anonymous_3)","decl":{"start":{"line":10,"column":24},"end":{"line":10,"column":25}},"loc":{"start":{"line":10,"column":39},"end":{"line":12,"column":1}},"line":10},"4":{"name":"(anonymous_4)","decl":{"start":{"line":13,"column":24},"end":{"line":13,"column":25}},"loc":{"start":{"line":13,"column":39},"end":{"line":15,"column":1}},"line":13},"5":{"name":"(anonymous_5)","decl":{"start":{"line":16,"column":25},"end":{"line":16,"column":26}},"loc":{"start":{"line":16,"column":48},"end":{"line":18,"column":1}},"line":16}},"branchMap":{},"s":{"0":8,"1":1,"2":8,"3":1,"4":8,"5":1,"6":8,"7":32,"8":8,"9":3,"10":8,"11":19},"f":{"0":1,"1":1,"2":1,"3":32,"4":3,"5":19},"b":{},"_coverageSchema":"1a1c01bbd47fc00a2c39e90264f33305004495a9","hash":"d529c6db2ae1c1993767b3c1c6cb72b9d34d1419"}
,"D:\\pt-phincon\\final-project\\Gelora-Rasa\\server\\helper\\joiHelper.js": {"path":"D:\\pt-phincon\\final-project\\Gelora-Rasa\\server\\helper\\joiHelper.js","statementMap":{"0":{"start":{"line":1,"column":12},"end":{"line":1,"column":26}},"1":{"start":{"line":2,"column":27},"end":{"line":2,"column":60}},"2":{"start":{"line":5,"column":0},"end":{"line":17,"column":2}},"3":{"start":{"line":6,"column":20},"end":{"line":6,"column":64}},"4":{"start":{"line":7,"column":2},"end":{"line":15,"column":3}},"5":{"start":{"line":8,"column":4},"end":{"line":14,"column":6}},"6":{"start":{"line":16,"column":2},"end":{"line":16,"column":43}},"7":{"start":{"line":21,"column":0},"end":{"line":38,"column":3}},"8":{"start":{"line":40,"column":0},"end":{"line":50,"column":3}},"9":{"start":{"line":52,"column":0},"end":{"line":55,"column":2}},"10":{"start":{"line":57,"column":0},"end":{"line":64,"column":2}},"11":{"start":{"line":66,"column":0},"end":{"line":68,"column":2}},"12":{"start":{"line":70,"column":0},"end":{"line":143,"column":2}},"13":{"start":{"line":145,"column":0},"end":{"line":148,"column":2}},"14":{"start":{"line":150,"column":0},"end":{"line":168,"column":3}}},"fnMap":{"0":{"name":"(anonymous_0)","decl":{"start":{"line":5,"column":22},"end":{"line":5,"column":23}},"loc":{"start":{"line":5,"column":45},"end":{"line":17,"column":1}},"line":5}},"branchMap":{"0":{"loc":{"start":{"line":7,"column":2},"end":{"line":15,"column":3}},"type":"if","locations":[{"start":{"line":7,"column":2},"end":{"line":15,"column":3}},{"start":{},"end":{}}],"line":7}},"s":{"0":7,"1":7,"2":7,"3":34,"4":34,"5":6,"6":28,"7":7,"8":7,"9":7,"10":7,"11":7,"12":7,"13":7,"14":7},"f":{"0":34},"b":{"0":[6,28]},"_coverageSchema":"1a1c01bbd47fc00a2c39e90264f33305004495a9","hash":"946cfac8b2cc74f1f27d693c9cb8745e9471be9f"}
,"D:\\pt-phincon\\final-project\\Gelora-Rasa\\server\\helper\\sendMailHelper.js": {"path":"D:\\pt-phincon\\final-project\\Gelora-Rasa\\server\\helper\\sendMailHelper.js","statementMap":{"0":{"start":{"line":1,"column":19},"end":{"line":1,"column":40}},"1":{"start":{"line":3,"column":0},"end":{"line":75,"column":2}},"2":{"start":{"line":4,"column":18},"end":{"line":10,"column":4}},"3":{"start":{"line":11,"column":18},"end":{"line":68,"column":3}},"4":{"start":{"line":69,"column":2},"end":{"line":74,"column":3}},"5":{"start":{"line":70,"column":17},"end":{"line":70,"column":50}},"6":{"start":{"line":71,"column":4},"end":{"line":71,"column":16}},"7":{"start":{"line":73,"column":4},"end":{"line":73,"column":23}},"8":{"start":{"line":77,"column":0},"end":{"line":143,"column":2}},"9":{"start":{"line":78,"column":20},"end":{"line":84,"column":6}},"10":{"start":{"line":85,"column":20},"end":{"line":136,"column":5}},"11":{"start":{"line":137,"column":4},"end":{"line":142,"column":5}},"12":{"start":{"line":138,"column":19},"end":{"line":138,"column":52}},"13":{"start":{"line":139,"column":6},"end":{"line":139,"column":18}},"14":{"start":{"line":141,"column":6},"end":{"line":141,"column":25}},"15":{"start":{"line":145,"column":0},"end":{"line":184,"column":2}},"16":{"start":{"line":146,"column":20},"end":{"line":152,"column":4}},"17":{"start":{"line":154,"column":18},"end":{"line":175,"column":3}},"18":{"start":{"line":177,"column":2},"end":{"line":183,"column":3}},"19":{"start":{"line":178,"column":17},"end":{"line":178,"column":50}},"20":{"start":{"line":179,"column":4},"end":{"line":179,"column":16}},"21":{"start":{"line":181,"column":4},"end":{"line":181,"column":50}},"22":{"start":{"line":182,"column":4},"end":{"line":182,"column":16}},"23":{"start":{"line":186,"column":0},"end":{"line":226,"column":2}},"24":{"start":{"line":187,"column":18},"end":{"line":193,"column":4}},"25":{"start":{"line":195,"column":18},"end":{"line":218,"column":3}},"26":{"start":{"line":220,"column":2},"end":{"line":225,"column":3}},"27":{"start":{"line":221,"column":19},"end":{"line":221,"column":52}},"28":{"start":{"line":222,"column":6},"end":{"line":222,"column":18}},"29":{"start":{"line":224,"column":6},"end":{"line":224,"column":25}}},"fnMap":{"0":{"name":"(anonymous_0)","decl":{"start":{"line":3,"column":35},"end":{"line":3,"column":36}},"loc":{"start":{"line":3,"column":59},"end":{"line":75,"column":1}},"line":3},"1":{"name":"(anonymous_1)","decl":{"start":{"line":77,"column":34},"end":{"line":77,"column":35}},"loc":{"start":{"line":77,"column":56},"end":{"line":143,"column":1}},"line":77},"2":{"name":"(anonymous_2)","decl":{"start":{"line":145,"column":35},"end":{"line":145,"column":36}},"loc":{"start":{"line":145,"column":74},"end":{"line":184,"column":1}},"line":145},"3":{"name":"(anonymous_3)","decl":{"start":{"line":186,"column":38},"end":{"line":186,"column":39}},"loc":{"start":{"line":186,"column":68},"end":{"line":226,"column":1}},"line":186}},"branchMap":{},"s":{"0":7,"1":7,"2":2,"3":2,"4":2,"5":2,"6":2,"7":0,"8":7,"9":3,"10":3,"11":3,"12":3,"13":3,"14":0,"15":7,"16":0,"17":0,"18":0,"19":0,"20":0,"21":0,"22":0,"23":7,"24":1,"25":1,"26":1,"27":1,"28":1,"29":0},"f":{"0":2,"1":3,"2":0,"3":1},"b":{},"_coverageSchema":"1a1c01bbd47fc00a2c39e90264f33305004495a9","hash":"d9821bdfa7cb232bea7adce9a02cb02884de5411"}
[...]
,"D:\\pt-phincon\\final-project\\Gelora-Rasa\\server\\routes\\authRoute.js": {"path":"D:\\pt-phincon\\final-project\\Gelora-Rasa\\server\\routes\\authRoute.js","statementMap":{"0":{"start":{"line":1,"column":16},"end":{"line":1,"column":34}},"1":{"start":{"line":2,"column":183},"end":{"line":2,"column":223}},"2":{"start":{"line":3,"column":29},"end":{"line":3,"column":55}},"3":{"start":{"line":4,"column":34},"end":{"line":4,"column":81}},"4":{"start":{"line":5,"column":38},"end":{"line":5,"column":87}},"5":{"start":{"line":6,"column":37},"end":{"line":6,"column":87}},"6":{"start":{"line":7,"column":35},"end":{"line":7,"column":78}},"7":{"start":{"line":8,"column":15},"end":{"line":8,"column":31}},"8":{"start":{"line":10,"column":0},"end":{"line":10,"column":34}},"9":{"start":{"line":11,"column":0},"end":{"line":11,"column":42}},"10":{"start":{"line":12,"column":0},"end":{"line":12,"column":70}},"11":{"start":{"line":13,"column":0},"end":{"line":13,"column":29}},"12":{"start":{"line":14,"column":0},"end":{"line":14,"column":48}},"13":{"start":{"line":15,"column":0},"end":{"line":15,"column":75}},"14":{"start":{"line":17,"column":0},"end":{"line":17,"column":60}},"15":{"start":{"line":18,"column":0},"end":{"line":18,"column":95}},"16":{"start":{"line":19,"column":0},"end":{"line":19,"column":67}},"17":{"start":{"line":21,"column":0},"end":{"line":21,"column":88}},"18":{"start":{"line":22,"column":0},"end":{"line":22,"column":115}},"19":{"start":{"line":23,"column":0},"end":{"line":23,"column":70}},"20":{"start":{"line":25,"column":0},"end":{"line":25,"column":24}}},"fnMap":{},"branchMap":{},"s":{"0":7,"1":7,"2":7,"3":7,"4":7,"5":7,"6":7,"7":7,"8":7,"9":7,"10":7,"11":7,"12":7,"13":7,"14":7,"15":7,"16":7,"17":7,"18":7,"19":7,"20":7},"f":{},"b":{},"_coverageSchema":"1a1c01bbd47fc00a2c39e90264f33305004495a9","hash":"c5440bec6b6f3d502fd57eb7902c9c0e6c4231ca"}
,"D:\\pt-phincon\\final-project\\Gelora-Rasa\\server\\routes\\categoryRoute.js": {"path":"D:\\pt-phincon\\final-project\\Gelora-Rasa\\server\\routes\\categoryRoute.js","statementMap":{"0":{"start":{"line":1,"column":16},"end":{"line":1,"column":34}},"1":{"start":{"line":2,"column":77},"end":{"line":2,"column":123}},"2":{"start":{"line":3,"column":37},"end":{"line":3,"column":87}},"3":{"start":{"line":4,"column":35},"end":{"line":4,"column":78}},"4":{"start":{"line":5,"column":15},"end":{"line":5,"column":31}},"5":{"start":{"line":7,"column":0},"end":{"line":7,"column":33}},"6":{"start":{"line":8,"column":0},"end":{"line":8,"column":88}},"7":{"start":{"line":9,"column":0},"end":{"line":9,"column":99}},"8":{"start":{"line":10,"column":0},"end":{"line":10,"column":102}},"9":{"start":{"line":13,"column":0},"end":{"line":13,"column":24}}},"fnMap":{},"branchMap":{},"s":{"0":7,"1":7,"2":7,"3":7,"4":7,"5":7,"6":7,"7":7,"8":7,"9":7},"f":{},"b":{},"_coverageSchema":"1a1c01bbd47fc00a2c39e90264f33305004495a9","hash":"de372f42454ac3fb79c45c22d54eed69a0c4e639"}
,"D:\\pt-phincon\\final-project\\Gelora-Rasa\\server\\routes\\eventOrganizerRoute.js": {"path":"D:\\pt-phincon\\final-project\\Gelora-Rasa\\server\\routes\\eventOrganizerRoute.js","statementMap":{"0":{"start":{"line":1,"column":16},"end":{"line":1,"column":34}},"1":{"start":{"line":3,"column":37},"end":{"line":3,"column":87}},"2":{"start":{"line":4,"column":33},"end":{"line":4,"column":83}},"3":{"start":{"line":7,"column":15},"end":{"line":7,"column":31}},"4":{"start":{"line":9,"column":0},"end":{"line":9,"column":70}},"5":{"start":{"line":13,"column":0},"end":{"line":13,"column":24}}},"fnMap":{},"branchMap":{},"s":{"0":7,"1":7,"2":7,"3":7,"4":7,"5":7},"f":{},"b":{},"_coverageSchema":"1a1c01bbd47fc00a2c39e90264f33305004495a9","hash":"c4d5319b42f0ddb59715ea8d921774af3294c080"}
,"D:\\pt-phincon\\final-project\\Gelora-Rasa\\server\\routes\\eventRoute.js": {"path":"D:\\pt-phincon\\final-project\\Gelora-Rasa\\server\\routes\\eventRoute.js","statementMap":{"0":{"start":{"line":1,"column":16},"end":{"line":1,"column":34}},"1":{"start":{"line":2,"column":29},"end":{"line":2,"column":55}},"2":{"start":{"line":3,"column":132},"end":{"line":3,"column":173}},"3":{"start":{"line":4,"column":37},"end":{"line":4,"column":87}},"4":{"start":{"line":5,"column":44},"end":{"line":5,"column":87}},"5":{"start":{"line":8,"column":15},"end":{"line":8,"column":31}},"6":{"start":{"line":10,"column":0},"end":{"line":10,"column":54}},"7":{"start":{"line":11,"column":0},"end":{"line":11,"column":93}},"8":{"start":{"line":12,"column":0},"end":{"line":12,"column":84}},"9":{"start":{"line":13,"column":0},"end":{"line":13,"column":72}},"10":{"start":{"line":14,"column":0},"end":{"line":14,"column":112}},"11":{"start":{"line":15,"column":0},"end":{"line":15,"column":120}},"12":{"start":{"line":16,"column":0},"end":{"line":16,"column":83}},"13":{"start":{"line":17,"column":0},"end":{"line":17,"column":125}},"14":{"start":{"line":20,"column":0},"end":{"line":20,"column":24}}},"fnMap":{},"branchMap":{},"s":{"0":7,"1":7,"2":7,"3":7,"4":7,"5":7,"6":7,"7":7,"8":7,"9":7,"10":7,"11":7,"12":7,"13":7,"14":7},"f":{},"b":{},"_coverageSchema":"1a1c01bbd47fc00a2c39e90264f33305004495a9","hash":"5af9789541631b9d8af6f6782816fc900054c86e"}
,"D:\\pt-phincon\\final-project\\Gelora-Rasa\\server\\routes\\index.js": {"path":"D:\\pt-phincon\\final-project\\Gelora-Rasa\\server\\routes\\index.js","statementMap":{"0":{"start":{"line":1,"column":19},"end":{"line":1,"column":37}},"1":{"start":{"line":2,"column":18},"end":{"line":2,"column":40}},"2":{"start":{"line":3,"column":22},"end":{"line":3,"column":48}},"3":{"start":{"line":4,"column":19},"end":{"line":4,"column":42}},"4":{"start":{"line":5,"column":22},"end":{"line":5,"column":48}},"5":{"start":{"line":6,"column":19},"end":{"line":6,"column":42}},"6":{"start":{"line":7,"column":28},"end":{"line":7,"column":60}},"7":{"start":{"line":8,"column":23},"end":{"line":8,"column":50}},"8":{"start":{"line":9,"column":15},"end":{"line":9,"column":23}},"9":{"start":{"line":11,"column":0},"end":{"line":11,"column":30}},"10":{"start":{"line":12,"column":0},"end":{"line":12,"column":40}},"11":{"start":{"line":13,"column":0},"end":{"line":13,"column":33}},"12":{"start":{"line":14,"column":0},"end":{"line":14,"column":38}},"13":{"start":{"line":15,"column":0},"end":{"line":15,"column":33}},"14":{"start":{"line":16,"column":0},"end":{"line":16,"column":51}},"15":{"start":{"line":17,"column":0},"end":{"line":17,"column":40}},"16":{"start":{"line":19,"column":0},"end":{"line":19,"column":24}}},"fnMap":{},"branchMap":{},"s":{"0":7,"1":7,"2":7,"3":7,"4":7,"5":7,"6":7,"7":7,"8":7,"9":7,"10":7,"11":7,"12":7,"13":7,"14":7,"15":7,"16":7},"f":{},"b":{},"_coverageSchema":"1a1c01bbd47fc00a2c39e90264f33305004495a9","hash":"64212a54edfcdda070625592a7f096a6733ac1c7"}
,"D:\\pt-phincon\\final-project\\Gelora-Rasa\\server\\routes\\locationRoute.js": {"path":"D:\\pt-phincon\\final-project\\Gelora-Rasa\\server\\routes\\locationRoute.js","statementMap":{"0":{"start":{"line":1,"column":16},"end":{"line":1,"column":34}},"1":{"start":{"line":2,"column":37},"end":{"line":2,"column":87}},"2":{"start":{"line":3,"column":35},"end":{"line":3,"column":78}},"3":{"start":{"line":4,"column":75},"end":{"line":4,"column":119}},"4":{"start":{"line":6,"column":15},"end":{"line":6,"column":31}},"5":{"start":{"line":8,"column":0},"end":{"line":8,"column":31}},"6":{"start":{"line":9,"column":0},"end":{"line":9,"column":88}},"7":{"start":{"line":10,"column":0},"end":{"line":10,"column":99}},"8":{"start":{"line":11,"column":0},"end":{"line":11,"column":102}},"9":{"start":{"line":13,"column":0},"end":{"line":13,"column":24}}},"fnMap":{},"branchMap":{},"s":{"0":7,"1":7,"2":7,"3":7,"4":7,"5":7,"6":7,"7":7,"8":7,"9":7},"f":{},"b":{},"_coverageSchema":"1a1c01bbd47fc00a2c39e90264f33305004495a9","hash":"9b8921fc03e63d5909caa4be76da581dcc450bd4"}
,"D:\\pt-phincon\\final-project\\Gelora-Rasa\\server\\routes\\orderRoute.js": {"path":"D:\\pt-phincon\\final-project\\Gelora-Rasa\\server\\routes\\orderRoute.js","statementMap":{"0":{"start":{"line":1,"column":16},"end":{"line":1,"column":34}},"1":{"start":{"line":3,"column":37},"end":{"line":3,"column":87}},"2":{"start":{"line":4,"column":105},"end":{"line":4,"column":146}},"3":{"start":{"line":5,"column":43},"end":{"line":5,"column":86}},"4":{"start":{"line":7,"column":15},"end":{"line":7,"column":31}},"5":{"start":{"line":9,"column":0},"end":{"line":9,"column":81}},"6":{"start":{"line":10,"column":0},"end":{"line":10,"column":61}},"7":{"start":{"line":11,"column":0},"end":{"line":11,"column":64}},"8":{"start":{"line":12,"column":0},"end":{"line":12,"column":82}},"9":{"start":{"line":13,"column":0},"end":{"line":13,"column":74}},"10":{"start":{"line":15,"column":0},"end":{"line":15,"column":80}},"11":{"start":{"line":18,"column":0},"end":{"line":18,"column":24}}},"fnMap":{},"branchMap":{},"s":{"0":7,"1":7,"2":7,"3":7,"4":7,"5":7,"6":7,"7":7,"8":7,"9":7,"10":7,"11":7},"f":{},"b":{},"_coverageSchema":"1a1c01bbd47fc00a2c39e90264f33305004495a9","hash":"56d807cb7abb9de194f0f2292e8417a6b3a249ab"}
,"D:\\pt-phincon\\final-project\\Gelora-Rasa\\server\\routes\\streamingRoute.js": {"path":"D:\\pt-phincon\\final-project\\Gelora-Rasa\\server\\routes\\streamingRoute.js","statementMap":{"0":{"start":{"line":1,"column":16},"end":{"line":1,"column":34}},"1":{"start":{"line":3,"column":37},"end":{"line":3,"column":87}},"2":{"start":{"line":4,"column":43},"end":{"line":4,"column":86}},"3":{"start":{"line":5,"column":53},"end":{"line":5,"column":102}},"4":{"start":{"line":7,"column":15},"end":{"line":7,"column":31}},"5":{"start":{"line":9,"column":0},"end":{"line":9,"column":74}},"6":{"start":{"line":10,"column":0},"end":{"line":10,"column":87}},"7":{"start":{"line":12,"column":0},"end":{"line":12,"column":24}}},"fnMap":{},"branchMap":{},"s":{"0":7,"1":7,"2":7,"3":7,"4":7,"5":7,"6":7,"7":7},"f":{},"b":{},"_coverageSchema":"1a1c01bbd47fc00a2c39e90264f33305004495a9","hash":"48522fa70f436185b9721b4d0820aca0c80bc7dd"}
,"D:\\pt-phincon\\final-project\\Gelora-Rasa\\server\\utils\\bycrpt.js": {"path":"D:\\pt-phincon\\final-project\\Gelora-Rasa\\server\\utils\\bycrpt.js","statementMap":{"0":{"start":{"line":1,"column":15},"end":{"line":1,"column":32}},"1":{"start":{"line":2,"column":19},"end":{"line":2,"column":21}},"2":{"start":{"line":4,"column":21},"end":{"line":6,"column":1}},"3":{"start":{"line":5,"column":2},"end":{"line":5,"column":49}},"4":{"start":{"line":8,"column":24},"end":{"line":10,"column":1}},"5":{"start":{"line":9,"column":2},"end":{"line":9,"column":56}},"6":{"start":{"line":12,"column":0},"end":{"line":15,"column":2}}},"fnMap":{"0":{"name":"(anonymous_0)","decl":{"start":{"line":4,"column":21},"end":{"line":4,"column":22}},"loc":{"start":{"line":4,"column":41},"end":{"line":6,"column":1}},"line":4},"1":{"name":"(anonymous_1)","decl":{"start":{"line":8,"column":24},"end":{"line":8,"column":25}},"loc":{"start":{"line":8,"column":60},"end":{"line":10,"column":1}},"line":8}},"branchMap":{},"s":{"0":7,"1":7,"2":7,"3":12,"4":7,"5":4,"6":7},"f":{"0":12,"1":4},"b":{},"_coverageSchema":"1a1c01bbd47fc00a2c39e90264f33305004495a9","hash":"baa8fc1b7638c4e3ec81814a7511ca55f6f1219f"}
,"D:\\pt-phincon\\final-project\\Gelora-Rasa\\server\\utils\\jwt.js": {"path":"D:\\pt-phincon\\final-project\\Gelora-Rasa\\server\\utils\\jwt.js","statementMap":{"0":{"start":{"line":1,"column":12},"end":{"line":1,"column":35}},"1":{"start":{"line":3,"column":0},"end":{"line":8,"column":2}},"2":{"start":{"line":4,"column":4},"end":{"line":6,"column":5}},"3":{"start":{"line":5,"column":6},"end":{"line":5,"column":19}},"4":{"start":{"line":7,"column":4},"end":{"line":7,"column":94}},"5":{"start":{"line":10,"column":0},"end":{"line":16,"column":2}},"6":{"start":{"line":11,"column":34},"end":{"line":11,"column":38}},"7":{"start":{"line":12,"column":2},"end":{"line":14,"column":3}},"8":{"start":{"line":13,"column":4},"end":{"line":13,"column":17}},"9":{"start":{"line":15,"column":2},"end":{"line":15,"column":67}},"10":{"start":{"line":18,"column":0},"end":{"line":23,"column":2}},"11":{"start":{"line":19,"column":2},"end":{"line":22,"column":5}},"12":{"start":{"line":20,"column":4},"end":{"line":20,"column":32}},"13":{"start":{"line":20,"column":17},"end":{"line":20,"column":32}},"14":{"start":{"line":21,"column":4},"end":{"line":21,"column":36}},"15":{"start":{"line":21,"column":13},"end":{"line":21,"column":36}},"16":{"start":{"line":25,"column":0},"end":{"line":30,"column":2}},"17":{"start":{"line":26,"column":2},"end":{"line":28,"column":3}},"18":{"start":{"line":27,"column":4},"end":{"line":27,"column":17}},"19":{"start":{"line":29,"column":2},"end":{"line":29,"column":95}},"20":{"start":{"line":32,"column":0},"end":{"line":36,"column":2}},"21":{"start":{"line":33,"column":2},"end":{"line":35,"column":5}},"22":{"start":{"line":38,"column":0},"end":{"line":47,"column":2}},"23":{"start":{"line":39,"column":2},"end":{"line":46,"column":3}},"24":{"start":{"line":40,"column":4},"end":{"line":40,"column":66}},"25":{"start":{"line":42,"column":6},"end":{"line":44,"column":7}},"26":{"start":{"line":43,"column":10},"end":{"line":43,"column":35}},"27":{"start":{"line":45,"column":6},"end":{"line":45,"column":38}}},"fnMap":{"0":{"name":"(anonymous_0)","decl":{"start":{"line":3,"column":33},"end":{"line":3,"column":34}},"loc":{"start":{"line":3,"column":49},"end":{"line":8,"column":1}},"line":3},"1":{"name":"(anonymous_1)","decl":{"start":{"line":10,"column":22},"end":{"line":10,"column":23}},"loc":{"start":{"line":10,"column":32},"end":{"line":16,"column":1}},"line":10},"2":{"name":"(anonymous_2)","decl":{"start":{"line":18,"column":22},"end":{"line":18,"column":23}},"loc":{"start":{"line":18,"column":33},"end":{"line":23,"column":1}},"line":18},"3":{"name":"(anonymous_3)","decl":{"start":{"line":19,"column":51},"end":{"line":19,"column":52}},"loc":{"start":{"line":19,"column":69},"end":{"line":22,"column":3}},"line":19},"4":{"name":"(anonymous_4)","decl":{"start":{"line":25,"column":39},"end":{"line":25,"column":40}},"loc":{"start":{"line":25,"column":50},"end":{"line":30,"column":1}},"line":25},"5":{"name":"(anonymous_5)","decl":{"start":{"line":32,"column":39},"end":{"line":32,"column":40}},"loc":{"start":{"line":32,"column":50},"end":{"line":36,"column":1}},"line":32},"6":{"name":"(anonymous_6)","decl":{"start":{"line":38,"column":33},"end":{"line":38,"column":34}},"loc":{"start":{"line":38,"column":44},"end":{"line":47,"column":1}},"line":38}},"branchMap":{"0":{"loc":{"start":{"line":4,"column":4},"end":{"line":6,"column":5}},"type":"if","locations":[{"start":{"line":4,"column":4},"end":{"line":6,"column":5}},{"start":{},"end":{}}],"line":4},"1":{"loc":{"start":{"line":4,"column":8},"end":{"line":4,"column":22}},"type":"binary-expr","locations":[{"start":{"line":4,"column":8},"end":{"line":4,"column":12}},{"start":{"line":4,"column":16},"end":{"line":4,"column":22}}],"line":4},"2":{"loc":{"start":{"line":12,"column":2},"end":{"line":14,"column":3}},"type":"if","locations":[{"start":{"line":12,"column":2},"end":{"line":14,"column":3}},{"start":{},"end":{}}],"line":12},"3":{"loc":{"start":{"line":12,"column":6},"end":{"line":12,"column":32}},"type":"binary-expr","locations":[{"start":{"line":12,"column":6},"end":{"line":12,"column":11}},{"start":{"line":12,"column":15},"end":{"line":12,"column":18}},{"start":{"line":12,"column":22},"end":{"line":12,"column":32}}],"line":12},"4":{"loc":{"start":{"line":20,"column":4},"end":{"line":20,"column":32}},"type":"if","locations":[{"start":{"line":20,"column":4},"end":{"line":20,"column":32}},{"start":{},"end":{}}],"line":20},"5":{"loc":{"start":{"line":21,"column":4},"end":{"line":21,"column":36}},"type":"if","locations":[{"start":{"line":21,"column":4},"end":{"line":21,"column":36}},{"start":{},"end":{}}],"line":21},"6":{"loc":{"start":{"line":26,"column":2},"end":{"line":28,"column":3}},"type":"if","locations":[{"start":{"line":26,"column":2},"end":{"line":28,"column":3}},{"start":{},"end":{}}],"line":26},"7":{"loc":{"start":{"line":42,"column":6},"end":{"line":44,"column":7}},"type":"if","locations":[{"start":{"line":42,"column":6},"end":{"line":44,"column":7}},{"start":{},"end":{}}],"line":42}},"s":{"0":7,"1":7,"2":3,"3":0,"4":3,"5":7,"6":11,"7":11,"8":0,"9":11,"10":7,"11":53,"12":53,"13":53,"14":0,"15":0,"16":7,"17":3,"18":0,"19":3,"20":7,"21":1,"22":7,"23":2,"24":2,"25":0,"26":0,"27":0},"f":{"0":3,"1":11,"2":53,"3":53,"4":3,"5":1,"6":2},"b":{"0":[0,3],"1":[3,3],"2":[0,11],"3":[11,11,11],"4":[53,0],"5":[0,0],"6":[0,3],"7":[0,0]},"_coverageSchema":"1a1c01bbd47fc00a2c39e90264f33305004495a9","hash":"416b462003b65f391024d33a551cf883de310025"}
,"D:\\pt-phincon\\final-project\\Gelora-Rasa\\server\\utils\\multer.js": {"path":"D:\\pt-phincon\\final-project\\Gelora-Rasa\\server\\utils\\multer.js","statementMap":{"0":{"start":{"line":1,"column":15},"end":{"line":1,"column":32}},"1":{"start":{"line":2,"column":13},"end":{"line":2,"column":28}},"2":{"start":{"line":4,"column":16},"end":{"line":11,"column":2}},"3":{"start":{"line":6,"column":4},"end":{"line":6,"column":26}},"4":{"start":{"line":9,"column":4},"end":{"line":9,"column":59}},"5":{"start":{"line":12,"column":15},"end":{"line":12,"column":43}},"6":{"start":{"line":15,"column":0},"end":{"line":15,"column":50}}},"fnMap":{"0":{"name":"(anonymous_0)","decl":{"start":{"line":5,"column":15},"end":{"line":5,"column":16}},"loc":{"start":{"line":5,"column":40},"end":{"line":7,"column":3}},"line":5},"1":{"name":"(anonymous_1)","decl":{"start":{"line":8,"column":12},"end":{"line":8,"column":13}},"loc":{"start":{"line":8,"column":37},"end":{"line":10,"column":3}},"line":8}},"branchMap":{},"s":{"0":7,"1":7,"2":7,"3":4,"4":4,"5":7,"6":7},"f":{"0":4,"1":4},"b":{},"_coverageSchema":"1a1c01bbd47fc00a2c39e90264f33305004495a9","hash":"f4feb0f6793a12dffcee6aa563e27ffd2a3ed1ac"}
,"D:\\pt-phincon\\final-project\\Gelora-Rasa\\server\\utils\\redistClient.js": {"path":"D:\\pt-phincon\\final-project\\Gelora-Rasa\\server\\utils\\redistClient.js","statementMap":{"0":{"start":{"line":1,"column":14},"end":{"line":1,"column":32}},"1":{"start":{"line":3,"column":20},"end":{"line":6,"column":2}},"2":{"start":{"line":8,"column":0},"end":{"line":10,"column":3}},"3":{"start":{"line":9,"column":4},"end":{"line":9,"column":51}},"4":{"start":{"line":12,"column":0},"end":{"line":14,"column":3}},"5":{"start":{"line":13,"column":4},"end":{"line":13,"column":53}},"6":{"start":{"line":17,"column":0},"end":{"line":17,"column":29}}},"fnMap":{"0":{"name":"(anonymous_0)","decl":{"start":{"line":8,"column":26},"end":{"line":8,"column":27}},"loc":{"start":{"line":8,"column":32},"end":{"line":10,"column":1}},"line":8},"1":{"name":"(anonymous_1)","decl":{"start":{"line":12,"column":24},"end":{"line":12,"column":25}},"loc":{"start":{"line":12,"column":33},"end":{"line":14,"column":1}},"line":12}},"branchMap":{},"s":{"0":7,"1":7,"2":7,"3":4,"4":7,"5":10,"6":7},"f":{"0":4,"1":10},"b":{},"_coverageSchema":"1a1c01bbd47fc00a2c39e90264f33305004495a9","hash":"91befb4c0227d213e26176fcc424068c1a070474"}
}
