{"D:\\pt-phincon\\final-project\\Gelora-Rasa\\server\\index.js": {"path":"D:\\pt-phincon\\final-project\\Gelora-Rasa\\server\\index.js","statementMap":{"0":{"start":{"line":1,"column":0},"end":{"line":1,"column":27}},"1":{"start":{"line":2,"column":16},"end":{"line":2,"column":34}},"2":{"start":{"line":3,"column":13},"end":{"line":3,"column":28}},"3":{"start":{"line":4,"column":12},"end":{"line":4,"column":21}},"4":{"start":{"line":5,"column":15},"end":{"line":5,"column":40}},"5":{"start":{"line":6,"column":27},"end":{"line":6,"column":67}},"6":{"start":{"line":8,"column":0},"end":{"line":8,"column":16}},"7":{"start":{"line":9,"column":0},"end":{"line":9,"column":24}},"8":{"start":{"line":10,"column":0},"end":{"line":10,"column":48}},"9":{"start":{"line":11,"column":0},"end":{"line":11,"column":47}},"10":{"start":{"line":13,"column":0},"end":{"line":13,"column":24}},"11":{"start":{"line":15,"column":0},"end":{"line":17,"column":3}},"12":{"start":{"line":16,"column":2},"end":{"line":16,"column":64}},"13":{"start":{"line":19,"column":0},"end":{"line":23,"column":1}},"14":{"start":{"line":20,"column":2},"end":{"line":22,"column":5}},"15":{"start":{"line":21,"column":4},"end":{"line":21,"column":65}},"16":{"start":{"line":25,"column":0},"end":{"line":25,"column":21}}},"fnMap":{"0":{"name":"(anonymous_0)","decl":{"start":{"line":15,"column":13},"end":{"line":15,"column":14}},"loc":{"start":{"line":15,"column":27},"end":{"line":17,"column":1}},"line":15},"1":{"name":"(anonymous_1)","decl":{"start":{"line":20,"column":31},"end":{"line":20,"column":32}},"loc":{"start":{"line":20,"column":37},"end":{"line":22,"column":3}},"line":20}},"branchMap":{"0":{"loc":{"start":{"line":19,"column":0},"end":{"line":23,"column":1}},"type":"if","locations":[{"start":{"line":19,"column":0},"end":{"line":23,"column":1}},{"start":{},"end":{}}],"line":19}},"s":{"0":6,"1":6,"2":6,"3":6,"4":6,"5":6,"6":6,"7":6,"8":6,"9":6,"10":6,"11":6,"12":1,"13":6,"14":0,"15":0,"16":6},"f":{"0":1,"1":0},"b":{"0":[0,6]},"_coverageSchema":"1a1c01bbd47fc00a2c39e90264f33305004495a9","hash":"10eb1fee231d72a8771f26aabe75477d4578fabb"}
,"D:\\pt-phincon\\final-project\\Gelora-Rasa\\server\\controllers\\authController.js": {"path":"D:\\pt-phincon\\final-project\\Gelora-Rasa\\server\\controllers\\authController.js","statementMap":{"0":{"start":{"line":1,"column":17},"end":{"line":1,"column":37}},"1":{"start":{"line":2,"column":39},"end":{"line":2,"column":59}},"2":{"start":{"line":3,"column":64},"end":{"line":3,"column":94}},"3":{"start":{"line":4,"column":96},"end":{"line":4,"column":137}},"4":{"start":{"line":5,"column":42},"end":{"line":5,"column":68}},"5":{"start":{"line":6,"column":62},"end":{"line":6,"column":97}},"6":{"start":{"line":8,"column":78},"end":{"line":8,"column":101}},"7":{"start":{"line":10,"column":0},"end":{"line":60,"column":1}},"8":{"start":{"line":11,"column":4},"end":{"line":59,"column":5}},"9":{"start":{"line":12,"column":24},"end":{"line":12,"column":32}},"10":{"start":{"line":15,"column":34},"end":{"line":18,"column":39}},"11":{"start":{"line":20,"column":40},"end":{"line":23,"column":39}},"12":{"start":{"line":25,"column":8},"end":{"line":29,"column":9}},"13":{"start":{"line":26,"column":12},"end":{"line":28,"column":11}},"14":{"start":{"line":33,"column":8},"end":{"line":33,"column":64}},"15":{"start":{"line":34,"column":8},"end":{"line":34,"column":38}},"16":{"start":{"line":36,"column":8},"end":{"line":36,"column":42}},"17":{"start":{"line":38,"column":37},"end":{"line":38,"column":74}},"18":{"start":{"line":39,"column":8},"end":{"line":41,"column":9}},"19":{"start":{"line":40,"column":12},"end":{"line":40,"column":28}},"20":{"start":{"line":43,"column":29},"end":{"line":43,"column":82}},"21":{"start":{"line":44,"column":8},"end":{"line":48,"column":9}},"22":{"start":{"line":45,"column":12},"end":{"line":47,"column":15}},"23":{"start":{"line":50,"column":28},"end":{"line":50,"column":54}},"24":{"start":{"line":52,"column":8},"end":{"line":55,"column":10}},"25":{"start":{"line":57,"column":8},"end":{"line":57,"column":26}},"26":{"start":{"line":58,"column":8},"end":{"line":58,"column":44}},"27":{"start":{"line":62,"column":0},"end":{"line":91,"column":1}},"28":{"start":{"line":63,"column":4},"end":{"line":90,"column":5}},"29":{"start":{"line":64,"column":26},"end":{"line":64,"column":34}},"30":{"start":{"line":65,"column":25},"end":{"line":65,"column":71}},"31":{"start":{"line":67,"column":8},"end":{"line":71,"column":9}},"32":{"start":{"line":68,"column":12},"end":{"line":70,"column":14}},"33":{"start":{"line":73,"column":20},"end":{"line":73,"column":59}},"34":{"start":{"line":74,"column":23},"end":{"line":74,"column":58}},"35":{"start":{"line":75,"column":8},"end":{"line":83,"column":9}},"36":{"start":{"line":76,"column":12},"end":{"line":82,"column":14}},"37":{"start":{"line":88,"column":8},"end":{"line":88,"column":26}},"38":{"start":{"line":89,"column":8},"end":{"line":89,"column":44}},"39":{"start":{"line":93,"column":0},"end":{"line":111,"column":2}},"40":{"start":{"line":94,"column":4},"end":{"line":110,"column":5}},"41":{"start":{"line":95,"column":22},"end":{"line":95,"column":30}},"42":{"start":{"line":96,"column":32},"end":{"line":96,"column":35}},"43":{"start":{"line":97,"column":23},"end":{"line":97,"column":70}},"44":{"start":{"line":98,"column":6},"end":{"line":102,"column":7}},"45":{"start":{"line":99,"column":8},"end":{"line":101,"column":11}},"46":{"start":{"line":103,"column":6},"end":{"line":105,"column":7}},"47":{"start":{"line":104,"column":8},"end":{"line":104,"column":68}},"48":{"start":{"line":106,"column":6},"end":{"line":106,"column":63}},"49":{"start":{"line":108,"column":8},"end":{"line":108,"column":26}},"50":{"start":{"line":109,"column":6},"end":{"line":109,"column":36}},"51":{"start":{"line":113,"column":0},"end":{"line":148,"column":1}},"52":{"start":{"line":114,"column":4},"end":{"line":147,"column":5}},"53":{"start":{"line":115,"column":36},"end":{"line":115,"column":44}},"54":{"start":{"line":117,"column":30},"end":{"line":120,"column":39}},"55":{"start":{"line":122,"column":39},"end":{"line":122,"column":104}},"56":{"start":{"line":123,"column":10},"end":{"line":125,"column":11}},"57":{"start":{"line":124,"column":14},"end":{"line":124,"column":31}},"58":{"start":{"line":127,"column":25},"end":{"line":129,"column":10}},"59":{"start":{"line":131,"column":8},"end":{"line":131,"column":29}},"60":{"start":{"line":133,"column":8},"end":{"line":135,"column":9}},"61":{"start":{"line":134,"column":10},"end":{"line":134,"column":84}},"62":{"start":{"line":136,"column":22},"end":{"line":136,"column":43}},"63":{"start":{"line":137,"column":8},"end":{"line":139,"column":9}},"64":{"start":{"line":138,"column":12},"end":{"line":138,"column":52}},"65":{"start":{"line":140,"column":8},"end":{"line":143,"column":11}},"66":{"start":{"line":145,"column":8},"end":{"line":145,"column":26}},"67":{"start":{"line":146,"column":8},"end":{"line":146,"column":38}},"68":{"start":{"line":150,"column":0},"end":{"line":171,"column":2}},"69":{"start":{"line":151,"column":4},"end":{"line":170,"column":5}},"70":{"start":{"line":152,"column":24},"end":{"line":152,"column":32}},"71":{"start":{"line":153,"column":26},"end":{"line":153,"column":73}},"72":{"start":{"line":154,"column":6},"end":{"line":156,"column":7}},"73":{"start":{"line":155,"column":8},"end":{"line":155,"column":35}},"74":{"start":{"line":157,"column":20},"end":{"line":157,"column":55}},"75":{"start":{"line":158,"column":19},"end":{"line":158,"column":63}},"76":{"start":{"line":159,"column":6},"end":{"line":167,"column":7}},"77":{"start":{"line":160,"column":8},"end":{"line":162,"column":11}},"78":{"start":{"line":164,"column":8},"end":{"line":166,"column":11}},"79":{"start":{"line":169,"column":6},"end":{"line":169,"column":36}},"80":{"start":{"line":173,"column":0},"end":{"line":200,"column":2}},"81":{"start":{"line":174,"column":4},"end":{"line":199,"column":5}},"82":{"start":{"line":175,"column":24},"end":{"line":175,"column":27}},"83":{"start":{"line":176,"column":31},"end":{"line":176,"column":39}},"84":{"start":{"line":178,"column":28},"end":{"line":181,"column":35}},"85":{"start":{"line":183,"column":26},"end":{"line":183,"column":73}},"86":{"start":{"line":184,"column":6},"end":{"line":186,"column":7}},"87":{"start":{"line":185,"column":8},"end":{"line":185,"column":35}},"88":{"start":{"line":187,"column":29},"end":{"line":187,"column":62}},"89":{"start":{"line":189,"column":6},"end":{"line":192,"column":8}},"90":{"start":{"line":193,"column":6},"end":{"line":195,"column":9}},"91":{"start":{"line":197,"column":6},"end":{"line":197,"column":24}},"92":{"start":{"line":198,"column":6},"end":{"line":198,"column":36}},"93":{"start":{"line":202,"column":0},"end":{"line":239,"column":1}},"94":{"start":{"line":203,"column":2},"end":{"line":238,"column":3}},"95":{"start":{"line":204,"column":21},"end":{"line":204,"column":24}},"96":{"start":{"line":205,"column":26},"end":{"line":205,"column":34}},"97":{"start":{"line":206,"column":6},"end":{"line":213,"column":7}},"98":{"start":{"line":207,"column":30},"end":{"line":210,"column":37}},"99":{"start":{"line":211,"column":8},"end":{"line":211,"column":65}},"100":{"start":{"line":212,"column":8},"end":{"line":212,"column":40}},"101":{"start":{"line":215,"column":26},"end":{"line":215,"column":50}},"102":{"start":{"line":216,"column":35},"end":{"line":221,"column":7}},"103":{"start":{"line":222,"column":22},"end":{"line":222,"column":63}},"104":{"start":{"line":223,"column":6},"end":{"line":225,"column":7}},"105":{"start":{"line":224,"column":8},"end":{"line":224,"column":35}},"106":{"start":{"line":226,"column":6},"end":{"line":228,"column":7}},"107":{"start":{"line":227,"column":8},"end":{"line":227,"column":25}},"108":{"start":{"line":229,"column":23},"end":{"line":229,"column":56}},"109":{"start":{"line":231,"column":6},"end":{"line":234,"column":9}},"110":{"start":{"line":236,"column":4},"end":{"line":236,"column":22}},"111":{"start":{"line":237,"column":4},"end":{"line":237,"column":34}},"112":{"start":{"line":241,"column":0},"end":{"line":267,"column":1}},"113":{"start":{"line":242,"column":2},"end":{"line":266,"column":3}},"114":{"start":{"line":243,"column":19},"end":{"line":243,"column":22}},"115":{"start":{"line":244,"column":18},"end":{"line":244,"column":33}},"116":{"start":{"line":245,"column":4},"end":{"line":245,"column":19}},"117":{"start":{"line":246,"column":4},"end":{"line":246,"column":22}},"118":{"start":{"line":247,"column":4},"end":{"line":249,"column":5}},"119":{"start":{"line":248,"column":6},"end":{"line":248,"column":59}},"120":{"start":{"line":250,"column":20},"end":{"line":250,"column":59}},"121":{"start":{"line":251,"column":4},"end":{"line":253,"column":5}},"122":{"start":{"line":252,"column":6},"end":{"line":252,"column":32}},"123":{"start":{"line":254,"column":4},"end":{"line":256,"column":5}},"124":{"start":{"line":255,"column":6},"end":{"line":255,"column":45}},"125":{"start":{"line":257,"column":21},"end":{"line":257,"column":63}},"126":{"start":{"line":259,"column":4},"end":{"line":262,"column":7}},"127":{"start":{"line":264,"column":4},"end":{"line":264,"column":22}},"128":{"start":{"line":265,"column":4},"end":{"line":265,"column":34}},"129":{"start":{"line":269,"column":0},"end":{"line":281,"column":1}},"130":{"start":{"line":270,"column":2},"end":{"line":280,"column":3}},"131":{"start":{"line":271,"column":21},"end":{"line":271,"column":24}},"132":{"start":{"line":272,"column":23},"end":{"line":272,"column":46}},"133":{"start":{"line":273,"column":6},"end":{"line":275,"column":7}},"134":{"start":{"line":274,"column":8},"end":{"line":274,"column":34}},"135":{"start":{"line":276,"column":6},"end":{"line":276,"column":30}},"136":{"start":{"line":277,"column":6},"end":{"line":277,"column":72}},"137":{"start":{"line":279,"column":4},"end":{"line":279,"column":40}},"138":{"start":{"line":283,"column":0},"end":{"line":310,"column":1}},"139":{"start":{"line":284,"column":2},"end":{"line":309,"column":3}},"140":{"start":{"line":285,"column":17},"end":{"line":285,"column":50}},"141":{"start":{"line":286,"column":21},"end":{"line":286,"column":59}},"142":{"start":{"line":287,"column":19},"end":{"line":287,"column":40}},"143":{"start":{"line":289,"column":18},"end":{"line":299,"column":6}},"144":{"start":{"line":300,"column":4},"end":{"line":305,"column":5}},"145":{"start":{"line":307,"column":4},"end":{"line":307,"column":22}},"146":{"start":{"line":308,"column":4},"end":{"line":308,"column":40}},"147":{"start":{"line":312,"column":0},"end":{"line":326,"column":1}},"148":{"start":{"line":313,"column":2},"end":{"line":325,"column":3}},"149":{"start":{"line":314,"column":25},"end":{"line":314,"column":35}},"150":{"start":{"line":315,"column":27},"end":{"line":315,"column":71}},"151":{"start":{"line":316,"column":6},"end":{"line":318,"column":7}},"152":{"start":{"line":317,"column":10},"end":{"line":317,"column":116}},"153":{"start":{"line":320,"column":6},"end":{"line":320,"column":34}},"154":{"start":{"line":321,"column":6},"end":{"line":321,"column":75}},"155":{"start":{"line":323,"column":4},"end":{"line":323,"column":22}},"156":{"start":{"line":324,"column":4},"end":{"line":324,"column":33}},"157":{"start":{"line":328,"column":0},"end":{"line":342,"column":1}},"158":{"start":{"line":329,"column":2},"end":{"line":341,"column":3}},"159":{"start":{"line":330,"column":19},"end":{"line":330,"column":25}},"160":{"start":{"line":332,"column":25},"end":{"line":332,"column":68}},"161":{"start":{"line":333,"column":4},"end":{"line":335,"column":5}},"162":{"start":{"line":334,"column":6},"end":{"line":334,"column":80}},"163":{"start":{"line":336,"column":4},"end":{"line":336,"column":32}},"164":{"start":{"line":337,"column":4},"end":{"line":337,"column":73}},"165":{"start":{"line":339,"column":4},"end":{"line":339,"column":22}},"166":{"start":{"line":340,"column":4},"end":{"line":340,"column":40}}},"fnMap":{"0":{"name":"(anonymous_0)","decl":{"start":{"line":10,"column":19},"end":{"line":10,"column":20}},"loc":{"start":{"line":10,"column":38},"end":{"line":60,"column":1}},"line":10},"1":{"name":"(anonymous_1)","decl":{"start":{"line":62,"column":22},"end":{"line":62,"column":23}},"loc":{"start":{"line":62,"column":42},"end":{"line":91,"column":1}},"line":62},"2":{"name":"(anonymous_2)","decl":{"start":{"line":93,"column":30},"end":{"line":93,"column":31}},"loc":{"start":{"line":93,"column":50},"end":{"line":111,"column":1}},"line":93},"3":{"name":"(anonymous_3)","decl":{"start":{"line":113,"column":16},"end":{"line":113,"column":17}},"loc":{"start":{"line":113,"column":36},"end":{"line":148,"column":1}},"line":113},"4":{"name":"(anonymous_4)","decl":{"start":{"line":150,"column":25},"end":{"line":150,"column":26}},"loc":{"start":{"line":150,"column":45},"end":{"line":171,"column":1}},"line":150},"5":{"name":"(anonymous_5)","decl":{"start":{"line":173,"column":27},"end":{"line":173,"column":28}},"loc":{"start":{"line":173,"column":47},"end":{"line":200,"column":1}},"line":173},"6":{"name":"(anonymous_6)","decl":{"start":{"line":202,"column":22},"end":{"line":202,"column":23}},"loc":{"start":{"line":202,"column":42},"end":{"line":239,"column":1}},"line":202},"7":{"name":"(anonymous_7)","decl":{"start":{"line":241,"column":27},"end":{"line":241,"column":28}},"loc":{"start":{"line":241,"column":47},"end":{"line":267,"column":1}},"line":241},"8":{"name":"(anonymous_8)","decl":{"start":{"line":255,"column":32},"end":{"line":255,"column":33}},"loc":{"start":{"line":255,"column":41},"end":{"line":255,"column":43}},"line":255},"9":{"name":"(anonymous_9)","decl":{"start":{"line":269,"column":21},"end":{"line":269,"column":22}},"loc":{"start":{"line":269,"column":41},"end":{"line":281,"column":1}},"line":269},"10":{"name":"(anonymous_10)","decl":{"start":{"line":283,"column":22},"end":{"line":283,"column":23}},"loc":{"start":{"line":283,"column":41},"end":{"line":310,"column":1}},"line":283},"11":{"name":"(anonymous_11)","decl":{"start":{"line":312,"column":28},"end":{"line":312,"column":29}},"loc":{"start":{"line":312,"column":47},"end":{"line":326,"column":1}},"line":312},"12":{"name":"(anonymous_12)","decl":{"start":{"line":328,"column":21},"end":{"line":328,"column":22}},"loc":{"start":{"line":328,"column":40},"end":{"line":342,"column":1}},"line":328}},"branchMap":{"0":{"loc":{"start":{"line":25,"column":8},"end":{"line":29,"column":9}},"type":"if","locations":[{"start":{"line":25,"column":8},"end":{"line":29,"column":9}},{"start":{},"end":{}}],"line":25},"1":{"loc":{"start":{"line":36,"column":23},"end":{"line":36,"column":41}},"type":"binary-expr","locations":[{"start":{"line":36,"column":23},"end":{"line":36,"column":36}},{"start":{"line":36,"column":40},"end":{"line":36,"column":41}}],"line":36},"2":{"loc":{"start":{"line":39,"column":8},"end":{"line":41,"column":9}},"type":"if","locations":[{"start":{"line":39,"column":8},"end":{"line":41,"column":9}},{"start":{},"end":{}}],"line":39},"3":{"loc":{"start":{"line":44,"column":8},"end":{"line":48,"column":9}},"type":"if","locations":[{"start":{"line":44,"column":8},"end":{"line":48,"column":9}},{"start":{},"end":{}}],"line":44},"4":{"loc":{"start":{"line":67,"column":8},"end":{"line":71,"column":9}},"type":"if","locations":[{"start":{"line":67,"column":8},"end":{"line":71,"column":9}},{"start":{},"end":{}}],"line":67},"5":{"loc":{"start":{"line":75,"column":8},"end":{"line":83,"column":9}},"type":"if","locations":[{"start":{"line":75,"column":8},"end":{"line":83,"column":9}},{"start":{},"end":{}}],"line":75},"6":{"loc":{"start":{"line":98,"column":6},"end":{"line":102,"column":7}},"type":"if","locations":[{"start":{"line":98,"column":6},"end":{"line":102,"column":7}},{"start":{},"end":{}}],"line":98},"7":{"loc":{"start":{"line":103,"column":6},"end":{"line":105,"column":7}},"type":"if","locations":[{"start":{"line":103,"column":6},"end":{"line":105,"column":7}},{"start":{},"end":{}}],"line":103},"8":{"loc":{"start":{"line":123,"column":10},"end":{"line":125,"column":11}},"type":"if","locations":[{"start":{"line":123,"column":10},"end":{"line":125,"column":11}},{"start":{},"end":{}}],"line":123},"9":{"loc":{"start":{"line":133,"column":8},"end":{"line":135,"column":9}},"type":"if","locations":[{"start":{"line":133,"column":8},"end":{"line":135,"column":9}},{"start":{},"end":{}}],"line":133},"10":{"loc":{"start":{"line":133,"column":12},"end":{"line":133,"column":83}},"type":"binary-expr","locations":[{"start":{"line":133,"column":12},"end":{"line":133,"column":21}},{"start":{"line":133,"column":25},"end":{"line":133,"column":83}}],"line":133},"11":{"loc":{"start":{"line":137,"column":8},"end":{"line":139,"column":9}},"type":"if","locations":[{"start":{"line":137,"column":8},"end":{"line":139,"column":9}},{"start":{},"end":{}}],"line":137},"12":{"loc":{"start":{"line":154,"column":6},"end":{"line":156,"column":7}},"type":"if","locations":[{"start":{"line":154,"column":6},"end":{"line":156,"column":7}},{"start":{},"end":{}}],"line":154},"13":{"loc":{"start":{"line":159,"column":6},"end":{"line":167,"column":7}},"type":"if","locations":[{"start":{"line":159,"column":6},"end":{"line":167,"column":7}},{"start":{"line":163,"column":13},"end":{"line":167,"column":7}}],"line":159},"14":{"loc":{"start":{"line":184,"column":6},"end":{"line":186,"column":7}},"type":"if","locations":[{"start":{"line":184,"column":6},"end":{"line":186,"column":7}},{"start":{},"end":{}}],"line":184},"15":{"loc":{"start":{"line":206,"column":6},"end":{"line":213,"column":7}},"type":"if","locations":[{"start":{"line":206,"column":6},"end":{"line":213,"column":7}},{"start":{},"end":{}}],"line":206},"16":{"loc":{"start":{"line":223,"column":6},"end":{"line":225,"column":7}},"type":"if","locations":[{"start":{"line":223,"column":6},"end":{"line":225,"column":7}},{"start":{},"end":{}}],"line":223},"17":{"loc":{"start":{"line":226,"column":6},"end":{"line":228,"column":7}},"type":"if","locations":[{"start":{"line":226,"column":6},"end":{"line":228,"column":7}},{"start":{},"end":{}}],"line":226},"18":{"loc":{"start":{"line":247,"column":4},"end":{"line":249,"column":5}},"type":"if","locations":[{"start":{"line":247,"column":4},"end":{"line":249,"column":5}},{"start":{},"end":{}}],"line":247},"19":{"loc":{"start":{"line":251,"column":4},"end":{"line":253,"column":5}},"type":"if","locations":[{"start":{"line":251,"column":4},"end":{"line":253,"column":5}},{"start":{},"end":{}}],"line":251},"20":{"loc":{"start":{"line":254,"column":4},"end":{"line":256,"column":5}},"type":"if","locations":[{"start":{"line":254,"column":4},"end":{"line":256,"column":5}},{"start":{},"end":{}}],"line":254},"21":{"loc":{"start":{"line":254,"column":8},"end":{"line":254,"column":72}},"type":"binary-expr","locations":[{"start":{"line":254,"column":8},"end":{"line":254,"column":25}},{"start":{"line":254,"column":29},"end":{"line":254,"column":72}}],"line":254},"22":{"loc":{"start":{"line":273,"column":6},"end":{"line":275,"column":7}},"type":"if","locations":[{"start":{"line":273,"column":6},"end":{"line":275,"column":7}},{"start":{},"end":{}}],"line":273},"23":{"loc":{"start":{"line":285,"column":17},"end":{"line":285,"column":50}},"type":"binary-expr","locations":[{"start":{"line":285,"column":17},"end":{"line":285,"column":45}},{"start":{"line":285,"column":49},"end":{"line":285,"column":50}}],"line":285},"24":{"loc":{"start":{"line":286,"column":21},"end":{"line":286,"column":59}},"type":"binary-expr","locations":[{"start":{"line":286,"column":21},"end":{"line":286,"column":53}},{"start":{"line":286,"column":57},"end":{"line":286,"column":59}}],"line":286},"25":{"loc":{"start":{"line":316,"column":6},"end":{"line":318,"column":7}},"type":"if","locations":[{"start":{"line":316,"column":6},"end":{"line":318,"column":7}},{"start":{},"end":{}}],"line":316},"26":{"loc":{"start":{"line":333,"column":4},"end":{"line":335,"column":5}},"type":"if","locations":[{"start":{"line":333,"column":4},"end":{"line":335,"column":5}},{"start":{},"end":{}}],"line":333}},"s":{"0":6,"1":6,"2":6,"3":6,"4":6,"5":6,"6":6,"7":6,"8":8,"9":8,"10":8,"11":8,"12":8,"13":1,"14":7,"15":7,"16":7,"17":7,"18":7,"19":0,"20":7,"21":7,"22":0,"23":7,"24":7,"25":0,"26":0,"27":6,"28":4,"29":4,"30":4,"31":4,"32":1,"33":3,"34":3,"35":3,"36":3,"37":0,"38":0,"39":6,"40":2,"41":2,"42":2,"43":2,"44":2,"45":0,"46":2,"47":1,"48":1,"49":0,"50":0,"51":6,"52":4,"53":4,"54":4,"55":4,"56":4,"57":0,"58":4,"59":4,"60":4,"61":1,"62":3,"63":3,"64":0,"65":3,"66":0,"67":0,"68":6,"69":3,"70":3,"71":3,"72":3,"73":1,"74":2,"75":2,"76":2,"77":1,"78":1,"79":0,"80":6,"81":1,"82":1,"83":1,"84":1,"85":1,"86":1,"87":0,"88":1,"89":1,"90":1,"91":0,"92":0,"93":6,"94":2,"95":2,"96":2,"97":2,"98":0,"99":0,"100":0,"101":2,"102":2,"103":2,"104":2,"105":0,"106":2,"107":1,"108":1,"109":1,"110":0,"111":0,"112":6,"113":2,"114":2,"115":2,"116":2,"117":2,"118":2,"119":1,"120":1,"121":1,"122":0,"123":1,"124":0,"125":1,"126":1,"127":0,"128":0,"129":6,"130":1,"131":1,"132":1,"133":1,"134":0,"135":1,"136":1,"137":0,"138":6,"139":1,"140":1,"141":1,"142":1,"143":1,"144":1,"145":0,"146":0,"147":6,"148":2,"149":2,"150":2,"151":2,"152":1,"153":1,"154":1,"155":0,"156":0,"157":6,"158":1,"159":1,"160":1,"161":1,"162":0,"163":1,"164":1,"165":0,"166":0},"f":{"0":8,"1":4,"2":2,"3":4,"4":3,"5":1,"6":2,"7":2,"8":0,"9":1,"10":1,"11":2,"12":1},"b":{"0":[1,7],"1":[7,2],"2":[0,7],"3":[0,7],"4":[1,3],"5":[3,0],"6":[0,2],"7":[1,1],"8":[0,4],"9":[1,3],"10":[4,4],"11":[0,3],"12":[1,2],"13":[1,1],"14":[0,1],"15":[0,2],"16":[0,2],"17":[1,1],"18":[1,1],"19":[0,1],"20":[0,1],"21":[1,0],"22":[0,1],"23":[1,1],"24":[1,1],"25":[1,1],"26":[0,1]},"_coverageSchema":"1a1c01bbd47fc00a2c39e90264f33305004495a9","hash":"5a127a5b0096eb08d5ed81b8f2e86c9cbf5736f2"}
,"D:\\pt-phincon\\final-project\\Gelora-Rasa\\server\\controllers\\categoriesController.js": {"path":"D:\\pt-phincon\\final-project\\Gelora-Rasa\\server\\controllers\\categoriesController.js","statementMap":{"0":{"start":{"line":1,"column":21},"end":{"line":1,"column":41}},"1":{"start":{"line":2,"column":42},"end":{"line":2,"column":72}},"2":{"start":{"line":3,"column":92},"end":{"line":3,"column":133}},"3":{"start":{"line":4,"column":20},"end":{"line":4,"column":52}},"4":{"start":{"line":6,"column":0},"end":{"line":43,"column":2}},"5":{"start":{"line":7,"column":4},"end":{"line":42,"column":5}},"6":{"start":{"line":8,"column":28},"end":{"line":8,"column":36}},"7":{"start":{"line":10,"column":37},"end":{"line":10,"column":84}},"8":{"start":{"line":11,"column":8},"end":{"line":13,"column":9}},"9":{"start":{"line":12,"column":10},"end":{"line":12,"column":27}},"10":{"start":{"line":15,"column":24},"end":{"line":15,"column":100}},"11":{"start":{"line":17,"column":8},"end":{"line":21,"column":9}},"12":{"start":{"line":18,"column":12},"end":{"line":20,"column":15}},"13":{"start":{"line":23,"column":25},"end":{"line":23,"column":59}},"14":{"start":{"line":25,"column":8},"end":{"line":33,"column":9}},"15":{"start":{"line":26,"column":32},"end":{"line":26,"column":90}},"16":{"start":{"line":27,"column":12},"end":{"line":30,"column":13}},"17":{"start":{"line":28,"column":16},"end":{"line":28,"column":72}},"18":{"start":{"line":29,"column":16},"end":{"line":29,"column":58}},"19":{"start":{"line":32,"column":12},"end":{"line":32,"column":69}},"20":{"start":{"line":35,"column":8},"end":{"line":38,"column":11}},"21":{"start":{"line":40,"column":8},"end":{"line":40,"column":26}},"22":{"start":{"line":41,"column":8},"end":{"line":41,"column":44}},"23":{"start":{"line":45,"column":0},"end":{"line":69,"column":1}},"24":{"start":{"line":46,"column":4},"end":{"line":68,"column":5}},"25":{"start":{"line":47,"column":33},"end":{"line":47,"column":88}},"26":{"start":{"line":49,"column":8},"end":{"line":64,"column":9}},"27":{"start":{"line":50,"column":12},"end":{"line":53,"column":15}},"28":{"start":{"line":55,"column":31},"end":{"line":57,"column":14}},"29":{"start":{"line":59,"column":12},"end":{"line":61,"column":13}},"30":{"start":{"line":60,"column":16},"end":{"line":60,"column":42}},"31":{"start":{"line":62,"column":12},"end":{"line":62,"column":108}},"32":{"start":{"line":63,"column":12},"end":{"line":63,"column":116}},"33":{"start":{"line":66,"column":8},"end":{"line":66,"column":26}},"34":{"start":{"line":67,"column":8},"end":{"line":67,"column":44}},"35":{"start":{"line":71,"column":0},"end":{"line":102,"column":1}},"36":{"start":{"line":72,"column":4},"end":{"line":101,"column":5}},"37":{"start":{"line":73,"column":31},"end":{"line":73,"column":41}},"38":{"start":{"line":74,"column":35},"end":{"line":74,"column":43}},"39":{"start":{"line":76,"column":37},"end":{"line":76,"column":91}},"40":{"start":{"line":77,"column":8},"end":{"line":79,"column":9}},"41":{"start":{"line":78,"column":12},"end":{"line":78,"column":29}},"42":{"start":{"line":81,"column":32},"end":{"line":81,"column":84}},"43":{"start":{"line":82,"column":8},"end":{"line":84,"column":9}},"44":{"start":{"line":83,"column":12},"end":{"line":83,"column":78}},"45":{"start":{"line":86,"column":8},"end":{"line":86,"column":78}},"46":{"start":{"line":88,"column":8},"end":{"line":96,"column":9}},"47":{"start":{"line":89,"column":32},"end":{"line":89,"column":90}},"48":{"start":{"line":90,"column":12},"end":{"line":93,"column":13}},"49":{"start":{"line":91,"column":16},"end":{"line":91,"column":72}},"50":{"start":{"line":92,"column":16},"end":{"line":92,"column":58}},"51":{"start":{"line":95,"column":12},"end":{"line":95,"column":69}},"52":{"start":{"line":97,"column":8},"end":{"line":97,"column":79}},"53":{"start":{"line":99,"column":8},"end":{"line":99,"column":26}},"54":{"start":{"line":100,"column":8},"end":{"line":100,"column":44}},"55":{"start":{"line":104,"column":0},"end":{"line":129,"column":1}},"56":{"start":{"line":105,"column":4},"end":{"line":128,"column":5}},"57":{"start":{"line":106,"column":31},"end":{"line":106,"column":41}},"58":{"start":{"line":108,"column":32},"end":{"line":108,"column":85}},"59":{"start":{"line":109,"column":8},"end":{"line":111,"column":9}},"60":{"start":{"line":110,"column":12},"end":{"line":110,"column":75}},"61":{"start":{"line":113,"column":8},"end":{"line":113,"column":39}},"62":{"start":{"line":115,"column":8},"end":{"line":123,"column":9}},"63":{"start":{"line":116,"column":32},"end":{"line":116,"column":90}},"64":{"start":{"line":117,"column":12},"end":{"line":120,"column":13}},"65":{"start":{"line":118,"column":16},"end":{"line":118,"column":72}},"66":{"start":{"line":119,"column":16},"end":{"line":119,"column":58}},"67":{"start":{"line":122,"column":12},"end":{"line":122,"column":69}},"68":{"start":{"line":124,"column":8},"end":{"line":124,"column":83}},"69":{"start":{"line":126,"column":8},"end":{"line":126,"column":26}},"70":{"start":{"line":127,"column":8},"end":{"line":127,"column":44}}},"fnMap":{"0":{"name":"(anonymous_0)","decl":{"start":{"line":6,"column":25},"end":{"line":6,"column":26}},"loc":{"start":{"line":6,"column":45},"end":{"line":43,"column":1}},"line":6},"1":{"name":"(anonymous_1)","decl":{"start":{"line":45,"column":27},"end":{"line":45,"column":28}},"loc":{"start":{"line":45,"column":47},"end":{"line":69,"column":1}},"line":45},"2":{"name":"(anonymous_2)","decl":{"start":{"line":71,"column":25},"end":{"line":71,"column":26}},"loc":{"start":{"line":71,"column":45},"end":{"line":102,"column":1}},"line":71},"3":{"name":"(anonymous_3)","decl":{"start":{"line":104,"column":25},"end":{"line":104,"column":26}},"loc":{"start":{"line":104,"column":44},"end":{"line":129,"column":1}},"line":104}},"branchMap":{"0":{"loc":{"start":{"line":11,"column":8},"end":{"line":13,"column":9}},"type":"if","locations":[{"start":{"line":11,"column":8},"end":{"line":13,"column":9}},{"start":{},"end":{}}],"line":11},"1":{"loc":{"start":{"line":17,"column":8},"end":{"line":21,"column":9}},"type":"if","locations":[{"start":{"line":17,"column":8},"end":{"line":21,"column":9}},{"start":{},"end":{}}],"line":17},"2":{"loc":{"start":{"line":27,"column":12},"end":{"line":30,"column":13}},"type":"if","locations":[{"start":{"line":27,"column":12},"end":{"line":30,"column":13}},{"start":{},"end":{}}],"line":27},"3":{"loc":{"start":{"line":49,"column":8},"end":{"line":64,"column":9}},"type":"if","locations":[{"start":{"line":49,"column":8},"end":{"line":64,"column":9}},{"start":{"line":54,"column":13},"end":{"line":64,"column":9}}],"line":49},"4":{"loc":{"start":{"line":59,"column":12},"end":{"line":61,"column":13}},"type":"if","locations":[{"start":{"line":59,"column":12},"end":{"line":61,"column":13}},{"start":{},"end":{}}],"line":59},"5":{"loc":{"start":{"line":77,"column":8},"end":{"line":79,"column":9}},"type":"if","locations":[{"start":{"line":77,"column":8},"end":{"line":79,"column":9}},{"start":{},"end":{}}],"line":77},"6":{"loc":{"start":{"line":82,"column":8},"end":{"line":84,"column":9}},"type":"if","locations":[{"start":{"line":82,"column":8},"end":{"line":84,"column":9}},{"start":{},"end":{}}],"line":82},"7":{"loc":{"start":{"line":90,"column":12},"end":{"line":93,"column":13}},"type":"if","locations":[{"start":{"line":90,"column":12},"end":{"line":93,"column":13}},{"start":{},"end":{}}],"line":90},"8":{"loc":{"start":{"line":109,"column":8},"end":{"line":111,"column":9}},"type":"if","locations":[{"start":{"line":109,"column":8},"end":{"line":111,"column":9}},{"start":{},"end":{}}],"line":109},"9":{"loc":{"start":{"line":117,"column":12},"end":{"line":120,"column":13}},"type":"if","locations":[{"start":{"line":117,"column":12},"end":{"line":120,"column":13}},{"start":{},"end":{}}],"line":117}},"s":{"0":6,"1":6,"2":6,"3":6,"4":6,"5":4,"6":4,"7":4,"8":4,"9":1,"10":3,"11":3,"12":1,"13":2,"14":2,"15":2,"16":2,"17":1,"18":1,"19":0,"20":2,"21":0,"22":0,"23":6,"24":3,"25":3,"26":3,"27":1,"28":2,"29":2,"30":0,"31":2,"32":2,"33":0,"34":0,"35":6,"36":3,"37":3,"38":3,"39":3,"40":3,"41":1,"42":2,"43":2,"44":1,"45":1,"46":1,"47":1,"48":1,"49":1,"50":1,"51":0,"52":1,"53":0,"54":0,"55":6,"56":2,"57":2,"58":2,"59":2,"60":1,"61":1,"62":1,"63":1,"64":1,"65":0,"66":0,"67":0,"68":1,"69":0,"70":0},"f":{"0":4,"1":3,"2":3,"3":2},"b":{"0":[1,3],"1":[1,2],"2":[1,1],"3":[1,2],"4":[0,2],"5":[1,2],"6":[1,1],"7":[1,0],"8":[1,1],"9":[0,1]},"_coverageSchema":"1a1c01bbd47fc00a2c39e90264f33305004495a9","hash":"6ebf6f4e1c77544947facf955fab8eda9350586e"}
,"D:\\pt-phincon\\final-project\\Gelora-Rasa\\server\\controllers\\eventController.js": {"path":"D:\\pt-phincon\\final-project\\Gelora-Rasa\\server\\controllers\\eventController.js","statementMap":{"0":{"start":{"line":1,"column":11},"end":{"line":1,"column":24}},"1":{"start":{"line":2,"column":13},"end":{"line":2,"column":28}},"2":{"start":{"line":3,"column":44},"end":{"line":3,"column":64}},"3":{"start":{"line":4,"column":76},"end":{"line":4,"column":117}},"4":{"start":{"line":5,"column":37},"end":{"line":5,"column":67}},"5":{"start":{"line":8,"column":0},"end":{"line":48,"column":1}},"6":{"start":{"line":9,"column":4},"end":{"line":47,"column":5}},"7":{"start":{"line":10,"column":21},"end":{"line":10,"column":54}},"8":{"start":{"line":11,"column":25},"end":{"line":11,"column":63}},"9":{"start":{"line":13,"column":23},"end":{"line":13,"column":44}},"10":{"start":{"line":15,"column":23},"end":{"line":36,"column":10}},"11":{"start":{"line":38,"column":8},"end":{"line":43,"column":11}},"12":{"start":{"line":45,"column":8},"end":{"line":45,"column":26}},"13":{"start":{"line":46,"column":8},"end":{"line":46,"column":44}},"14":{"start":{"line":50,"column":0},"end":{"line":72,"column":1}},"15":{"start":{"line":51,"column":4},"end":{"line":71,"column":5}},"16":{"start":{"line":52,"column":27},"end":{"line":52,"column":37}},"17":{"start":{"line":54,"column":28},"end":{"line":61,"column":10}},"18":{"start":{"line":62,"column":8},"end":{"line":64,"column":9}},"19":{"start":{"line":63,"column":12},"end":{"line":63,"column":88}},"20":{"start":{"line":67,"column":4},"end":{"line":67,"column":98}},"21":{"start":{"line":69,"column":8},"end":{"line":69,"column":26}},"22":{"start":{"line":70,"column":8},"end":{"line":70,"column":44}},"23":{"start":{"line":74,"column":0},"end":{"line":105,"column":1}},"24":{"start":{"line":75,"column":4},"end":{"line":104,"column":5}},"25":{"start":{"line":76,"column":23},"end":{"line":76,"column":29}},"26":{"start":{"line":77,"column":23},"end":{"line":94,"column":10}},"27":{"start":{"line":96,"column":8},"end":{"line":98,"column":9}},"28":{"start":{"line":97,"column":12},"end":{"line":97,"column":80}},"29":{"start":{"line":100,"column":8},"end":{"line":100,"column":97}},"30":{"start":{"line":102,"column":8},"end":{"line":102,"column":26}},"31":{"start":{"line":103,"column":8},"end":{"line":103,"column":44}},"32":{"start":{"line":107,"column":0},"end":{"line":136,"column":1}},"33":{"start":{"line":108,"column":4},"end":{"line":135,"column":5}},"34":{"start":{"line":109,"column":28},"end":{"line":109,"column":38}},"35":{"start":{"line":110,"column":22},"end":{"line":126,"column":10}},"36":{"start":{"line":128,"column":8},"end":{"line":130,"column":9}},"37":{"start":{"line":129,"column":12},"end":{"line":129,"column":75}},"38":{"start":{"line":131,"column":8},"end":{"line":131,"column":46}},"39":{"start":{"line":133,"column":8},"end":{"line":133,"column":26}},"40":{"start":{"line":134,"column":8},"end":{"line":134,"column":44}},"41":{"start":{"line":137,"column":0},"end":{"line":171,"column":1}},"42":{"start":{"line":138,"column":4},"end":{"line":170,"column":5}},"43":{"start":{"line":139,"column":22},"end":{"line":139,"column":53}},"44":{"start":{"line":140,"column":27},"end":{"line":140,"column":67}},"45":{"start":{"line":143,"column":37},"end":{"line":143,"column":76}},"46":{"start":{"line":144,"column":8},"end":{"line":146,"column":9}},"47":{"start":{"line":145,"column":10},"end":{"line":145,"column":27}},"48":{"start":{"line":148,"column":8},"end":{"line":150,"column":9}},"49":{"start":{"line":149,"column":12},"end":{"line":149,"column":80}},"50":{"start":{"line":152,"column":8},"end":{"line":154,"column":9}},"51":{"start":{"line":153,"column":12},"end":{"line":153,"column":80}},"52":{"start":{"line":156,"column":8},"end":{"line":158,"column":9}},"53":{"start":{"line":157,"column":12},"end":{"line":157,"column":76}},"54":{"start":{"line":160,"column":22},"end":{"line":160,"column":50}},"55":{"start":{"line":162,"column":8},"end":{"line":165,"column":11}},"56":{"start":{"line":168,"column":8},"end":{"line":168,"column":26}},"57":{"start":{"line":169,"column":8},"end":{"line":169,"column":44}},"58":{"start":{"line":173,"column":0},"end":{"line":211,"column":1}},"59":{"start":{"line":174,"column":4},"end":{"line":210,"column":5}},"60":{"start":{"line":175,"column":26},"end":{"line":175,"column":41}},"61":{"start":{"line":176,"column":28},"end":{"line":176,"column":38}},"62":{"start":{"line":177,"column":32},"end":{"line":177,"column":40}},"63":{"start":{"line":178,"column":8},"end":{"line":178,"column":54}},"64":{"start":{"line":180,"column":37},"end":{"line":180,"column":83}},"65":{"start":{"line":181,"column":8},"end":{"line":183,"column":9}},"66":{"start":{"line":182,"column":12},"end":{"line":182,"column":29}},"67":{"start":{"line":185,"column":29},"end":{"line":185,"column":75}},"68":{"start":{"line":186,"column":8},"end":{"line":188,"column":9}},"69":{"start":{"line":187,"column":12},"end":{"line":187,"column":75}},"70":{"start":{"line":190,"column":8},"end":{"line":202,"column":9}},"71":{"start":{"line":191,"column":12},"end":{"line":191,"column":67}},"72":{"start":{"line":193,"column":12},"end":{"line":201,"column":13}},"73":{"start":{"line":194,"column":41},"end":{"line":194,"column":87}},"74":{"start":{"line":196,"column":16},"end":{"line":200,"column":19}},"75":{"start":{"line":197,"column":20},"end":{"line":199,"column":21}},"76":{"start":{"line":198,"column":24},"end":{"line":198,"column":74}},"77":{"start":{"line":204,"column":8},"end":{"line":204,"column":69}},"78":{"start":{"line":205,"column":8},"end":{"line":205,"column":76}},"79":{"start":{"line":208,"column":8},"end":{"line":208,"column":26}},"80":{"start":{"line":209,"column":8},"end":{"line":209,"column":44}},"81":{"start":{"line":213,"column":0},"end":{"line":229,"column":1}},"82":{"start":{"line":214,"column":4},"end":{"line":228,"column":5}},"83":{"start":{"line":215,"column":28},"end":{"line":215,"column":38}},"84":{"start":{"line":216,"column":26},"end":{"line":216,"column":50}},"85":{"start":{"line":218,"column":22},"end":{"line":218,"column":51}},"86":{"start":{"line":219,"column":8},"end":{"line":221,"column":9}},"87":{"start":{"line":220,"column":12},"end":{"line":220,"column":76}},"88":{"start":{"line":223,"column":8},"end":{"line":223,"column":66}},"89":{"start":{"line":224,"column":8},"end":{"line":224,"column":90}},"90":{"start":{"line":226,"column":8},"end":{"line":226,"column":27}},"91":{"start":{"line":227,"column":8},"end":{"line":227,"column":45}},"92":{"start":{"line":231,"column":0},"end":{"line":248,"column":1}},"93":{"start":{"line":232,"column":4},"end":{"line":247,"column":5}},"94":{"start":{"line":233,"column":28},"end":{"line":233,"column":38}},"95":{"start":{"line":234,"column":23},"end":{"line":234,"column":29}},"96":{"start":{"line":236,"column":30},"end":{"line":236,"column":93}},"97":{"start":{"line":237,"column":8},"end":{"line":237,"column":34}},"98":{"start":{"line":238,"column":8},"end":{"line":240,"column":9}},"99":{"start":{"line":239,"column":12},"end":{"line":239,"column":118}},"100":{"start":{"line":242,"column":8},"end":{"line":242,"column":37}},"101":{"start":{"line":243,"column":8},"end":{"line":243,"column":80}},"102":{"start":{"line":245,"column":8},"end":{"line":245,"column":26}},"103":{"start":{"line":246,"column":8},"end":{"line":246,"column":44}}},"fnMap":{"0":{"name":"(anonymous_0)","decl":{"start":{"line":8,"column":22},"end":{"line":8,"column":23}},"loc":{"start":{"line":8,"column":41},"end":{"line":48,"column":1}},"line":8},"1":{"name":"(anonymous_1)","decl":{"start":{"line":50,"column":29},"end":{"line":50,"column":30}},"loc":{"start":{"line":50,"column":48},"end":{"line":72,"column":1}},"line":50},"2":{"name":"(anonymous_2)","decl":{"start":{"line":74,"column":21},"end":{"line":74,"column":22}},"loc":{"start":{"line":74,"column":40},"end":{"line":105,"column":1}},"line":74},"3":{"name":"(anonymous_3)","decl":{"start":{"line":107,"column":25},"end":{"line":107,"column":26}},"loc":{"start":{"line":107,"column":44},"end":{"line":136,"column":1}},"line":107},"4":{"name":"(anonymous_4)","decl":{"start":{"line":137,"column":22},"end":{"line":137,"column":23}},"loc":{"start":{"line":137,"column":41},"end":{"line":171,"column":1}},"line":137},"5":{"name":"(anonymous_5)","decl":{"start":{"line":173,"column":22},"end":{"line":173,"column":23}},"loc":{"start":{"line":173,"column":42},"end":{"line":211,"column":1}},"line":173},"6":{"name":"(anonymous_6)","decl":{"start":{"line":196,"column":44},"end":{"line":196,"column":45}},"loc":{"start":{"line":196,"column":53},"end":{"line":200,"column":17}},"line":196},"7":{"name":"(anonymous_7)","decl":{"start":{"line":213,"column":28},"end":{"line":213,"column":29}},"loc":{"start":{"line":213,"column":47},"end":{"line":229,"column":1}},"line":213},"8":{"name":"(anonymous_8)","decl":{"start":{"line":231,"column":24},"end":{"line":231,"column":25}},"loc":{"start":{"line":231,"column":43},"end":{"line":248,"column":1}},"line":231}},"branchMap":{"0":{"loc":{"start":{"line":10,"column":21},"end":{"line":10,"column":54}},"type":"binary-expr","locations":[{"start":{"line":10,"column":21},"end":{"line":10,"column":49}},{"start":{"line":10,"column":53},"end":{"line":10,"column":54}}],"line":10},"1":{"loc":{"start":{"line":11,"column":25},"end":{"line":11,"column":63}},"type":"binary-expr","locations":[{"start":{"line":11,"column":25},"end":{"line":11,"column":57}},{"start":{"line":11,"column":61},"end":{"line":11,"column":63}}],"line":11},"2":{"loc":{"start":{"line":62,"column":8},"end":{"line":64,"column":9}},"type":"if","locations":[{"start":{"line":62,"column":8},"end":{"line":64,"column":9}},{"start":{},"end":{}}],"line":62},"3":{"loc":{"start":{"line":96,"column":8},"end":{"line":98,"column":9}},"type":"if","locations":[{"start":{"line":96,"column":8},"end":{"line":98,"column":9}},{"start":{},"end":{}}],"line":96},"4":{"loc":{"start":{"line":96,"column":11},"end":{"line":96,"column":41}},"type":"binary-expr","locations":[{"start":{"line":96,"column":11},"end":{"line":96,"column":18}},{"start":{"line":96,"column":22},"end":{"line":96,"column":41}}],"line":96},"5":{"loc":{"start":{"line":128,"column":8},"end":{"line":130,"column":9}},"type":"if","locations":[{"start":{"line":128,"column":8},"end":{"line":130,"column":9}},{"start":{},"end":{}}],"line":128},"6":{"loc":{"start":{"line":139,"column":22},"end":{"line":139,"column":53}},"type":"cond-expr","locations":[{"start":{"line":139,"column":33},"end":{"line":139,"column":46}},{"start":{"line":139,"column":49},"end":{"line":139,"column":53}}],"line":139},"7":{"loc":{"start":{"line":140,"column":46},"end":{"line":140,"column":64}},"type":"binary-expr","locations":[{"start":{"line":140,"column":46},"end":{"line":140,"column":51}},{"start":{"line":140,"column":55},"end":{"line":140,"column":64}}],"line":140},"8":{"loc":{"start":{"line":144,"column":8},"end":{"line":146,"column":9}},"type":"if","locations":[{"start":{"line":144,"column":8},"end":{"line":146,"column":9}},{"start":{},"end":{}}],"line":144},"9":{"loc":{"start":{"line":148,"column":8},"end":{"line":150,"column":9}},"type":"if","locations":[{"start":{"line":148,"column":8},"end":{"line":150,"column":9}},{"start":{},"end":{}}],"line":148},"10":{"loc":{"start":{"line":152,"column":8},"end":{"line":154,"column":9}},"type":"if","locations":[{"start":{"line":152,"column":8},"end":{"line":154,"column":9}},{"start":{},"end":{}}],"line":152},"11":{"loc":{"start":{"line":156,"column":8},"end":{"line":158,"column":9}},"type":"if","locations":[{"start":{"line":156,"column":8},"end":{"line":158,"column":9}},{"start":{},"end":{}}],"line":156},"12":{"loc":{"start":{"line":181,"column":8},"end":{"line":183,"column":9}},"type":"if","locations":[{"start":{"line":181,"column":8},"end":{"line":183,"column":9}},{"start":{},"end":{}}],"line":181},"13":{"loc":{"start":{"line":186,"column":8},"end":{"line":188,"column":9}},"type":"if","locations":[{"start":{"line":186,"column":8},"end":{"line":188,"column":9}},{"start":{},"end":{}}],"line":186},"14":{"loc":{"start":{"line":190,"column":8},"end":{"line":202,"column":9}},"type":"if","locations":[{"start":{"line":190,"column":8},"end":{"line":202,"column":9}},{"start":{},"end":{}}],"line":190},"15":{"loc":{"start":{"line":193,"column":12},"end":{"line":201,"column":13}},"type":"if","locations":[{"start":{"line":193,"column":12},"end":{"line":201,"column":13}},{"start":{},"end":{}}],"line":193},"16":{"loc":{"start":{"line":197,"column":20},"end":{"line":199,"column":21}},"type":"if","locations":[{"start":{"line":197,"column":20},"end":{"line":199,"column":21}},{"start":{},"end":{}}],"line":197},"17":{"loc":{"start":{"line":219,"column":8},"end":{"line":221,"column":9}},"type":"if","locations":[{"start":{"line":219,"column":8},"end":{"line":221,"column":9}},{"start":{},"end":{}}],"line":219},"18":{"loc":{"start":{"line":238,"column":8},"end":{"line":240,"column":9}},"type":"if","locations":[{"start":{"line":238,"column":8},"end":{"line":240,"column":9}},{"start":{},"end":{}}],"line":238}},"s":{"0":6,"1":6,"2":6,"3":6,"4":6,"5":6,"6":5,"7":5,"8":5,"9":5,"10":5,"11":5,"12":0,"13":0,"14":6,"15":1,"16":1,"17":1,"18":1,"19":0,"20":1,"21":0,"22":0,"23":6,"24":1,"25":1,"26":1,"27":1,"28":0,"29":1,"30":0,"31":0,"32":6,"33":2,"34":2,"35":2,"36":2,"37":0,"38":2,"39":0,"40":0,"41":6,"42":2,"43":2,"44":2,"45":2,"46":2,"47":0,"48":2,"49":0,"50":2,"51":0,"52":2,"53":0,"54":2,"55":2,"56":0,"57":0,"58":6,"59":1,"60":1,"61":1,"62":1,"63":1,"64":1,"65":1,"66":0,"67":1,"68":1,"69":0,"70":1,"71":1,"72":1,"73":1,"74":1,"75":1,"76":0,"77":1,"78":1,"79":0,"80":0,"81":6,"82":1,"83":1,"84":1,"85":1,"86":1,"87":0,"88":1,"89":1,"90":0,"91":0,"92":6,"93":1,"94":1,"95":1,"96":1,"97":1,"98":1,"99":0,"100":1,"101":1,"102":0,"103":0},"f":{"0":5,"1":1,"2":1,"3":2,"4":2,"5":1,"6":1,"7":1,"8":1},"b":{"0":[5,4],"1":[5,4],"2":[0,1],"3":[0,1],"4":[1,1],"5":[0,2],"6":[2,0],"7":[2,2],"8":[0,2],"9":[0,2],"10":[0,2],"11":[0,2],"12":[0,1],"13":[0,1],"14":[1,0],"15":[1,0],"16":[0,1],"17":[0,1],"18":[0,1]},"_coverageSchema":"1a1c01bbd47fc00a2c39e90264f33305004495a9","hash":"2e611847d83764f18c74a909fd8b3932df1fdc66"}
,"D:\\pt-phincon\\final-project\\Gelora-Rasa\\server\\controllers\\eventOrganizerController.js": {"path":"D:\\pt-phincon\\final-project\\Gelora-Rasa\\server\\controllers\\eventOrganizerController.js","statementMap":{"0":{"start":{"line":1,"column":39},"end":{"line":1,"column":59}},"1":{"start":{"line":2,"column":76},"end":{"line":2,"column":117}},"2":{"start":{"line":3,"column":59},"end":{"line":3,"column":89}},"3":{"start":{"line":4,"column":24},"end":{"line":4,"column":47}},"4":{"start":{"line":7,"column":0},"end":{"line":50,"column":1}},"5":{"start":{"line":8,"column":4},"end":{"line":49,"column":5}},"6":{"start":{"line":9,"column":34},"end":{"line":9,"column":42}},"7":{"start":{"line":11,"column":23},"end":{"line":11,"column":29}},"8":{"start":{"line":12,"column":37},"end":{"line":12,"column":94}},"9":{"start":{"line":13,"column":8},"end":{"line":15,"column":9}},"10":{"start":{"line":14,"column":10},"end":{"line":14,"column":27}},"11":{"start":{"line":17,"column":24},"end":{"line":17,"column":100}},"12":{"start":{"line":19,"column":8},"end":{"line":23,"column":9}},"13":{"start":{"line":20,"column":12},"end":{"line":22,"column":15}},"14":{"start":{"line":25,"column":35},"end":{"line":28,"column":9}},"15":{"start":{"line":30,"column":31},"end":{"line":30,"column":84}},"16":{"start":{"line":32,"column":8},"end":{"line":34,"column":10}},"17":{"start":{"line":36,"column":31},"end":{"line":36,"column":74}},"18":{"start":{"line":37,"column":22},"end":{"line":37,"column":49}},"19":{"start":{"line":38,"column":8},"end":{"line":40,"column":9}},"20":{"start":{"line":39,"column":12},"end":{"line":39,"column":52}},"21":{"start":{"line":42,"column":8},"end":{"line":45,"column":11}},"22":{"start":{"line":47,"column":8},"end":{"line":47,"column":26}},"23":{"start":{"line":48,"column":8},"end":{"line":48,"column":44}}},"fnMap":{"0":{"name":"(anonymous_0)","decl":{"start":{"line":7,"column":31},"end":{"line":7,"column":32}},"loc":{"start":{"line":7,"column":51},"end":{"line":50,"column":1}},"line":7}},"branchMap":{"0":{"loc":{"start":{"line":13,"column":8},"end":{"line":15,"column":9}},"type":"if","locations":[{"start":{"line":13,"column":8},"end":{"line":15,"column":9}},{"start":{},"end":{}}],"line":13},"1":{"loc":{"start":{"line":19,"column":8},"end":{"line":23,"column":9}},"type":"if","locations":[{"start":{"line":19,"column":8},"end":{"line":23,"column":9}},{"start":{},"end":{}}],"line":19},"2":{"loc":{"start":{"line":38,"column":8},"end":{"line":40,"column":9}},"type":"if","locations":[{"start":{"line":38,"column":8},"end":{"line":40,"column":9}},{"start":{},"end":{}}],"line":38}},"s":{"0":6,"1":6,"2":6,"3":6,"4":6,"5":3,"6":3,"7":3,"8":3,"9":3,"10":1,"11":2,"12":2,"13":1,"14":1,"15":1,"16":1,"17":1,"18":1,"19":1,"20":0,"21":1,"22":0,"23":0},"f":{"0":3},"b":{"0":[1,2],"1":[1,1],"2":[0,1]},"_coverageSchema":"1a1c01bbd47fc00a2c39e90264f33305004495a9","hash":"0ac488409b8f85aee6f0b6402746fb42134a1525"}
,"D:\\pt-phincon\\final-project\\Gelora-Rasa\\server\\controllers\\liveStreamingController.js": {"path":"D:\\pt-phincon\\final-project\\Gelora-Rasa\\server\\controllers\\liveStreamingController.js","statementMap":{"0":{"start":{"line":1,"column":45},"end":{"line":1,"column":86}},"1":{"start":{"line":2,"column":37},"end":{"line":2,"column":72}},"2":{"start":{"line":3,"column":46},"end":{"line":3,"column":66}},"3":{"start":{"line":5,"column":0},"end":{"line":42,"column":1}},"4":{"start":{"line":6,"column":4},"end":{"line":41,"column":5}},"5":{"start":{"line":7,"column":39},"end":{"line":7,"column":47}},"6":{"start":{"line":9,"column":8},"end":{"line":9,"column":59}},"7":{"start":{"line":11,"column":23},"end":{"line":25,"column":10}},"8":{"start":{"line":27,"column":30},"end":{"line":27,"column":34}},"9":{"start":{"line":28,"column":8},"end":{"line":31,"column":9}},"10":{"start":{"line":29,"column":31},"end":{"line":29,"column":113}},"11":{"start":{"line":30,"column":12},"end":{"line":30,"column":53}},"12":{"start":{"line":30,"column":29},"end":{"line":30,"column":53}},"13":{"start":{"line":33,"column":8},"end":{"line":37,"column":9}},"14":{"start":{"line":34,"column":12},"end":{"line":34,"column":91}},"15":{"start":{"line":36,"column":12},"end":{"line":36,"column":88}},"16":{"start":{"line":39,"column":8},"end":{"line":39,"column":26}},"17":{"start":{"line":40,"column":8},"end":{"line":40,"column":44}}},"fnMap":{"0":{"name":"(anonymous_0)","decl":{"start":{"line":5,"column":29},"end":{"line":5,"column":30}},"loc":{"start":{"line":5,"column":48},"end":{"line":42,"column":1}},"line":5}},"branchMap":{"0":{"loc":{"start":{"line":30,"column":12},"end":{"line":30,"column":53}},"type":"if","locations":[{"start":{"line":30,"column":12},"end":{"line":30,"column":53}},{"start":{},"end":{}}],"line":30},"1":{"loc":{"start":{"line":33,"column":8},"end":{"line":37,"column":9}},"type":"if","locations":[{"start":{"line":33,"column":8},"end":{"line":37,"column":9}},{"start":{"line":35,"column":15},"end":{"line":37,"column":9}}],"line":33}},"s":{"0":6,"1":6,"2":6,"3":6,"4":0,"5":0,"6":0,"7":0,"8":0,"9":0,"10":0,"11":0,"12":0,"13":0,"14":0,"15":0,"16":0,"17":0},"f":{"0":0},"b":{"0":[0,0],"1":[0,0]},"_coverageSchema":"1a1c01bbd47fc00a2c39e90264f33305004495a9","hash":"792e3a34e961736274fcd0b17b1c50bf0c97e676"}
,"D:\\pt-phincon\\final-project\\Gelora-Rasa\\server\\controllers\\locationController.js": {"path":"D:\\pt-phincon\\final-project\\Gelora-Rasa\\server\\controllers\\locationController.js","statementMap":{"0":{"start":{"line":1,"column":92},"end":{"line":1,"column":133}},"1":{"start":{"line":2,"column":40},"end":{"line":2,"column":70}},"2":{"start":{"line":3,"column":21},"end":{"line":3,"column":41}},"3":{"start":{"line":4,"column":20},"end":{"line":4,"column":52}},"4":{"start":{"line":6,"column":0},"end":{"line":26,"column":1}},"5":{"start":{"line":7,"column":4},"end":{"line":25,"column":5}},"6":{"start":{"line":8,"column":31},"end":{"line":8,"column":84}},"7":{"start":{"line":10,"column":8},"end":{"line":21,"column":9}},"8":{"start":{"line":11,"column":12},"end":{"line":11,"column":105}},"9":{"start":{"line":13,"column":29},"end":{"line":15,"column":14}},"10":{"start":{"line":16,"column":12},"end":{"line":18,"column":13}},"11":{"start":{"line":17,"column":16},"end":{"line":17,"column":42}},"12":{"start":{"line":19,"column":12},"end":{"line":19,"column":104}},"13":{"start":{"line":20,"column":12},"end":{"line":20,"column":112}},"14":{"start":{"line":23,"column":8},"end":{"line":23,"column":26}},"15":{"start":{"line":24,"column":8},"end":{"line":24,"column":44}},"16":{"start":{"line":28,"column":0},"end":{"line":65,"column":1}},"17":{"start":{"line":29,"column":4},"end":{"line":64,"column":5}},"18":{"start":{"line":30,"column":28},"end":{"line":30,"column":36}},"19":{"start":{"line":32,"column":37},"end":{"line":32,"column":82}},"20":{"start":{"line":33,"column":8},"end":{"line":35,"column":9}},"21":{"start":{"line":34,"column":10},"end":{"line":34,"column":27}},"22":{"start":{"line":37,"column":24},"end":{"line":37,"column":100}},"23":{"start":{"line":39,"column":8},"end":{"line":43,"column":9}},"24":{"start":{"line":40,"column":12},"end":{"line":42,"column":15}},"25":{"start":{"line":45,"column":25},"end":{"line":45,"column":59}},"26":{"start":{"line":47,"column":8},"end":{"line":55,"column":9}},"27":{"start":{"line":48,"column":32},"end":{"line":48,"column":88}},"28":{"start":{"line":49,"column":12},"end":{"line":52,"column":13}},"29":{"start":{"line":50,"column":16},"end":{"line":50,"column":70}},"30":{"start":{"line":51,"column":16},"end":{"line":51,"column":58}},"31":{"start":{"line":54,"column":12},"end":{"line":54,"column":69}},"32":{"start":{"line":57,"column":8},"end":{"line":60,"column":11}},"33":{"start":{"line":62,"column":8},"end":{"line":62,"column":26}},"34":{"start":{"line":63,"column":8},"end":{"line":63,"column":44}},"35":{"start":{"line":67,"column":0},"end":{"line":98,"column":1}},"36":{"start":{"line":68,"column":4},"end":{"line":97,"column":5}},"37":{"start":{"line":69,"column":31},"end":{"line":69,"column":41}},"38":{"start":{"line":70,"column":35},"end":{"line":70,"column":43}},"39":{"start":{"line":72,"column":37},"end":{"line":72,"column":89}},"40":{"start":{"line":73,"column":8},"end":{"line":75,"column":9}},"41":{"start":{"line":74,"column":12},"end":{"line":74,"column":29}},"42":{"start":{"line":77,"column":32},"end":{"line":77,"column":84}},"43":{"start":{"line":78,"column":8},"end":{"line":80,"column":9}},"44":{"start":{"line":79,"column":12},"end":{"line":79,"column":78}},"45":{"start":{"line":82,"column":8},"end":{"line":82,"column":78}},"46":{"start":{"line":84,"column":8},"end":{"line":92,"column":9}},"47":{"start":{"line":85,"column":32},"end":{"line":85,"column":88}},"48":{"start":{"line":86,"column":12},"end":{"line":89,"column":13}},"49":{"start":{"line":87,"column":16},"end":{"line":87,"column":70}},"50":{"start":{"line":88,"column":16},"end":{"line":88,"column":58}},"51":{"start":{"line":91,"column":12},"end":{"line":91,"column":69}},"52":{"start":{"line":93,"column":8},"end":{"line":93,"column":79}},"53":{"start":{"line":95,"column":8},"end":{"line":95,"column":26}},"54":{"start":{"line":96,"column":8},"end":{"line":96,"column":44}},"55":{"start":{"line":100,"column":0},"end":{"line":126,"column":1}},"56":{"start":{"line":101,"column":4},"end":{"line":125,"column":5}},"57":{"start":{"line":102,"column":31},"end":{"line":102,"column":41}},"58":{"start":{"line":103,"column":8},"end":{"line":103,"column":31}},"59":{"start":{"line":105,"column":31},"end":{"line":105,"column":84}},"60":{"start":{"line":106,"column":8},"end":{"line":108,"column":9}},"61":{"start":{"line":107,"column":12},"end":{"line":107,"column":75}},"62":{"start":{"line":110,"column":8},"end":{"line":110,"column":38}},"63":{"start":{"line":112,"column":8},"end":{"line":120,"column":9}},"64":{"start":{"line":113,"column":32},"end":{"line":113,"column":88}},"65":{"start":{"line":114,"column":12},"end":{"line":117,"column":13}},"66":{"start":{"line":115,"column":16},"end":{"line":115,"column":70}},"67":{"start":{"line":116,"column":16},"end":{"line":116,"column":58}},"68":{"start":{"line":119,"column":12},"end":{"line":119,"column":69}},"69":{"start":{"line":121,"column":8},"end":{"line":121,"column":83}},"70":{"start":{"line":123,"column":8},"end":{"line":123,"column":26}},"71":{"start":{"line":124,"column":8},"end":{"line":124,"column":44}}},"fnMap":{"0":{"name":"(anonymous_0)","decl":{"start":{"line":6,"column":25},"end":{"line":6,"column":26}},"loc":{"start":{"line":6,"column":45},"end":{"line":26,"column":1}},"line":6},"1":{"name":"(anonymous_1)","decl":{"start":{"line":28,"column":25},"end":{"line":28,"column":26}},"loc":{"start":{"line":28,"column":45},"end":{"line":65,"column":1}},"line":28},"2":{"name":"(anonymous_2)","decl":{"start":{"line":67,"column":25},"end":{"line":67,"column":26}},"loc":{"start":{"line":67,"column":44},"end":{"line":98,"column":1}},"line":67},"3":{"name":"(anonymous_3)","decl":{"start":{"line":100,"column":25},"end":{"line":100,"column":26}},"loc":{"start":{"line":100,"column":44},"end":{"line":126,"column":1}},"line":100}},"branchMap":{"0":{"loc":{"start":{"line":10,"column":8},"end":{"line":21,"column":9}},"type":"if","locations":[{"start":{"line":10,"column":8},"end":{"line":21,"column":9}},{"start":{"line":12,"column":13},"end":{"line":21,"column":9}}],"line":10},"1":{"loc":{"start":{"line":16,"column":12},"end":{"line":18,"column":13}},"type":"if","locations":[{"start":{"line":16,"column":12},"end":{"line":18,"column":13}},{"start":{},"end":{}}],"line":16},"2":{"loc":{"start":{"line":33,"column":8},"end":{"line":35,"column":9}},"type":"if","locations":[{"start":{"line":33,"column":8},"end":{"line":35,"column":9}},{"start":{},"end":{}}],"line":33},"3":{"loc":{"start":{"line":39,"column":8},"end":{"line":43,"column":9}},"type":"if","locations":[{"start":{"line":39,"column":8},"end":{"line":43,"column":9}},{"start":{},"end":{}}],"line":39},"4":{"loc":{"start":{"line":49,"column":12},"end":{"line":52,"column":13}},"type":"if","locations":[{"start":{"line":49,"column":12},"end":{"line":52,"column":13}},{"start":{},"end":{}}],"line":49},"5":{"loc":{"start":{"line":73,"column":8},"end":{"line":75,"column":9}},"type":"if","locations":[{"start":{"line":73,"column":8},"end":{"line":75,"column":9}},{"start":{},"end":{}}],"line":73},"6":{"loc":{"start":{"line":78,"column":8},"end":{"line":80,"column":9}},"type":"if","locations":[{"start":{"line":78,"column":8},"end":{"line":80,"column":9}},{"start":{},"end":{}}],"line":78},"7":{"loc":{"start":{"line":86,"column":12},"end":{"line":89,"column":13}},"type":"if","locations":[{"start":{"line":86,"column":12},"end":{"line":89,"column":13}},{"start":{},"end":{}}],"line":86},"8":{"loc":{"start":{"line":106,"column":8},"end":{"line":108,"column":9}},"type":"if","locations":[{"start":{"line":106,"column":8},"end":{"line":108,"column":9}},{"start":{},"end":{}}],"line":106},"9":{"loc":{"start":{"line":114,"column":12},"end":{"line":117,"column":13}},"type":"if","locations":[{"start":{"line":114,"column":12},"end":{"line":117,"column":13}},{"start":{},"end":{}}],"line":114}},"s":{"0":6,"1":6,"2":6,"3":6,"4":6,"5":3,"6":3,"7":3,"8":1,"9":2,"10":2,"11":0,"12":2,"13":2,"14":0,"15":0,"16":6,"17":4,"18":4,"19":4,"20":4,"21":1,"22":3,"23":3,"24":1,"25":2,"26":2,"27":2,"28":2,"29":1,"30":1,"31":0,"32":2,"33":0,"34":0,"35":6,"36":3,"37":3,"38":3,"39":3,"40":3,"41":1,"42":2,"43":2,"44":1,"45":1,"46":1,"47":1,"48":1,"49":1,"50":1,"51":0,"52":1,"53":0,"54":0,"55":6,"56":2,"57":2,"58":2,"59":2,"60":2,"61":1,"62":1,"63":1,"64":1,"65":1,"66":0,"67":0,"68":0,"69":1,"70":0,"71":0},"f":{"0":3,"1":4,"2":3,"3":2},"b":{"0":[1,2],"1":[0,2],"2":[1,3],"3":[1,2],"4":[1,1],"5":[1,2],"6":[1,1],"7":[1,0],"8":[1,1],"9":[0,1]},"_coverageSchema":"1a1c01bbd47fc00a2c39e90264f33305004495a9","hash":"65d39a0b6ebf416b85998767bb057fca0d855419"}
,"D:\\pt-phincon\\final-project\\Gelora-Rasa\\server\\controllers\\orderController.js": {"path":"D:\\pt-phincon\\final-project\\Gelora-Rasa\\server\\controllers\\orderController.js","statementMap":{"0":{"start":{"line":1,"column":31},"end":{"line":1,"column":51}},"1":{"start":{"line":2,"column":76},"end":{"line":2,"column":117}},"2":{"start":{"line":3,"column":37},"end":{"line":3,"column":67}},"3":{"start":{"line":4,"column":23},"end":{"line":4,"column":49}},"4":{"start":{"line":5,"column":40},"end":{"line":5,"column":75}},"5":{"start":{"line":7,"column":0},"end":{"line":52,"column":1}},"6":{"start":{"line":8,"column":4},"end":{"line":51,"column":5}},"7":{"start":{"line":9,"column":23},"end":{"line":9,"column":29}},"8":{"start":{"line":10,"column":28},"end":{"line":10,"column":38}},"9":{"start":{"line":11,"column":33},"end":{"line":11,"column":41}},"10":{"start":{"line":13,"column":22},"end":{"line":13,"column":51}},"11":{"start":{"line":14,"column":26},"end":{"line":14,"column":53}},"12":{"start":{"line":16,"column":8},"end":{"line":18,"column":9}},"13":{"start":{"line":17,"column":12},"end":{"line":17,"column":84}},"14":{"start":{"line":20,"column":25},"end":{"line":20,"column":51}},"15":{"start":{"line":22,"column":19},"end":{"line":25,"column":10}},"16":{"start":{"line":27,"column":24},"end":{"line":40,"column":9}},"17":{"start":{"line":42,"column":28},"end":{"line":42,"column":67}},"18":{"start":{"line":43,"column":8},"end":{"line":47,"column":11}},"19":{"start":{"line":49,"column":8},"end":{"line":49,"column":26}},"20":{"start":{"line":50,"column":8},"end":{"line":50,"column":44}},"21":{"start":{"line":54,"column":0},"end":{"line":99,"column":2}},"22":{"start":{"line":55,"column":4},"end":{"line":98,"column":5}},"23":{"start":{"line":56,"column":23},"end":{"line":56,"column":29}},"24":{"start":{"line":58,"column":56},"end":{"line":58,"column":64}},"25":{"start":{"line":59,"column":8},"end":{"line":59,"column":45}},"26":{"start":{"line":61,"column":22},"end":{"line":61,"column":51}},"27":{"start":{"line":62,"column":8},"end":{"line":64,"column":9}},"28":{"start":{"line":63,"column":12},"end":{"line":63,"column":72}},"29":{"start":{"line":66,"column":21},"end":{"line":66,"column":48}},"30":{"start":{"line":67,"column":8},"end":{"line":69,"column":9}},"31":{"start":{"line":68,"column":12},"end":{"line":68,"column":71}},"32":{"start":{"line":71,"column":25},"end":{"line":71,"column":51}},"33":{"start":{"line":72,"column":29},"end":{"line":72,"column":39}},"34":{"start":{"line":73,"column":29},"end":{"line":73,"column":72}},"35":{"start":{"line":75,"column":25},"end":{"line":83,"column":10}},"36":{"start":{"line":85,"column":8},"end":{"line":92,"column":17}},"37":{"start":{"line":94,"column":8},"end":{"line":94,"column":76}},"38":{"start":{"line":96,"column":8},"end":{"line":96,"column":27}},"39":{"start":{"line":97,"column":8},"end":{"line":97,"column":45}},"40":{"start":{"line":106,"column":0},"end":{"line":132,"column":1}},"41":{"start":{"line":107,"column":4},"end":{"line":131,"column":5}},"42":{"start":{"line":108,"column":24},"end":{"line":108,"column":30}},"43":{"start":{"line":109,"column":25},"end":{"line":123,"column":10}},"44":{"start":{"line":124,"column":8},"end":{"line":127,"column":11}},"45":{"start":{"line":129,"column":8},"end":{"line":129,"column":26}},"46":{"start":{"line":130,"column":8},"end":{"line":130,"column":44}},"47":{"start":{"line":134,"column":0},"end":{"line":150,"column":1}},"48":{"start":{"line":135,"column":4},"end":{"line":149,"column":5}},"49":{"start":{"line":136,"column":28},"end":{"line":136,"column":38}},"50":{"start":{"line":137,"column":23},"end":{"line":137,"column":29}},"51":{"start":{"line":139,"column":30},"end":{"line":139,"column":93}},"52":{"start":{"line":140,"column":8},"end":{"line":142,"column":9}},"53":{"start":{"line":141,"column":12},"end":{"line":141,"column":119}},"54":{"start":{"line":144,"column":8},"end":{"line":144,"column":37}},"55":{"start":{"line":145,"column":8},"end":{"line":145,"column":80}},"56":{"start":{"line":147,"column":8},"end":{"line":147,"column":26}},"57":{"start":{"line":148,"column":8},"end":{"line":148,"column":44}}},"fnMap":{"0":{"name":"(anonymous_0)","decl":{"start":{"line":7,"column":25},"end":{"line":7,"column":26}},"loc":{"start":{"line":7,"column":45},"end":{"line":52,"column":1}},"line":7},"1":{"name":"(anonymous_1)","decl":{"start":{"line":54,"column":22},"end":{"line":54,"column":23}},"loc":{"start":{"line":54,"column":42},"end":{"line":99,"column":1}},"line":54},"2":{"name":"(anonymous_2)","decl":{"start":{"line":106,"column":22},"end":{"line":106,"column":23}},"loc":{"start":{"line":106,"column":41},"end":{"line":132,"column":1}},"line":106},"3":{"name":"(anonymous_3)","decl":{"start":{"line":134,"column":24},"end":{"line":134,"column":25}},"loc":{"start":{"line":134,"column":43},"end":{"line":150,"column":1}},"line":134}},"branchMap":{"0":{"loc":{"start":{"line":16,"column":8},"end":{"line":18,"column":9}},"type":"if","locations":[{"start":{"line":16,"column":8},"end":{"line":18,"column":9}},{"start":{},"end":{}}],"line":16},"1":{"loc":{"start":{"line":16,"column":12},"end":{"line":16,"column":32}},"type":"binary-expr","locations":[{"start":{"line":16,"column":12},"end":{"line":16,"column":18}},{"start":{"line":16,"column":22},"end":{"line":16,"column":32}}],"line":16},"2":{"loc":{"start":{"line":62,"column":8},"end":{"line":64,"column":9}},"type":"if","locations":[{"start":{"line":62,"column":8},"end":{"line":64,"column":9}},{"start":{},"end":{}}],"line":62},"3":{"loc":{"start":{"line":67,"column":8},"end":{"line":69,"column":9}},"type":"if","locations":[{"start":{"line":67,"column":8},"end":{"line":69,"column":9}},{"start":{},"end":{}}],"line":67},"4":{"loc":{"start":{"line":140,"column":8},"end":{"line":142,"column":9}},"type":"if","locations":[{"start":{"line":140,"column":8},"end":{"line":142,"column":9}},{"start":{},"end":{}}],"line":140}},"s":{"0":6,"1":6,"2":6,"3":6,"4":6,"5":6,"6":1,"7":1,"8":1,"9":1,"10":1,"11":1,"12":1,"13":0,"14":1,"15":1,"16":1,"17":1,"18":1,"19":0,"20":0,"21":6,"22":1,"23":1,"24":1,"25":1,"26":1,"27":1,"28":0,"29":1,"30":1,"31":0,"32":1,"33":1,"34":1,"35":1,"36":1,"37":1,"38":0,"39":0,"40":6,"41":1,"42":1,"43":1,"44":1,"45":0,"46":0,"47":6,"48":0,"49":0,"50":0,"51":0,"52":0,"53":0,"54":0,"55":0,"56":0,"57":0},"f":{"0":1,"1":1,"2":1,"3":0},"b":{"0":[0,1],"1":[1,1],"2":[0,1],"3":[0,1],"4":[0,0]},"_coverageSchema":"1a1c01bbd47fc00a2c39e90264f33305004495a9","hash":"889ac7cfb2fd1f8b2b5bf9a955d116a7b9e7a37a"}
,"D:\\pt-phincon\\final-project\\Gelora-Rasa\\server\\helper\\handleResponseHelper.js": {"path":"D:\\pt-phincon\\final-project\\Gelora-Rasa\\server\\helper\\handleResponseHelper.js","statementMap":{"0":{"start":{"line":1,"column":0},"end":{"line":3,"column":2}},"1":{"start":{"line":2,"column":4},"end":{"line":2,"column":71}},"2":{"start":{"line":4,"column":0},"end":{"line":6,"column":2}},"3":{"start":{"line":5,"column":4},"end":{"line":5,"column":48}},"4":{"start":{"line":7,"column":0},"end":{"line":9,"column":2}},"5":{"start":{"line":8,"column":4},"end":{"line":8,"column":63}},"6":{"start":{"line":10,"column":0},"end":{"line":12,"column":2}},"7":{"start":{"line":11,"column":4},"end":{"line":11,"column":38}},"8":{"start":{"line":13,"column":0},"end":{"line":15,"column":2}},"9":{"start":{"line":14,"column":4},"end":{"line":14,"column":38}},"10":{"start":{"line":16,"column":0},"end":{"line":18,"column":2}},"11":{"start":{"line":17,"column":4},"end":{"line":17,"column":41}}},"fnMap":{"0":{"name":"(anonymous_0)","decl":{"start":{"line":1,"column":28},"end":{"line":1,"column":29}},"loc":{"start":{"line":1,"column":37},"end":{"line":3,"column":1}},"line":1},"1":{"name":"(anonymous_1)","decl":{"start":{"line":4,"column":28},"end":{"line":4,"column":29}},"loc":{"start":{"line":4,"column":54},"end":{"line":6,"column":1}},"line":4},"2":{"name":"(anonymous_2)","decl":{"start":{"line":7,"column":25},"end":{"line":7,"column":26}},"loc":{"start":{"line":7,"column":34},"end":{"line":9,"column":1}},"line":7},"3":{"name":"(anonymous_3)","decl":{"start":{"line":10,"column":24},"end":{"line":10,"column":25}},"loc":{"start":{"line":10,"column":39},"end":{"line":12,"column":1}},"line":10},"4":{"name":"(anonymous_4)","decl":{"start":{"line":13,"column":24},"end":{"line":13,"column":25}},"loc":{"start":{"line":13,"column":39},"end":{"line":15,"column":1}},"line":13},"5":{"name":"(anonymous_5)","decl":{"start":{"line":16,"column":25},"end":{"line":16,"column":26}},"loc":{"start":{"line":16,"column":48},"end":{"line":18,"column":1}},"line":16}},"branchMap":{},"s":{"0":7,"1":0,"2":7,"3":1,"4":7,"5":1,"6":7,"7":31,"8":7,"9":3,"10":7,"11":19},"f":{"0":0,"1":1,"2":1,"3":31,"4":3,"5":19},"b":{},"_coverageSchema":"1a1c01bbd47fc00a2c39e90264f33305004495a9","hash":"d529c6db2ae1c1993767b3c1c6cb72b9d34d1419"}
,"D:\\pt-phincon\\final-project\\Gelora-Rasa\\server\\helper\\joiHelper.js": {"path":"D:\\pt-phincon\\final-project\\Gelora-Rasa\\server\\helper\\joiHelper.js","statementMap":{"0":{"start":{"line":1,"column":12},"end":{"line":1,"column":26}},"1":{"start":{"line":2,"column":27},"end":{"line":2,"column":60}},"2":{"start":{"line":5,"column":0},"end":{"line":17,"column":2}},"3":{"start":{"line":6,"column":20},"end":{"line":6,"column":64}},"4":{"start":{"line":7,"column":2},"end":{"line":15,"column":3}},"5":{"start":{"line":8,"column":4},"end":{"line":14,"column":6}},"6":{"start":{"line":16,"column":2},"end":{"line":16,"column":43}},"7":{"start":{"line":21,"column":0},"end":{"line":38,"column":3}},"8":{"start":{"line":40,"column":0},"end":{"line":50,"column":3}},"9":{"start":{"line":52,"column":0},"end":{"line":55,"column":2}},"10":{"start":{"line":57,"column":0},"end":{"line":64,"column":2}},"11":{"start":{"line":66,"column":0},"end":{"line":68,"column":2}},"12":{"start":{"line":70,"column":0},"end":{"line":143,"column":2}},"13":{"start":{"line":145,"column":0},"end":{"line":148,"column":2}},"14":{"start":{"line":150,"column":0},"end":{"line":168,"column":3}}},"fnMap":{"0":{"name":"(anonymous_0)","decl":{"start":{"line":5,"column":22},"end":{"line":5,"column":23}},"loc":{"start":{"line":5,"column":45},"end":{"line":17,"column":1}},"line":5}},"branchMap":{"0":{"loc":{"start":{"line":7,"column":2},"end":{"line":15,"column":3}},"type":"if","locations":[{"start":{"line":7,"column":2},"end":{"line":15,"column":3}},{"start":{},"end":{}}],"line":7}},"s":{"0":6,"1":6,"2":6,"3":33,"4":33,"5":6,"6":27,"7":6,"8":6,"9":6,"10":6,"11":6,"12":6,"13":6,"14":6},"f":{"0":33},"b":{"0":[6,27]},"_coverageSchema":"1a1c01bbd47fc00a2c39e90264f33305004495a9","hash":"946cfac8b2cc74f1f27d693c9cb8745e9471be9f"}
,"D:\\pt-phincon\\final-project\\Gelora-Rasa\\server\\helper\\sendMailHelper.js": {"path":"D:\\pt-phincon\\final-project\\Gelora-Rasa\\server\\helper\\sendMailHelper.js","statementMap":{"0":{"start":{"line":1,"column":19},"end":{"line":1,"column":40}},"1":{"start":{"line":3,"column":0},"end":{"line":75,"column":2}},"2":{"start":{"line":4,"column":18},"end":{"line":10,"column":4}},"3":{"start":{"line":11,"column":18},"end":{"line":68,"column":3}},"4":{"start":{"line":69,"column":2},"end":{"line":74,"column":3}},"5":{"start":{"line":70,"column":17},"end":{"line":70,"column":50}},"6":{"start":{"line":71,"column":4},"end":{"line":71,"column":16}},"7":{"start":{"line":73,"column":4},"end":{"line":73,"column":23}},"8":{"start":{"line":77,"column":0},"end":{"line":143,"column":2}},"9":{"start":{"line":78,"column":20},"end":{"line":84,"column":6}},"10":{"start":{"line":85,"column":20},"end":{"line":136,"column":5}},"11":{"start":{"line":137,"column":4},"end":{"line":142,"column":5}},"12":{"start":{"line":138,"column":19},"end":{"line":138,"column":52}},"13":{"start":{"line":139,"column":6},"end":{"line":139,"column":18}},"14":{"start":{"line":141,"column":6},"end":{"line":141,"column":25}},"15":{"start":{"line":145,"column":0},"end":{"line":186,"column":2}},"16":{"start":{"line":146,"column":20},"end":{"line":152,"column":4}},"17":{"start":{"line":154,"column":18},"end":{"line":177,"column":3}},"18":{"start":{"line":179,"column":2},"end":{"line":185,"column":3}},"19":{"start":{"line":180,"column":17},"end":{"line":180,"column":50}},"20":{"start":{"line":181,"column":4},"end":{"line":181,"column":16}},"21":{"start":{"line":183,"column":4},"end":{"line":183,"column":50}},"22":{"start":{"line":184,"column":4},"end":{"line":184,"column":16}},"23":{"start":{"line":188,"column":0},"end":{"line":228,"column":2}},"24":{"start":{"line":189,"column":18},"end":{"line":195,"column":4}},"25":{"start":{"line":197,"column":18},"end":{"line":220,"column":3}},"26":{"start":{"line":222,"column":2},"end":{"line":227,"column":3}},"27":{"start":{"line":223,"column":19},"end":{"line":223,"column":52}},"28":{"start":{"line":224,"column":6},"end":{"line":224,"column":18}},"29":{"start":{"line":226,"column":6},"end":{"line":226,"column":25}}},"fnMap":{"0":{"name":"(anonymous_0)","decl":{"start":{"line":3,"column":35},"end":{"line":3,"column":36}},"loc":{"start":{"line":3,"column":59},"end":{"line":75,"column":1}},"line":3},"1":{"name":"(anonymous_1)","decl":{"start":{"line":77,"column":34},"end":{"line":77,"column":35}},"loc":{"start":{"line":77,"column":56},"end":{"line":143,"column":1}},"line":77},"2":{"name":"(anonymous_2)","decl":{"start":{"line":145,"column":35},"end":{"line":145,"column":36}},"loc":{"start":{"line":145,"column":74},"end":{"line":186,"column":1}},"line":145},"3":{"name":"(anonymous_3)","decl":{"start":{"line":188,"column":38},"end":{"line":188,"column":39}},"loc":{"start":{"line":188,"column":68},"end":{"line":228,"column":1}},"line":188}},"branchMap":{},"s":{"0":6,"1":6,"2":2,"3":2,"4":2,"5":2,"6":2,"7":0,"8":6,"9":3,"10":3,"11":3,"12":3,"13":3,"14":0,"15":6,"16":0,"17":0,"18":0,"19":0,"20":0,"21":0,"22":0,"23":6,"24":1,"25":1,"26":1,"27":1,"28":1,"29":0},"f":{"0":2,"1":3,"2":0,"3":1},"b":{},"_coverageSchema":"1a1c01bbd47fc00a2c39e90264f33305004495a9","hash":"db88b7104b869d89c383b65ea33df4b50c8d8b55"}
,"D:\\pt-phincon\\final-project\\Gelora-Rasa\\server\\middlewares\\AuthenticationMiddleware.js": {"path":"D:\\pt-phincon\\final-project\\Gelora-Rasa\\server\\middlewares\\AuthenticationMiddleware.js","statementMap":{"0":{"start":{"line":2,"column":17},"end":{"line":2,"column":37}},"1":{"start":{"line":3,"column":24},"end":{"line":3,"column":47}},"2":{"start":{"line":5,"column":0},"end":{"line":22,"column":2}},"3":{"start":{"line":6,"column":21},"end":{"line":6,"column":49}},"4":{"start":{"line":7,"column":2},"end":{"line":7,"column":46}},"5":{"start":{"line":7,"column":19},"end":{"line":7,"column":46}},"6":{"start":{"line":8,"column":16},"end":{"line":8,"column":49}},"7":{"start":{"line":9,"column":41},"end":{"line":9,"column":59}},"8":{"start":{"line":11,"column":2},"end":{"line":13,"column":3}},"9":{"start":{"line":12,"column":4},"end":{"line":12,"column":80}},"10":{"start":{"line":14,"column":18},"end":{"line":14,"column":59}},"11":{"start":{"line":15,"column":2},"end":{"line":17,"column":3}},"12":{"start":{"line":16,"column":4},"end":{"line":16,"column":80}},"13":{"start":{"line":18,"column":2},"end":{"line":18,"column":14}},"14":{"start":{"line":19,"column":2},"end":{"line":19,"column":28}},"15":{"start":{"line":20,"column":2},"end":{"line":20,"column":18}},"16":{"start":{"line":21,"column":2},"end":{"line":21,"column":9}}},"fnMap":{"0":{"name":"(anonymous_0)","decl":{"start":{"line":5,"column":35},"end":{"line":5,"column":36}},"loc":{"start":{"line":5,"column":61},"end":{"line":22,"column":1}},"line":5}},"branchMap":{"0":{"loc":{"start":{"line":7,"column":2},"end":{"line":7,"column":46}},"type":"if","locations":[{"start":{"line":7,"column":2},"end":{"line":7,"column":46}},{"start":{},"end":{}}],"line":7},"1":{"loc":{"start":{"line":11,"column":2},"end":{"line":13,"column":3}},"type":"if","locations":[{"start":{"line":11,"column":2},"end":{"line":13,"column":3}},{"start":{},"end":{}}],"line":11},"2":{"loc":{"start":{"line":15,"column":2},"end":{"line":17,"column":3}},"type":"if","locations":[{"start":{"line":15,"column":2},"end":{"line":17,"column":3}},{"start":{},"end":{}}],"line":15},"3":{"loc":{"start":{"line":15,"column":6},"end":{"line":15,"column":38}},"type":"binary-expr","locations":[{"start":{"line":15,"column":6},"end":{"line":15,"column":14}},{"start":{"line":15,"column":18},"end":{"line":15,"column":38}}],"line":15}},"s":{"0":6,"1":6,"2":6,"3":57,"4":57,"5":3,"6":54,"7":54,"8":54,"9":0,"10":54,"11":54,"12":0,"13":54,"14":54,"15":54,"16":54},"f":{"0":57},"b":{"0":[3,54],"1":[0,54],"2":[0,54],"3":[54,54]},"_coverageSchema":"1a1c01bbd47fc00a2c39e90264f33305004495a9","hash":"2bd811fe1ec3db0461326423678953c9a8d0c8be"}
,"D:\\pt-phincon\\final-project\\Gelora-Rasa\\server\\middlewares\\AuthorizationRole.js": {"path":"D:\\pt-phincon\\final-project\\Gelora-Rasa\\server\\middlewares\\AuthorizationRole.js","statementMap":{"0":{"start":{"line":1,"column":27},"end":{"line":1,"column":68}},"1":{"start":{"line":3,"column":0},"end":{"line":12,"column":2}},"2":{"start":{"line":4,"column":21},"end":{"line":4,"column":24}},"3":{"start":{"line":5,"column":4},"end":{"line":10,"column":5}},"4":{"start":{"line":6,"column":6},"end":{"line":9,"column":9}},"5":{"start":{"line":11,"column":4},"end":{"line":11,"column":11}},"6":{"start":{"line":14,"column":0},"end":{"line":23,"column":2}},"7":{"start":{"line":15,"column":21},"end":{"line":15,"column":24}},"8":{"start":{"line":16,"column":4},"end":{"line":21,"column":5}},"9":{"start":{"line":17,"column":6},"end":{"line":20,"column":9}},"10":{"start":{"line":22,"column":4},"end":{"line":22,"column":11}},"11":{"start":{"line":25,"column":0},"end":{"line":33,"column":1}},"12":{"start":{"line":26,"column":21},"end":{"line":26,"column":24}},"13":{"start":{"line":27,"column":4},"end":{"line":31,"column":5}},"14":{"start":{"line":28,"column":8},"end":{"line":30,"column":10}},"15":{"start":{"line":32,"column":4},"end":{"line":32,"column":11}}},"fnMap":{"0":{"name":"(anonymous_0)","decl":{"start":{"line":3,"column":42},"end":{"line":3,"column":43}},"loc":{"start":{"line":3,"column":68},"end":{"line":12,"column":1}},"line":3},"1":{"name":"(anonymous_1)","decl":{"start":{"line":14,"column":40},"end":{"line":14,"column":41}},"loc":{"start":{"line":14,"column":66},"end":{"line":23,"column":1}},"line":14},"2":{"name":"(anonymous_2)","decl":{"start":{"line":25,"column":33},"end":{"line":25,"column":34}},"loc":{"start":{"line":25,"column":59},"end":{"line":33,"column":1}},"line":25}},"branchMap":{"0":{"loc":{"start":{"line":5,"column":4},"end":{"line":10,"column":5}},"type":"if","locations":[{"start":{"line":5,"column":4},"end":{"line":10,"column":5}},{"start":{},"end":{}}],"line":5},"1":{"loc":{"start":{"line":16,"column":4},"end":{"line":21,"column":5}},"type":"if","locations":[{"start":{"line":16,"column":4},"end":{"line":21,"column":5}},{"start":{},"end":{}}],"line":16},"2":{"loc":{"start":{"line":27,"column":4},"end":{"line":31,"column":5}},"type":"if","locations":[{"start":{"line":27,"column":4},"end":{"line":31,"column":5}},{"start":{},"end":{}}],"line":27}},"s":{"0":7,"1":7,"2":7,"3":7,"4":1,"5":6,"6":7,"7":2,"8":2,"9":1,"10":1,"11":7,"12":24,"13":24,"14":2,"15":22},"f":{"0":7,"1":2,"2":24},"b":{"0":[1,6],"1":[1,1],"2":[2,22]},"_coverageSchema":"1a1c01bbd47fc00a2c39e90264f33305004495a9","hash":"74e575763fd099612778c8c5423008eac29d2809"}
[...]
,"D:\\pt-phincon\\final-project\\Gelora-Rasa\\server\\models\\user.js": {"path":"D:\\pt-phincon\\final-project\\Gelora-Rasa\\server\\models\\user.js","statementMap":{"0":{"start":{"line":4,"column":4},"end":{"line":4,"column":24}},"1":{"start":{"line":5,"column":0},"end":{"line":37,"column":2}},"2":{"start":{"line":14,"column":6},"end":{"line":14,"column":59}},"3":{"start":{"line":15,"column":6},"end":{"line":18,"column":9}},"4":{"start":{"line":19,"column":6},"end":{"line":22,"column":9}},"5":{"start":{"line":25,"column":2},"end":{"line":35,"column":5}},"6":{"start":{"line":36,"column":2},"end":{"line":36,"column":14}}},"fnMap":{"0":{"name":"(anonymous_0)","decl":{"start":{"line":5,"column":17},"end":{"line":5,"column":18}},"loc":{"start":{"line":5,"column":43},"end":{"line":37,"column":1}},"line":5},"1":{"name":"(anonymous_1)","decl":{"start":{"line":12,"column":4},"end":{"line":12,"column":5}},"loc":{"start":{"line":12,"column":29},"end":{"line":23,"column":5}},"line":12}},"branchMap":{},"s":{"0":6,"1":6,"2":6,"3":6,"4":6,"5":6,"6":6},"f":{"0":6,"1":6},"b":{},"_coverageSchema":"1a1c01bbd47fc00a2c39e90264f33305004495a9","hash":"4521c0edb8b6925d04f39290e4473afaf3360ced"}
,"D:\\pt-phincon\\final-project\\Gelora-Rasa\\server\\routes\\authRoute.js": {"path":"D:\\pt-phincon\\final-project\\Gelora-Rasa\\server\\routes\\authRoute.js","statementMap":{"0":{"start":{"line":1,"column":16},"end":{"line":1,"column":34}},"1":{"start":{"line":2,"column":183},"end":{"line":2,"column":223}},"2":{"start":{"line":3,"column":29},"end":{"line":3,"column":55}},"3":{"start":{"line":4,"column":34},"end":{"line":4,"column":81}},"4":{"start":{"line":5,"column":38},"end":{"line":5,"column":87}},"5":{"start":{"line":6,"column":37},"end":{"line":6,"column":87}},"6":{"start":{"line":7,"column":35},"end":{"line":7,"column":78}},"7":{"start":{"line":8,"column":15},"end":{"line":8,"column":31}},"8":{"start":{"line":10,"column":0},"end":{"line":10,"column":34}},"9":{"start":{"line":11,"column":0},"end":{"line":11,"column":42}},"10":{"start":{"line":12,"column":0},"end":{"line":12,"column":70}},"11":{"start":{"line":13,"column":0},"end":{"line":13,"column":29}},"12":{"start":{"line":14,"column":0},"end":{"line":14,"column":48}},"13":{"start":{"line":15,"column":0},"end":{"line":15,"column":75}},"14":{"start":{"line":17,"column":0},"end":{"line":17,"column":60}},"15":{"start":{"line":18,"column":0},"end":{"line":18,"column":95}},"16":{"start":{"line":19,"column":0},"end":{"line":19,"column":67}},"17":{"start":{"line":21,"column":0},"end":{"line":21,"column":88}},"18":{"start":{"line":22,"column":0},"end":{"line":22,"column":115}},"19":{"start":{"line":23,"column":0},"end":{"line":23,"column":70}},"20":{"start":{"line":25,"column":0},"end":{"line":25,"column":24}}},"fnMap":{},"branchMap":{},"s":{"0":6,"1":6,"2":6,"3":6,"4":6,"5":6,"6":6,"7":6,"8":6,"9":6,"10":6,"11":6,"12":6,"13":6,"14":6,"15":6,"16":6,"17":6,"18":6,"19":6,"20":6},"f":{},"b":{},"_coverageSchema":"1a1c01bbd47fc00a2c39e90264f33305004495a9","hash":"c5440bec6b6f3d502fd57eb7902c9c0e6c4231ca"}
,"D:\\pt-phincon\\final-project\\Gelora-Rasa\\server\\routes\\categoryRoute.js": {"path":"D:\\pt-phincon\\final-project\\Gelora-Rasa\\server\\routes\\categoryRoute.js","statementMap":{"0":{"start":{"line":1,"column":16},"end":{"line":1,"column":34}},"1":{"start":{"line":2,"column":77},"end":{"line":2,"column":123}},"2":{"start":{"line":3,"column":37},"end":{"line":3,"column":87}},"3":{"start":{"line":4,"column":35},"end":{"line":4,"column":78}},"4":{"start":{"line":5,"column":15},"end":{"line":5,"column":31}},"5":{"start":{"line":7,"column":0},"end":{"line":7,"column":59}},"6":{"start":{"line":8,"column":0},"end":{"line":8,"column":88}},"7":{"start":{"line":9,"column":0},"end":{"line":9,"column":99}},"8":{"start":{"line":10,"column":0},"end":{"line":10,"column":102}},"9":{"start":{"line":13,"column":0},"end":{"line":13,"column":24}}},"fnMap":{},"branchMap":{},"s":{"0":6,"1":6,"2":6,"3":6,"4":6,"5":6,"6":6,"7":6,"8":6,"9":6},"f":{},"b":{},"_coverageSchema":"1a1c01bbd47fc00a2c39e90264f33305004495a9","hash":"9ba2e61815afc6c9d4417c84f847cf588966cd05"}
,"D:\\pt-phincon\\final-project\\Gelora-Rasa\\server\\routes\\eventOrganizerRoute.js": {"path":"D:\\pt-phincon\\final-project\\Gelora-Rasa\\server\\routes\\eventOrganizerRoute.js","statementMap":{"0":{"start":{"line":1,"column":16},"end":{"line":1,"column":34}},"1":{"start":{"line":3,"column":37},"end":{"line":3,"column":87}},"2":{"start":{"line":4,"column":33},"end":{"line":4,"column":83}},"3":{"start":{"line":7,"column":15},"end":{"line":7,"column":31}},"4":{"start":{"line":9,"column":0},"end":{"line":9,"column":70}},"5":{"start":{"line":13,"column":0},"end":{"line":13,"column":24}}},"fnMap":{},"branchMap":{},"s":{"0":6,"1":6,"2":6,"3":6,"4":6,"5":6},"f":{},"b":{},"_coverageSchema":"1a1c01bbd47fc00a2c39e90264f33305004495a9","hash":"c4d5319b42f0ddb59715ea8d921774af3294c080"}
,"D:\\pt-phincon\\final-project\\Gelora-Rasa\\server\\routes\\eventRoute.js": {"path":"D:\\pt-phincon\\final-project\\Gelora-Rasa\\server\\routes\\eventRoute.js","statementMap":{"0":{"start":{"line":1,"column":16},"end":{"line":1,"column":34}},"1":{"start":{"line":2,"column":29},"end":{"line":2,"column":55}},"2":{"start":{"line":3,"column":132},"end":{"line":3,"column":173}},"3":{"start":{"line":4,"column":37},"end":{"line":4,"column":87}},"4":{"start":{"line":5,"column":44},"end":{"line":5,"column":87}},"5":{"start":{"line":8,"column":15},"end":{"line":8,"column":31}},"6":{"start":{"line":10,"column":0},"end":{"line":10,"column":54}},"7":{"start":{"line":11,"column":0},"end":{"line":11,"column":93}},"8":{"start":{"line":12,"column":0},"end":{"line":12,"column":84}},"9":{"start":{"line":13,"column":0},"end":{"line":13,"column":72}},"10":{"start":{"line":14,"column":0},"end":{"line":14,"column":112}},"11":{"start":{"line":15,"column":0},"end":{"line":15,"column":120}},"12":{"start":{"line":16,"column":0},"end":{"line":16,"column":83}},"13":{"start":{"line":17,"column":0},"end":{"line":17,"column":125}},"14":{"start":{"line":20,"column":0},"end":{"line":20,"column":24}}},"fnMap":{},"branchMap":{},"s":{"0":6,"1":6,"2":6,"3":6,"4":6,"5":6,"6":6,"7":6,"8":6,"9":6,"10":6,"11":6,"12":6,"13":6,"14":6},"f":{},"b":{},"_coverageSchema":"1a1c01bbd47fc00a2c39e90264f33305004495a9","hash":"5af9789541631b9d8af6f6782816fc900054c86e"}
,"D:\\pt-phincon\\final-project\\Gelora-Rasa\\server\\routes\\index.js": {"path":"D:\\pt-phincon\\final-project\\Gelora-Rasa\\server\\routes\\index.js","statementMap":{"0":{"start":{"line":1,"column":19},"end":{"line":1,"column":37}},"1":{"start":{"line":2,"column":18},"end":{"line":2,"column":40}},"2":{"start":{"line":3,"column":22},"end":{"line":3,"column":48}},"3":{"start":{"line":4,"column":19},"end":{"line":4,"column":42}},"4":{"start":{"line":5,"column":22},"end":{"line":5,"column":48}},"5":{"start":{"line":6,"column":19},"end":{"line":6,"column":42}},"6":{"start":{"line":7,"column":28},"end":{"line":7,"column":60}},"7":{"start":{"line":8,"column":23},"end":{"line":8,"column":50}},"8":{"start":{"line":9,"column":15},"end":{"line":9,"column":23}},"9":{"start":{"line":11,"column":0},"end":{"line":11,"column":30}},"10":{"start":{"line":12,"column":0},"end":{"line":12,"column":40}},"11":{"start":{"line":13,"column":0},"end":{"line":13,"column":33}},"12":{"start":{"line":14,"column":0},"end":{"line":14,"column":38}},"13":{"start":{"line":15,"column":0},"end":{"line":15,"column":33}},"14":{"start":{"line":16,"column":0},"end":{"line":16,"column":51}},"15":{"start":{"line":17,"column":0},"end":{"line":17,"column":40}},"16":{"start":{"line":19,"column":0},"end":{"line":19,"column":24}}},"fnMap":{},"branchMap":{},"s":{"0":6,"1":6,"2":6,"3":6,"4":6,"5":6,"6":6,"7":6,"8":6,"9":6,"10":6,"11":6,"12":6,"13":6,"14":6,"15":6,"16":6},"f":{},"b":{},"_coverageSchema":"1a1c01bbd47fc00a2c39e90264f33305004495a9","hash":"64212a54edfcdda070625592a7f096a6733ac1c7"}
,"D:\\pt-phincon\\final-project\\Gelora-Rasa\\server\\routes\\locationRoute.js": {"path":"D:\\pt-phincon\\final-project\\Gelora-Rasa\\server\\routes\\locationRoute.js","statementMap":{"0":{"start":{"line":1,"column":16},"end":{"line":1,"column":34}},"1":{"start":{"line":2,"column":37},"end":{"line":2,"column":87}},"2":{"start":{"line":3,"column":35},"end":{"line":3,"column":78}},"3":{"start":{"line":4,"column":75},"end":{"line":4,"column":119}},"4":{"start":{"line":6,"column":15},"end":{"line":6,"column":31}},"5":{"start":{"line":8,"column":0},"end":{"line":8,"column":57}},"6":{"start":{"line":9,"column":0},"end":{"line":9,"column":88}},"7":{"start":{"line":10,"column":0},"end":{"line":10,"column":99}},"8":{"start":{"line":11,"column":0},"end":{"line":11,"column":102}},"9":{"start":{"line":13,"column":0},"end":{"line":13,"column":24}}},"fnMap":{},"branchMap":{},"s":{"0":6,"1":6,"2":6,"3":6,"4":6,"5":6,"6":6,"7":6,"8":6,"9":6},"f":{},"b":{},"_coverageSchema":"1a1c01bbd47fc00a2c39e90264f33305004495a9","hash":"c5bba0b4bc2a4b15b8456b4408714230d91d3f79"}
,"D:\\pt-phincon\\final-project\\Gelora-Rasa\\server\\routes\\orderRoute.js": {"path":"D:\\pt-phincon\\final-project\\Gelora-Rasa\\server\\routes\\orderRoute.js","statementMap":{"0":{"start":{"line":1,"column":16},"end":{"line":1,"column":34}},"1":{"start":{"line":3,"column":37},"end":{"line":3,"column":87}},"2":{"start":{"line":4,"column":68},"end":{"line":4,"column":109}},"3":{"start":{"line":5,"column":43},"end":{"line":5,"column":86}},"4":{"start":{"line":7,"column":15},"end":{"line":7,"column":31}},"5":{"start":{"line":9,"column":0},"end":{"line":9,"column":81}},"6":{"start":{"line":10,"column":0},"end":{"line":10,"column":61}},"7":{"start":{"line":11,"column":0},"end":{"line":11,"column":64}},"8":{"start":{"line":12,"column":0},"end":{"line":12,"column":74}},"9":{"start":{"line":15,"column":0},"end":{"line":15,"column":24}}},"fnMap":{},"branchMap":{},"s":{"0":6,"1":6,"2":6,"3":6,"4":6,"5":6,"6":6,"7":6,"8":6,"9":6},"f":{},"b":{},"_coverageSchema":"1a1c01bbd47fc00a2c39e90264f33305004495a9","hash":"d0b1b0091deb22a4efb7db7d8b259fbaa6786827"}
,"D:\\pt-phincon\\final-project\\Gelora-Rasa\\server\\routes\\streamingRoute.js": {"path":"D:\\pt-phincon\\final-project\\Gelora-Rasa\\server\\routes\\streamingRoute.js","statementMap":{"0":{"start":{"line":1,"column":16},"end":{"line":1,"column":34}},"1":{"start":{"line":3,"column":37},"end":{"line":3,"column":87}},"2":{"start":{"line":4,"column":43},"end":{"line":4,"column":86}},"3":{"start":{"line":5,"column":31},"end":{"line":5,"column":80}},"4":{"start":{"line":7,"column":15},"end":{"line":7,"column":31}},"5":{"start":{"line":9,"column":0},"end":{"line":9,"column":74}},"6":{"start":{"line":11,"column":0},"end":{"line":11,"column":24}}},"fnMap":{},"branchMap":{},"s":{"0":6,"1":6,"2":6,"3":6,"4":6,"5":6,"6":6},"f":{},"b":{},"_coverageSchema":"1a1c01bbd47fc00a2c39e90264f33305004495a9","hash":"c87ba6cf88cd8e9184e65fc393c9c37b8c6950dc"}
,"D:\\pt-phincon\\final-project\\Gelora-Rasa\\server\\utils\\bycrpt.js": {"path":"D:\\pt-phincon\\final-project\\Gelora-Rasa\\server\\utils\\bycrpt.js","statementMap":{"0":{"start":{"line":1,"column":15},"end":{"line":1,"column":32}},"1":{"start":{"line":2,"column":19},"end":{"line":2,"column":21}},"2":{"start":{"line":4,"column":21},"end":{"line":6,"column":1}},"3":{"start":{"line":5,"column":2},"end":{"line":5,"column":49}},"4":{"start":{"line":8,"column":24},"end":{"line":10,"column":1}},"5":{"start":{"line":9,"column":2},"end":{"line":9,"column":56}},"6":{"start":{"line":12,"column":0},"end":{"line":15,"column":2}}},"fnMap":{"0":{"name":"(anonymous_0)","decl":{"start":{"line":4,"column":21},"end":{"line":4,"column":22}},"loc":{"start":{"line":4,"column":41},"end":{"line":6,"column":1}},"line":4},"1":{"name":"(anonymous_1)","decl":{"start":{"line":8,"column":24},"end":{"line":8,"column":25}},"loc":{"start":{"line":8,"column":60},"end":{"line":10,"column":1}},"line":8}},"branchMap":{},"s":{"0":6,"1":6,"2":6,"3":11,"4":6,"5":4,"6":6},"f":{"0":11,"1":4},"b":{},"_coverageSchema":"1a1c01bbd47fc00a2c39e90264f33305004495a9","hash":"baa8fc1b7638c4e3ec81814a7511ca55f6f1219f"}
,"D:\\pt-phincon\\final-project\\Gelora-Rasa\\server\\utils\\jwt.js": {"path":"D:\\pt-phincon\\final-project\\Gelora-Rasa\\server\\utils\\jwt.js","statementMap":{"0":{"start":{"line":1,"column":12},"end":{"line":1,"column":35}},"1":{"start":{"line":3,"column":0},"end":{"line":8,"column":2}},"2":{"start":{"line":4,"column":4},"end":{"line":6,"column":5}},"3":{"start":{"line":5,"column":6},"end":{"line":5,"column":19}},"4":{"start":{"line":7,"column":4},"end":{"line":7,"column":94}},"5":{"start":{"line":10,"column":0},"end":{"line":16,"column":2}},"6":{"start":{"line":11,"column":34},"end":{"line":11,"column":38}},"7":{"start":{"line":12,"column":2},"end":{"line":14,"column":3}},"8":{"start":{"line":13,"column":4},"end":{"line":13,"column":17}},"9":{"start":{"line":15,"column":2},"end":{"line":15,"column":67}},"10":{"start":{"line":18,"column":0},"end":{"line":23,"column":2}},"11":{"start":{"line":19,"column":2},"end":{"line":22,"column":5}},"12":{"start":{"line":20,"column":4},"end":{"line":20,"column":32}},"13":{"start":{"line":20,"column":17},"end":{"line":20,"column":32}},"14":{"start":{"line":21,"column":4},"end":{"line":21,"column":36}},"15":{"start":{"line":21,"column":13},"end":{"line":21,"column":36}},"16":{"start":{"line":25,"column":0},"end":{"line":30,"column":2}},"17":{"start":{"line":26,"column":2},"end":{"line":28,"column":3}},"18":{"start":{"line":27,"column":4},"end":{"line":27,"column":17}},"19":{"start":{"line":29,"column":2},"end":{"line":29,"column":95}},"20":{"start":{"line":32,"column":0},"end":{"line":36,"column":2}},"21":{"start":{"line":33,"column":2},"end":{"line":35,"column":5}},"22":{"start":{"line":38,"column":0},"end":{"line":40,"column":2}},"23":{"start":{"line":39,"column":2},"end":{"line":39,"column":64}}},"fnMap":{"0":{"name":"(anonymous_0)","decl":{"start":{"line":3,"column":33},"end":{"line":3,"column":34}},"loc":{"start":{"line":3,"column":49},"end":{"line":8,"column":1}},"line":3},"1":{"name":"(anonymous_1)","decl":{"start":{"line":10,"column":22},"end":{"line":10,"column":23}},"loc":{"start":{"line":10,"column":32},"end":{"line":16,"column":1}},"line":10},"2":{"name":"(anonymous_2)","decl":{"start":{"line":18,"column":22},"end":{"line":18,"column":23}},"loc":{"start":{"line":18,"column":33},"end":{"line":23,"column":1}},"line":18},"3":{"name":"(anonymous_3)","decl":{"start":{"line":19,"column":51},"end":{"line":19,"column":52}},"loc":{"start":{"line":19,"column":69},"end":{"line":22,"column":3}},"line":19},"4":{"name":"(anonymous_4)","decl":{"start":{"line":25,"column":39},"end":{"line":25,"column":40}},"loc":{"start":{"line":25,"column":50},"end":{"line":30,"column":1}},"line":25},"5":{"name":"(anonymous_5)","decl":{"start":{"line":32,"column":39},"end":{"line":32,"column":40}},"loc":{"start":{"line":32,"column":50},"end":{"line":36,"column":1}},"line":32},"6":{"name":"(anonymous_6)","decl":{"start":{"line":38,"column":33},"end":{"line":38,"column":34}},"loc":{"start":{"line":38,"column":44},"end":{"line":40,"column":1}},"line":38}},"branchMap":{"0":{"loc":{"start":{"line":4,"column":4},"end":{"line":6,"column":5}},"type":"if","locations":[{"start":{"line":4,"column":4},"end":{"line":6,"column":5}},{"start":{},"end":{}}],"line":4},"1":{"loc":{"start":{"line":4,"column":8},"end":{"line":4,"column":22}},"type":"binary-expr","locations":[{"start":{"line":4,"column":8},"end":{"line":4,"column":12}},{"start":{"line":4,"column":16},"end":{"line":4,"column":22}}],"line":4},"2":{"loc":{"start":{"line":12,"column":2},"end":{"line":14,"column":3}},"type":"if","locations":[{"start":{"line":12,"column":2},"end":{"line":14,"column":3}},{"start":{},"end":{}}],"line":12},"3":{"loc":{"start":{"line":12,"column":6},"end":{"line":12,"column":32}},"type":"binary-expr","locations":[{"start":{"line":12,"column":6},"end":{"line":12,"column":11}},{"start":{"line":12,"column":15},"end":{"line":12,"column":18}},{"start":{"line":12,"column":22},"end":{"line":12,"column":32}}],"line":12},"4":{"loc":{"start":{"line":20,"column":4},"end":{"line":20,"column":32}},"type":"if","locations":[{"start":{"line":20,"column":4},"end":{"line":20,"column":32}},{"start":{},"end":{}}],"line":20},"5":{"loc":{"start":{"line":21,"column":4},"end":{"line":21,"column":36}},"type":"if","locations":[{"start":{"line":21,"column":4},"end":{"line":21,"column":36}},{"start":{},"end":{}}],"line":21},"6":{"loc":{"start":{"line":26,"column":2},"end":{"line":28,"column":3}},"type":"if","locations":[{"start":{"line":26,"column":2},"end":{"line":28,"column":3}},{"start":{},"end":{}}],"line":26}},"s":{"0":6,"1":6,"2":3,"3":0,"4":3,"5":6,"6":10,"7":10,"8":0,"9":10,"10":6,"11":54,"12":54,"13":54,"14":0,"15":0,"16":6,"17":3,"18":0,"19":3,"20":6,"21":1,"22":6,"23":2},"f":{"0":3,"1":10,"2":54,"3":54,"4":3,"5":1,"6":2},"b":{"0":[0,3],"1":[3,3],"2":[0,10],"3":[10,10,10],"4":[54,0],"5":[0,0],"6":[0,3]},"_coverageSchema":"1a1c01bbd47fc00a2c39e90264f33305004495a9","hash":"98b3bfcab6a5a0a129ee5d761a6c33cb998ebe12"}
,"D:\\pt-phincon\\final-project\\Gelora-Rasa\\server\\utils\\multer.js": {"path":"D:\\pt-phincon\\final-project\\Gelora-Rasa\\server\\utils\\multer.js","statementMap":{"0":{"start":{"line":1,"column":15},"end":{"line":1,"column":32}},"1":{"start":{"line":2,"column":13},"end":{"line":2,"column":28}},"2":{"start":{"line":4,"column":16},"end":{"line":11,"column":2}},"3":{"start":{"line":6,"column":4},"end":{"line":6,"column":26}},"4":{"start":{"line":9,"column":4},"end":{"line":9,"column":59}},"5":{"start":{"line":12,"column":15},"end":{"line":12,"column":43}},"6":{"start":{"line":15,"column":0},"end":{"line":15,"column":50}}},"fnMap":{"0":{"name":"(anonymous_0)","decl":{"start":{"line":5,"column":15},"end":{"line":5,"column":16}},"loc":{"start":{"line":5,"column":40},"end":{"line":7,"column":3}},"line":5},"1":{"name":"(anonymous_1)","decl":{"start":{"line":8,"column":12},"end":{"line":8,"column":13}},"loc":{"start":{"line":8,"column":37},"end":{"line":10,"column":3}},"line":8}},"branchMap":{},"s":{"0":6,"1":6,"2":6,"3":4,"4":4,"5":6,"6":6},"f":{"0":4,"1":4},"b":{},"_coverageSchema":"1a1c01bbd47fc00a2c39e90264f33305004495a9","hash":"f4feb0f6793a12dffcee6aa563e27ffd2a3ed1ac"}
,"D:\\pt-phincon\\final-project\\Gelora-Rasa\\server\\utils\\redistClient.js": {"path":"D:\\pt-phincon\\final-project\\Gelora-Rasa\\server\\utils\\redistClient.js","statementMap":{"0":{"start":{"line":1,"column":14},"end":{"line":1,"column":32}},"1":{"start":{"line":3,"column":20},"end":{"line":6,"column":2}},"2":{"start":{"line":8,"column":0},"end":{"line":10,"column":3}},"3":{"start":{"line":9,"column":4},"end":{"line":9,"column":51}},"4":{"start":{"line":12,"column":0},"end":{"line":14,"column":3}},"5":{"start":{"line":13,"column":4},"end":{"line":13,"column":53}},"6":{"start":{"line":17,"column":0},"end":{"line":17,"column":29}}},"fnMap":{"0":{"name":"(anonymous_0)","decl":{"start":{"line":8,"column":26},"end":{"line":8,"column":27}},"loc":{"start":{"line":8,"column":32},"end":{"line":10,"column":1}},"line":8},"1":{"name":"(anonymous_1)","decl":{"start":{"line":12,"column":24},"end":{"line":12,"column":25}},"loc":{"start":{"line":12,"column":33},"end":{"line":14,"column":1}},"line":12}},"branchMap":{},"s":{"0":6,"1":6,"2":6,"3":2,"4":6,"5":24,"6":6},"f":{"0":2,"1":24},"b":{},"_coverageSchema":"1a1c01bbd47fc00a2c39e90264f33305004495a9","hash":"91befb4c0227d213e26176fcc424068c1a070474"}
}
