TN:
SF:index.js
FN:15,(anonymous_0)
FN:20,(anonymous_1)
FNF:2
FNH:1
FNDA:1,(anonymous_0)
FNDA:0,(anonymous_1)
DA:1,7
DA:2,7
DA:3,7
DA:4,7
DA:5,7
DA:6,7
DA:8,7
DA:9,7
DA:10,7
DA:11,7
DA:13,7
DA:15,7
DA:16,1
DA:19,7
DA:20,0
DA:21,0
DA:25,7
LF:17
LH:15
BRDA:19,0,0,0
BRDA:19,0,1,7
BRF:2
BRH:1
end_of_record
TN:
SF:controllers\authController.js
FN:10,(anonymous_0)
FN:62,(anonymous_1)
FN:90,(anonymous_2)
FN:110,(anonymous_3)
FN:146,(anonymous_4)
FN:169,(anonymous_5)
FN:198,(anonymous_6)
FN:237,(anonymous_7)
FN:251,(anonymous_8)
FN:265,(anonymous_9)
FN:279,(anonymous_10)
FN:308,(anonymous_11)
FN:324,(anonymous_12)
FNF:13
FNH:12
FNDA:9,(anonymous_0)
FNDA:4,(anonymous_1)
FNDA:2,(anonymous_2)
FNDA:4,(anonymous_3)
FNDA:3,(anonymous_4)
FNDA:1,(anonymous_5)
FNDA:2,(anonymous_6)
FNDA:2,(anonymous_7)
FNDA:0,(anonymous_8)
FNDA:1,(anonymous_9)
FNDA:1,(anonymous_10)
FNDA:2,(anonymous_11)
FNDA:1,(anonymous_12)
DA:1,7
DA:2,7
DA:3,7
DA:4,7
DA:5,7
DA:6,7
DA:8,7
DA:10,7
DA:11,9
DA:12,9
DA:15,9
DA:20,9
DA:25,9
DA:26,1
DA:33,8
DA:34,8
DA:36,8
DA:38,8
DA:39,8
DA:40,0
DA:43,8
DA:44,8
DA:45,0
DA:50,8
DA:52,8
DA:57,0
DA:58,0
DA:62,7
DA:63,4
DA:64,4
DA:65,4
DA:67,4
DA:68,1
DA:73,3
DA:74,3
DA:75,3
DA:76,3
DA:85,0
DA:86,0
DA:90,7
DA:91,2
DA:92,2
DA:93,2
DA:94,2
DA:95,2
DA:96,0
DA:100,2
DA:101,1
DA:103,1
DA:105,0
DA:106,0
DA:110,7
DA:111,4
DA:112,4
DA:114,4
DA:119,4
DA:120,4
DA:121,0
DA:124,4
DA:129,4
DA:130,1
DA:132,3
DA:133,3
DA:134,0
DA:136,3
DA:141,0
DA:142,0
DA:146,7
DA:147,3
DA:148,3
DA:149,3
DA:150,3
DA:151,1
DA:153,2
DA:154,2
DA:155,2
DA:156,1
DA:160,1
DA:165,0
DA:169,7
DA:170,1
DA:171,1
DA:172,1
DA:174,1
DA:179,1
DA:180,1
DA:181,0
DA:183,1
DA:185,1
DA:189,1
DA:193,0
DA:194,0
DA:198,7
DA:199,2
DA:200,2
DA:201,2
DA:202,2
DA:203,0
DA:207,0
DA:208,0
DA:211,2
DA:212,2
DA:218,2
DA:219,2
DA:220,0
DA:222,2
DA:223,1
DA:225,1
DA:227,1
DA:232,0
DA:233,0
DA:237,7
DA:238,2
DA:239,2
DA:240,2
DA:241,2
DA:242,2
DA:243,2
DA:244,1
DA:246,1
DA:247,1
DA:248,0
DA:250,1
DA:251,0
DA:253,1
DA:255,1
DA:260,0
DA:261,0
DA:265,7
DA:266,1
DA:267,1
DA:268,1
DA:269,1
DA:270,0
DA:272,1
DA:273,1
DA:275,0
DA:279,7
DA:280,1
DA:281,1
DA:282,1
DA:283,1
DA:285,1
DA:296,1
DA:303,0
DA:304,0
DA:308,7
DA:309,2
DA:310,2
DA:311,2
DA:312,2
DA:313,1
DA:316,1
DA:317,1
DA:319,0
DA:320,0
DA:324,7
DA:325,1
DA:326,1
DA:328,1
DA:329,1
DA:330,0
DA:332,1
DA:333,1
DA:335,0
DA:336,0
LF:166
LH:130
BRDA:25,0,0,1
BRDA:25,0,1,8
BRDA:36,1,0,8
BRDA:36,1,1,2
BRDA:39,2,0,0
BRDA:39,2,1,8
BRDA:44,3,0,0
BRDA:44,3,1,8
BRDA:67,4,0,1
BRDA:67,4,1,3
BRDA:75,5,0,3
BRDA:75,5,1,0
BRDA:95,6,0,0
BRDA:95,6,1,2
BRDA:100,7,0,1
BRDA:100,7,1,1
BRDA:120,8,0,0
BRDA:120,8,1,4
BRDA:129,9,0,1
BRDA:129,9,1,3
BRDA:129,10,0,4
BRDA:129,10,1,4
BRDA:133,11,0,0
BRDA:133,11,1,3
BRDA:150,12,0,1
BRDA:150,12,1,2
BRDA:155,13,0,1
BRDA:155,13,1,1
BRDA:180,14,0,0
BRDA:180,14,1,1
BRDA:202,15,0,0
BRDA:202,15,1,2
BRDA:219,16,0,0
BRDA:219,16,1,2
BRDA:222,17,0,1
BRDA:222,17,1,1
BRDA:243,18,0,1
BRDA:243,18,1,1
BRDA:247,19,0,0
BRDA:247,19,1,1
BRDA:250,20,0,0
BRDA:250,20,1,1
BRDA:250,21,0,1
BRDA:250,21,1,0
BRDA:269,22,0,0
BRDA:269,22,1,1
BRDA:281,23,0,1
BRDA:281,23,1,1
BRDA:282,24,0,1
BRDA:282,24,1,1
BRDA:312,25,0,1
BRDA:312,25,1,1
BRDA:329,26,0,0
BRDA:329,26,1,1
BRF:54
BRH:40
end_of_record
TN:
SF:controllers\categoriesController.js
FN:6,(anonymous_0)
FN:45,(anonymous_1)
FN:71,(anonymous_2)
FN:104,(anonymous_3)
FNF:4
FNH:4
FNDA:4,(anonymous_0)
FNDA:3,(anonymous_1)
FNDA:3,(anonymous_2)
FNDA:2,(anonymous_3)
DA:1,7
DA:2,7
DA:3,7
DA:4,7
DA:6,7
DA:7,4
DA:8,4
DA:10,4
DA:11,4
DA:12,1
DA:15,3
DA:17,3
DA:18,1
DA:23,2
DA:25,2
DA:26,2
DA:27,2
DA:28,1
DA:29,1
DA:32,0
DA:35,2
DA:40,0
DA:41,0
DA:45,7
DA:46,3
DA:47,3
DA:49,3
DA:50,1
DA:55,2
DA:59,2
DA:60,0
DA:62,2
DA:63,2
DA:66,0
DA:67,0
DA:71,7
DA:72,3
DA:73,3
DA:74,3
DA:76,3
DA:77,3
DA:78,1
DA:81,2
DA:82,2
DA:83,1
DA:86,1
DA:88,1
DA:89,1
DA:90,1
DA:91,1
DA:92,1
DA:95,0
DA:97,1
DA:99,0
DA:100,0
DA:104,7
DA:105,2
DA:106,2
DA:108,2
DA:109,2
DA:110,1
DA:113,1
DA:115,1
DA:116,1
DA:117,1
DA:118,0
DA:119,0
DA:122,0
DA:124,1
DA:126,0
DA:127,0
LF:71
LH:57
BRDA:11,0,0,1
BRDA:11,0,1,3
BRDA:17,1,0,1
BRDA:17,1,1,2
BRDA:27,2,0,1
BRDA:27,2,1,1
BRDA:49,3,0,1
BRDA:49,3,1,2
BRDA:59,4,0,0
BRDA:59,4,1,2
BRDA:77,5,0,1
BRDA:77,5,1,2
BRDA:82,6,0,1
BRDA:82,6,1,1
BRDA:90,7,0,1
BRDA:90,7,1,0
BRDA:109,8,0,1
BRDA:109,8,1,1
BRDA:117,9,0,0
BRDA:117,9,1,1
BRF:20
BRH:17
end_of_record
TN:
SF:controllers\eventController.js
FN:8,(anonymous_0)
FN:50,(anonymous_1)
FN:74,(anonymous_2)
FN:107,(anonymous_3)
FN:137,(anonymous_4)
FN:173,(anonymous_5)
FN:196,(anonymous_6)
FN:213,(anonymous_7)
FN:231,(anonymous_8)
FNF:9
FNH:9
FNDA:6,(anonymous_0)
FNDA:1,(anonymous_1)
FNDA:1,(anonymous_2)
FNDA:2,(anonymous_3)
FNDA:2,(anonymous_4)
FNDA:1,(anonymous_5)
FNDA:1,(anonymous_6)
FNDA:1,(anonymous_7)
FNDA:1,(anonymous_8)
DA:1,7
DA:2,7
DA:3,7
DA:4,7
DA:5,7
DA:8,7
DA:9,6
DA:10,6
DA:11,6
DA:13,6
DA:15,6
DA:38,6
DA:45,0
DA:46,0
DA:50,7
DA:51,1
DA:52,1
DA:54,1
DA:62,1
DA:63,0
DA:67,1
DA:69,0
DA:70,0
DA:74,7
DA:75,1
DA:76,1
DA:77,1
DA:96,1
DA:97,0
DA:100,1
DA:102,0
DA:103,0
DA:107,7
DA:108,2
DA:109,2
DA:110,2
DA:128,2
DA:129,0
DA:131,2
DA:133,0
DA:134,0
DA:137,7
DA:138,2
DA:139,2
DA:140,2
DA:143,2
DA:144,2
DA:145,0
DA:148,2
DA:149,0
DA:152,2
DA:153,0
DA:156,2
DA:157,0
DA:160,2
DA:162,2
DA:168,0
DA:169,0
DA:173,7
DA:174,1
DA:175,1
DA:176,1
DA:177,1
DA:178,1
DA:180,1
DA:181,1
DA:182,0
DA:185,1
DA:186,1
DA:187,0
DA:190,1
DA:191,1
DA:193,1
DA:194,1
DA:196,1
DA:197,1
DA:198,0
DA:204,1
DA:205,1
DA:208,0
DA:209,0
DA:213,7
DA:214,1
DA:215,1
DA:216,1
DA:218,1
DA:219,1
DA:220,0
DA:223,1
DA:224,1
DA:226,0
DA:227,0
DA:231,7
DA:232,1
DA:234,1
DA:235,1
DA:237,1
DA:238,1
DA:239,0
DA:241,1
DA:242,1
DA:243,0
DA:246,1
DA:247,1
DA:249,0
DA:250,0
LF:106
LH:77
BRDA:10,0,0,6
BRDA:10,0,1,5
BRDA:11,1,0,6
BRDA:11,1,1,5
BRDA:62,2,0,0
BRDA:62,2,1,1
BRDA:96,3,0,0
BRDA:96,3,1,1
BRDA:96,4,0,1
BRDA:96,4,1,1
BRDA:128,5,0,0
BRDA:128,5,1,2
BRDA:139,6,0,2
BRDA:139,6,1,0
BRDA:140,7,0,2
BRDA:140,7,1,2
BRDA:144,8,0,0
BRDA:144,8,1,2
BRDA:148,9,0,0
BRDA:148,9,1,2
BRDA:152,10,0,0
BRDA:152,10,1,2
BRDA:156,11,0,0
BRDA:156,11,1,2
BRDA:181,12,0,0
BRDA:181,12,1,1
BRDA:186,13,0,0
BRDA:186,13,1,1
BRDA:190,14,0,1
BRDA:190,14,1,0
BRDA:193,15,0,1
BRDA:193,15,1,0
BRDA:197,16,0,0
BRDA:197,16,1,1
BRDA:219,17,0,0
BRDA:219,17,1,1
BRDA:238,18,0,0
BRDA:238,18,1,1
BRDA:242,19,0,0
BRDA:242,19,1,1
BRF:40
BRH:24
end_of_record
TN:
SF:controllers\eventOrganizerController.js
FN:7,(anonymous_0)
FNF:1
FNH:1
FNDA:3,(anonymous_0)
DA:1,7
DA:2,7
DA:3,7
DA:4,7
DA:7,7
DA:8,3
DA:9,3
DA:10,3
DA:11,3
DA:12,3
DA:13,1
DA:16,2
DA:18,2
DA:19,1
DA:24,1
DA:29,1
DA:31,1
DA:35,1
DA:36,1
DA:37,1
DA:38,0
DA:41,1
DA:46,0
DA:47,0
LF:24
LH:21
BRDA:12,0,0,1
BRDA:12,0,1,2
BRDA:18,1,0,1
BRDA:18,1,1,1
BRDA:37,2,0,0
BRDA:37,2,1,1
BRF:6
BRH:5
end_of_record
TN:
SF:controllers\liveStreamingController.js
FN:5,(anonymous_0)
FN:44,(anonymous_1)
FNF:2
FNH:2
FNDA:2,(anonymous_0)
FNDA:2,(anonymous_1)
DA:1,7
DA:2,7
DA:3,7
DA:5,7
DA:6,2
DA:7,2
DA:9,2
DA:11,1
DA:27,1
DA:28,1
DA:29,0
DA:30,0
DA:33,1
DA:34,1
DA:36,0
DA:39,1
DA:40,1
DA:44,7
DA:45,2
DA:46,2
DA:47,2
DA:49,2
DA:52,2
DA:53,2
DA:58,0
DA:59,0
LF:26
LH:21
BRDA:30,0,0,0
BRDA:30,0,1,0
BRDA:33,1,0,1
BRDA:33,1,1,0
BRF:4
BRH:1
end_of_record
TN:
SF:controllers\locationController.js
FN:6,(anonymous_0)
FN:28,(anonymous_1)
FN:67,(anonymous_2)
FN:100,(anonymous_3)
FNF:4
FNH:4
FNDA:3,(anonymous_0)
FNDA:4,(anonymous_1)
FNDA:3,(anonymous_2)
FNDA:2,(anonymous_3)
DA:1,7
DA:2,7
DA:3,7
DA:4,7
DA:6,7
DA:7,3
DA:8,3
DA:10,3
DA:11,1
DA:13,2
DA:16,2
DA:17,0
DA:19,2
DA:20,2
DA:23,0
DA:24,0
DA:28,7
DA:29,4
DA:30,4
DA:32,4
DA:33,4
DA:34,1
DA:37,3
DA:39,3
DA:40,1
DA:45,2
DA:47,2
DA:48,2
DA:49,2
DA:50,1
DA:51,1
DA:54,0
DA:57,2
DA:62,0
DA:63,0
DA:67,7
DA:68,3
DA:69,3
DA:70,3
DA:72,3
DA:73,3
DA:74,1
DA:77,2
DA:78,2
DA:79,1
DA:82,1
DA:84,1
DA:85,1
DA:86,1
DA:87,1
DA:88,1
DA:91,0
DA:93,1
DA:95,0
DA:96,0
DA:100,7
DA:101,2
DA:102,2
DA:103,2
DA:105,2
DA:106,2
DA:107,1
DA:110,1
DA:112,1
DA:113,1
DA:114,1
DA:115,0
DA:116,0
DA:119,0
DA:121,1
DA:123,0
DA:124,0
LF:72
LH:58
BRDA:10,0,0,1
BRDA:10,0,1,2
BRDA:16,1,0,0
BRDA:16,1,1,2
BRDA:33,2,0,1
BRDA:33,2,1,3
BRDA:39,3,0,1
BRDA:39,3,1,2
BRDA:49,4,0,1
BRDA:49,4,1,1
BRDA:73,5,0,1
BRDA:73,5,1,2
BRDA:78,6,0,1
BRDA:78,6,1,1
BRDA:86,7,0,1
BRDA:86,7,1,0
BRDA:106,8,0,1
BRDA:106,8,1,1
BRDA:114,9,0,0
BRDA:114,9,1,1
BRF:20
BRH:17
end_of_record
TN:
SF:controllers\orderController.js
FN:7,(anonymous_0)
FN:54,(anonymous_1)
FN:108,(anonymous_2)
FN:136,(anonymous_3)
FN:166,(anonymous_4)
FN:184,(anonymous_5)
FNF:6
FNH:3
FNDA:1,(anonymous_0)
FNDA:1,(anonymous_1)
FNDA:1,(anonymous_2)
FNDA:0,(anonymous_3)
FNDA:0,(anonymous_4)
FNDA:0,(anonymous_5)
DA:1,7
DA:2,7
DA:3,7
DA:4,7
DA:5,7
DA:7,7
DA:8,1
DA:9,1
DA:10,1
DA:11,1
DA:13,1
DA:14,1
DA:16,1
DA:17,0
DA:20,1
DA:22,1
DA:27,1
DA:42,1
DA:43,1
DA:49,0
DA:50,0
DA:54,7
DA:55,1
DA:56,1
DA:58,1
DA:60,1
DA:61,1
DA:62,0
DA:65,1
DA:66,0
DA:69,1
DA:70,1
DA:71,0
DA:74,1
DA:75,1
DA:76,1
DA:80,1
DA:90,1
DA:92,1
DA:101,1
DA:103,0
DA:104,0
DA:108,7
DA:109,1
DA:110,1
DA:111,1
DA:126,1
DA:131,0
DA:132,0
DA:136,7
DA:137,0
DA:138,0
DA:139,0
DA:141,0
DA:155,0
DA:156,0
DA:161,0
DA:162,0
DA:166,7
DA:167,0
DA:168,0
DA:169,0
DA:171,0
DA:172,0
DA:173,0
DA:176,0
DA:177,0
DA:179,0
DA:180,0
DA:184,7
DA:185,0
DA:186,0
DA:187,0
DA:189,0
DA:205,0
DA:207,0
DA:208,0
LF:77
LH:42
BRDA:16,0,0,0
BRDA:16,0,1,1
BRDA:16,1,0,1
BRDA:16,1,1,1
BRDA:61,2,0,0
BRDA:61,2,1,1
BRDA:65,3,0,0
BRDA:65,3,1,1
BRDA:70,4,0,0
BRDA:70,4,1,1
BRDA:155,5,0,0
BRDA:155,5,1,0
BRDA:172,6,0,0
BRDA:172,6,1,0
BRF:14
BRH:6
end_of_record
TN:
SF:helper\handleResponseHelper.js
FN:1,(anonymous_0)
FN:4,(anonymous_1)
FN:7,(anonymous_2)
FN:10,(anonymous_3)
FN:13,(anonymous_4)
FN:16,(anonymous_5)
FNF:6
FNH:6
FNDA:1,(anonymous_0)
FNDA:1,(anonymous_1)
FNDA:1,(anonymous_2)
FNDA:32,(anonymous_3)
FNDA:3,(anonymous_4)
FNDA:19,(anonymous_5)
DA:1,8
DA:2,1
DA:4,8
DA:5,1
DA:7,8
DA:8,1
DA:10,8
DA:11,32
DA:13,8
DA:14,3
DA:16,8
DA:17,19
LF:12
LH:12
BRF:0
BRH:0
end_of_record
TN:
SF:helper\joiHelper.js
FN:5,(anonymous_0)
FNF:1
FNH:1
FNDA:34,(anonymous_0)
DA:1,7
DA:2,7
DA:5,7
DA:6,34
DA:7,34
DA:8,6
DA:16,28
DA:21,7
DA:40,7
DA:52,7
DA:57,7
DA:66,7
DA:70,7
DA:145,7
DA:150,7
LF:15
LH:15
BRDA:7,0,0,6
BRDA:7,0,1,28
BRF:2
BRH:2
end_of_record
TN:
SF:helper\sendMailHelper.js
FN:3,(anonymous_0)
FN:77,(anonymous_1)
FN:145,(anonymous_2)
FN:186,(anonymous_3)
FNF:4
FNH:3
FNDA:2,(anonymous_0)
FNDA:3,(anonymous_1)
FNDA:0,(anonymous_2)
FNDA:1,(anonymous_3)
DA:1,7
DA:3,7
DA:4,2
DA:11,2
DA:69,2
DA:70,2
DA:71,2
DA:73,0
DA:77,7
DA:78,3
DA:85,3
DA:137,3
DA:138,3
DA:139,3
DA:141,0
DA:145,7
DA:146,0
DA:154,0
DA:177,0
DA:178,0
DA:179,0
DA:181,0
DA:182,0
DA:186,7
DA:187,1
DA:195,1
DA:220,1
DA:221,1
DA:222,1
DA:224,0
LF:30
LH:20
BRF:0
BRH:0
end_of_record
TN:
SF:middlewares\AuthenticationMiddleware.js
FN:5,(anonymous_0)
FNF:1
FNH:1
FNDA:56,(anonymous_0)
DA:2,7
DA:3,7
DA:5,7
DA:6,56
DA:7,56
DA:8,53
DA:9,53
DA:11,53
DA:12,0
DA:14,53
DA:15,53
DA:16,0
DA:18,53
DA:19,53
DA:20,53
DA:21,53
LF:16
LH:14
BRDA:7,0,0,3
BRDA:7,0,1,53
BRDA:11,1,0,0
BRDA:11,1,1,53
BRDA:15,2,0,0
BRDA:15,2,1,53
BRDA:15,3,0,53
BRDA:15,3,1,53
BRF:8
BRH:6
end_of_record
TN:
SF:middlewares\AuthorizationRole.js
FN:3,(anonymous_0)
FN:14,(anonymous_1)
FN:25,(anonymous_2)
FNF:3
FNH:3
FNDA:7,(anonymous_0)
FNDA:2,(anonymous_1)
FNDA:24,(anonymous_2)
DA:1,8
DA:3,8
DA:4,7
DA:5,7
DA:6,1
DA:11,6
DA:14,8
DA:15,2
DA:16,2
DA:17,1
DA:22,1
DA:25,8
DA:26,24
DA:27,24
DA:28,2
DA:32,22
LF:16
LH:16
BRDA:5,0,0,1
BRDA:5,0,1,6
BRDA:16,1,0,1
BRDA:16,1,1,1
BRDA:27,2,0,2
BRDA:27,2,1,22
BRF:6
BRH:6
end_of_record
TN:
SF:middlewares\sendResetPassMiddleware.js
FN:3,(anonymous_0)
FNF:1
FNH:1
FNDA:1,(anonymous_0)
DA:1,7
DA:3,7
DA:4,1
DA:5,1
DA:6,1
DA:7,1
DA:8,1
LF:7
LH:7
BRDA:5,0,0,0
BRDA:5,0,1,1
BRF:2
BRH:1
end_of_record
TN:
SF:middlewares\verifyEmailMiddleware.js
FN:3,(anonymous_0)
FNF:1
FNH:1
FNDA:2,(anonymous_0)
DA:1,7
DA:3,7
DA:4,2
DA:5,2
DA:6,2
DA:8,2
DA:9,0
DA:12,2
DA:13,0
DA:15,2
DA:16,2
DA:17,2
LF:12
LH:10
BRDA:5,0,0,0
BRDA:5,0,1,2
BRDA:8,1,0,0
BRDA:8,1,1,2
BRDA:12,2,0,0
BRDA:12,2,1,2
BRF:6
BRH:3
end_of_record
TN:
SF:models\category.js
FN:5,(anonymous_0)
FN:12,(anonymous_1)
FNF:2
FNH:2
FNDA:7,(anonymous_0)
FNDA:7,(anonymous_1)
DA:4,7
DA:5,7
DA:14,7
DA:17,7
DA:23,7
LF:5
LH:5
BRF:0
BRH:0
end_of_record
TN:
SF:models\detaileventorganizer.js
FN:5,(anonymous_0)
FN:12,(anonymous_1)
FNF:2
FNH:2
FNDA:7,(anonymous_0)
FNDA:7,(anonymous_1)
DA:4,7
DA:5,7
DA:14,7
DA:20,7
DA:43,7
LF:5
LH:5
BRF:0
BRH:0
end_of_record
TN:
SF:models\event.js
FN:5,(anonymous_0)
FN:12,(anonymous_1)
FNF:2
FNH:2
FNDA:7,(anonymous_0)
FNDA:7,(anonymous_1)
DA:4,7
DA:5,7
DA:14,7
DA:15,7
DA:16,7
DA:17,7
DA:23,7
DA:43,7
LF:8
LH:8
BRF:0
BRH:0
end_of_record
TN:
SF:models\index.js
FN:21,(anonymous_0)
FN:29,(anonymous_1)
FN:34,(anonymous_2)
FNF:3
FNH:3
FNDA:56,(anonymous_0)
FNDA:49,(anonymous_1)
FNDA:49,(anonymous_2)
DA:3,7
DA:4,7
DA:5,7
DA:6,7
DA:7,7
DA:8,7
DA:9,7
DA:10,7
DA:13,7
DA:14,0
DA:16,7
DA:19,7
DA:22,56
DA:30,49
DA:31,49
DA:34,7
DA:35,49
DA:36,49
DA:40,7
DA:41,7
DA:43,7
LF:21
LH:20
BRDA:8,0,0,7
BRDA:8,0,1,0
BRDA:13,1,0,0
BRDA:13,1,1,7
BRDA:23,2,0,56
BRDA:23,2,1,56
BRDA:23,2,2,49
BRDA:23,2,3,49
BRDA:35,3,0,49
BRDA:35,3,1,0
BRF:10
BRH:7
end_of_record
TN:
SF:models\livestreaming.js
FN:5,(anonymous_0)
FN:12,(anonymous_1)
FNF:2
FNH:2
FNDA:7,(anonymous_0)
FNDA:7,(anonymous_1)
DA:4,7
DA:5,7
DA:16,7
DA:23,7
LF:4
LH:4
BRF:0
BRH:0
end_of_record
TN:
SF:models\location.js
FN:5,(anonymous_0)
FN:12,(anonymous_1)
FNF:2
FNH:2
FNDA:7,(anonymous_0)
FNDA:7,(anonymous_1)
DA:4,7
DA:5,7
DA:14,7
DA:17,7
DA:23,7
LF:5
LH:5
BRF:0
BRH:0
end_of_record
TN:
SF:models\order.js
FN:5,(anonymous_0)
FN:12,(anonymous_1)
FNF:2
FNH:2
FNDA:7,(anonymous_0)
FNDA:7,(anonymous_1)
DA:4,7
DA:5,7
DA:14,7
DA:18,7
DA:24,7
DA:36,7
LF:6
LH:6
BRF:0
BRH:0
end_of_record
TN:
SF:models\user.js
FN:5,(anonymous_0)
FN:12,(anonymous_1)
FNF:2
FNH:2
FNDA:7,(anonymous_0)
FNDA:7,(anonymous_1)
DA:4,7
DA:5,7
DA:14,7
DA:15,7
DA:19,7
DA:25,7
DA:36,7
LF:7
LH:7
BRF:0
BRH:0
end_of_record
TN:
SF:routes\authRoute.js
FNF:0
FNH:0
DA:1,7
DA:2,7
DA:3,7
DA:4,7
DA:5,7
DA:6,7
DA:7,7
DA:8,7
DA:10,7
DA:11,7
DA:12,7
DA:13,7
DA:14,7
DA:15,7
DA:17,7
DA:18,7
DA:19,7
DA:21,7
DA:22,7
DA:23,7
DA:25,7
LF:21
LH:21
BRF:0
BRH:0
end_of_record
TN:
SF:routes\categoryRoute.js
FNF:0
FNH:0
DA:1,7
DA:2,7
DA:3,7
DA:4,7
DA:5,7
DA:7,7
DA:8,7
DA:9,7
DA:10,7
DA:13,7
LF:10
LH:10
BRF:0
BRH:0
end_of_record
TN:
SF:routes\eventOrganizerRoute.js
FNF:0
FNH:0
DA:1,7
DA:3,7
DA:4,7
DA:7,7
DA:9,7
DA:13,7
LF:6
LH:6
BRF:0
BRH:0
end_of_record
TN:
SF:routes\eventRoute.js
FNF:0
FNH:0
DA:1,7
DA:2,7
DA:3,7
DA:4,7
DA:5,7
DA:8,7
DA:10,7
DA:11,7
DA:12,7
DA:13,7
DA:14,7
DA:15,7
DA:16,7
DA:17,7
DA:20,7
LF:15
LH:15
BRF:0
BRH:0
end_of_record
TN:
SF:routes\index.js
FNF:0
FNH:0
DA:1,7
DA:2,7
DA:3,7
DA:4,7
DA:5,7
DA:6,7
DA:7,7
DA:8,7
DA:9,7
DA:11,7
DA:12,7
DA:13,7
DA:14,7
DA:15,7
DA:16,7
DA:17,7
DA:19,7
LF:17
LH:17
BRF:0
BRH:0
end_of_record
TN:
SF:routes\locationRoute.js
FNF:0
FNH:0
DA:1,7
DA:2,7
DA:3,7
DA:4,7
DA:6,7
DA:8,7
DA:9,7
DA:10,7
DA:11,7
DA:13,7
LF:10
LH:10
BRF:0
BRH:0
end_of_record
TN:
SF:routes\orderRoute.js
FNF:0
FNH:0
DA:1,7
DA:3,7
DA:4,7
DA:5,7
DA:7,7
DA:9,7
DA:10,7
DA:11,7
DA:12,7
DA:13,7
DA:15,7
DA:18,7
LF:12
LH:12
BRF:0
BRH:0
end_of_record
TN:
SF:routes\streamingRoute.js
FNF:0
FNH:0
DA:1,7
DA:3,7
DA:4,7
DA:5,7
DA:7,7
DA:9,7
DA:10,7
DA:12,7
LF:8
LH:8
BRF:0
BRH:0
end_of_record
TN:
SF:utils\bycrpt.js
FN:4,(anonymous_0)
FN:8,(anonymous_1)
FNF:2
FNH:2
FNDA:12,(anonymous_0)
FNDA:4,(anonymous_1)
DA:1,7
DA:2,7
DA:4,7
DA:5,12
DA:8,7
DA:9,4
DA:12,7
LF:7
LH:7
BRF:0
BRH:0
end_of_record
TN:
SF:utils\jwt.js
FN:3,(anonymous_0)
FN:10,(anonymous_1)
FN:18,(anonymous_2)
FN:19,(anonymous_3)
FN:25,(anonymous_4)
FN:32,(anonymous_5)
FN:38,(anonymous_6)
FNF:7
FNH:7
FNDA:3,(anonymous_0)
FNDA:11,(anonymous_1)
FNDA:53,(anonymous_2)
FNDA:53,(anonymous_3)
FNDA:3,(anonymous_4)
FNDA:1,(anonymous_5)
FNDA:2,(anonymous_6)
DA:1,7
DA:3,7
DA:4,3
DA:5,0
DA:7,3
DA:10,7
DA:11,11
DA:12,11
DA:13,0
DA:15,11
DA:18,7
DA:19,53
DA:20,53
DA:21,0
DA:25,7
DA:26,3
DA:27,0
DA:29,3
DA:32,7
DA:33,1
DA:38,7
DA:39,2
DA:40,2
DA:42,0
DA:43,0
DA:45,0
LF:26
LH:19
BRDA:4,0,0,0
BRDA:4,0,1,3
BRDA:4,1,0,3
BRDA:4,1,1,3
BRDA:12,2,0,0
BRDA:12,2,1,11
BRDA:12,3,0,11
BRDA:12,3,1,11
BRDA:12,3,2,11
BRDA:20,4,0,53
BRDA:20,4,1,0
BRDA:21,5,0,0
BRDA:21,5,1,0
BRDA:26,6,0,0
BRDA:26,6,1,3
BRDA:42,7,0,0
BRDA:42,7,1,0
BRF:17
BRH:9
end_of_record
TN:
SF:utils\multer.js
FN:5,(anonymous_0)
FN:8,(anonymous_1)
FNF:2
FNH:2
FNDA:4,(anonymous_0)
FNDA:4,(anonymous_1)
DA:1,7
DA:2,7
DA:4,7
DA:6,4
DA:9,4
DA:12,7
DA:15,7
LF:7
LH:7
BRF:0
BRH:0
end_of_record
TN:
SF:utils\redistClient.js
FN:8,(anonymous_0)
FN:12,(anonymous_1)
FNF:2
FNH:2
FNDA:4,(anonymous_0)
FNDA:10,(anonymous_1)
DA:1,7
DA:3,7
DA:8,7
DA:9,4
DA:12,7
DA:13,10
DA:17,7
LF:7
LH:7
BRF:0
BRH:0
end_of_record
