<?xml version="1.0" encoding="UTF-8"?>
<coverage generated="1703613808291" clover="3.2.0">
  <project timestamp="1703613808291" name="All files">
    <metrics statements="10" coveredstatements="9" conditionals="12" coveredconditionals="8" methods="2" coveredmethods="1" elements="24" coveredelements="18" complexity="0" loc="10" ncloc="10" packages="2" files="5" classes="5"/>
    <package name="config">
      <metrics statements="3" coveredstatements="3" conditionals="2" coveredconditionals="1" methods="0" coveredmethods="0"/>
      <file name="development.js" path="D:\pt-phincon\final-project\Gelora-Rasa\client\config\development.js">
        <metrics statements="0" coveredstatements="0" conditionals="0" coveredconditionals="0" methods="0" coveredmethods="0"/>
      </file>
      <file name="index.js" path="D:\pt-phincon\final-project\Gelora-Rasa\client\config\index.js">
        <metrics statements="3" coveredstatements="3" conditionals="2" coveredconditionals="1" methods="0" coveredmethods="0"/>
        <line num="5" count="1" type="cond" truecount="1" falsecount="1"/>
        <line num="7" count="1" type="stmt"/>
        <line num="9" count="1" type="stmt"/>
      </file>
      <file name="production.js" path="D:\pt-phincon\final-project\Gelora-Rasa\client\config\production.js">
        <metrics statements="0" coveredstatements="0" conditionals="0" coveredconditionals="0" methods="0" coveredmethods="0"/>
      </file>
      <file name="test.env.js" path="D:\pt-phincon\final-project\Gelora-Rasa\client\config\test.env.js">
        <metrics statements="0" coveredstatements="0" conditionals="0" coveredconditionals="0" methods="0" coveredmethods="0"/>
      </file>
    </package>
    <package name="src.components.UserDetailsDialog">
      <metrics statements="7" coveredstatements="6" conditionals="10" coveredconditionals="7" methods="2" coveredmethods="1"/>
      <file name="index.jsx" path="D:\pt-phincon\final-project\Gelora-Rasa\client\src\components\UserDetailsDialog\index.jsx">
        <metrics statements="7" coveredstatements="6" conditionals="10" coveredconditionals="7" methods="2" coveredmethods="1"/>
        <line num="20" count="1" type="stmt"/>
        <line num="21" count="3" type="stmt"/>
        <line num="23" count="3" type="stmt"/>
        <line num="24" count="3" type="stmt"/>
        <line num="26" count="3" type="stmt"/>
        <line num="41" count="0" type="stmt"/>
        <line num="113" count="1" type="stmt"/>
      </file>
    </package>
  </project>
</coverage>
