<?xml version="1.0" encoding="UTF-8"?>
<coverage generated="1703047506258" clover="3.2.0">
  <project timestamp="1703047506258" name="All files">
    <metrics statements="29" coveredstatements="14" conditionals="16" coveredconditionals="0" methods="9" coveredmethods="0" elements="54" coveredelements="14" complexity="0" loc="29" ncloc="29" packages="3" files="4" classes="4"/>
    <package name="components.InputTextField">
      <metrics statements="3" coveredstatements="2" conditionals="8" coveredconditionals="0" methods="1" coveredmethods="0"/>
      <file name="index.jsx" path="D:\pt-phincon\final-project\Gelora-Rasa\client\src\components\InputTextField\index.jsx">
        <metrics statements="3" coveredstatements="2" conditionals="8" coveredconditionals="0" methods="1" coveredmethods="0"/>
        <line num="5" count="1" type="cond" truecount="0" falsecount="2"/>
        <line num="6" count="0" type="stmt"/>
        <line num="31" count="1" type="stmt"/>
      </file>
    </package>
    <package name="components.LocationDialog">
      <metrics statements="16" coveredstatements="2" conditionals="8" coveredconditionals="0" methods="3" coveredmethods="0"/>
      <file name="index.jsx" path="D:\pt-phincon\final-project\Gelora-Rasa\client\src\components\LocationDialog\index.jsx">
        <metrics statements="16" coveredstatements="2" conditionals="8" coveredconditionals="0" methods="3" coveredmethods="0"/>
        <line num="12" count="1" type="stmt"/>
        <line num="13" count="0" type="stmt"/>
        <line num="14" count="0" type="stmt"/>
        <line num="16" count="0" type="stmt"/>
        <line num="17" count="0" type="stmt"/>
        <line num="24" count="0" type="stmt"/>
        <line num="26" count="0" type="stmt"/>
        <line num="27" count="0" type="cond" truecount="0" falsecount="2"/>
        <line num="28" count="0" type="stmt"/>
        <line num="32" count="0" type="stmt"/>
        <line num="33" count="0" type="cond" truecount="0" falsecount="2"/>
        <line num="34" count="0" type="stmt"/>
        <line num="36" count="0" type="stmt"/>
        <line num="38" count="0" type="stmt"/>
        <line num="41" count="0" type="stmt"/>
        <line num="75" count="1" type="stmt"/>
      </file>
    </package>
    <package name="pages.Dashboard.Locations">
      <metrics statements="10" coveredstatements="10" conditionals="0" coveredconditionals="0" methods="5" coveredmethods="0"/>
      <file name="actions.js" path="D:\pt-phincon\final-project\Gelora-Rasa\client\src\pages\Dashboard\Locations\actions.js">
        <metrics statements="5" coveredstatements="5" conditionals="0" coveredconditionals="0" methods="5" coveredmethods="0"/>
        <line num="9" count="1" type="stmt"/>
        <line num="14" count="1" type="stmt"/>
        <line num="19" count="1" type="stmt"/>
        <line num="23" count="1" type="stmt"/>
        <line num="28" count="1" type="stmt"/>
      </file>
      <file name="constants.js" path="D:\pt-phincon\final-project\Gelora-Rasa\client\src\pages\Dashboard\Locations\constants.js">
        <metrics statements="5" coveredstatements="5" conditionals="0" coveredconditionals="0" methods="0" coveredmethods="0"/>
        <line num="1" count="1" type="stmt"/>
        <line num="2" count="1" type="stmt"/>
        <line num="3" count="1" type="stmt"/>
        <line num="5" count="1" type="stmt"/>
        <line num="7" count="1" type="stmt"/>
      </file>
    </package>
  </project>
</coverage>
