{"D:\\pt-phincon\\final-project\\Gelora-Rasa\\client\\config\\development.js": {"path":"D:\\pt-phincon\\final-project\\Gelora-Rasa\\client\\config\\development.js","statementMap":{},"fnMap":{},"branchMap":{},"s":{},"f":{},"b":{},"_coverageSchema":"1a1c01bbd47fc00a2c39e90264f33305004495a9","hash":"fe9ba62a1b3457c6d6e00d33f2da3f974f399857"}
,"D:\\pt-phincon\\final-project\\Gelora-Rasa\\client\\config\\index.js": {"path":"D:\\pt-phincon\\final-project\\Gelora-Rasa\\client\\config\\index.js","statementMap":{"0":{"start":{"line":5,"column":16},"end":{"line":5,"column":53}},"1":{"start":{"line":7,"column":12},"end":{"line":7,"column":54}},"2":{"start":{"line":9,"column":15},"end":{"line":18,"column":1}}},"fnMap":{},"branchMap":{"0":{"loc":{"start":{"line":5,"column":16},"end":{"line":5,"column":53}},"type":"binary-expr","locations":[{"start":{"line":5,"column":16},"end":{"line":5,"column":36}},{"start":{"line":5,"column":40},"end":{"line":5,"column":53}}],"line":5}},"s":{"0":1,"1":1,"2":1},"f":{},"b":{"0":[1,0]},"_coverageSchema":"1a1c01bbd47fc00a2c39e90264f33305004495a9","hash":"9f6d9547ce94d61d4f8d0e4c3ee1451041a2fbf1"}
,"D:\\pt-phincon\\final-project\\Gelora-Rasa\\client\\config\\production.js": {"path":"D:\\pt-phincon\\final-project\\Gelora-Rasa\\client\\config\\production.js","statementMap":{},"fnMap":{},"branchMap":{},"s":{},"f":{},"b":{},"_coverageSchema":"1a1c01bbd47fc00a2c39e90264f33305004495a9","hash":"b587a5d322a44eb4547c46bed272e8fd0348146e"}
,"D:\\pt-phincon\\final-project\\Gelora-Rasa\\client\\config\\test.env.js": {"path":"D:\\pt-phincon\\final-project\\Gelora-Rasa\\client\\config\\test.env.js","statementMap":{},"fnMap":{},"branchMap":{},"s":{},"f":{},"b":{},"_coverageSchema":"1a1c01bbd47fc00a2c39e90264f33305004495a9","hash":"a4b4383fdc426ae3e273e4af9666b631732828b7"}
,"D:\\pt-phincon\\final-project\\Gelora-Rasa\\client\\src\\components\\UserDetailsDialog\\index.jsx": {"path":"D:\\pt-phincon\\final-project\\Gelora-Rasa\\client\\src\\components\\UserDetailsDialog\\index.jsx","statementMap":{"0":{"start":{"line":20,"column":26},"end":{"line":111,"column":1}},"1":{"start":{"line":21,"column":32},"end":{"line":21,"column":46}},"2":{"start":{"line":23,"column":16},"end":{"line":23,"column":26}},"3":{"start":{"line":24,"column":21},"end":{"line":24,"column":64}},"4":{"start":{"line":26,"column":2},"end":{"line":110,"column":4}},"5":{"start":{"line":41,"column":28},"end":{"line":41,"column":45}},"6":{"start":{"line":113,"column":0},"end":{"line":117,"column":2}}},"fnMap":{"0":{"name":"(anonymous_0)","decl":{"start":{"line":20,"column":26},"end":{"line":20,"column":27}},"loc":{"start":{"line":20,"column":55},"end":{"line":111,"column":1}},"line":20},"1":{"name":"(anonymous_1)","decl":{"start":{"line":41,"column":22},"end":{"line":41,"column":23}},"loc":{"start":{"line":41,"column":28},"end":{"line":41,"column":45}},"line":41}},"branchMap":{"0":{"loc":{"start":{"line":32,"column":9},"end":{"line":32,"column":78}},"type":"binary-expr","locations":[{"start":{"line":32,"column":9},"end":{"line":32,"column":16}},{"start":{"line":32,"column":20},"end":{"line":32,"column":78}}],"line":32},"1":{"loc":{"start":{"line":33,"column":9},"end":{"line":49,"column":9}},"type":"cond-expr","locations":[{"start":{"line":34,"column":10},"end":{"line":44,"column":13}},{"start":{"line":46,"column":10},"end":{"line":48,"column":19}}],"line":33},"2":{"loc":{"start":{"line":35,"column":13},"end":{"line":35,"column":82}},"type":"binary-expr","locations":[{"start":{"line":35,"column":13},"end":{"line":35,"column":20}},{"start":{"line":35,"column":24},"end":{"line":35,"column":82}}],"line":35},"3":{"loc":{"start":{"line":47,"column":49},"end":{"line":47,"column":117}},"type":"binary-expr","locations":[{"start":{"line":47,"column":49},"end":{"line":47,"column":80}},{"start":{"line":47,"column":84},"end":{"line":47,"column":117}}],"line":47},"4":{"loc":{"start":{"line":56,"column":9},"end":{"line":102,"column":9}},"type":"binary-expr","locations":[{"start":{"line":56,"column":9},"end":{"line":56,"column":35}},{"start":{"line":57,"column":10},"end":{"line":101,"column":13}}],"line":56}},"s":{"0":1,"1":3,"2":3,"3":3,"4":3,"5":0,"6":1},"f":{"0":3,"1":0},"b":{"0":[3,3],"1":[3,0],"2":[3,3],"3":[0,0],"4":[3,3]},"_coverageSchema":"1a1c01bbd47fc00a2c39e90264f33305004495a9","hash":"7238461a2c3fd51840995696a8b11c6021352108"}
}
