{"D:\\pt-phincon\\final-project\\Gelora-Rasa\\client\\config\\development.js": {"path":"D:\\pt-phincon\\final-project\\Gelora-Rasa\\client\\config\\development.js","statementMap":{},"fnMap":{},"branchMap":{},"s":{},"f":{},"b":{},"_coverageSchema":"1a1c01bbd47fc00a2c39e90264f33305004495a9","hash":"fe9ba62a1b3457c6d6e00d33f2da3f974f399857"}
,"D:\\pt-phincon\\final-project\\Gelora-Rasa\\client\\config\\index.js": {"path":"D:\\pt-phincon\\final-project\\Gelora-Rasa\\client\\config\\index.js","statementMap":{"0":{"start":{"line":5,"column":16},"end":{"line":5,"column":53}},"1":{"start":{"line":7,"column":12},"end":{"line":7,"column":54}},"2":{"start":{"line":9,"column":15},"end":{"line":18,"column":1}}},"fnMap":{},"branchMap":{"0":{"loc":{"start":{"line":5,"column":16},"end":{"line":5,"column":53}},"type":"binary-expr","locations":[{"start":{"line":5,"column":16},"end":{"line":5,"column":36}},{"start":{"line":5,"column":40},"end":{"line":5,"column":53}}],"line":5}},"s":{"0":3,"1":3,"2":3},"f":{},"b":{"0":[3,0]},"_coverageSchema":"1a1c01bbd47fc00a2c39e90264f33305004495a9","hash":"9f6d9547ce94d61d4f8d0e4c3ee1451041a2fbf1"}
,"D:\\pt-phincon\\final-project\\Gelora-Rasa\\client\\config\\production.js": {"path":"D:\\pt-phincon\\final-project\\Gelora-Rasa\\client\\config\\production.js","statementMap":{},"fnMap":{},"branchMap":{},"s":{},"f":{},"b":{},"_coverageSchema":"1a1c01bbd47fc00a2c39e90264f33305004495a9","hash":"b587a5d322a44eb4547c46bed272e8fd0348146e"}
,"D:\\pt-phincon\\final-project\\Gelora-Rasa\\client\\config\\test.env.js": {"path":"D:\\pt-phincon\\final-project\\Gelora-Rasa\\client\\config\\test.env.js","statementMap":{},"fnMap":{},"branchMap":{},"s":{},"f":{},"b":{},"_coverageSchema":"1a1c01bbd47fc00a2c39e90264f33305004495a9","hash":"a4b4383fdc426ae3e273e4af9666b631732828b7"}
,"D:\\pt-phincon\\final-project\\Gelora-Rasa\\client\\src\\components\\AdminTable\\index.jsx": {"path":"D:\\pt-phincon\\final-project\\Gelora-Rasa\\client\\src\\components\\AdminTable\\index.jsx","statementMap":{"0":{"start":{"line":5,"column":19},"end":{"line":61,"column":1}},"1":{"start":{"line":14,"column":2},"end":{"line":60,"column":8}},"2":{"start":{"line":19,"column":12},"end":{"line":21,"column":17}},"3":{"start":{"line":30,"column":10},"end":{"line":56,"column":15}},"4":{"start":{"line":32,"column":14},"end":{"line":32,"column":72}},"5":{"start":{"line":38,"column":33},"end":{"line":38,"column":45}},"6":{"start":{"line":48,"column":33},"end":{"line":48,"column":50}},"7":{"start":{"line":63,"column":0},"end":{"line":76,"column":2}}},"fnMap":{"0":{"name":"(anonymous_0)","decl":{"start":{"line":5,"column":19},"end":{"line":5,"column":20}},"loc":{"start":{"line":14,"column":2},"end":{"line":60,"column":8}},"line":14},"1":{"name":"(anonymous_1)","decl":{"start":{"line":18,"column":23},"end":{"line":18,"column":24}},"loc":{"start":{"line":19,"column":12},"end":{"line":21,"column":17}},"line":19},"2":{"name":"(anonymous_2)","decl":{"start":{"line":29,"column":18},"end":{"line":29,"column":19}},"loc":{"start":{"line":30,"column":10},"end":{"line":56,"column":15}},"line":30},"3":{"name":"(anonymous_3)","decl":{"start":{"line":31,"column":25},"end":{"line":31,"column":26}},"loc":{"start":{"line":32,"column":14},"end":{"line":32,"column":72}},"line":32},"4":{"name":"(anonymous_4)","decl":{"start":{"line":38,"column":27},"end":{"line":38,"column":28}},"loc":{"start":{"line":38,"column":33},"end":{"line":38,"column":45}},"line":38},"5":{"name":"(anonymous_5)","decl":{"start":{"line":48,"column":27},"end":{"line":48,"column":28}},"loc":{"start":{"line":48,"column":33},"end":{"line":48,"column":50}},"line":48}},"branchMap":{"0":{"loc":{"start":{"line":10,"column":2},"end":{"line":10,"column":23}},"type":"default-arg","locations":[{"start":{"line":10,"column":19},"end":{"line":10,"column":23}}],"line":10},"1":{"loc":{"start":{"line":11,"column":2},"end":{"line":11,"column":25}},"type":"default-arg","locations":[{"start":{"line":11,"column":21},"end":{"line":11,"column":25}}],"line":11},"2":{"loc":{"start":{"line":12,"column":2},"end":{"line":12,"column":46}},"type":"default-arg","locations":[{"start":{"line":12,"column":24},"end":{"line":12,"column":46}}],"line":12},"3":{"loc":{"start":{"line":35,"column":15},"end":{"line":44,"column":15}},"type":"binary-expr","locations":[{"start":{"line":35,"column":15},"end":{"line":35,"column":29}},{"start":{"line":36,"column":16},"end":{"line":43,"column":25}}],"line":35},"4":{"loc":{"start":{"line":45,"column":15},"end":{"line":54,"column":15}},"type":"binary-expr","locations":[{"start":{"line":45,"column":15},"end":{"line":45,"column":31}},{"start":{"line":46,"column":16},"end":{"line":53,"column":25}}],"line":45}},"s":{"0":1,"1":4,"2":8,"3":8,"4":16,"5":1,"6":1,"7":1},"f":{"0":4,"1":8,"2":8,"3":16,"4":1,"5":1},"b":{"0":[4],"1":[4],"2":[4],"3":[8,8],"4":[8,8]},"_coverageSchema":"1a1c01bbd47fc00a2c39e90264f33305004495a9","hash":"4e1c079c69b5d86dca50f2f1f702c5a5ced12e7f"}
,"D:\\pt-phincon\\final-project\\Gelora-Rasa\\client\\src\\components\\BottomNavigation\\index.jsx": {"path":"D:\\pt-phincon\\final-project\\Gelora-Rasa\\client\\src\\components\\BottomNavigation\\index.jsx","statementMap":{"0":{"start":{"line":15,"column":18},"end":{"line":55,"column":1}},"1":{"start":{"line":16,"column":19},"end":{"line":16,"column":32}},"2":{"start":{"line":17,"column":19},"end":{"line":17,"column":32}},"3":{"start":{"line":20,"column":19},"end":{"line":27,"column":3}},"4":{"start":{"line":29,"column":23},"end":{"line":32,"column":3}},"5":{"start":{"line":30,"column":18},"end":{"line":30,"column":67}},"6":{"start":{"line":30,"column":47},"end":{"line":30,"column":66}},"7":{"start":{"line":31,"column":4},"end":{"line":31,"column":34}},"8":{"start":{"line":34,"column":23},"end":{"line":36,"column":3}},"9":{"start":{"line":35,"column":4},"end":{"line":35,"column":39}},"10":{"start":{"line":38,"column":20},"end":{"line":38,"column":51}},"11":{"start":{"line":39,"column":2},"end":{"line":54,"column":4}},"12":{"start":{"line":43,"column":10},"end":{"line":51,"column":11}},"13":{"start":{"line":57,"column":0},"end":{"line":59,"column":2}},"14":{"start":{"line":61,"column":24},"end":{"line":63,"column":2}}},"fnMap":{"0":{"name":"(anonymous_0)","decl":{"start":{"line":15,"column":18},"end":{"line":15,"column":19}},"loc":{"start":{"line":15,"column":32},"end":{"line":55,"column":1}},"line":15},"1":{"name":"(anonymous_1)","decl":{"start":{"line":29,"column":23},"end":{"line":29,"column":24}},"loc":{"start":{"line":29,"column":33},"end":{"line":32,"column":3}},"line":29},"2":{"name":"(anonymous_2)","decl":{"start":{"line":30,"column":37},"end":{"line":30,"column":38}},"loc":{"start":{"line":30,"column":47},"end":{"line":30,"column":66}},"line":30},"3":{"name":"(anonymous_3)","decl":{"start":{"line":34,"column":23},"end":{"line":34,"column":24}},"loc":{"start":{"line":34,"column":44},"end":{"line":36,"column":3}},"line":34},"4":{"name":"(anonymous_4)","decl":{"start":{"line":42,"column":8},"end":{"line":42,"column":9}},"loc":{"start":{"line":43,"column":10},"end":{"line":51,"column":11}},"line":43}},"branchMap":{"0":{"loc":{"start":{"line":31,"column":11},"end":{"line":31,"column":33}},"type":"cond-expr","locations":[{"start":{"line":31,"column":24},"end":{"line":31,"column":29}},{"start":{"line":31,"column":32},"end":{"line":31,"column":33}}],"line":31},"1":{"loc":{"start":{"line":43,"column":10},"end":{"line":51,"column":11}},"type":"binary-expr","locations":[{"start":{"line":43,"column":10},"end":{"line":43,"column":14}},{"start":{"line":44,"column":10},"end":{"line":44,"column":40}},{"start":{"line":45,"column":12},"end":{"line":50,"column":14}}],"line":43}},"s":{"0":1,"1":2,"2":2,"3":2,"4":2,"5":2,"6":12,"7":2,"8":2,"9":0,"10":2,"11":2,"12":12,"13":1,"14":1},"f":{"0":2,"1":2,"2":12,"3":0,"4":12},"b":{"0":[0,2],"1":[12,0,0]},"_coverageSchema":"1a1c01bbd47fc00a2c39e90264f33305004495a9","hash":"b9f0187efe85920ab983cacaa18f4fad5fafad7d"}
,"D:\\pt-phincon\\final-project\\Gelora-Rasa\\client\\src\\components\\CardItem\\index.jsx": {"path":"D:\\pt-phincon\\final-project\\Gelora-Rasa\\client\\src\\components\\CardItem\\index.jsx","statementMap":{"0":{"start":{"line":9,"column":17},"end":{"line":148,"column":1}},"1":{"start":{"line":10,"column":19},"end":{"line":10,"column":32}},"2":{"start":{"line":12,"column":32},"end":{"line":14,"column":3}},"3":{"start":{"line":13,"column":4},"end":{"line":13,"column":36}},"4":{"start":{"line":16,"column":25},"end":{"line":20,"column":25}},"5":{"start":{"line":22,"column":24},"end":{"line":26,"column":34}},"6":{"start":{"line":29,"column":4},"end":{"line":31,"column":44}},"7":{"start":{"line":33,"column":27},"end":{"line":52,"column":3}},"8":{"start":{"line":34,"column":16},"end":{"line":34,"column":62}},"9":{"start":{"line":35,"column":17},"end":{"line":35,"column":59}},"10":{"start":{"line":37,"column":4},"end":{"line":51,"column":5}},"11":{"start":{"line":38,"column":6},"end":{"line":48,"column":7}},"12":{"start":{"line":39,"column":8},"end":{"line":43,"column":11}},"13":{"start":{"line":44,"column":8},"end":{"line":44,"column":52}},"14":{"start":{"line":46,"column":8},"end":{"line":46,"column":49}},"15":{"start":{"line":47,"column":8},"end":{"line":47,"column":51}},"16":{"start":{"line":50,"column":6},"end":{"line":50,"column":44}},"17":{"start":{"line":54,"column":2},"end":{"line":147,"column":4}},"18":{"start":{"line":88,"column":68},"end":{"line":88,"column":99}},"19":{"start":{"line":150,"column":0},"end":{"line":152,"column":2}}},"fnMap":{"0":{"name":"(anonymous_0)","decl":{"start":{"line":9,"column":17},"end":{"line":9,"column":18}},"loc":{"start":{"line":9,"column":32},"end":{"line":148,"column":1}},"line":9},"1":{"name":"(anonymous_1)","decl":{"start":{"line":12,"column":32},"end":{"line":12,"column":33}},"loc":{"start":{"line":12,"column":38},"end":{"line":14,"column":3}},"line":12},"2":{"name":"(anonymous_2)","decl":{"start":{"line":33,"column":27},"end":{"line":33,"column":28}},"loc":{"start":{"line":33,"column":39},"end":{"line":52,"column":3}},"line":33},"3":{"name":"(anonymous_3)","decl":{"start":{"line":88,"column":62},"end":{"line":88,"column":63}},"loc":{"start":{"line":88,"column":68},"end":{"line":88,"column":99}},"line":88}},"branchMap":{"0":{"loc":{"start":{"line":29,"column":4},"end":{"line":31,"column":44}},"type":"cond-expr","locations":[{"start":{"line":30,"column":8},"end":{"line":30,"column":64}},{"start":{"line":31,"column":8},"end":{"line":31,"column":44}}],"line":29},"1":{"loc":{"start":{"line":29,"column":4},"end":{"line":29,"column":25}},"type":"binary-expr","locations":[{"start":{"line":29,"column":4},"end":{"line":29,"column":9}},{"start":{"line":29,"column":13},"end":{"line":29,"column":25}}],"line":29},"2":{"loc":{"start":{"line":38,"column":6},"end":{"line":48,"column":7}},"type":"if","locations":[{"start":{"line":38,"column":6},"end":{"line":48,"column":7}},{"start":{"line":45,"column":13},"end":{"line":48,"column":7}}],"line":38}},"s":{"0":1,"1":4,"2":4,"3":1,"4":4,"5":4,"6":4,"7":4,"8":0,"9":0,"10":0,"11":0,"12":0,"13":0,"14":0,"15":0,"16":0,"17":4,"18":1,"19":1},"f":{"0":4,"1":1,"2":0,"3":1},"b":{"0":[4,0],"1":[4,4],"2":[0,0]},"_coverageSchema":"1a1c01bbd47fc00a2c39e90264f33305004495a9","hash":"53f53b74fbdffc79f3192a73ddbad38d9494f957"}
,"D:\\pt-phincon\\final-project\\Gelora-Rasa\\client\\src\\components\\CategoryDialog\\index.jsx": {"path":"D:\\pt-phincon\\final-project\\Gelora-Rasa\\client\\src\\components\\CategoryDialog\\index.jsx","statementMap":{"0":{"start":{"line":12,"column":30},"end":{"line":76,"column":1}},"1":{"start":{"line":13,"column":19},"end":{"line":13,"column":32}},"2":{"start":{"line":14,"column":21},"end":{"line":14,"column":38}},"3":{"start":{"line":16,"column":16},"end":{"line":16,"column":26}},"4":{"start":{"line":17,"column":21},"end":{"line":17,"column":64}},"5":{"start":{"line":25,"column":6},"end":{"line":25,"column":15}},"6":{"start":{"line":27,"column":2},"end":{"line":33,"column":53}},"7":{"start":{"line":28,"column":4},"end":{"line":32,"column":5}},"8":{"start":{"line":29,"column":6},"end":{"line":29,"column":53}},"9":{"start":{"line":31,"column":6},"end":{"line":31,"column":14}},"10":{"start":{"line":35,"column":19},"end":{"line":42,"column":3}},"11":{"start":{"line":36,"column":4},"end":{"line":40,"column":5}},"12":{"start":{"line":37,"column":6},"end":{"line":37,"column":67}},"13":{"start":{"line":39,"column":6},"end":{"line":39,"column":45}},"14":{"start":{"line":41,"column":4},"end":{"line":41,"column":14}},"15":{"start":{"line":44,"column":2},"end":{"line":75,"column":4}},"16":{"start":{"line":78,"column":0},"end":{"line":83,"column":2}}},"fnMap":{"0":{"name":"(anonymous_0)","decl":{"start":{"line":12,"column":30},"end":{"line":12,"column":31}},"loc":{"start":{"line":12,"column":95},"end":{"line":76,"column":1}},"line":12},"1":{"name":"(anonymous_1)","decl":{"start":{"line":27,"column":12},"end":{"line":27,"column":13}},"loc":{"start":{"line":27,"column":18},"end":{"line":33,"column":3}},"line":27},"2":{"name":"(anonymous_2)","decl":{"start":{"line":35,"column":19},"end":{"line":35,"column":20}},"loc":{"start":{"line":35,"column":29},"end":{"line":42,"column":3}},"line":35}},"branchMap":{"0":{"loc":{"start":{"line":28,"column":4},"end":{"line":32,"column":5}},"type":"if","locations":[{"start":{"line":28,"column":4},"end":{"line":32,"column":5}},{"start":{"line":30,"column":11},"end":{"line":32,"column":5}}],"line":28},"1":{"loc":{"start":{"line":28,"column":8},"end":{"line":28,"column":37}},"type":"binary-expr","locations":[{"start":{"line":28,"column":8},"end":{"line":28,"column":18}},{"start":{"line":28,"column":22},"end":{"line":28,"column":37}}],"line":28},"2":{"loc":{"start":{"line":36,"column":4},"end":{"line":40,"column":5}},"type":"if","locations":[{"start":{"line":36,"column":4},"end":{"line":40,"column":5}},{"start":{"line":38,"column":11},"end":{"line":40,"column":5}}],"line":36},"3":{"loc":{"start":{"line":47,"column":30},"end":{"line":47,"column":100}},"type":"cond-expr","locations":[{"start":{"line":47,"column":43},"end":{"line":47,"column":69}},{"start":{"line":47,"column":72},"end":{"line":47,"column":100}}],"line":47},"4":{"loc":{"start":{"line":70,"column":34},"end":{"line":70,"column":102}},"type":"cond-expr","locations":[{"start":{"line":70,"column":47},"end":{"line":70,"column":74}},{"start":{"line":70,"column":77},"end":{"line":70,"column":102}}],"line":70}},"s":{"0":1,"1":3,"2":3,"3":3,"4":3,"5":3,"6":3,"7":3,"8":3,"9":0,"10":3,"11":0,"12":0,"13":0,"14":0,"15":3,"16":1},"f":{"0":3,"1":3,"2":0},"b":{"0":[3,0],"1":[3,3],"2":[0,0],"3":[3,0],"4":[3,0]},"_coverageSchema":"1a1c01bbd47fc00a2c39e90264f33305004495a9","hash":"a7d35443d273ed282230dd0b47a5e68af38b570f"}
,"D:\\pt-phincon\\final-project\\Gelora-Rasa\\client\\src\\components\\DeleteConfirmationDialog\\index.jsx": {"path":"D:\\pt-phincon\\final-project\\Gelora-Rasa\\client\\src\\components\\DeleteConfirmationDialog\\index.jsx","statementMap":{"0":{"start":{"line":5,"column":33},"end":{"line":26,"column":1}},"1":{"start":{"line":6,"column":2},"end":{"line":25,"column":11}},"2":{"start":{"line":28,"column":0},"end":{"line":34,"column":2}}},"fnMap":{"0":{"name":"(anonymous_0)","decl":{"start":{"line":5,"column":33},"end":{"line":5,"column":34}},"loc":{"start":{"line":6,"column":2},"end":{"line":25,"column":11}},"line":6}},"branchMap":{},"s":{"0":1,"1":4,"2":1},"f":{"0":4},"b":{},"_coverageSchema":"1a1c01bbd47fc00a2c39e90264f33305004495a9","hash":"5789b56067b51d59e1fcce4129fa320ab6764731"}
,"D:\\pt-phincon\\final-project\\Gelora-Rasa\\client\\src\\components\\EditDialogProfile\\index.jsx": {"path":"D:\\pt-phincon\\final-project\\Gelora-Rasa\\client\\src\\components\\EditDialogProfile\\index.jsx","statementMap":{"0":{"start":{"line":14,"column":26},"end":{"line":114,"column":1}},"1":{"start":{"line":15,"column":19},"end":{"line":15,"column":32}},"2":{"start":{"line":16,"column":19},"end":{"line":16,"column":32}},"3":{"start":{"line":17,"column":34},"end":{"line":17,"column":49}},"4":{"start":{"line":24,"column":6},"end":{"line":24,"column":15}},"5":{"start":{"line":26,"column":2},"end":{"line":31,"column":30}},"6":{"start":{"line":27,"column":4},"end":{"line":30,"column":5}},"7":{"start":{"line":28,"column":6},"end":{"line":28,"column":51}},"8":{"start":{"line":29,"column":6},"end":{"line":29,"column":49}},"9":{"start":{"line":33,"column":19},"end":{"line":45,"column":3}},"10":{"start":{"line":34,"column":4},"end":{"line":36,"column":5}},"11":{"start":{"line":35,"column":6},"end":{"line":35,"column":31}},"12":{"start":{"line":37,"column":4},"end":{"line":43,"column":6}},"13":{"start":{"line":39,"column":8},"end":{"line":41,"column":17}},"14":{"start":{"line":40,"column":10},"end":{"line":40,"column":33}},"15":{"start":{"line":44,"column":4},"end":{"line":44,"column":14}},"16":{"start":{"line":47,"column":2},"end":{"line":54,"column":4}},"17":{"start":{"line":48,"column":10},"end":{"line":52,"column":5}},"18":{"start":{"line":49,"column":6},"end":{"line":51,"column":7}},"19":{"start":{"line":50,"column":8},"end":{"line":50,"column":39}},"20":{"start":{"line":56,"column":2},"end":{"line":113,"column":4}},"21":{"start":{"line":103,"column":76},"end":{"line":103,"column":105}},"22":{"start":{"line":116,"column":0},"end":{"line":121,"column":2}}},"fnMap":{"0":{"name":"(anonymous_0)","decl":{"start":{"line":14,"column":26},"end":{"line":14,"column":27}},"loc":{"start":{"line":14,"column":87},"end":{"line":114,"column":1}},"line":14},"1":{"name":"(anonymous_1)","decl":{"start":{"line":26,"column":12},"end":{"line":26,"column":13}},"loc":{"start":{"line":26,"column":18},"end":{"line":31,"column":3}},"line":26},"2":{"name":"(anonymous_2)","decl":{"start":{"line":33,"column":19},"end":{"line":33,"column":20}},"loc":{"start":{"line":33,"column":29},"end":{"line":45,"column":3}},"line":33},"3":{"name":"(anonymous_3)","decl":{"start":{"line":38,"column":30},"end":{"line":38,"column":31}},"loc":{"start":{"line":38,"column":36},"end":{"line":42,"column":7}},"line":38},"4":{"name":"(anonymous_4)","decl":{"start":{"line":39,"column":19},"end":{"line":39,"column":20}},"loc":{"start":{"line":39,"column":25},"end":{"line":41,"column":9}},"line":39},"5":{"name":"(anonymous_5)","decl":{"start":{"line":48,"column":4},"end":{"line":48,"column":5}},"loc":{"start":{"line":48,"column":10},"end":{"line":52,"column":5}},"line":48},"6":{"name":"(anonymous_6)","decl":{"start":{"line":48,"column":10},"end":{"line":48,"column":11}},"loc":{"start":{"line":48,"column":16},"end":{"line":52,"column":5}},"line":48},"7":{"name":"(anonymous_7)","decl":{"start":{"line":103,"column":69},"end":{"line":103,"column":70}},"loc":{"start":{"line":103,"column":76},"end":{"line":103,"column":105}},"line":103}},"branchMap":{"0":{"loc":{"start":{"line":27,"column":4},"end":{"line":30,"column":5}},"type":"if","locations":[{"start":{"line":27,"column":4},"end":{"line":30,"column":5}},{"start":{},"end":{}}],"line":27},"1":{"loc":{"start":{"line":34,"column":4},"end":{"line":36,"column":5}},"type":"if","locations":[{"start":{"line":34,"column":4},"end":{"line":36,"column":5}},{"start":{},"end":{}}],"line":34},"2":{"loc":{"start":{"line":49,"column":6},"end":{"line":51,"column":7}},"type":"if","locations":[{"start":{"line":49,"column":6},"end":{"line":51,"column":7}},{"start":{},"end":{}}],"line":49},"3":{"loc":{"start":{"line":94,"column":20},"end":{"line":94,"column":50}},"type":"cond-expr","locations":[{"start":{"line":94,"column":31},"end":{"line":94,"column":37}},{"start":{"line":94,"column":40},"end":{"line":94,"column":50}}],"line":94}},"s":{"0":1,"1":4,"2":4,"3":4,"4":4,"5":4,"6":4,"7":4,"8":4,"9":4,"10":1,"11":1,"12":1,"13":0,"14":0,"15":1,"16":4,"17":4,"18":4,"19":4,"20":4,"21":0,"22":1},"f":{"0":4,"1":4,"2":1,"3":0,"4":0,"5":4,"6":4,"7":0},"b":{"0":[4,0],"1":[1,0],"2":[4,0],"3":[0,4]},"_coverageSchema":"1a1c01bbd47fc00a2c39e90264f33305004495a9","hash":"77a8a003ca25ef7294dc9215689eb0d37232171b"}
,"D:\\pt-phincon\\final-project\\Gelora-Rasa\\client\\src\\components\\EventDescription\\index.jsx": {"path":"D:\\pt-phincon\\final-project\\Gelora-Rasa\\client\\src\\components\\EventDescription\\index.jsx","statementMap":{"0":{"start":{"line":5,"column":25},"end":{"line":14,"column":1}},"1":{"start":{"line":6,"column":2},"end":{"line":13,"column":8}},"2":{"start":{"line":16,"column":0},"end":{"line":18,"column":2}}},"fnMap":{"0":{"name":"(anonymous_0)","decl":{"start":{"line":5,"column":25},"end":{"line":5,"column":26}},"loc":{"start":{"line":6,"column":2},"end":{"line":13,"column":8}},"line":6}},"branchMap":{},"s":{"0":1,"1":3,"2":1},"f":{"0":3},"b":{},"_coverageSchema":"1a1c01bbd47fc00a2c39e90264f33305004495a9","hash":"bbb9d9a4cd1f77d52f7132d3a844b95a9ec9ca32"}
,"D:\\pt-phincon\\final-project\\Gelora-Rasa\\client\\src\\components\\EventDetails\\index.jsx": {"path":"D:\\pt-phincon\\final-project\\Gelora-Rasa\\client\\src\\components\\EventDetails\\index.jsx","statementMap":{"0":{"start":{"line":9,"column":20},"end":{"line":127,"column":1}},"1":{"start":{"line":22,"column":38},"end":{"line":22,"column":51}},"2":{"start":{"line":24,"column":30},"end":{"line":31,"column":3}},"3":{"start":{"line":25,"column":21},"end":{"line":25,"column":57}},"4":{"start":{"line":26,"column":4},"end":{"line":30,"column":24}},"5":{"start":{"line":33,"column":2},"end":{"line":37,"column":30}},"6":{"start":{"line":34,"column":4},"end":{"line":36,"column":5}},"7":{"start":{"line":35,"column":6},"end":{"line":35,"column":57}},"8":{"start":{"line":39,"column":25},"end":{"line":39,"column":41}},"9":{"start":{"line":40,"column":30},"end":{"line":40,"column":72}},"10":{"start":{"line":43,"column":2},"end":{"line":49,"column":3}},"11":{"start":{"line":44,"column":4},"end":{"line":44,"column":52}},"12":{"start":{"line":45,"column":9},"end":{"line":49,"column":3}},"13":{"start":{"line":46,"column":4},"end":{"line":46,"column":56}},"14":{"start":{"line":48,"column":4},"end":{"line":48,"column":49}},"15":{"start":{"line":51,"column":2},"end":{"line":126,"column":4}},"16":{"start":{"line":78,"column":49},"end":{"line":78,"column":108}},"17":{"start":{"line":81,"column":73},"end":{"line":81,"column":115}},"18":{"start":{"line":82,"column":49},"end":{"line":82,"column":95}},"19":{"start":{"line":129,"column":0},"end":{"line":141,"column":2}}},"fnMap":{"0":{"name":"(anonymous_0)","decl":{"start":{"line":9,"column":20},"end":{"line":9,"column":21}},"loc":{"start":{"line":21,"column":6},"end":{"line":127,"column":1}},"line":21},"1":{"name":"(anonymous_1)","decl":{"start":{"line":24,"column":30},"end":{"line":24,"column":31}},"loc":{"start":{"line":24,"column":44},"end":{"line":31,"column":3}},"line":24},"2":{"name":"(anonymous_2)","decl":{"start":{"line":33,"column":12},"end":{"line":33,"column":13}},"loc":{"start":{"line":33,"column":18},"end":{"line":37,"column":3}},"line":33},"3":{"name":"(anonymous_3)","decl":{"start":{"line":78,"column":43},"end":{"line":78,"column":44}},"loc":{"start":{"line":78,"column":49},"end":{"line":78,"column":108}},"line":78},"4":{"name":"(anonymous_4)","decl":{"start":{"line":81,"column":66},"end":{"line":81,"column":67}},"loc":{"start":{"line":81,"column":73},"end":{"line":81,"column":115}},"line":81},"5":{"name":"(anonymous_5)","decl":{"start":{"line":82,"column":43},"end":{"line":82,"column":44}},"loc":{"start":{"line":82,"column":49},"end":{"line":82,"column":95}},"line":82}},"branchMap":{"0":{"loc":{"start":{"line":25,"column":33},"end":{"line":25,"column":56}},"type":"cond-expr","locations":[{"start":{"line":25,"column":41},"end":{"line":25,"column":52}},{"start":{"line":25,"column":55},"end":{"line":25,"column":56}}],"line":25},"1":{"loc":{"start":{"line":34,"column":4},"end":{"line":36,"column":5}},"type":"if","locations":[{"start":{"line":34,"column":4},"end":{"line":36,"column":5}},{"start":{},"end":{}}],"line":34},"2":{"loc":{"start":{"line":34,"column":8},"end":{"line":34,"column":46}},"type":"binary-expr","locations":[{"start":{"line":34,"column":8},"end":{"line":34,"column":13}},{"start":{"line":34,"column":17},"end":{"line":34,"column":28}},{"start":{"line":34,"column":32},"end":{"line":34,"column":46}}],"line":34},"3":{"loc":{"start":{"line":40,"column":30},"end":{"line":40,"column":72}},"type":"binary-expr","locations":[{"start":{"line":40,"column":30},"end":{"line":40,"column":39}},{"start":{"line":40,"column":43},"end":{"line":40,"column":53}},{"start":{"line":40,"column":57},"end":{"line":40,"column":72}}],"line":40},"4":{"loc":{"start":{"line":43,"column":2},"end":{"line":49,"column":3}},"type":"if","locations":[{"start":{"line":43,"column":2},"end":{"line":49,"column":3}},{"start":{"line":45,"column":9},"end":{"line":49,"column":3}}],"line":43},"5":{"loc":{"start":{"line":45,"column":9},"end":{"line":49,"column":3}},"type":"if","locations":[{"start":{"line":45,"column":9},"end":{"line":49,"column":3}},{"start":{"line":47,"column":9},"end":{"line":49,"column":3}}],"line":45},"6":{"loc":{"start":{"line":87,"column":9},"end":{"line":114,"column":9}},"type":"binary-expr","locations":[{"start":{"line":87,"column":9},"end":{"line":87,"column":33}},{"start":{"line":88,"column":10},"end":{"line":113,"column":16}}],"line":87}},"s":{"0":1,"1":8,"2":8,"3":4,"4":4,"5":8,"6":4,"7":4,"8":8,"9":8,"10":8,"11":0,"12":8,"13":0,"14":8,"15":8,"16":1,"17":0,"18":1,"19":1},"f":{"0":8,"1":4,"2":4,"3":1,"4":0,"5":1},"b":{"0":[4,0],"1":[4,0],"2":[4,4,4],"3":[8,8,8],"4":[0,8],"5":[0,8],"6":[8,8]},"_coverageSchema":"1a1c01bbd47fc00a2c39e90264f33305004495a9","hash":"d7df1b425efbe1ace2d282fa5ed5060943868afc"}
,"D:\\pt-phincon\\final-project\\Gelora-Rasa\\client\\src\\components\\EventDialog\\index.jsx": {"path":"D:\\pt-phincon\\final-project\\Gelora-Rasa\\client\\src\\components\\EventDialog\\index.jsx","statementMap":{"0":{"start":{"line":30,"column":20},"end":{"line":425,"column":1}},"1":{"start":{"line":31,"column":19},"end":{"line":31,"column":32}},"2":{"start":{"line":32,"column":28},"end":{"line":32,"column":42}},"3":{"start":{"line":33,"column":32},"end":{"line":33,"column":44}},"4":{"start":{"line":34,"column":36},"end":{"line":34,"column":48}},"5":{"start":{"line":35,"column":40},"end":{"line":35,"column":52}},"6":{"start":{"line":36,"column":40},"end":{"line":36,"column":52}},"7":{"start":{"line":37,"column":50},"end":{"line":37,"column":62}},"8":{"start":{"line":38,"column":50},"end":{"line":38,"column":62}},"9":{"start":{"line":39,"column":46},"end":{"line":39,"column":61}},"10":{"start":{"line":49,"column":6},"end":{"line":53,"column":4}},"11":{"start":{"line":55,"column":2},"end":{"line":88,"column":49}},"12":{"start":{"line":56,"column":4},"end":{"line":56,"column":39}},"13":{"start":{"line":57,"column":4},"end":{"line":57,"column":37}},"14":{"start":{"line":59,"column":4},"end":{"line":87,"column":5}},"15":{"start":{"line":60,"column":6},"end":{"line":60,"column":31}},"16":{"start":{"line":61,"column":23},"end":{"line":61,"column":103}},"17":{"start":{"line":62,"column":6},"end":{"line":62,"column":25}},"18":{"start":{"line":63,"column":6},"end":{"line":63,"column":27}},"19":{"start":{"line":65,"column":6},"end":{"line":67,"column":9}},"20":{"start":{"line":66,"column":8},"end":{"line":66,"column":57}},"21":{"start":{"line":66,"column":29},"end":{"line":66,"column":57}},"22":{"start":{"line":68,"column":6},"end":{"line":70,"column":7}},"23":{"start":{"line":69,"column":8},"end":{"line":69,"column":62}},"24":{"start":{"line":71,"column":6},"end":{"line":71,"column":42}},"25":{"start":{"line":72,"column":6},"end":{"line":72,"column":33}},"26":{"start":{"line":73,"column":6},"end":{"line":73,"column":37}},"27":{"start":{"line":74,"column":6},"end":{"line":74,"column":46}},"28":{"start":{"line":75,"column":6},"end":{"line":75,"column":46}},"29":{"start":{"line":76,"column":6},"end":{"line":76,"column":51}},"30":{"start":{"line":77,"column":6},"end":{"line":77,"column":81}},"31":{"start":{"line":80,"column":6},"end":{"line":80,"column":14}},"32":{"start":{"line":81,"column":6},"end":{"line":81,"column":21}},"33":{"start":{"line":82,"column":6},"end":{"line":82,"column":25}},"34":{"start":{"line":83,"column":6},"end":{"line":83,"column":23}},"35":{"start":{"line":84,"column":6},"end":{"line":84,"column":25}},"36":{"start":{"line":85,"column":6},"end":{"line":85,"column":30}},"37":{"start":{"line":86,"column":6},"end":{"line":86,"column":30}},"38":{"start":{"line":90,"column":2},"end":{"line":92,"column":17}},"39":{"start":{"line":91,"column":4},"end":{"line":91,"column":67}},"40":{"start":{"line":94,"column":22},"end":{"line":101,"column":3}},"41":{"start":{"line":95,"column":4},"end":{"line":100,"column":5}},"42":{"start":{"line":96,"column":19},"end":{"line":96,"column":27}},"43":{"start":{"line":97,"column":6},"end":{"line":97,"column":21}},"44":{"start":{"line":98,"column":6},"end":{"line":98,"column":44}},"45":{"start":{"line":99,"column":6},"end":{"line":99,"column":30}},"46":{"start":{"line":103,"column":21},"end":{"line":108,"column":3}},"47":{"start":{"line":104,"column":4},"end":{"line":104,"column":27}},"48":{"start":{"line":105,"column":4},"end":{"line":105,"column":28}},"49":{"start":{"line":106,"column":22},"end":{"line":106,"column":40}},"50":{"start":{"line":107,"column":4},"end":{"line":107,"column":23}},"51":{"start":{"line":110,"column":25},"end":{"line":112,"column":3}},"52":{"start":{"line":111,"column":4},"end":{"line":111,"column":27}},"53":{"start":{"line":114,"column":32},"end":{"line":117,"column":3}},"54":{"start":{"line":115,"column":4},"end":{"line":115,"column":37}},"55":{"start":{"line":116,"column":4},"end":{"line":116,"column":41}},"56":{"start":{"line":119,"column":34},"end":{"line":122,"column":3}},"57":{"start":{"line":120,"column":4},"end":{"line":120,"column":39}},"58":{"start":{"line":121,"column":4},"end":{"line":121,"column":43}},"59":{"start":{"line":124,"column":34},"end":{"line":128,"column":3}},"60":{"start":{"line":125,"column":4},"end":{"line":125,"column":26}},"61":{"start":{"line":126,"column":4},"end":{"line":126,"column":35}},"62":{"start":{"line":127,"column":4},"end":{"line":127,"column":27}},"63":{"start":{"line":130,"column":31},"end":{"line":133,"column":3}},"64":{"start":{"line":131,"column":4},"end":{"line":131,"column":44}},"65":{"start":{"line":132,"column":4},"end":{"line":132,"column":47}},"66":{"start":{"line":135,"column":31},"end":{"line":138,"column":3}},"67":{"start":{"line":136,"column":4},"end":{"line":136,"column":44}},"68":{"start":{"line":137,"column":4},"end":{"line":137,"column":47}},"69":{"start":{"line":140,"column":19},"end":{"line":186,"column":3}},"70":{"start":{"line":141,"column":21},"end":{"line":141,"column":35}},"71":{"start":{"line":143,"column":28},"end":{"line":143,"column":44}},"72":{"start":{"line":144,"column":39},"end":{"line":144,"column":70}},"73":{"start":{"line":147,"column":22},"end":{"line":147,"column":47}},"74":{"start":{"line":148,"column":25},"end":{"line":148,"column":61}},"75":{"start":{"line":151,"column":4},"end":{"line":154,"column":5}},"76":{"start":{"line":152,"column":6},"end":{"line":152,"column":81}},"77":{"start":{"line":153,"column":6},"end":{"line":153,"column":13}},"78":{"start":{"line":158,"column":4},"end":{"line":158,"column":49}},"79":{"start":{"line":159,"column":4},"end":{"line":159,"column":39}},"80":{"start":{"line":160,"column":26},"end":{"line":160,"column":68}},"81":{"start":{"line":161,"column":4},"end":{"line":161,"column":43}},"82":{"start":{"line":162,"column":4},"end":{"line":162,"column":69}},"83":{"start":{"line":163,"column":4},"end":{"line":163,"column":45}},"84":{"start":{"line":164,"column":4},"end":{"line":164,"column":49}},"85":{"start":{"line":165,"column":4},"end":{"line":165,"column":41}},"86":{"start":{"line":166,"column":4},"end":{"line":166,"column":39}},"87":{"start":{"line":167,"column":4},"end":{"line":167,"column":39}},"88":{"start":{"line":168,"column":4},"end":{"line":168,"column":43}},"89":{"start":{"line":169,"column":4},"end":{"line":169,"column":53}},"90":{"start":{"line":170,"column":4},"end":{"line":170,"column":51}},"91":{"start":{"line":171,"column":4},"end":{"line":171,"column":51}},"92":{"start":{"line":172,"column":4},"end":{"line":172,"column":39}},"93":{"start":{"line":174,"column":4},"end":{"line":178,"column":5}},"94":{"start":{"line":175,"column":6},"end":{"line":175,"column":38}},"95":{"start":{"line":177,"column":6},"end":{"line":177,"column":47}},"96":{"start":{"line":179,"column":4},"end":{"line":183,"column":5}},"97":{"start":{"line":180,"column":6},"end":{"line":180,"column":51}},"98":{"start":{"line":181,"column":11},"end":{"line":183,"column":5}},"99":{"start":{"line":182,"column":6},"end":{"line":182,"column":77}},"100":{"start":{"line":185,"column":4},"end":{"line":185,"column":14}},"101":{"start":{"line":188,"column":2},"end":{"line":424,"column":4}},"102":{"start":{"line":324,"column":16},"end":{"line":324,"column":48}},"103":{"start":{"line":325,"column":16},"end":{"line":325,"column":95}},"104":{"start":{"line":368,"column":16},"end":{"line":370,"column":27}},"105":{"start":{"line":389,"column":16},"end":{"line":391,"column":27}},"106":{"start":{"line":401,"column":14},"end":{"line":411,"column":17}},"107":{"start":{"line":405,"column":20},"end":{"line":405,"column":38}},"108":{"start":{"line":406,"column":20},"end":{"line":406,"column":53}},"109":{"start":{"line":427,"column":0},"end":{"line":437,"column":2}},"110":{"start":{"line":439,"column":24},"end":{"line":444,"column":2}}},"fnMap":{"0":{"name":"(anonymous_0)","decl":{"start":{"line":30,"column":20},"end":{"line":30,"column":21}},"loc":{"start":{"line":30,"column":119},"end":{"line":425,"column":1}},"line":30},"1":{"name":"(anonymous_1)","decl":{"start":{"line":55,"column":12},"end":{"line":55,"column":13}},"loc":{"start":{"line":55,"column":18},"end":{"line":88,"column":3}},"line":55},"2":{"name":"(anonymous_2)","decl":{"start":{"line":65,"column":35},"end":{"line":65,"column":36}},"loc":{"start":{"line":65,"column":44},"end":{"line":67,"column":7}},"line":65},"3":{"name":"(anonymous_3)","decl":{"start":{"line":90,"column":12},"end":{"line":90,"column":13}},"loc":{"start":{"line":90,"column":18},"end":{"line":92,"column":3}},"line":90},"4":{"name":"(anonymous_4)","decl":{"start":{"line":94,"column":22},"end":{"line":94,"column":23}},"loc":{"start":{"line":94,"column":33},"end":{"line":101,"column":3}},"line":94},"5":{"name":"(anonymous_5)","decl":{"start":{"line":103,"column":21},"end":{"line":103,"column":22}},"loc":{"start":{"line":103,"column":32},"end":{"line":108,"column":3}},"line":103},"6":{"name":"(anonymous_6)","decl":{"start":{"line":110,"column":25},"end":{"line":110,"column":26}},"loc":{"start":{"line":110,"column":36},"end":{"line":112,"column":3}},"line":110},"7":{"name":"(anonymous_7)","decl":{"start":{"line":114,"column":32},"end":{"line":114,"column":33}},"loc":{"start":{"line":114,"column":43},"end":{"line":117,"column":3}},"line":114},"8":{"name":"(anonymous_8)","decl":{"start":{"line":119,"column":34},"end":{"line":119,"column":35}},"loc":{"start":{"line":119,"column":45},"end":{"line":122,"column":3}},"line":119},"9":{"name":"(anonymous_9)","decl":{"start":{"line":124,"column":34},"end":{"line":124,"column":35}},"loc":{"start":{"line":124,"column":45},"end":{"line":128,"column":3}},"line":124},"10":{"name":"(anonymous_10)","decl":{"start":{"line":130,"column":31},"end":{"line":130,"column":32}},"loc":{"start":{"line":130,"column":42},"end":{"line":133,"column":3}},"line":130},"11":{"name":"(anonymous_11)","decl":{"start":{"line":135,"column":31},"end":{"line":135,"column":32}},"loc":{"start":{"line":135,"column":42},"end":{"line":138,"column":3}},"line":135},"12":{"name":"(anonymous_12)","decl":{"start":{"line":140,"column":19},"end":{"line":140,"column":20}},"loc":{"start":{"line":140,"column":29},"end":{"line":186,"column":3}},"line":140},"13":{"name":"(anonymous_13)","decl":{"start":{"line":323,"column":24},"end":{"line":323,"column":25}},"loc":{"start":{"line":323,"column":35},"end":{"line":326,"column":15}},"line":323},"14":{"name":"(anonymous_14)","decl":{"start":{"line":367,"column":29},"end":{"line":367,"column":30}},"loc":{"start":{"line":368,"column":16},"end":{"line":370,"column":27}},"line":368},"15":{"name":"(anonymous_15)","decl":{"start":{"line":388,"column":30},"end":{"line":388,"column":31}},"loc":{"start":{"line":389,"column":16},"end":{"line":391,"column":27}},"line":389},"16":{"name":"(anonymous_16)","decl":{"start":{"line":400,"column":20},"end":{"line":400,"column":21}},"loc":{"start":{"line":401,"column":14},"end":{"line":411,"column":17}},"line":401},"17":{"name":"(anonymous_17)","decl":{"start":{"line":404,"column":28},"end":{"line":404,"column":29}},"loc":{"start":{"line":404,"column":64},"end":{"line":407,"column":19}},"line":404}},"branchMap":{"0":{"loc":{"start":{"line":59,"column":4},"end":{"line":87,"column":5}},"type":"if","locations":[{"start":{"line":59,"column":4},"end":{"line":87,"column":5}},{"start":{"line":78,"column":11},"end":{"line":87,"column":5}}],"line":59},"1":{"loc":{"start":{"line":59,"column":8},"end":{"line":59,"column":34}},"type":"binary-expr","locations":[{"start":{"line":59,"column":8},"end":{"line":59,"column":23}},{"start":{"line":59,"column":27},"end":{"line":59,"column":34}}],"line":59},"2":{"loc":{"start":{"line":61,"column":23},"end":{"line":61,"column":103}},"type":"cond-expr","locations":[{"start":{"line":61,"column":39},"end":{"line":61,"column":96}},{"start":{"line":61,"column":99},"end":{"line":61,"column":103}}],"line":61},"3":{"loc":{"start":{"line":66,"column":8},"end":{"line":66,"column":57}},"type":"if","locations":[{"start":{"line":66,"column":8},"end":{"line":66,"column":57}},{"start":{},"end":{}}],"line":66},"4":{"loc":{"start":{"line":68,"column":6},"end":{"line":70,"column":7}},"type":"if","locations":[{"start":{"line":68,"column":6},"end":{"line":70,"column":7}},{"start":{},"end":{}}],"line":68},"5":{"loc":{"start":{"line":95,"column":4},"end":{"line":100,"column":5}},"type":"if","locations":[{"start":{"line":95,"column":4},"end":{"line":100,"column":5}},{"start":{},"end":{}}],"line":95},"6":{"loc":{"start":{"line":151,"column":4},"end":{"line":154,"column":5}},"type":"if","locations":[{"start":{"line":151,"column":4},"end":{"line":154,"column":5}},{"start":{},"end":{}}],"line":151},"7":{"loc":{"start":{"line":160,"column":26},"end":{"line":160,"column":68}},"type":"cond-expr","locations":[{"start":{"line":160,"column":38},"end":{"line":160,"column":63}},{"start":{"line":160,"column":66},"end":{"line":160,"column":68}}],"line":160},"8":{"loc":{"start":{"line":174,"column":4},"end":{"line":178,"column":5}},"type":"if","locations":[{"start":{"line":174,"column":4},"end":{"line":178,"column":5}},{"start":{"line":176,"column":11},"end":{"line":178,"column":5}}],"line":174},"9":{"loc":{"start":{"line":174,"column":8},"end":{"line":174,"column":47}},"type":"binary-expr","locations":[{"start":{"line":174,"column":8},"end":{"line":174,"column":22}},{"start":{"line":174,"column":26},"end":{"line":174,"column":47}}],"line":174},"10":{"loc":{"start":{"line":179,"column":4},"end":{"line":183,"column":5}},"type":"if","locations":[{"start":{"line":179,"column":4},"end":{"line":183,"column":5}},{"start":{"line":181,"column":11},"end":{"line":183,"column":5}}],"line":179},"11":{"loc":{"start":{"line":181,"column":11},"end":{"line":183,"column":5}},"type":"if","locations":[{"start":{"line":181,"column":11},"end":{"line":183,"column":5}},{"start":{},"end":{}}],"line":181},"12":{"loc":{"start":{"line":266,"column":13},"end":{"line":266,"column":88}},"type":"binary-expr","locations":[{"start":{"line":266,"column":13},"end":{"line":266,"column":24}},{"start":{"line":266,"column":28},"end":{"line":266,"column":88}}],"line":266},"13":{"loc":{"start":{"line":308,"column":13},"end":{"line":308,"column":92}},"type":"binary-expr","locations":[{"start":{"line":308,"column":13},"end":{"line":308,"column":26}},{"start":{"line":308,"column":30},"end":{"line":308,"column":92}}],"line":308},"14":{"loc":{"start":{"line":311,"column":13},"end":{"line":317,"column":13}},"type":"cond-expr","locations":[{"start":{"line":312,"column":14},"end":{"line":312,"column":82}},{"start":{"line":314,"column":14},"end":{"line":316,"column":21}}],"line":311},"15":{"loc":{"start":{"line":325,"column":34},"end":{"line":325,"column":67}},"type":"binary-expr","locations":[{"start":{"line":325,"column":34},"end":{"line":325,"column":55}},{"start":{"line":325,"column":59},"end":{"line":325,"column":67}}],"line":325},"16":{"loc":{"start":{"line":328,"column":13},"end":{"line":332,"column":13}},"type":"binary-expr","locations":[{"start":{"line":328,"column":13},"end":{"line":328,"column":25}},{"start":{"line":328,"column":29},"end":{"line":328,"column":47}},{"start":{"line":329,"column":14},"end":{"line":331,"column":21}}],"line":328},"17":{"loc":{"start":{"line":373,"column":13},"end":{"line":373,"column":100}},"type":"binary-expr","locations":[{"start":{"line":373,"column":13},"end":{"line":373,"column":30}},{"start":{"line":373,"column":34},"end":{"line":373,"column":100}}],"line":373},"18":{"loc":{"start":{"line":394,"column":13},"end":{"line":394,"column":100}},"type":"binary-expr","locations":[{"start":{"line":394,"column":13},"end":{"line":394,"column":30}},{"start":{"line":394,"column":34},"end":{"line":394,"column":100}}],"line":394},"19":{"loc":{"start":{"line":408,"column":29},"end":{"line":408,"column":61}},"type":"cond-expr","locations":[{"start":{"line":408,"column":37},"end":{"line":408,"column":56}},{"start":{"line":408,"column":59},"end":{"line":408,"column":61}}],"line":408},"20":{"loc":{"start":{"line":410,"column":17},"end":{"line":410,"column":80}},"type":"binary-expr","locations":[{"start":{"line":410,"column":17},"end":{"line":410,"column":22}},{"start":{"line":410,"column":26},"end":{"line":410,"column":80}}],"line":410},"21":{"loc":{"start":{"line":415,"column":13},"end":{"line":419,"column":13}},"type":"cond-expr","locations":[{"start":{"line":416,"column":14},"end":{"line":416,"column":86}},{"start":{"line":418,"column":14},"end":{"line":418,"column":86}}],"line":415}},"s":{"0":1,"1":12,"2":12,"3":12,"4":12,"5":12,"6":12,"7":12,"8":12,"9":12,"10":12,"11":12,"12":8,"13":8,"14":8,"15":8,"16":8,"17":8,"18":8,"19":8,"20":136,"21":128,"22":8,"23":8,"24":8,"25":8,"26":8,"27":8,"28":8,"29":8,"30":8,"31":0,"32":0,"33":0,"34":0,"35":0,"36":0,"37":0,"38":12,"39":4,"40":12,"41":0,"42":0,"43":0,"44":0,"45":0,"46":12,"47":0,"48":0,"49":0,"50":0,"51":12,"52":0,"53":12,"54":0,"55":0,"56":12,"57":0,"58":0,"59":12,"60":0,"61":0,"62":0,"63":12,"64":0,"65":0,"66":12,"67":0,"68":0,"69":12,"70":1,"71":1,"72":1,"73":1,"74":1,"75":1,"76":0,"77":0,"78":1,"79":1,"80":1,"81":1,"82":1,"83":1,"84":1,"85":1,"86":1,"87":1,"88":1,"89":1,"90":1,"91":1,"92":1,"93":1,"94":0,"95":1,"96":1,"97":0,"98":1,"99":1,"100":1,"101":12,"102":0,"103":0,"104":12,"105":12,"106":8,"107":0,"108":0,"109":1,"110":1},"f":{"0":12,"1":8,"2":136,"3":4,"4":0,"5":0,"6":0,"7":0,"8":0,"9":0,"10":0,"11":0,"12":1,"13":0,"14":12,"15":12,"16":8,"17":0},"b":{"0":[8,0],"1":[8,8],"2":[8,0],"3":[128,8],"4":[8,0],"5":[0,0],"6":[0,1],"7":[1,0],"8":[0,1],"9":[1,0],"10":[0,1],"11":[1,0],"12":[12,0],"13":[12,0],"14":[8,4],"15":[0,0],"16":[12,0,0],"17":[12,0],"18":[12,0],"19":[0,8],"20":[8,0],"21":[0,12]},"_coverageSchema":"1a1c01bbd47fc00a2c39e90264f33305004495a9","hash":"7abd2cbec5642b144882b9bff030ad24c59de8e5"}
,"D:\\pt-phincon\\final-project\\Gelora-Rasa\\client\\src\\components\\EventImage\\index.jsx": {"path":"D:\\pt-phincon\\final-project\\Gelora-Rasa\\client\\src\\components\\EventImage\\index.jsx","statementMap":{"0":{"start":{"line":8,"column":19},"end":{"line":32,"column":1}},"1":{"start":{"line":9,"column":38},"end":{"line":9,"column":53}},"2":{"start":{"line":11,"column":27},"end":{"line":11,"column":52}},"3":{"start":{"line":11,"column":33},"end":{"line":11,"column":52}},"4":{"start":{"line":12,"column":28},"end":{"line":12,"column":54}},"5":{"start":{"line":12,"column":34},"end":{"line":12,"column":54}},"6":{"start":{"line":14,"column":2},"end":{"line":31,"column":4}},"7":{"start":{"line":34,"column":0},"end":{"line":37,"column":2}}},"fnMap":{"0":{"name":"(anonymous_0)","decl":{"start":{"line":8,"column":19},"end":{"line":8,"column":20}},"loc":{"start":{"line":8,"column":46},"end":{"line":32,"column":1}},"line":8},"1":{"name":"(anonymous_1)","decl":{"start":{"line":11,"column":27},"end":{"line":11,"column":28}},"loc":{"start":{"line":11,"column":33},"end":{"line":11,"column":52}},"line":11},"2":{"name":"(anonymous_2)","decl":{"start":{"line":12,"column":28},"end":{"line":12,"column":29}},"loc":{"start":{"line":12,"column":34},"end":{"line":12,"column":54}},"line":12}},"branchMap":{},"s":{"0":1,"1":4,"2":4,"3":1,"4":4,"5":0,"6":4,"7":1},"f":{"0":4,"1":1,"2":0},"b":{},"_coverageSchema":"1a1c01bbd47fc00a2c39e90264f33305004495a9","hash":"69fc83044da7af4b834d3e60d30b8adeb5e1caaa"}
,"D:\\pt-phincon\\final-project\\Gelora-Rasa\\client\\src\\components\\EventSection\\index.jsx": {"path":"D:\\pt-phincon\\final-project\\Gelora-Rasa\\client\\src\\components\\EventSection\\index.jsx","statementMap":{"0":{"start":{"line":7,"column":25},"end":{"line":34,"column":1}},"1":{"start":{"line":8,"column":2},"end":{"line":33,"column":8}},"2":{"start":{"line":16,"column":23},"end":{"line":16,"column":43}},"3":{"start":{"line":25,"column":8},"end":{"line":30,"column":14}},"4":{"start":{"line":36,"column":0},"end":{"line":39,"column":2}}},"fnMap":{"0":{"name":"(anonymous_0)","decl":{"start":{"line":7,"column":25},"end":{"line":7,"column":26}},"loc":{"start":{"line":8,"column":2},"end":{"line":33,"column":8}},"line":8},"1":{"name":"(anonymous_1)","decl":{"start":{"line":16,"column":17},"end":{"line":16,"column":18}},"loc":{"start":{"line":16,"column":23},"end":{"line":16,"column":43}},"line":16},"2":{"name":"(anonymous_2)","decl":{"start":{"line":24,"column":18},"end":{"line":24,"column":19}},"loc":{"start":{"line":25,"column":8},"end":{"line":30,"column":14}},"line":25}},"branchMap":{},"s":{"0":1,"1":4,"2":1,"3":8,"4":1},"f":{"0":4,"1":1,"2":8},"b":{},"_coverageSchema":"1a1c01bbd47fc00a2c39e90264f33305004495a9","hash":"9ff32f9595a7472cab57f6c2f7cde0b11d47bc38"}
,"D:\\pt-phincon\\final-project\\Gelora-Rasa\\client\\src\\components\\EventSelectionForm\\index.jsx": {"path":"D:\\pt-phincon\\final-project\\Gelora-Rasa\\client\\src\\components\\EventSelectionForm\\index.jsx","statementMap":{"0":{"start":{"line":8,"column":27},"end":{"line":48,"column":1}},"1":{"start":{"line":17,"column":2},"end":{"line":47,"column":9}},"2":{"start":{"line":31,"column":10},"end":{"line":33,"column":21}},"3":{"start":{"line":50,"column":0},"end":{"line":57,"column":2}}},"fnMap":{"0":{"name":"(anonymous_0)","decl":{"start":{"line":8,"column":27},"end":{"line":8,"column":28}},"loc":{"start":{"line":17,"column":2},"end":{"line":47,"column":9}},"line":17},"1":{"name":"(anonymous_1)","decl":{"start":{"line":30,"column":25},"end":{"line":30,"column":26}},"loc":{"start":{"line":31,"column":10},"end":{"line":33,"column":21}},"line":31}},"branchMap":{},"s":{"0":1,"1":3,"2":6,"3":1},"f":{"0":3,"1":6},"b":{},"_coverageSchema":"1a1c01bbd47fc00a2c39e90264f33305004495a9","hash":"272818d628734834e9b1182859b363bb318684e0"}
,"D:\\pt-phincon\\final-project\\Gelora-Rasa\\client\\src\\components\\FilterAccordion\\index.jsx": {"path":"D:\\pt-phincon\\final-project\\Gelora-Rasa\\client\\src\\components\\FilterAccordion\\index.jsx","statementMap":{"0":{"start":{"line":14,"column":24},"end":{"line":37,"column":1}},"1":{"start":{"line":15,"column":2},"end":{"line":36,"column":14}},"2":{"start":{"line":25,"column":10},"end":{"line":32,"column":12}},"3":{"start":{"line":39,"column":0},"end":{"line":50,"column":2}}},"fnMap":{"0":{"name":"(anonymous_0)","decl":{"start":{"line":14,"column":24},"end":{"line":14,"column":25}},"loc":{"start":{"line":15,"column":2},"end":{"line":36,"column":14}},"line":15},"1":{"name":"(anonymous_1)","decl":{"start":{"line":24,"column":21},"end":{"line":24,"column":22}},"loc":{"start":{"line":25,"column":10},"end":{"line":32,"column":12}},"line":25}},"branchMap":{},"s":{"0":1,"1":5,"2":10,"3":1},"f":{"0":5,"1":10},"b":{},"_coverageSchema":"1a1c01bbd47fc00a2c39e90264f33305004495a9","hash":"ba4cb62cdf805ccfe7618e6735d8a0e816a5aca5"}
,"D:\\pt-phincon\\final-project\\Gelora-Rasa\\client\\src\\components\\FilterTooltip\\index.jsx": {"path":"D:\\pt-phincon\\final-project\\Gelora-Rasa\\client\\src\\components\\FilterTooltip\\index.jsx","statementMap":{"0":{"start":{"line":6,"column":22},"end":{"line":27,"column":1}},"1":{"start":{"line":7,"column":2},"end":{"line":26,"column":12}},"2":{"start":{"line":29,"column":0},"end":{"line":31,"column":2}}},"fnMap":{"0":{"name":"(anonymous_0)","decl":{"start":{"line":6,"column":22},"end":{"line":6,"column":23}},"loc":{"start":{"line":7,"column":2},"end":{"line":26,"column":12}},"line":7}},"branchMap":{},"s":{"0":1,"1":3,"2":1},"f":{"0":3},"b":{},"_coverageSchema":"1a1c01bbd47fc00a2c39e90264f33305004495a9","hash":"b56de6bacbb06b1e6d365accd859286a253f56e3"}
,"D:\\pt-phincon\\final-project\\Gelora-Rasa\\client\\src\\components\\FooterLinks\\index.jsx": {"path":"D:\\pt-phincon\\final-project\\Gelora-Rasa\\client\\src\\components\\FooterLinks\\index.jsx","statementMap":{"0":{"start":{"line":4,"column":20},"end":{"line":15,"column":1}},"1":{"start":{"line":5,"column":2},"end":{"line":14,"column":8}},"2":{"start":{"line":10,"column":6},"end":{"line":12,"column":12}},"3":{"start":{"line":17,"column":0},"end":{"line":20,"column":2}}},"fnMap":{"0":{"name":"(anonymous_0)","decl":{"start":{"line":4,"column":20},"end":{"line":4,"column":21}},"loc":{"start":{"line":5,"column":2},"end":{"line":14,"column":8}},"line":5},"1":{"name":"(anonymous_1)","decl":{"start":{"line":9,"column":15},"end":{"line":9,"column":16}},"loc":{"start":{"line":10,"column":6},"end":{"line":12,"column":12}},"line":10}},"branchMap":{},"s":{"0":1,"1":4,"2":12,"3":1},"f":{"0":4,"1":12},"b":{},"_coverageSchema":"1a1c01bbd47fc00a2c39e90264f33305004495a9","hash":"d22ea72627bf54dc4a666e447a73c98084988922"}
,"D:\\pt-phincon\\final-project\\Gelora-Rasa\\client\\src\\components\\InputTextField\\index.jsx": {"path":"D:\\pt-phincon\\final-project\\Gelora-Rasa\\client\\src\\components\\InputTextField\\index.jsx","statementMap":{"0":{"start":{"line":5,"column":23},"end":{"line":38,"column":1}},"1":{"start":{"line":14,"column":2},"end":{"line":37,"column":16}},"2":{"start":{"line":39,"column":0},"end":{"line":58,"column":2}}},"fnMap":{"0":{"name":"(anonymous_0)","decl":{"start":{"line":5,"column":23},"end":{"line":5,"column":24}},"loc":{"start":{"line":14,"column":2},"end":{"line":37,"column":16}},"line":14}},"branchMap":{"0":{"loc":{"start":{"line":8,"column":2},"end":{"line":8,"column":18}},"type":"default-arg","locations":[{"start":{"line":8,"column":13},"end":{"line":8,"column":18}}],"line":8},"1":{"loc":{"start":{"line":11,"column":2},"end":{"line":11,"column":20}},"type":"default-arg","locations":[{"start":{"line":11,"column":11},"end":{"line":11,"column":20}}],"line":11},"2":{"loc":{"start":{"line":18,"column":39},"end":{"line":18,"column":80}},"type":"binary-expr","locations":[{"start":{"line":18,"column":39},"end":{"line":18,"column":58}},{"start":{"line":18,"column":62},"end":{"line":18,"column":80}}],"line":18},"3":{"loc":{"start":{"line":31,"column":16},"end":{"line":31,"column":32}},"type":"binary-expr","locations":[{"start":{"line":31,"column":16},"end":{"line":31,"column":22}},{"start":{"line":31,"column":26},"end":{"line":31,"column":32}}],"line":31},"4":{"loc":{"start":{"line":34,"column":7},"end":{"line":34,"column":108}},"type":"binary-expr","locations":[{"start":{"line":34,"column":7},"end":{"line":34,"column":26}},{"start":{"line":34,"column":30},"end":{"line":34,"column":108}}],"line":34}},"s":{"0":4,"1":80,"2":4},"f":{"0":80},"b":{"0":[80],"1":[80],"2":[80,0],"3":[80,0],"4":[80,0]},"_coverageSchema":"1a1c01bbd47fc00a2c39e90264f33305004495a9","hash":"9602b6d1e90d750b0430c2fd7dd91a3ebbb30ac3"}
,"D:\\pt-phincon\\final-project\\Gelora-Rasa\\client\\src\\components\\Loader\\index.jsx": {"path":"D:\\pt-phincon\\final-project\\Gelora-Rasa\\client\\src\\components\\Loader\\index.jsx","statementMap":{"0":{"start":{"line":8,"column":15},"end":{"line":18,"column":1}},"1":{"start":{"line":9,"column":2},"end":{"line":17,"column":8}},"2":{"start":{"line":20,"column":0},"end":{"line":22,"column":2}}},"fnMap":{"0":{"name":"(anonymous_0)","decl":{"start":{"line":8,"column":15},"end":{"line":8,"column":16}},"loc":{"start":{"line":9,"column":2},"end":{"line":17,"column":8}},"line":9}},"branchMap":{"0":{"loc":{"start":{"line":13,"column":28},"end":{"line":13,"column":46}},"type":"binary-expr","locations":[{"start":{"line":13,"column":28},"end":{"line":13,"column":37}},{"start":{"line":13,"column":41},"end":{"line":13,"column":46}}],"line":13}},"s":{"0":1,"1":3,"2":1},"f":{"0":3},"b":{"0":[3,1]},"_coverageSchema":"1a1c01bbd47fc00a2c39e90264f33305004495a9","hash":"5c8c379e3deff0d62503538d678ff58beedfb768"}
,"D:\\pt-phincon\\final-project\\Gelora-Rasa\\client\\src\\components\\OrderDetailsDialog\\index.jsx": {"path":"D:\\pt-phincon\\final-project\\Gelora-Rasa\\client\\src\\components\\OrderDetailsDialog\\index.jsx","statementMap":{"0":{"start":{"line":7,"column":27},"end":{"line":46,"column":1}},"1":{"start":{"line":8,"column":22},"end":{"line":8,"column":66}},"2":{"start":{"line":9,"column":24},"end":{"line":15,"column":8}},"3":{"start":{"line":16,"column":2},"end":{"line":45,"column":4}},"4":{"start":{"line":48,"column":0},"end":{"line":52,"column":2}}},"fnMap":{"0":{"name":"(anonymous_0)","decl":{"start":{"line":7,"column":27},"end":{"line":7,"column":28}},"loc":{"start":{"line":7,"column":57},"end":{"line":46,"column":1}},"line":7}},"branchMap":{"0":{"loc":{"start":{"line":8,"column":22},"end":{"line":8,"column":66}},"type":"binary-expr","locations":[{"start":{"line":8,"column":22},"end":{"line":8,"column":27}},{"start":{"line":8,"column":31},"end":{"line":8,"column":66}}],"line":8},"1":{"loc":{"start":{"line":9,"column":24},"end":{"line":15,"column":8}},"type":"cond-expr","locations":[{"start":{"line":10,"column":6},"end":{"line":14,"column":50}},{"start":{"line":15,"column":6},"end":{"line":15,"column":8}}],"line":9}},"s":{"0":1,"1":2,"2":2,"3":2,"4":1},"f":{"0":2},"b":{"0":[2,2],"1":[2,0]},"_coverageSchema":"1a1c01bbd47fc00a2c39e90264f33305004495a9","hash":"71e72fd8e675c7817bf763caabfd72b8e246c6c1"}
,"D:\\pt-phincon\\final-project\\Gelora-Rasa\\client\\src\\components\\OurClient\\index.jsx": {"path":"D:\\pt-phincon\\final-project\\Gelora-Rasa\\client\\src\\components\\OurClient\\index.jsx","statementMap":{"0":{"start":{"line":4,"column":25},"end":{"line":17,"column":1}},"1":{"start":{"line":5,"column":2},"end":{"line":16,"column":8}}},"fnMap":{"0":{"name":"(anonymous_0)","decl":{"start":{"line":4,"column":25},"end":{"line":4,"column":26}},"loc":{"start":{"line":5,"column":2},"end":{"line":16,"column":8}},"line":5}},"branchMap":{},"s":{"0":1,"1":2},"f":{"0":2},"b":{},"_coverageSchema":"1a1c01bbd47fc00a2c39e90264f33305004495a9","hash":"6b97e88d558a2db01c8c7cd167e96671cb63c306"}
,"D:\\pt-phincon\\final-project\\Gelora-Rasa\\client\\src\\components\\PopupMessage\\Dialog.jsx": {"path":"D:\\pt-phincon\\final-project\\Gelora-Rasa\\client\\src\\components\\PopupMessage\\Dialog.jsx","statementMap":{"0":{"start":{"line":9,"column":21},"end":{"line":23,"column":1}},"1":{"start":{"line":10,"column":2},"end":{"line":22,"column":4}},"2":{"start":{"line":25,"column":0},"end":{"line":30,"column":2}}},"fnMap":{"0":{"name":"(anonymous_0)","decl":{"start":{"line":9,"column":21},"end":{"line":9,"column":22}},"loc":{"start":{"line":9,"column":60},"end":{"line":23,"column":1}},"line":9}},"branchMap":{"0":{"loc":{"start":{"line":13,"column":30},"end":{"line":13,"column":62}},"type":"binary-expr","locations":[{"start":{"line":13,"column":30},"end":{"line":13,"column":35}},{"start":{"line":13,"column":39},"end":{"line":13,"column":62}}],"line":13},"1":{"loc":{"start":{"line":16,"column":30},"end":{"line":16,"column":66}},"type":"binary-expr","locations":[{"start":{"line":16,"column":30},"end":{"line":16,"column":37}},{"start":{"line":16,"column":41},"end":{"line":16,"column":66}}],"line":16}},"s":{"0":1,"1":3,"2":1},"f":{"0":3},"b":{"0":[3,0],"1":[3,0]},"_coverageSchema":"1a1c01bbd47fc00a2c39e90264f33305004495a9","hash":"3c89a6a42018135970db2e7f14a6030b362675b8"}
,"D:\\pt-phincon\\final-project\\Gelora-Rasa\\client\\src\\components\\ReviewSection\\index.jsx": {"path":"D:\\pt-phincon\\final-project\\Gelora-Rasa\\client\\src\\components\\ReviewSection\\index.jsx","statementMap":{"0":{"start":{"line":6,"column":22},"end":{"line":32,"column":1}},"1":{"start":{"line":7,"column":2},"end":{"line":31,"column":12}},"2":{"start":{"line":9,"column":6},"end":{"line":29,"column":12}},"3":{"start":{"line":34,"column":0},"end":{"line":45,"column":2}}},"fnMap":{"0":{"name":"(anonymous_0)","decl":{"start":{"line":6,"column":22},"end":{"line":6,"column":23}},"loc":{"start":{"line":7,"column":2},"end":{"line":31,"column":12}},"line":7},"1":{"name":"(anonymous_1)","decl":{"start":{"line":8,"column":17},"end":{"line":8,"column":18}},"loc":{"start":{"line":9,"column":6},"end":{"line":29,"column":12}},"line":9}},"branchMap":{},"s":{"0":1,"1":2,"2":2,"3":1},"f":{"0":2,"1":2},"b":{},"_coverageSchema":"1a1c01bbd47fc00a2c39e90264f33305004495a9","hash":"9053e12929141c7ecbc4eaaf5025279606d62927"}
,"D:\\pt-phincon\\final-project\\Gelora-Rasa\\client\\src\\components\\StatisticsSection\\index.jsx": {"path":"D:\\pt-phincon\\final-project\\Gelora-Rasa\\client\\src\\components\\StatisticsSection\\index.jsx","statementMap":{"0":{"start":{"line":6,"column":26},"end":{"line":21,"column":1}},"1":{"start":{"line":7,"column":2},"end":{"line":20,"column":8}}},"fnMap":{"0":{"name":"(anonymous_0)","decl":{"start":{"line":6,"column":26},"end":{"line":6,"column":27}},"loc":{"start":{"line":7,"column":2},"end":{"line":20,"column":8}},"line":7}},"branchMap":{},"s":{"0":1,"1":2},"f":{"0":2},"b":{},"_coverageSchema":"1a1c01bbd47fc00a2c39e90264f33305004495a9","hash":"957af6a2f88371d3289146aaad7475366b015aed"}
,"D:\\pt-phincon\\final-project\\Gelora-Rasa\\client\\src\\components\\UserDetailsDialog\\index.jsx": {"path":"D:\\pt-phincon\\final-project\\Gelora-Rasa\\client\\src\\components\\UserDetailsDialog\\index.jsx","statementMap":{"0":{"start":{"line":20,"column":26},"end":{"line":111,"column":1}},"1":{"start":{"line":21,"column":32},"end":{"line":21,"column":46}},"2":{"start":{"line":23,"column":16},"end":{"line":23,"column":26}},"3":{"start":{"line":24,"column":21},"end":{"line":24,"column":64}},"4":{"start":{"line":26,"column":2},"end":{"line":110,"column":4}},"5":{"start":{"line":41,"column":28},"end":{"line":41,"column":45}},"6":{"start":{"line":113,"column":0},"end":{"line":117,"column":2}}},"fnMap":{"0":{"name":"(anonymous_0)","decl":{"start":{"line":20,"column":26},"end":{"line":20,"column":27}},"loc":{"start":{"line":20,"column":55},"end":{"line":111,"column":1}},"line":20},"1":{"name":"(anonymous_1)","decl":{"start":{"line":41,"column":22},"end":{"line":41,"column":23}},"loc":{"start":{"line":41,"column":28},"end":{"line":41,"column":45}},"line":41}},"branchMap":{"0":{"loc":{"start":{"line":32,"column":9},"end":{"line":32,"column":78}},"type":"binary-expr","locations":[{"start":{"line":32,"column":9},"end":{"line":32,"column":16}},{"start":{"line":32,"column":20},"end":{"line":32,"column":78}}],"line":32},"1":{"loc":{"start":{"line":33,"column":9},"end":{"line":49,"column":9}},"type":"cond-expr","locations":[{"start":{"line":34,"column":10},"end":{"line":44,"column":13}},{"start":{"line":46,"column":10},"end":{"line":48,"column":19}}],"line":33},"2":{"loc":{"start":{"line":35,"column":13},"end":{"line":35,"column":82}},"type":"binary-expr","locations":[{"start":{"line":35,"column":13},"end":{"line":35,"column":20}},{"start":{"line":35,"column":24},"end":{"line":35,"column":82}}],"line":35},"3":{"loc":{"start":{"line":47,"column":49},"end":{"line":47,"column":117}},"type":"binary-expr","locations":[{"start":{"line":47,"column":49},"end":{"line":47,"column":80}},{"start":{"line":47,"column":84},"end":{"line":47,"column":117}}],"line":47},"4":{"loc":{"start":{"line":56,"column":9},"end":{"line":102,"column":9}},"type":"binary-expr","locations":[{"start":{"line":56,"column":9},"end":{"line":56,"column":35}},{"start":{"line":57,"column":10},"end":{"line":101,"column":13}}],"line":56}},"s":{"0":1,"1":3,"2":3,"3":3,"4":3,"5":0,"6":1},"f":{"0":3,"1":0},"b":{"0":[3,3],"1":[3,0],"2":[3,3],"3":[0,0],"4":[3,3]},"_coverageSchema":"1a1c01bbd47fc00a2c39e90264f33305004495a9","hash":"7238461a2c3fd51840995696a8b11c6021352108"}
,"D:\\pt-phincon\\final-project\\Gelora-Rasa\\client\\src\\containers\\Client\\constants.js": {"path":"D:\\pt-phincon\\final-project\\Gelora-Rasa\\client\\src\\containers\\Client\\constants.js","statementMap":{"0":{"start":{"line":1,"column":25},"end":{"line":1,"column":43}},"1":{"start":{"line":2,"column":25},"end":{"line":2,"column":43}},"2":{"start":{"line":3,"column":24},"end":{"line":3,"column":41}},"3":{"start":{"line":6,"column":32},"end":{"line":6,"column":57}},"4":{"start":{"line":7,"column":33},"end":{"line":7,"column":59}},"5":{"start":{"line":8,"column":24},"end":{"line":8,"column":41}},"6":{"start":{"line":9,"column":24},"end":{"line":9,"column":41}},"7":{"start":{"line":10,"column":25},"end":{"line":10,"column":43}},"8":{"start":{"line":11,"column":35},"end":{"line":11,"column":63}},"9":{"start":{"line":12,"column":32},"end":{"line":12,"column":57}},"10":{"start":{"line":13,"column":31},"end":{"line":13,"column":55}},"11":{"start":{"line":14,"column":25},"end":{"line":14,"column":43}},"12":{"start":{"line":17,"column":29},"end":{"line":17,"column":51}},"13":{"start":{"line":18,"column":27},"end":{"line":18,"column":47}}},"fnMap":{},"branchMap":{},"s":{"0":2,"1":2,"2":2,"3":2,"4":2,"5":2,"6":2,"7":2,"8":2,"9":2,"10":2,"11":2,"12":2,"13":2},"f":{},"b":{},"_coverageSchema":"1a1c01bbd47fc00a2c39e90264f33305004495a9","hash":"7229741207d777a76e55319218b590b45e250f36"}
,"D:\\pt-phincon\\final-project\\Gelora-Rasa\\client\\src\\containers\\Client\\reducer.js": {"path":"D:\\pt-phincon\\final-project\\Gelora-Rasa\\client\\src\\containers\\Client\\reducer.js","statementMap":{"0":{"start":{"line":16,"column":28},"end":{"line":25,"column":1}},"1":{"start":{"line":27,"column":25},"end":{"line":27,"column":93}},"2":{"start":{"line":29,"column":22},"end":{"line":61,"column":4}},"3":{"start":{"line":30,"column":2},"end":{"line":61,"column":4}},"4":{"start":{"line":31,"column":4},"end":{"line":60,"column":5}},"5":{"start":{"line":33,"column":8},"end":{"line":33,"column":35}},"6":{"start":{"line":34,"column":8},"end":{"line":34,"column":14}},"7":{"start":{"line":36,"column":8},"end":{"line":36,"column":35}},"8":{"start":{"line":37,"column":8},"end":{"line":37,"column":14}},"9":{"start":{"line":39,"column":8},"end":{"line":39,"column":33}},"10":{"start":{"line":40,"column":8},"end":{"line":40,"column":14}},"11":{"start":{"line":42,"column":8},"end":{"line":42,"column":33}},"12":{"start":{"line":43,"column":8},"end":{"line":43,"column":14}},"13":{"start":{"line":45,"column":8},"end":{"line":45,"column":35}},"14":{"start":{"line":46,"column":8},"end":{"line":46,"column":14}},"15":{"start":{"line":48,"column":8},"end":{"line":48,"column":41}},"16":{"start":{"line":49,"column":8},"end":{"line":49,"column":14}},"17":{"start":{"line":51,"column":8},"end":{"line":51,"column":37}},"18":{"start":{"line":52,"column":8},"end":{"line":52,"column":14}},"19":{"start":{"line":54,"column":8},"end":{"line":54,"column":41}},"20":{"start":{"line":55,"column":8},"end":{"line":55,"column":14}},"21":{"start":{"line":57,"column":8},"end":{"line":57,"column":28}},"22":{"start":{"line":59,"column":8},"end":{"line":59,"column":28}}},"fnMap":{"0":{"name":"(anonymous_0)","decl":{"start":{"line":29,"column":22},"end":{"line":29,"column":23}},"loc":{"start":{"line":30,"column":2},"end":{"line":61,"column":4}},"line":30},"1":{"name":"(anonymous_1)","decl":{"start":{"line":30,"column":17},"end":{"line":30,"column":18}},"loc":{"start":{"line":30,"column":28},"end":{"line":61,"column":3}},"line":30}},"branchMap":{"0":{"loc":{"start":{"line":29,"column":23},"end":{"line":29,"column":43}},"type":"default-arg","locations":[{"start":{"line":29,"column":31},"end":{"line":29,"column":43}}],"line":29},"1":{"loc":{"start":{"line":31,"column":4},"end":{"line":60,"column":5}},"type":"switch","locations":[{"start":{"line":32,"column":6},"end":{"line":34,"column":14}},{"start":{"line":35,"column":6},"end":{"line":37,"column":14}},{"start":{"line":38,"column":6},"end":{"line":40,"column":14}},{"start":{"line":41,"column":6},"end":{"line":43,"column":14}},{"start":{"line":44,"column":6},"end":{"line":46,"column":14}},{"start":{"line":47,"column":6},"end":{"line":49,"column":14}},{"start":{"line":50,"column":6},"end":{"line":52,"column":14}},{"start":{"line":53,"column":6},"end":{"line":55,"column":14}},{"start":{"line":56,"column":6},"end":{"line":57,"column":28}},{"start":{"line":58,"column":6},"end":{"line":59,"column":28}}],"line":31}},"s":{"0":2,"1":2,"2":2,"3":0,"4":0,"5":0,"6":0,"7":0,"8":0,"9":0,"10":0,"11":0,"12":0,"13":0,"14":0,"15":0,"16":0,"17":0,"18":0,"19":0,"20":0,"21":0,"22":0},"f":{"0":0,"1":0},"b":{"0":[0],"1":[0,0,0,0,0,0,0,0,0,0]},"_coverageSchema":"1a1c01bbd47fc00a2c39e90264f33305004495a9","hash":"aa8741a4ed5909106b81f06048b10a5537c4ee47"}
,"D:\\pt-phincon\\final-project\\Gelora-Rasa\\client\\src\\containers\\Client\\selectors.js": {"path":"D:\\pt-phincon\\final-project\\Gelora-Rasa\\client\\src\\containers\\Client\\selectors.js","statementMap":{"0":{"start":{"line":4,"column":26},"end":{"line":4,"column":65}},"1":{"start":{"line":4,"column":37},"end":{"line":4,"column":65}},"2":{"start":{"line":6,"column":27},"end":{"line":6,"column":84}},"3":{"start":{"line":6,"column":72},"end":{"line":6,"column":83}},"4":{"start":{"line":7,"column":27},"end":{"line":7,"column":84}},"5":{"start":{"line":7,"column":72},"end":{"line":7,"column":83}},"6":{"start":{"line":8,"column":26},"end":{"line":8,"column":82}},"7":{"start":{"line":8,"column":71},"end":{"line":8,"column":81}},"8":{"start":{"line":10,"column":26},"end":{"line":10,"column":82}},"9":{"start":{"line":10,"column":71},"end":{"line":10,"column":81}},"10":{"start":{"line":11,"column":27},"end":{"line":11,"column":84}},"11":{"start":{"line":11,"column":72},"end":{"line":11,"column":83}},"12":{"start":{"line":12,"column":32},"end":{"line":12,"column":95}},"13":{"start":{"line":12,"column":77},"end":{"line":12,"column":94}},"14":{"start":{"line":13,"column":30},"end":{"line":13,"column":90}},"15":{"start":{"line":13,"column":75},"end":{"line":13,"column":89}},"16":{"start":{"line":14,"column":28},"end":{"line":14,"column":86}},"17":{"start":{"line":14,"column":73},"end":{"line":14,"column":85}}},"fnMap":{"0":{"name":"(anonymous_0)","decl":{"start":{"line":4,"column":26},"end":{"line":4,"column":27}},"loc":{"start":{"line":4,"column":37},"end":{"line":4,"column":65}},"line":4},"1":{"name":"(anonymous_1)","decl":{"start":{"line":6,"column":61},"end":{"line":6,"column":62}},"loc":{"start":{"line":6,"column":72},"end":{"line":6,"column":83}},"line":6},"2":{"name":"(anonymous_2)","decl":{"start":{"line":7,"column":61},"end":{"line":7,"column":62}},"loc":{"start":{"line":7,"column":72},"end":{"line":7,"column":83}},"line":7},"3":{"name":"(anonymous_3)","decl":{"start":{"line":8,"column":60},"end":{"line":8,"column":61}},"loc":{"start":{"line":8,"column":71},"end":{"line":8,"column":81}},"line":8},"4":{"name":"(anonymous_4)","decl":{"start":{"line":10,"column":60},"end":{"line":10,"column":61}},"loc":{"start":{"line":10,"column":71},"end":{"line":10,"column":81}},"line":10},"5":{"name":"(anonymous_5)","decl":{"start":{"line":11,"column":61},"end":{"line":11,"column":62}},"loc":{"start":{"line":11,"column":72},"end":{"line":11,"column":83}},"line":11},"6":{"name":"(anonymous_6)","decl":{"start":{"line":12,"column":66},"end":{"line":12,"column":67}},"loc":{"start":{"line":12,"column":77},"end":{"line":12,"column":94}},"line":12},"7":{"name":"(anonymous_7)","decl":{"start":{"line":13,"column":64},"end":{"line":13,"column":65}},"loc":{"start":{"line":13,"column":75},"end":{"line":13,"column":89}},"line":13},"8":{"name":"(anonymous_8)","decl":{"start":{"line":14,"column":62},"end":{"line":14,"column":63}},"loc":{"start":{"line":14,"column":73},"end":{"line":14,"column":85}},"line":14}},"branchMap":{"0":{"loc":{"start":{"line":4,"column":37},"end":{"line":4,"column":65}},"type":"binary-expr","locations":[{"start":{"line":4,"column":37},"end":{"line":4,"column":49}},{"start":{"line":4,"column":53},"end":{"line":4,"column":65}}],"line":4}},"s":{"0":2,"1":8,"2":2,"3":0,"4":2,"5":0,"6":2,"7":1,"8":2,"9":0,"10":2,"11":0,"12":2,"13":0,"14":2,"15":0,"16":2,"17":0},"f":{"0":8,"1":0,"2":0,"3":1,"4":0,"5":0,"6":0,"7":0,"8":0},"b":{"0":[8,8]},"_coverageSchema":"1a1c01bbd47fc00a2c39e90264f33305004495a9","hash":"b07b64752af844e35134d5973cdf7b6237d8bd54"}
,"D:\\pt-phincon\\final-project\\Gelora-Rasa\\client\\src\\pages\\Dashboard\\Categories\\actions.js": {"path":"D:\\pt-phincon\\final-project\\Gelora-Rasa\\client\\src\\pages\\Dashboard\\Categories\\actions.js","statementMap":{"0":{"start":{"line":9,"column":40},"end":{"line":12,"column":2}},"1":{"start":{"line":9,"column":64},"end":{"line":12,"column":1}},"2":{"start":{"line":14,"column":43},"end":{"line":17,"column":2}},"3":{"start":{"line":14,"column":60},"end":{"line":17,"column":1}},"4":{"start":{"line":19,"column":34},"end":{"line":21,"column":2}},"5":{"start":{"line":19,"column":41},"end":{"line":21,"column":1}},"6":{"start":{"line":23,"column":38},"end":{"line":26,"column":2}},"7":{"start":{"line":23,"column":56},"end":{"line":26,"column":1}},"8":{"start":{"line":28,"column":40},"end":{"line":31,"column":2}},"9":{"start":{"line":28,"column":70},"end":{"line":31,"column":1}}},"fnMap":{"0":{"name":"(anonymous_0)","decl":{"start":{"line":9,"column":40},"end":{"line":9,"column":41}},"loc":{"start":{"line":9,"column":64},"end":{"line":12,"column":1}},"line":9},"1":{"name":"(anonymous_1)","decl":{"start":{"line":14,"column":43},"end":{"line":14,"column":44}},"loc":{"start":{"line":14,"column":60},"end":{"line":17,"column":1}},"line":14},"2":{"name":"(anonymous_2)","decl":{"start":{"line":19,"column":34},"end":{"line":19,"column":35}},"loc":{"start":{"line":19,"column":41},"end":{"line":21,"column":1}},"line":19},"3":{"name":"(anonymous_3)","decl":{"start":{"line":23,"column":38},"end":{"line":23,"column":39}},"loc":{"start":{"line":23,"column":56},"end":{"line":26,"column":1}},"line":23},"4":{"name":"(anonymous_4)","decl":{"start":{"line":28,"column":40},"end":{"line":28,"column":41}},"loc":{"start":{"line":28,"column":70},"end":{"line":31,"column":1}},"line":28}},"branchMap":{},"s":{"0":1,"1":0,"2":1,"3":0,"4":1,"5":0,"6":1,"7":0,"8":1,"9":0},"f":{"0":0,"1":0,"2":0,"3":0,"4":0},"b":{},"_coverageSchema":"1a1c01bbd47fc00a2c39e90264f33305004495a9","hash":"af5b9f31fdf7f5bd2033d6a117fe0ae005c9cb3b"}
,"D:\\pt-phincon\\final-project\\Gelora-Rasa\\client\\src\\pages\\Dashboard\\Categories\\constants.js": {"path":"D:\\pt-phincon\\final-project\\Gelora-Rasa\\client\\src\\pages\\Dashboard\\Categories\\constants.js","statementMap":{"0":{"start":{"line":1,"column":31},"end":{"line":1,"column":57}},"1":{"start":{"line":2,"column":39},"end":{"line":2,"column":73}},"2":{"start":{"line":3,"column":36},"end":{"line":3,"column":67}},"3":{"start":{"line":5,"column":33},"end":{"line":5,"column":61}},"4":{"start":{"line":7,"column":37},"end":{"line":7,"column":69}}},"fnMap":{},"branchMap":{},"s":{"0":1,"1":1,"2":1,"3":1,"4":1},"f":{},"b":{},"_coverageSchema":"1a1c01bbd47fc00a2c39e90264f33305004495a9","hash":"4c7ffa4ecc31630207891e383090266370ae4129"}
,"D:\\pt-phincon\\final-project\\Gelora-Rasa\\client\\src\\pages\\Dashboard\\MyEvents\\actions.js": {"path":"D:\\pt-phincon\\final-project\\Gelora-Rasa\\client\\src\\pages\\Dashboard\\MyEvents\\actions.js","statementMap":{"0":{"start":{"line":12,"column":35},"end":{"line":15,"column":2}},"1":{"start":{"line":12,"column":47},"end":{"line":15,"column":1}},"2":{"start":{"line":17,"column":35},"end":{"line":20,"column":2}},"3":{"start":{"line":17,"column":52},"end":{"line":20,"column":1}},"4":{"start":{"line":22,"column":33},"end":{"line":25,"column":2}},"5":{"start":{"line":22,"column":51},"end":{"line":25,"column":1}},"6":{"start":{"line":27,"column":37},"end":{"line":30,"column":2}},"7":{"start":{"line":27,"column":64},"end":{"line":30,"column":1}},"8":{"start":{"line":32,"column":47},"end":{"line":35,"column":2}},"9":{"start":{"line":32,"column":74},"end":{"line":35,"column":1}},"10":{"start":{"line":37,"column":39},"end":{"line":40,"column":2}},"11":{"start":{"line":37,"column":60},"end":{"line":40,"column":1}},"12":{"start":{"line":42,"column":42},"end":{"line":45,"column":2}},"13":{"start":{"line":42,"column":56},"end":{"line":45,"column":1}},"14":{"start":{"line":47,"column":40},"end":{"line":49,"column":2}},"15":{"start":{"line":47,"column":47},"end":{"line":49,"column":1}}},"fnMap":{"0":{"name":"(anonymous_0)","decl":{"start":{"line":12,"column":35},"end":{"line":12,"column":36}},"loc":{"start":{"line":12,"column":47},"end":{"line":15,"column":1}},"line":12},"1":{"name":"(anonymous_1)","decl":{"start":{"line":17,"column":35},"end":{"line":17,"column":36}},"loc":{"start":{"line":17,"column":52},"end":{"line":20,"column":1}},"line":17},"2":{"name":"(anonymous_2)","decl":{"start":{"line":22,"column":33},"end":{"line":22,"column":34}},"loc":{"start":{"line":22,"column":51},"end":{"line":25,"column":1}},"line":22},"3":{"name":"(anonymous_3)","decl":{"start":{"line":27,"column":37},"end":{"line":27,"column":38}},"loc":{"start":{"line":27,"column":64},"end":{"line":30,"column":1}},"line":27},"4":{"name":"(anonymous_4)","decl":{"start":{"line":32,"column":47},"end":{"line":32,"column":48}},"loc":{"start":{"line":32,"column":74},"end":{"line":35,"column":1}},"line":32},"5":{"name":"(anonymous_5)","decl":{"start":{"line":37,"column":39},"end":{"line":37,"column":40}},"loc":{"start":{"line":37,"column":60},"end":{"line":40,"column":1}},"line":37},"6":{"name":"(anonymous_6)","decl":{"start":{"line":42,"column":42},"end":{"line":42,"column":43}},"loc":{"start":{"line":42,"column":56},"end":{"line":45,"column":1}},"line":42},"7":{"name":"(anonymous_7)","decl":{"start":{"line":47,"column":40},"end":{"line":47,"column":41}},"loc":{"start":{"line":47,"column":47},"end":{"line":49,"column":1}},"line":47}},"branchMap":{},"s":{"0":1,"1":0,"2":1,"3":0,"4":1,"5":0,"6":1,"7":0,"8":1,"9":1,"10":1,"11":0,"12":1,"13":0,"14":1,"15":0},"f":{"0":0,"1":0,"2":0,"3":0,"4":1,"5":0,"6":0,"7":0},"b":{},"_coverageSchema":"1a1c01bbd47fc00a2c39e90264f33305004495a9","hash":"7faddfb12027d158505d152b1d8b5e757fad6d4c"}
,"D:\\pt-phincon\\final-project\\Gelora-Rasa\\client\\src\\pages\\Dashboard\\MyEvents\\constants.js": {"path":"D:\\pt-phincon\\final-project\\Gelora-Rasa\\client\\src\\pages\\Dashboard\\MyEvents\\constants.js","statementMap":{"0":{"start":{"line":1,"column":32},"end":{"line":1,"column":59}},"1":{"start":{"line":2,"column":32},"end":{"line":2,"column":59}},"2":{"start":{"line":4,"column":28},"end":{"line":4,"column":51}},"3":{"start":{"line":6,"column":34},"end":{"line":6,"column":63}},"4":{"start":{"line":7,"column":44},"end":{"line":7,"column":82}},"5":{"start":{"line":9,"column":28},"end":{"line":9,"column":51}},"6":{"start":{"line":10,"column":36},"end":{"line":10,"column":67}},"7":{"start":{"line":11,"column":36},"end":{"line":11,"column":67}}},"fnMap":{},"branchMap":{},"s":{"0":1,"1":1,"2":1,"3":1,"4":1,"5":1,"6":1,"7":1},"f":{},"b":{},"_coverageSchema":"1a1c01bbd47fc00a2c39e90264f33305004495a9","hash":"3b639c243193d2280da8f80f3823941cffe12cc5"}
,"D:\\pt-phincon\\final-project\\Gelora-Rasa\\client\\src\\pages\\Dashboard\\Profile\\actions.js": {"path":"D:\\pt-phincon\\final-project\\Gelora-Rasa\\client\\src\\pages\\Dashboard\\Profile\\actions.js","statementMap":{"0":{"start":{"line":3,"column":32},"end":{"line":5,"column":2}},"1":{"start":{"line":3,"column":39},"end":{"line":5,"column":1}},"2":{"start":{"line":7,"column":32},"end":{"line":10,"column":2}},"3":{"start":{"line":7,"column":46},"end":{"line":10,"column":1}},"4":{"start":{"line":11,"column":34},"end":{"line":13,"column":2}},"5":{"start":{"line":11,"column":41},"end":{"line":13,"column":1}},"6":{"start":{"line":14,"column":38},"end":{"line":17,"column":2}},"7":{"start":{"line":14,"column":49},"end":{"line":17,"column":1}},"8":{"start":{"line":19,"column":33},"end":{"line":23,"column":2}},"9":{"start":{"line":19,"column":54},"end":{"line":23,"column":1}},"10":{"start":{"line":25,"column":35},"end":{"line":29,"column":2}},"11":{"start":{"line":25,"column":57},"end":{"line":29,"column":1}}},"fnMap":{"0":{"name":"(anonymous_0)","decl":{"start":{"line":3,"column":32},"end":{"line":3,"column":33}},"loc":{"start":{"line":3,"column":39},"end":{"line":5,"column":1}},"line":3},"1":{"name":"(anonymous_1)","decl":{"start":{"line":7,"column":32},"end":{"line":7,"column":33}},"loc":{"start":{"line":7,"column":46},"end":{"line":10,"column":1}},"line":7},"2":{"name":"(anonymous_2)","decl":{"start":{"line":11,"column":34},"end":{"line":11,"column":35}},"loc":{"start":{"line":11,"column":41},"end":{"line":13,"column":1}},"line":11},"3":{"name":"(anonymous_3)","decl":{"start":{"line":14,"column":38},"end":{"line":14,"column":39}},"loc":{"start":{"line":14,"column":49},"end":{"line":17,"column":1}},"line":14},"4":{"name":"(anonymous_4)","decl":{"start":{"line":19,"column":33},"end":{"line":19,"column":34}},"loc":{"start":{"line":19,"column":54},"end":{"line":23,"column":1}},"line":19},"5":{"name":"(anonymous_5)","decl":{"start":{"line":25,"column":35},"end":{"line":25,"column":36}},"loc":{"start":{"line":25,"column":57},"end":{"line":29,"column":1}},"line":25}},"branchMap":{},"s":{"0":1,"1":0,"2":1,"3":0,"4":1,"5":4,"6":1,"7":0,"8":1,"9":1,"10":1,"11":0},"f":{"0":0,"1":0,"2":4,"3":0,"4":1,"5":0},"b":{},"_coverageSchema":"1a1c01bbd47fc00a2c39e90264f33305004495a9","hash":"083be2ffcb8dfaa834eee28d0491633553980b64"}
,"D:\\pt-phincon\\final-project\\Gelora-Rasa\\client\\src\\pages\\Dashboard\\Profile\\constants.js": {"path":"D:\\pt-phincon\\final-project\\Gelora-Rasa\\client\\src\\pages\\Dashboard\\Profile\\constants.js","statementMap":{"0":{"start":{"line":1,"column":27},"end":{"line":1,"column":48}},"1":{"start":{"line":2,"column":27},"end":{"line":2,"column":48}},"2":{"start":{"line":3,"column":29},"end":{"line":3,"column":52}},"3":{"start":{"line":4,"column":34},"end":{"line":4,"column":62}},"4":{"start":{"line":5,"column":28},"end":{"line":5,"column":50}},"5":{"start":{"line":7,"column":30},"end":{"line":7,"column":54}}},"fnMap":{},"branchMap":{},"s":{"0":1,"1":1,"2":1,"3":1,"4":1,"5":1},"f":{},"b":{},"_coverageSchema":"1a1c01bbd47fc00a2c39e90264f33305004495a9","hash":"0465c7087d41ea24ae52cfff4234b43db620d478"}
,"D:\\pt-phincon\\final-project\\Gelora-Rasa\\client\\src\\pages\\Home\\actions.js": {"path":"D:\\pt-phincon\\final-project\\Gelora-Rasa\\client\\src\\pages\\Home\\actions.js","statementMap":{"0":{"start":{"line":12,"column":27},"end":{"line":15,"column":2}},"1":{"start":{"line":12,"column":64},"end":{"line":15,"column":1}},"2":{"start":{"line":17,"column":27},"end":{"line":20,"column":2}},"3":{"start":{"line":17,"column":38},"end":{"line":20,"column":1}},"4":{"start":{"line":22,"column":33},"end":{"line":25,"column":2}},"5":{"start":{"line":22,"column":54},"end":{"line":25,"column":1}},"6":{"start":{"line":27,"column":33},"end":{"line":30,"column":2}},"7":{"start":{"line":27,"column":44},"end":{"line":30,"column":1}},"8":{"start":{"line":32,"column":36},"end":{"line":35,"column":2}},"9":{"start":{"line":32,"column":48},"end":{"line":35,"column":1}},"10":{"start":{"line":37,"column":36},"end":{"line":40,"column":2}},"11":{"start":{"line":37,"column":54},"end":{"line":40,"column":1}},"12":{"start":{"line":42,"column":38},"end":{"line":45,"column":2}},"13":{"start":{"line":42,"column":50},"end":{"line":45,"column":1}},"14":{"start":{"line":47,"column":38},"end":{"line":50,"column":2}},"15":{"start":{"line":47,"column":58},"end":{"line":50,"column":1}}},"fnMap":{"0":{"name":"(anonymous_0)","decl":{"start":{"line":12,"column":27},"end":{"line":12,"column":28}},"loc":{"start":{"line":12,"column":64},"end":{"line":15,"column":1}},"line":12},"1":{"name":"(anonymous_1)","decl":{"start":{"line":17,"column":27},"end":{"line":17,"column":28}},"loc":{"start":{"line":17,"column":38},"end":{"line":20,"column":1}},"line":17},"2":{"name":"(anonymous_2)","decl":{"start":{"line":22,"column":33},"end":{"line":22,"column":34}},"loc":{"start":{"line":22,"column":54},"end":{"line":25,"column":1}},"line":22},"3":{"name":"(anonymous_3)","decl":{"start":{"line":27,"column":33},"end":{"line":27,"column":34}},"loc":{"start":{"line":27,"column":44},"end":{"line":30,"column":1}},"line":27},"4":{"name":"(anonymous_4)","decl":{"start":{"line":32,"column":36},"end":{"line":32,"column":37}},"loc":{"start":{"line":32,"column":48},"end":{"line":35,"column":1}},"line":32},"5":{"name":"(anonymous_5)","decl":{"start":{"line":37,"column":36},"end":{"line":37,"column":37}},"loc":{"start":{"line":37,"column":54},"end":{"line":40,"column":1}},"line":37},"6":{"name":"(anonymous_6)","decl":{"start":{"line":42,"column":38},"end":{"line":42,"column":39}},"loc":{"start":{"line":42,"column":50},"end":{"line":45,"column":1}},"line":42},"7":{"name":"(anonymous_7)","decl":{"start":{"line":47,"column":38},"end":{"line":47,"column":39}},"loc":{"start":{"line":47,"column":58},"end":{"line":50,"column":1}},"line":47}},"branchMap":{"0":{"loc":{"start":{"line":12,"column":35},"end":{"line":12,"column":43}},"type":"default-arg","locations":[{"start":{"line":12,"column":42},"end":{"line":12,"column":43}}],"line":12},"1":{"loc":{"start":{"line":12,"column":45},"end":{"line":12,"column":58}},"type":"default-arg","locations":[{"start":{"line":12,"column":56},"end":{"line":12,"column":58}}],"line":12}},"s":{"0":1,"1":0,"2":1,"3":0,"4":1,"5":0,"6":1,"7":0,"8":1,"9":8,"10":1,"11":0,"12":1,"13":8,"14":1,"15":0},"f":{"0":0,"1":0,"2":0,"3":0,"4":8,"5":0,"6":8,"7":0},"b":{"0":[0],"1":[0]},"_coverageSchema":"1a1c01bbd47fc00a2c39e90264f33305004495a9","hash":"0fb1abf2208102c50d80bada53e4d5618996975a"}
,"D:\\pt-phincon\\final-project\\Gelora-Rasa\\client\\src\\pages\\Home\\constants.js": {"path":"D:\\pt-phincon\\final-project\\Gelora-Rasa\\client\\src\\pages\\Home\\constants.js","statementMap":{"0":{"start":{"line":1,"column":29},"end":{"line":1,"column":49}},"1":{"start":{"line":2,"column":29},"end":{"line":2,"column":49}},"2":{"start":{"line":4,"column":35},"end":{"line":4,"column":56}},"3":{"start":{"line":5,"column":35},"end":{"line":5,"column":56}},"4":{"start":{"line":7,"column":34},"end":{"line":7,"column":59}},"5":{"start":{"line":8,"column":34},"end":{"line":8,"column":59}},"6":{"start":{"line":10,"column":32},"end":{"line":10,"column":55}},"7":{"start":{"line":11,"column":32},"end":{"line":11,"column":55}}},"fnMap":{},"branchMap":{},"s":{"0":1,"1":1,"2":1,"3":1,"4":1,"5":1,"6":1,"7":1},"f":{},"b":{},"_coverageSchema":"1a1c01bbd47fc00a2c39e90264f33305004495a9","hash":"ce73ff6b12708b72f4ee6cb72a2fb81b466afec9"}
,"D:\\pt-phincon\\final-project\\Gelora-Rasa\\client\\src\\pages\\Home\\reducer.js": {"path":"D:\\pt-phincon\\final-project\\Gelora-Rasa\\client\\src\\pages\\Home\\reducer.js","statementMap":{"0":{"start":{"line":4,"column":28},"end":{"line":10,"column":1}},"1":{"start":{"line":12,"column":25},"end":{"line":12,"column":27}},"2":{"start":{"line":14,"column":20},"end":{"line":35,"column":4}},"3":{"start":{"line":15,"column":2},"end":{"line":35,"column":4}},"4":{"start":{"line":16,"column":4},"end":{"line":34,"column":5}},"5":{"start":{"line":18,"column":8},"end":{"line":18,"column":47}},"6":{"start":{"line":19,"column":8},"end":{"line":19,"column":43}},"7":{"start":{"line":20,"column":8},"end":{"line":20,"column":53}},"8":{"start":{"line":21,"column":8},"end":{"line":21,"column":55}},"9":{"start":{"line":22,"column":8},"end":{"line":22,"column":14}},"10":{"start":{"line":24,"column":8},"end":{"line":24,"column":47}},"11":{"start":{"line":25,"column":8},"end":{"line":25,"column":53}},"12":{"start":{"line":26,"column":8},"end":{"line":26,"column":55}},"13":{"start":{"line":27,"column":8},"end":{"line":27,"column":14}},"14":{"start":{"line":29,"column":8},"end":{"line":29,"column":51}},"15":{"start":{"line":30,"column":8},"end":{"line":30,"column":14}},"16":{"start":{"line":32,"column":8},"end":{"line":32,"column":47}},"17":{"start":{"line":33,"column":8},"end":{"line":33,"column":14}}},"fnMap":{"0":{"name":"(anonymous_0)","decl":{"start":{"line":14,"column":20},"end":{"line":14,"column":21}},"loc":{"start":{"line":15,"column":2},"end":{"line":35,"column":4}},"line":15},"1":{"name":"(anonymous_1)","decl":{"start":{"line":15,"column":17},"end":{"line":15,"column":18}},"loc":{"start":{"line":15,"column":28},"end":{"line":35,"column":3}},"line":15}},"branchMap":{"0":{"loc":{"start":{"line":14,"column":21},"end":{"line":14,"column":41}},"type":"default-arg","locations":[{"start":{"line":14,"column":29},"end":{"line":14,"column":41}}],"line":14},"1":{"loc":{"start":{"line":16,"column":4},"end":{"line":34,"column":5}},"type":"switch","locations":[{"start":{"line":17,"column":6},"end":{"line":22,"column":14}},{"start":{"line":23,"column":6},"end":{"line":27,"column":14}},{"start":{"line":28,"column":6},"end":{"line":30,"column":14}},{"start":{"line":31,"column":6},"end":{"line":33,"column":14}}],"line":16}},"s":{"0":1,"1":1,"2":1,"3":0,"4":0,"5":0,"6":0,"7":0,"8":0,"9":0,"10":0,"11":0,"12":0,"13":0,"14":0,"15":0,"16":0,"17":0},"f":{"0":0,"1":0},"b":{"0":[0],"1":[0,0,0,0]},"_coverageSchema":"1a1c01bbd47fc00a2c39e90264f33305004495a9","hash":"685315d2410fedd0d155b53243d5655056d9309a"}
,"D:\\pt-phincon\\final-project\\Gelora-Rasa\\client\\src\\pages\\Home\\selectors.js": {"path":"D:\\pt-phincon\\final-project\\Gelora-Rasa\\client\\src\\pages\\Home\\selectors.js","statementMap":{"0":{"start":{"line":4,"column":24},"end":{"line":4,"column":61}},"1":{"start":{"line":4,"column":35},"end":{"line":4,"column":61}},"2":{"start":{"line":6,"column":30},"end":{"line":6,"column":88}},"3":{"start":{"line":6,"column":73},"end":{"line":6,"column":87}},"4":{"start":{"line":7,"column":35},"end":{"line":7,"column":98}},"5":{"start":{"line":7,"column":78},"end":{"line":7,"column":97}},"6":{"start":{"line":8,"column":33},"end":{"line":8,"column":94}},"7":{"start":{"line":8,"column":76},"end":{"line":8,"column":93}},"8":{"start":{"line":9,"column":32},"end":{"line":9,"column":87}},"9":{"start":{"line":9,"column":75},"end":{"line":9,"column":86}},"10":{"start":{"line":10,"column":32},"end":{"line":10,"column":92}},"11":{"start":{"line":10,"column":75},"end":{"line":10,"column":91}},"12":{"start":{"line":11,"column":33},"end":{"line":11,"column":94}},"13":{"start":{"line":11,"column":76},"end":{"line":11,"column":93}}},"fnMap":{"0":{"name":"(anonymous_0)","decl":{"start":{"line":4,"column":24},"end":{"line":4,"column":25}},"loc":{"start":{"line":4,"column":35},"end":{"line":4,"column":61}},"line":4},"1":{"name":"(anonymous_1)","decl":{"start":{"line":6,"column":62},"end":{"line":6,"column":63}},"loc":{"start":{"line":6,"column":73},"end":{"line":6,"column":87}},"line":6},"2":{"name":"(anonymous_2)","decl":{"start":{"line":7,"column":67},"end":{"line":7,"column":68}},"loc":{"start":{"line":7,"column":78},"end":{"line":7,"column":97}},"line":7},"3":{"name":"(anonymous_3)","decl":{"start":{"line":8,"column":65},"end":{"line":8,"column":66}},"loc":{"start":{"line":8,"column":76},"end":{"line":8,"column":93}},"line":8},"4":{"name":"(anonymous_4)","decl":{"start":{"line":9,"column":64},"end":{"line":9,"column":65}},"loc":{"start":{"line":9,"column":75},"end":{"line":9,"column":86}},"line":9},"5":{"name":"(anonymous_5)","decl":{"start":{"line":10,"column":64},"end":{"line":10,"column":65}},"loc":{"start":{"line":10,"column":75},"end":{"line":10,"column":91}},"line":10},"6":{"name":"(anonymous_6)","decl":{"start":{"line":11,"column":65},"end":{"line":11,"column":66}},"loc":{"start":{"line":11,"column":76},"end":{"line":11,"column":93}},"line":11}},"branchMap":{"0":{"loc":{"start":{"line":4,"column":35},"end":{"line":4,"column":61}},"type":"binary-expr","locations":[{"start":{"line":4,"column":35},"end":{"line":4,"column":45}},{"start":{"line":4,"column":49},"end":{"line":4,"column":61}}],"line":4}},"s":{"0":1,"1":0,"2":1,"3":0,"4":1,"5":0,"6":1,"7":0,"8":1,"9":0,"10":1,"11":0,"12":1,"13":0},"f":{"0":0,"1":0,"2":0,"3":0,"4":0,"5":0,"6":0},"b":{"0":[0,0]},"_coverageSchema":"1a1c01bbd47fc00a2c39e90264f33305004495a9","hash":"1ac3e570d9773344abe309ddd2057085a1a735fa"}
}
