TN:
SF:config\development.js
FNF:0
FNH:0
LF:0
LH:0
BRF:0
BRH:0
end_of_record
TN:
SF:config\index.js
FNF:0
FNH:0
DA:5,1
DA:7,1
DA:9,1
LF:3
LH:3
BRDA:5,0,0,1
BRDA:5,0,1,0
BRF:2
BRH:1
end_of_record
TN:
SF:config\production.js
FNF:0
FNH:0
LF:0
LH:0
BRF:0
BRH:0
end_of_record
TN:
SF:config\test.env.js
FNF:0
FNH:0
LF:0
LH:0
BRF:0
BRH:0
end_of_record
TN:
SF:src\components\UserDetailsDialog\index.jsx
FN:20,(anonymous_0)
FN:41,(anonymous_1)
FNF:2
FNH:1
FNDA:3,(anonymous_0)
FNDA:0,(anonymous_1)
DA:20,1
DA:21,3
DA:23,3
DA:24,3
DA:26,3
DA:41,0
DA:113,1
LF:7
LH:6
BRDA:32,0,0,3
BRDA:32,0,1,3
BRDA:33,1,0,3
BRDA:33,1,1,0
BRDA:35,2,0,3
BRDA:35,2,1,3
BRDA:47,3,0,0
BRDA:47,3,1,0
BRDA:56,4,0,3
BRDA:56,4,1,3
BRF:10
BRH:7
end_of_record
