TN:
SF:config\development.js
FNF:0
FNH:0
LF:0
LH:0
BRF:0
BRH:0
end_of_record
TN:
SF:config\index.js
FNF:0
FNH:0
DA:5,3
DA:7,3
DA:9,3
LF:3
LH:3
BRDA:5,0,0,3
BRDA:5,0,1,0
BRF:2
BRH:1
end_of_record
TN:
SF:config\production.js
FNF:0
FNH:0
LF:0
LH:0
BRF:0
BRH:0
end_of_record
TN:
SF:config\test.env.js
FNF:0
FNH:0
LF:0
LH:0
BRF:0
BRH:0
end_of_record
TN:
SF:src\components\AdminTable\index.jsx
FN:5,(anonymous_0)
FN:18,(anonymous_1)
FN:29,(anonymous_2)
FN:31,(anonymous_3)
FN:38,(anonymous_4)
FN:48,(anonymous_5)
FNF:6
FNH:6
FNDA:4,(anonymous_0)
FNDA:8,(anonymous_1)
FNDA:8,(anonymous_2)
FNDA:16,(anonymous_3)
FNDA:1,(anonymous_4)
FNDA:1,(anonymous_5)
DA:5,1
DA:14,4
DA:19,8
DA:30,8
DA:32,16
DA:38,1
DA:48,1
DA:63,1
LF:8
LH:8
BRDA:10,0,0,4
BRDA:11,1,0,4
BRDA:12,2,0,4
BRDA:35,3,0,8
BRDA:35,3,1,8
BRDA:45,4,0,8
BRDA:45,4,1,8
BRF:7
BRH:7
end_of_record
TN:
SF:src\components\BottomNavigation\index.jsx
FN:15,(anonymous_0)
FN:29,(anonymous_1)
FN:30,(anonymous_2)
FN:34,(anonymous_3)
FN:42,(anonymous_4)
FNF:5
FNH:4
FNDA:2,(anonymous_0)
FNDA:2,(anonymous_1)
FNDA:12,(anonymous_2)
FNDA:0,(anonymous_3)
FNDA:12,(anonymous_4)
DA:15,1
DA:16,2
DA:17,2
DA:20,2
DA:29,2
DA:30,12
DA:31,2
DA:34,2
DA:35,0
DA:38,2
DA:39,2
DA:43,12
DA:57,1
DA:61,1
LF:14
LH:13
BRDA:31,0,0,0
BRDA:31,0,1,2
BRDA:43,1,0,12
BRDA:43,1,1,0
BRDA:43,1,2,0
BRF:5
BRH:2
end_of_record
TN:
SF:src\components\CardItem\index.jsx
FN:9,(anonymous_0)
FN:12,(anonymous_1)
FN:33,(anonymous_2)
FN:88,(anonymous_3)
FNF:4
FNH:3
FNDA:4,(anonymous_0)
FNDA:1,(anonymous_1)
FNDA:0,(anonymous_2)
FNDA:1,(anonymous_3)
DA:9,1
DA:10,4
DA:12,4
DA:13,1
DA:16,4
DA:22,4
DA:29,4
DA:33,4
DA:34,0
DA:35,0
DA:37,0
DA:38,0
DA:39,0
DA:44,0
DA:46,0
DA:47,0
DA:50,0
DA:54,4
DA:88,1
DA:150,1
LF:20
LH:11
BRDA:29,0,0,4
BRDA:29,0,1,0
BRDA:29,1,0,4
BRDA:29,1,1,4
BRDA:38,2,0,0
BRDA:38,2,1,0
BRF:6
BRH:3
end_of_record
TN:
SF:src\components\CategoryDialog\index.jsx
FN:12,(anonymous_0)
FN:27,(anonymous_1)
FN:35,(anonymous_2)
FNF:3
FNH:2
FNDA:3,(anonymous_0)
FNDA:3,(anonymous_1)
FNDA:0,(anonymous_2)
DA:12,1
DA:13,3
DA:14,3
DA:16,3
DA:17,3
DA:25,3
DA:27,3
DA:28,3
DA:29,3
DA:31,0
DA:35,3
DA:36,0
DA:37,0
DA:39,0
DA:41,0
DA:44,3
DA:78,1
LF:17
LH:12
BRDA:28,0,0,3
BRDA:28,0,1,0
BRDA:28,1,0,3
BRDA:28,1,1,3
BRDA:36,2,0,0
BRDA:36,2,1,0
BRDA:47,3,0,3
BRDA:47,3,1,0
BRDA:70,4,0,3
BRDA:70,4,1,0
BRF:10
BRH:5
end_of_record
TN:
SF:src\components\DeleteConfirmationDialog\index.jsx
FN:5,(anonymous_0)
FNF:1
FNH:1
FNDA:4,(anonymous_0)
DA:5,1
DA:6,4
DA:28,1
LF:3
LH:3
BRF:0
BRH:0
end_of_record
TN:
SF:src\components\EditDialogProfile\index.jsx
FN:14,(anonymous_0)
FN:26,(anonymous_1)
FN:33,(anonymous_2)
FN:38,(anonymous_3)
FN:39,(anonymous_4)
FN:48,(anonymous_5)
FN:48,(anonymous_6)
FN:103,(anonymous_7)
FNF:8
FNH:5
FNDA:4,(anonymous_0)
FNDA:4,(anonymous_1)
FNDA:1,(anonymous_2)
FNDA:0,(anonymous_3)
FNDA:0,(anonymous_4)
FNDA:4,(anonymous_5)
FNDA:4,(anonymous_6)
FNDA:0,(anonymous_7)
DA:14,1
DA:15,4
DA:16,4
DA:17,4
DA:24,4
DA:26,4
DA:27,4
DA:28,4
DA:29,4
DA:33,4
DA:34,1
DA:35,1
DA:37,1
DA:39,0
DA:40,0
DA:44,1
DA:47,4
DA:48,4
DA:49,4
DA:50,4
DA:56,4
DA:103,0
DA:116,1
LF:23
LH:20
BRDA:27,0,0,4
BRDA:27,0,1,0
BRDA:34,1,0,1
BRDA:34,1,1,0
BRDA:49,2,0,4
BRDA:49,2,1,0
BRDA:94,3,0,0
BRDA:94,3,1,4
BRF:8
BRH:4
end_of_record
TN:
SF:src\components\EventDescription\index.jsx
FN:5,(anonymous_0)
FNF:1
FNH:1
FNDA:3,(anonymous_0)
DA:5,1
DA:6,3
DA:16,1
LF:3
LH:3
BRF:0
BRH:0
end_of_record
TN:
SF:src\components\EventDetails\index.jsx
FN:9,(anonymous_0)
FN:24,(anonymous_1)
FN:33,(anonymous_2)
FN:78,(anonymous_3)
FN:81,(anonymous_4)
FN:82,(anonymous_5)
FNF:6
FNH:5
FNDA:8,(anonymous_0)
FNDA:4,(anonymous_1)
FNDA:4,(anonymous_2)
FNDA:1,(anonymous_3)
FNDA:0,(anonymous_4)
FNDA:1,(anonymous_5)
DA:9,1
DA:22,8
DA:24,8
DA:25,4
DA:26,4
DA:33,8
DA:34,4
DA:35,4
DA:39,8
DA:40,8
DA:43,8
DA:44,0
DA:45,8
DA:46,0
DA:48,8
DA:51,8
DA:78,1
DA:81,0
DA:82,1
DA:129,1
LF:20
LH:17
BRDA:25,0,0,4
BRDA:25,0,1,0
BRDA:34,1,0,4
BRDA:34,1,1,0
BRDA:34,2,0,4
BRDA:34,2,1,4
BRDA:34,2,2,4
BRDA:40,3,0,8
BRDA:40,3,1,8
BRDA:40,3,2,8
BRDA:43,4,0,0
BRDA:43,4,1,8
BRDA:45,5,0,0
BRDA:45,5,1,8
BRDA:87,6,0,8
BRDA:87,6,1,8
BRF:16
BRH:12
end_of_record
TN:
SF:src\components\EventDialog\index.jsx
FN:30,(anonymous_0)
FN:55,(anonymous_1)
FN:65,(anonymous_2)
FN:90,(anonymous_3)
FN:94,(anonymous_4)
FN:103,(anonymous_5)
FN:110,(anonymous_6)
FN:114,(anonymous_7)
FN:119,(anonymous_8)
FN:124,(anonymous_9)
FN:130,(anonymous_10)
FN:135,(anonymous_11)
FN:140,(anonymous_12)
FN:323,(anonymous_13)
FN:367,(anonymous_14)
FN:388,(anonymous_15)
FN:400,(anonymous_16)
FN:404,(anonymous_17)
FNF:18
FNH:8
FNDA:12,(anonymous_0)
FNDA:8,(anonymous_1)
FNDA:136,(anonymous_2)
FNDA:4,(anonymous_3)
FNDA:0,(anonymous_4)
FNDA:0,(anonymous_5)
FNDA:0,(anonymous_6)
FNDA:0,(anonymous_7)
FNDA:0,(anonymous_8)
FNDA:0,(anonymous_9)
FNDA:0,(anonymous_10)
FNDA:0,(anonymous_11)
FNDA:1,(anonymous_12)
FNDA:0,(anonymous_13)
FNDA:12,(anonymous_14)
FNDA:12,(anonymous_15)
FNDA:8,(anonymous_16)
FNDA:0,(anonymous_17)
DA:30,1
DA:31,12
DA:32,12
DA:33,12
DA:34,12
DA:35,12
DA:36,12
DA:37,12
DA:38,12
DA:39,12
DA:49,12
DA:55,12
DA:56,8
DA:57,8
DA:59,8
DA:60,8
DA:61,8
DA:62,8
DA:63,8
DA:65,8
DA:66,136
DA:68,8
DA:69,8
DA:71,8
DA:72,8
DA:73,8
DA:74,8
DA:75,8
DA:76,8
DA:77,8
DA:80,0
DA:81,0
DA:82,0
DA:83,0
DA:84,0
DA:85,0
DA:86,0
DA:90,12
DA:91,4
DA:94,12
DA:95,0
DA:96,0
DA:97,0
DA:98,0
DA:99,0
DA:103,12
DA:104,0
DA:105,0
DA:106,0
DA:107,0
DA:110,12
DA:111,0
DA:114,12
DA:115,0
DA:116,0
DA:119,12
DA:120,0
DA:121,0
DA:124,12
DA:125,0
DA:126,0
DA:127,0
DA:130,12
DA:131,0
DA:132,0
DA:135,12
DA:136,0
DA:137,0
DA:140,12
DA:141,1
DA:143,1
DA:144,1
DA:147,1
DA:148,1
DA:151,1
DA:152,0
DA:153,0
DA:158,1
DA:159,1
DA:160,1
DA:161,1
DA:162,1
DA:163,1
DA:164,1
DA:165,1
DA:166,1
DA:167,1
DA:168,1
DA:169,1
DA:170,1
DA:171,1
DA:172,1
DA:174,1
DA:175,0
DA:177,1
DA:179,1
DA:180,0
DA:181,1
DA:182,1
DA:185,1
DA:188,12
DA:324,0
DA:325,0
DA:368,12
DA:389,12
DA:401,8
DA:405,0
DA:406,0
DA:427,1
DA:439,1
LF:110
LH:74
BRDA:59,0,0,8
BRDA:59,0,1,0
BRDA:59,1,0,8
BRDA:59,1,1,8
BRDA:61,2,0,8
BRDA:61,2,1,0
BRDA:66,3,0,128
BRDA:66,3,1,8
BRDA:68,4,0,8
BRDA:68,4,1,0
BRDA:95,5,0,0
BRDA:95,5,1,0
BRDA:151,6,0,0
BRDA:151,6,1,1
BRDA:160,7,0,1
BRDA:160,7,1,0
BRDA:174,8,0,0
BRDA:174,8,1,1
BRDA:174,9,0,1
BRDA:174,9,1,0
BRDA:179,10,0,0
BRDA:179,10,1,1
BRDA:181,11,0,1
BRDA:181,11,1,0
BRDA:266,12,0,12
BRDA:266,12,1,0
BRDA:308,13,0,12
BRDA:308,13,1,0
BRDA:311,14,0,8
BRDA:311,14,1,4
BRDA:325,15,0,0
BRDA:325,15,1,0
BRDA:328,16,0,12
BRDA:328,16,1,0
BRDA:328,16,2,0
BRDA:373,17,0,12
BRDA:373,17,1,0
BRDA:394,18,0,12
BRDA:394,18,1,0
BRDA:408,19,0,0
BRDA:408,19,1,8
BRDA:410,20,0,8
BRDA:410,20,1,0
BRDA:415,21,0,0
BRDA:415,21,1,12
BRF:45
BRH:23
end_of_record
TN:
SF:src\components\EventImage\index.jsx
FN:8,(anonymous_0)
FN:11,(anonymous_1)
FN:12,(anonymous_2)
FNF:3
FNH:2
FNDA:4,(anonymous_0)
FNDA:1,(anonymous_1)
FNDA:0,(anonymous_2)
DA:8,1
DA:9,4
DA:11,4
DA:12,4
DA:14,4
DA:34,1
LF:6
LH:6
BRF:0
BRH:0
end_of_record
TN:
SF:src\components\EventSection\index.jsx
FN:7,(anonymous_0)
FN:16,(anonymous_1)
FN:24,(anonymous_2)
FNF:3
FNH:3
FNDA:4,(anonymous_0)
FNDA:1,(anonymous_1)
FNDA:8,(anonymous_2)
DA:7,1
DA:8,4
DA:16,1
DA:25,8
DA:36,1
LF:5
LH:5
BRF:0
BRH:0
end_of_record
TN:
SF:src\components\EventSelectionForm\index.jsx
FN:8,(anonymous_0)
FN:30,(anonymous_1)
FNF:2
FNH:2
FNDA:3,(anonymous_0)
FNDA:6,(anonymous_1)
DA:8,1
DA:17,3
DA:31,6
DA:50,1
LF:4
LH:4
BRF:0
BRH:0
end_of_record
TN:
SF:src\components\FilterAccordion\index.jsx
FN:14,(anonymous_0)
FN:24,(anonymous_1)
FNF:2
FNH:2
FNDA:5,(anonymous_0)
FNDA:10,(anonymous_1)
DA:14,1
DA:15,5
DA:25,10
DA:39,1
LF:4
LH:4
BRF:0
BRH:0
end_of_record
TN:
SF:src\components\FilterTooltip\index.jsx
FN:6,(anonymous_0)
FNF:1
FNH:1
FNDA:3,(anonymous_0)
DA:6,1
DA:7,3
DA:29,1
LF:3
LH:3
BRF:0
BRH:0
end_of_record
TN:
SF:src\components\FooterLinks\index.jsx
FN:4,(anonymous_0)
FN:9,(anonymous_1)
FNF:2
FNH:2
FNDA:4,(anonymous_0)
FNDA:12,(anonymous_1)
DA:4,1
DA:5,4
DA:10,12
DA:17,1
LF:4
LH:4
BRF:0
BRH:0
end_of_record
TN:
SF:src\components\InputTextField\index.jsx
FN:5,(anonymous_0)
FNF:1
FNH:1
FNDA:80,(anonymous_0)
DA:5,4
DA:14,80
DA:39,4
LF:3
LH:3
BRDA:8,0,0,80
BRDA:11,1,0,80
BRDA:18,2,0,80
BRDA:18,2,1,0
BRDA:31,3,0,80
BRDA:31,3,1,0
BRDA:34,4,0,80
BRDA:34,4,1,0
BRF:8
BRH:5
end_of_record
TN:
SF:src\components\Loader\index.jsx
FN:8,(anonymous_0)
FNF:1
FNH:1
FNDA:3,(anonymous_0)
DA:8,1
DA:9,3
DA:20,1
LF:3
LH:3
BRDA:13,0,0,3
BRDA:13,0,1,1
BRF:2
BRH:2
end_of_record
TN:
SF:src\components\OrderDetailsDialog\index.jsx
FN:7,(anonymous_0)
FNF:1
FNH:1
FNDA:2,(anonymous_0)
DA:7,1
DA:8,2
DA:9,2
DA:16,2
DA:48,1
LF:5
LH:5
BRDA:8,0,0,2
BRDA:8,0,1,2
BRDA:9,1,0,2
BRDA:9,1,1,0
BRF:4
BRH:3
end_of_record
TN:
SF:src\components\OurClient\index.jsx
FN:4,(anonymous_0)
FNF:1
FNH:1
FNDA:2,(anonymous_0)
DA:4,1
DA:5,2
LF:2
LH:2
BRF:0
BRH:0
end_of_record
TN:
SF:src\components\PopupMessage\Dialog.jsx
FN:9,(anonymous_0)
FNF:1
FNH:1
FNDA:3,(anonymous_0)
DA:9,1
DA:10,3
DA:25,1
LF:3
LH:3
BRDA:13,0,0,3
BRDA:13,0,1,0
BRDA:16,1,0,3
BRDA:16,1,1,0
BRF:4
BRH:2
end_of_record
TN:
SF:src\components\ReviewSection\index.jsx
FN:6,(anonymous_0)
FN:8,(anonymous_1)
FNF:2
FNH:2
FNDA:2,(anonymous_0)
FNDA:2,(anonymous_1)
DA:6,1
DA:7,2
DA:9,2
DA:34,1
LF:4
LH:4
BRF:0
BRH:0
end_of_record
TN:
SF:src\components\StatisticsSection\index.jsx
FN:6,(anonymous_0)
FNF:1
FNH:1
FNDA:2,(anonymous_0)
DA:6,1
DA:7,2
LF:2
LH:2
BRF:0
BRH:0
end_of_record
TN:
SF:src\components\UserDetailsDialog\index.jsx
FN:20,(anonymous_0)
FN:41,(anonymous_1)
FNF:2
FNH:1
FNDA:3,(anonymous_0)
FNDA:0,(anonymous_1)
DA:20,1
DA:21,3
DA:23,3
DA:24,3
DA:26,3
DA:41,0
DA:113,1
LF:7
LH:6
BRDA:32,0,0,3
BRDA:32,0,1,3
BRDA:33,1,0,3
BRDA:33,1,1,0
BRDA:35,2,0,3
BRDA:35,2,1,3
BRDA:47,3,0,0
BRDA:47,3,1,0
BRDA:56,4,0,3
BRDA:56,4,1,3
BRF:10
BRH:7
end_of_record
TN:
SF:src\containers\Client\constants.js
FNF:0
FNH:0
DA:1,2
DA:2,2
DA:3,2
DA:6,2
DA:7,2
DA:8,2
DA:9,2
DA:10,2
DA:11,2
DA:12,2
DA:13,2
DA:14,2
DA:17,2
DA:18,2
LF:14
LH:14
BRF:0
BRH:0
end_of_record
TN:
SF:src\containers\Client\reducer.js
FN:29,(anonymous_0)
FN:30,(anonymous_1)
FNF:2
FNH:0
FNDA:0,(anonymous_0)
FNDA:0,(anonymous_1)
DA:16,2
DA:27,2
DA:29,2
DA:30,0
DA:31,0
DA:33,0
DA:34,0
DA:36,0
DA:37,0
DA:39,0
DA:40,0
DA:42,0
DA:43,0
DA:45,0
DA:46,0
DA:48,0
DA:49,0
DA:51,0
DA:52,0
DA:54,0
DA:55,0
DA:57,0
DA:59,0
LF:23
LH:3
BRDA:29,0,0,0
BRDA:31,1,0,0
BRDA:31,1,1,0
BRDA:31,1,2,0
BRDA:31,1,3,0
BRDA:31,1,4,0
BRDA:31,1,5,0
BRDA:31,1,6,0
BRDA:31,1,7,0
BRDA:31,1,8,0
BRDA:31,1,9,0
BRF:11
BRH:0
end_of_record
TN:
SF:src\containers\Client\selectors.js
FN:4,(anonymous_0)
FN:6,(anonymous_1)
FN:7,(anonymous_2)
FN:8,(anonymous_3)
FN:10,(anonymous_4)
FN:11,(anonymous_5)
FN:12,(anonymous_6)
FN:13,(anonymous_7)
FN:14,(anonymous_8)
FNF:9
FNH:2
FNDA:8,(anonymous_0)
FNDA:0,(anonymous_1)
FNDA:0,(anonymous_2)
FNDA:1,(anonymous_3)
FNDA:0,(anonymous_4)
FNDA:0,(anonymous_5)
FNDA:0,(anonymous_6)
FNDA:0,(anonymous_7)
FNDA:0,(anonymous_8)
DA:4,8
DA:6,2
DA:7,2
DA:8,2
DA:10,2
DA:11,2
DA:12,2
DA:13,2
DA:14,2
LF:9
LH:9
BRDA:4,0,0,8
BRDA:4,0,1,8
BRF:2
BRH:2
end_of_record
TN:
SF:src\pages\Dashboard\Categories\actions.js
FN:9,(anonymous_0)
FN:14,(anonymous_1)
FN:19,(anonymous_2)
FN:23,(anonymous_3)
FN:28,(anonymous_4)
FNF:5
FNH:0
FNDA:0,(anonymous_0)
FNDA:0,(anonymous_1)
FNDA:0,(anonymous_2)
FNDA:0,(anonymous_3)
FNDA:0,(anonymous_4)
DA:9,1
DA:14,1
DA:19,1
DA:23,1
DA:28,1
LF:5
LH:5
BRF:0
BRH:0
end_of_record
TN:
SF:src\pages\Dashboard\Categories\constants.js
FNF:0
FNH:0
DA:1,1
DA:2,1
DA:3,1
DA:5,1
DA:7,1
LF:5
LH:5
BRF:0
BRH:0
end_of_record
TN:
SF:src\pages\Dashboard\MyEvents\actions.js
FN:12,(anonymous_0)
FN:17,(anonymous_1)
FN:22,(anonymous_2)
FN:27,(anonymous_3)
FN:32,(anonymous_4)
FN:37,(anonymous_5)
FN:42,(anonymous_6)
FN:47,(anonymous_7)
FNF:8
FNH:1
FNDA:0,(anonymous_0)
FNDA:0,(anonymous_1)
FNDA:0,(anonymous_2)
FNDA:0,(anonymous_3)
FNDA:1,(anonymous_4)
FNDA:0,(anonymous_5)
FNDA:0,(anonymous_6)
FNDA:0,(anonymous_7)
DA:12,1
DA:17,1
DA:22,1
DA:27,1
DA:32,1
DA:37,1
DA:42,1
DA:47,1
LF:8
LH:8
BRF:0
BRH:0
end_of_record
TN:
SF:src\pages\Dashboard\MyEvents\constants.js
FNF:0
FNH:0
DA:1,1
DA:2,1
DA:4,1
DA:6,1
DA:7,1
DA:9,1
DA:10,1
DA:11,1
LF:8
LH:8
BRF:0
BRH:0
end_of_record
TN:
SF:src\pages\Dashboard\Profile\actions.js
FN:3,(anonymous_0)
FN:7,(anonymous_1)
FN:11,(anonymous_2)
FN:14,(anonymous_3)
FN:19,(anonymous_4)
FN:25,(anonymous_5)
FNF:6
FNH:2
FNDA:0,(anonymous_0)
FNDA:0,(anonymous_1)
FNDA:4,(anonymous_2)
FNDA:0,(anonymous_3)
FNDA:1,(anonymous_4)
FNDA:0,(anonymous_5)
DA:3,1
DA:7,1
DA:11,4
DA:14,1
DA:19,1
DA:25,1
LF:6
LH:6
BRF:0
BRH:0
end_of_record
TN:
SF:src\pages\Dashboard\Profile\constants.js
FNF:0
FNH:0
DA:1,1
DA:2,1
DA:3,1
DA:4,1
DA:5,1
DA:7,1
LF:6
LH:6
BRF:0
BRH:0
end_of_record
TN:
SF:src\pages\Home\actions.js
FN:12,(anonymous_0)
FN:17,(anonymous_1)
FN:22,(anonymous_2)
FN:27,(anonymous_3)
FN:32,(anonymous_4)
FN:37,(anonymous_5)
FN:42,(anonymous_6)
FN:47,(anonymous_7)
FNF:8
FNH:2
FNDA:0,(anonymous_0)
FNDA:0,(anonymous_1)
FNDA:0,(anonymous_2)
FNDA:0,(anonymous_3)
FNDA:8,(anonymous_4)
FNDA:0,(anonymous_5)
FNDA:8,(anonymous_6)
FNDA:0,(anonymous_7)
DA:12,1
DA:17,1
DA:22,1
DA:27,1
DA:32,8
DA:37,1
DA:42,8
DA:47,1
LF:8
LH:8
BRDA:12,0,0,0
BRDA:12,1,0,0
BRF:2
BRH:0
end_of_record
TN:
SF:src\pages\Home\constants.js
FNF:0
FNH:0
DA:1,1
DA:2,1
DA:4,1
DA:5,1
DA:7,1
DA:8,1
DA:10,1
DA:11,1
LF:8
LH:8
BRF:0
BRH:0
end_of_record
TN:
SF:src\pages\Home\reducer.js
FN:14,(anonymous_0)
FN:15,(anonymous_1)
FNF:2
FNH:0
FNDA:0,(anonymous_0)
FNDA:0,(anonymous_1)
DA:4,1
DA:12,1
DA:14,1
DA:15,0
DA:16,0
DA:18,0
DA:19,0
DA:20,0
DA:21,0
DA:22,0
DA:24,0
DA:25,0
DA:26,0
DA:27,0
DA:29,0
DA:30,0
DA:32,0
DA:33,0
LF:18
LH:3
BRDA:14,0,0,0
BRDA:16,1,0,0
BRDA:16,1,1,0
BRDA:16,1,2,0
BRDA:16,1,3,0
BRF:5
BRH:0
end_of_record
TN:
SF:src\pages\Home\selectors.js
FN:4,(anonymous_0)
FN:6,(anonymous_1)
FN:7,(anonymous_2)
FN:8,(anonymous_3)
FN:9,(anonymous_4)
FN:10,(anonymous_5)
FN:11,(anonymous_6)
FNF:7
FNH:0
FNDA:0,(anonymous_0)
FNDA:0,(anonymous_1)
FNDA:0,(anonymous_2)
FNDA:0,(anonymous_3)
FNDA:0,(anonymous_4)
FNDA:0,(anonymous_5)
FNDA:0,(anonymous_6)
DA:4,1
DA:6,1
DA:7,1
DA:8,1
DA:9,1
DA:10,1
DA:11,1
LF:7
LH:7
BRDA:4,0,0,0
BRDA:4,0,1,0
BRF:2
BRH:0
end_of_record
